KLEE: NOTE: Using klee-uclibc : /home/mingyuejiang/Documents/angelix/src/klee/Release+Asserts/lib/klee-uclibc.bca
KLEE: NOTE: Using model: /home/mingyuejiang/Documents/angelix/src/klee/Release+Asserts/lib/libkleeRuntimePOSIX.bca
KLEE: output directory is "/home/mingyuejiang/Desktop/angelix-experiments/.angelix/backend/tests/../klee-out-0"
KLEE: WARNING: undefined reference to function: __ctype_b_loc
KLEE: WARNING: undefined reference to function: __xstat64
KLEE: WARNING: undefined reference to function: fdopendir
KLEE: WARNING: undefined reference to function: futimens
KLEE: WARNING: undefined reference to function: klee_posix_prefer_cex
KLEE: WARNING: undefined reference to function: lseek64
KLEE: WARNING: undefined reference to function: utimensat
KLEE: WARNING: executable has module level assembly (ignoring)
KLEE: WARNING ONCE: calling external: syscall(16, 0, 21505, 69903952)
KLEE: WARNING ONCE: calling __user_main with extra arguments.
KLEE: WARNING ONCE: calling external: __xstat64(1, 69764560, 70067120)
KLEE: WARNING ONCE: __syscall_rt_sigaction: silently ignoring
aKLEE: WARNING ONCE: calling external: vprintf(69631408, 70227632)

gzip.patched.bc: stdin: Bad file descriptor
KLEE: WARNING: unlink: ignoring (EPERM)
KLEE: WARNING ONCE: calling close_stdin with extra arguments.

KLEE: done: total instructions = 3195112
KLEE: done: completed paths = 2
KLEE: done: generated tests = 2
