v5-----------1
-1429644334402
v5-----------2
-1429644422598
v5-----------3
-1429644478687
v5-----------4
-1429644479353
v5-----------5
-1429644483102
v5-----------6
-1429644483763
v5-----------7
-1429644511544
v5-----------8
-1429644512196
v5-----------9
-1429644512878
v5-----------10
-1429644513551
v5-----------5
-1429659446588
v5-----------5
-1429659465900
v5-----------5
-1429659482819
v5-----------5
-1429659573551
v5-----------3
-1429668004145
v5-----------5
-1429668032013
v5-----------7
-1429668035392
v5-----------8
-1429668040120
v5-----------9
-1429668132823
