This file contains any messages produced by compilers while
running configure, to aid debugging if configure makes a mistake.

It was created by gzip configure 1.3.12.37-a1d3, which was
generated by GNU Autoconf 2.65.  Invocation command line was

  $ ./configure 

## --------- ##
## Platform. ##
## --------- ##

hostname = ubuntu
uname -m = x86_64
uname -r = 3.16.0-30-generic
uname -s = Linux
uname -v = #40~14.04.1-Ubuntu SMP Thu Jan 15 17:43:14 UTC 2015

/usr/bin/uname -p = unknown
/bin/uname -X     = unknown

/bin/arch              = unknown
/usr/bin/arch -k       = unknown
/usr/convex/getsysinfo = unknown
/usr/bin/hostinfo      = unknown
/bin/machine           = unknown
/usr/bin/oslevel       = unknown
/bin/universe          = unknown

PATH: /home/mingyuejiang/Documents/angelix/build/perl/bin
PATH: /home/mingyuejiang/Documents/angelix/build/bin/
PATH: /home/mingyuejiang/Documents/angelix/src/tools
PATH: /home/mingyuejiang/Documents/angelix/build/z3_2_19/bin/
PATH: /home/mingyuejiang/Documents/angelix/build/z3/build/
PATH: /home/mingyuejiang/Documents/angelix/src/klee/Release+Asserts/bin/
PATH: /home/mingyuejiang/Documents/angelix/build/llvm-2.9/Release+Asserts/bin/
PATH: /home/mingyuejiang/Documents/angelix/build/llvm-gcc4.2-2.9-x86_64-linux/bin/
PATH: /usr/local/sbin
PATH: /usr/local/bin
PATH: /usr/sbin
PATH: /usr/bin
PATH: /sbin
PATH: /bin
PATH: /usr/games
PATH: /usr/local/games
PATH: /home/mingyuejiang/Documents/angelix/src/klee/Release+Asserts/bin
PATH: /home/mingyuejiang/Documents/angelix/build/llvm-gcc4.2-2.9-x86_64-linux/bin
PATH: /home/mingyuejiang/Documents/angelix/build/llvm-2.9/Release+Asserts/bin


## ----------- ##
## Core tests. ##
## ----------- ##

configure:2926: checking for a BSD-compatible install
configure:2994: result: /usr/bin/install -c
configure:3005: checking whether build environment is sane
configure:3055: result: yes
configure:3196: checking for a thread-safe mkdir -p
configure:3235: result: /bin/mkdir -p
configure:3248: checking for gawk
configure:3278: result: no
configure:3248: checking for mawk
configure:3264: found /usr/bin/mawk
configure:3275: result: mawk
configure:3286: checking whether make sets $(MAKE)
configure:3308: result: yes
configure:3413: checking for style of include used by make
configure:3441: result: GNU
configure:3511: checking for gcc
configure:3527: found /usr/bin/gcc
configure:3538: result: gcc
configure:3767: checking for C compiler version
configure:3776: gcc --version >&5
gcc (Ubuntu 4.8.4-2ubuntu1~14.04.3) 4.8.4
Copyright (C) 2013 Free Software Foundation, Inc.
This is free software; see the source for copying conditions.  There is NO
warranty; not even for MERCHANTABILITY or FITNESS FOR A PARTICULAR PURPOSE.

configure:3787: $? = 0
configure:3776: gcc -v >&5
Using built-in specs.
COLLECT_GCC=gcc
COLLECT_LTO_WRAPPER=/usr/lib/gcc/x86_64-linux-gnu/4.8/lto-wrapper
Target: x86_64-linux-gnu
Configured with: ../src/configure -v --with-pkgversion='Ubuntu 4.8.4-2ubuntu1~14.04.3' --with-bugurl=file:///usr/share/doc/gcc-4.8/README.Bugs --enable-languages=c,c++,java,go,d,fortran,objc,obj-c++ --prefix=/usr --program-suffix=-4.8 --enable-shared --enable-linker-build-id --libexecdir=/usr/lib --without-included-gettext --enable-threads=posix --with-gxx-include-dir=/usr/include/c++/4.8 --libdir=/usr/lib --enable-nls --with-sysroot=/ --enable-clocale=gnu --enable-libstdcxx-debug --enable-libstdcxx-time=yes --enable-gnu-unique-object --disable-libmudflap --enable-plugin --with-system-zlib --disable-browser-plugin --enable-java-awt=gtk --enable-gtk-cairo --with-java-home=/usr/lib/jvm/java-1.5.0-gcj-4.8-amd64/jre --enable-java-home --with-jvm-root-dir=/usr/lib/jvm/java-1.5.0-gcj-4.8-amd64 --with-jvm-jar-dir=/usr/lib/jvm-exports/java-1.5.0-gcj-4.8-amd64 --with-arch-directory=amd64 --with-ecj-jar=/usr/share/java/eclipse-ecj.jar --enable-objc-gc --enable-multiarch --disable-werror --with-arch-32=i686 --with-abi=m64 --with-multilib-list=m32,m64,mx32 --with-tune=generic --enable-checking=release --build=x86_64-linux-gnu --host=x86_64-linux-gnu --target=x86_64-linux-gnu
Thread model: posix
gcc version 4.8.4 (Ubuntu 4.8.4-2ubuntu1~14.04.3) 
configure:3787: $? = 0
configure:3776: gcc -V >&5
gcc: error: unrecognized command line option '-V'
gcc: fatal error: no input files
compilation terminated.
configure:3787: $? = 4
configure:3776: gcc -qversion >&5
gcc: error: unrecognized command line option '-qversion'
gcc: fatal error: no input files
compilation terminated.
configure:3787: $? = 4
configure:3807: checking whether the C compiler works
configure:3829: gcc    conftest.c  >&5
configure:3833: $? = 0
configure:3882: result: yes
configure:3885: checking for C compiler default output file name
configure:3887: result: a.out
configure:3893: checking for suffix of executables
configure:3900: gcc -o conftest    conftest.c  >&5
configure:3904: $? = 0
configure:3926: result: 
configure:3948: checking whether we are cross compiling
configure:3956: gcc -o conftest    conftest.c  >&5
configure:3960: $? = 0
configure:3967: ./conftest
configure:3971: $? = 0
configure:3986: result: no
configure:3991: checking for suffix of object files
configure:4013: gcc -c   conftest.c >&5
configure:4017: $? = 0
configure:4038: result: o
configure:4042: checking whether we are using the GNU C compiler
configure:4061: gcc -c   conftest.c >&5
configure:4061: $? = 0
configure:4070: result: yes
configure:4079: checking whether gcc accepts -g
configure:4099: gcc -c -g  conftest.c >&5
configure:4099: $? = 0
configure:4140: result: yes
configure:4157: checking for gcc option to accept ISO C89
configure:4221: gcc  -c -g -O2  conftest.c >&5
configure:4221: $? = 0
configure:4234: result: none needed
configure:4256: checking dependency style of gcc
configure:4366: result: gcc3
configure:4385: checking for gcc option to accept ISO C99
configure:4534: gcc  -c -g -O2  conftest.c >&5
conftest.c:61:29: error: expected ';', ',' or ')' before 'text'
 test_restrict (ccp restrict text)
                             ^
conftest.c: In function 'main':
conftest.c:115:18: error: expected '=', ',', ';', 'asm' or '__attribute__' before 'newvar'
   char *restrict newvar = "Another string";
                  ^
conftest.c:115:18: error: 'newvar' undeclared (first use in this function)
conftest.c:115:18: note: each undeclared identifier is reported only once for each function it appears in
conftest.c:125:3: error: 'for' loop initial declarations are only allowed in C99 mode
   for (int i = 0; i < ia->datasize; ++i)
   ^
conftest.c:125:3: note: use option -std=c99 or -std=gnu99 to compile your code
configure:4534: $? = 1
configure: failed program was:
| /* confdefs.h */
| #define PACKAGE_NAME "gzip"
| #define PACKAGE_TARNAME "gzip"
| #define PACKAGE_VERSION "1.3.12.37-a1d3"
| #define PACKAGE_STRING "gzip 1.3.12.37-a1d3"
| #define PACKAGE_BUGREPORT "bug-gzip@gnu.org"
| #define PACKAGE_URL ""
| #define PACKAGE "gzip"
| #define VERSION "1.3.12.37-a1d3"
| /* end confdefs.h.  */
| #include <stdarg.h>
| #include <stdbool.h>
| #include <stdlib.h>
| #include <wchar.h>
| #include <stdio.h>
| 
| // Check varargs macros.  These examples are taken from C99 6.10.3.5.
| #define debug(...) fprintf (stderr, __VA_ARGS__)
| #define showlist(...) puts (#__VA_ARGS__)
| #define report(test,...) ((test) ? puts (#test) : printf (__VA_ARGS__))
| static void
| test_varargs_macros (void)
| {
|   int x = 1234;
|   int y = 5678;
|   debug ("Flag");
|   debug ("X = %d\n", x);
|   showlist (The first, second, and third items.);
|   report (x>y, "x is %d but y is %d", x, y);
| }
| 
| // Check long long types.
| #define BIG64 18446744073709551615ull
| #define BIG32 4294967295ul
| #define BIG_OK (BIG64 / BIG32 == 4294967297ull && BIG64 % BIG32 == 0)
| #if !BIG_OK
|   your preprocessor is broken;
| #endif
| #if BIG_OK
| #else
|   your preprocessor is broken;
| #endif
| static long long int bignum = -9223372036854775807LL;
| static unsigned long long int ubignum = BIG64;
| 
| struct incomplete_array
| {
|   int datasize;
|   double data[];
| };
| 
| struct named_init {
|   int number;
|   const wchar_t *name;
|   double average;
| };
| 
| typedef const char *ccp;
| 
| static inline int
| test_restrict (ccp restrict text)
| {
|   // See if C++-style comments work.
|   // Iterate through items via the restricted pointer.
|   // Also check for declarations in for loops.
|   for (unsigned int i = 0; *(text+i) != '\0'; ++i)
|     continue;
|   return 0;
| }
| 
| // Check varargs and va_copy.
| static void
| test_varargs (const char *format, ...)
| {
|   va_list args;
|   va_start (args, format);
|   va_list args_copy;
|   va_copy (args_copy, args);
| 
|   const char *str;
|   int number;
|   float fnumber;
| 
|   while (*format)
|     {
|       switch (*format++)
| 	{
| 	case 's': // string
| 	  str = va_arg (args_copy, const char *);
| 	  break;
| 	case 'd': // int
| 	  number = va_arg (args_copy, int);
| 	  break;
| 	case 'f': // float
| 	  fnumber = va_arg (args_copy, double);
| 	  break;
| 	default:
| 	  break;
| 	}
|     }
|   va_end (args_copy);
|   va_end (args);
| }
| 
| int
| main ()
| {
| 
|   // Check bool.
|   _Bool success = false;
| 
|   // Check restrict.
|   if (test_restrict ("String literal") == 0)
|     success = true;
|   char *restrict newvar = "Another string";
| 
|   // Check varargs.
|   test_varargs ("s, d' f .", "string", 65, 34.234);
|   test_varargs_macros ();
| 
|   // Check flexible array members.
|   struct incomplete_array *ia =
|     malloc (sizeof (struct incomplete_array) + (sizeof (double) * 10));
|   ia->datasize = 10;
|   for (int i = 0; i < ia->datasize; ++i)
|     ia->data[i] = i * 1.234;
| 
|   // Check named initializers.
|   struct named_init ni = {
|     .number = 34,
|     .name = L"Test wide string",
|     .average = 543.34343,
|   };
| 
|   ni.number = 58;
| 
|   int dynamic_array[ni.number];
|   dynamic_array[ni.number - 1] = 543;
| 
|   // work around unused variable warnings
|   return (!success || bignum == 0LL || ubignum == 0uLL || newvar[0] == 'x'
| 	  || dynamic_array[ni.number - 1] != 543);
| 
|   ;
|   return 0;
| }
configure:4534: gcc -std=gnu99 -c -g -O2  conftest.c >&5
configure:4534: $? = 0
configure:4554: result: -std=gnu99
configure:4656: checking for gcc -std=gnu99 option to accept ISO Standard C
configure:4670: result: -std=gnu99
configure:4675: checking whether gcc -std=gnu99 and cc understand -c and -o together
configure:4706: gcc -std=gnu99 -c conftest.c -o conftest2.o >&5
configure:4710: $? = 0
configure:4716: gcc -std=gnu99 -c conftest.c -o conftest2.o >&5
configure:4720: $? = 0
configure:4731: cc -c conftest.c >&5
configure:4735: $? = 0
configure:4743: cc -c conftest.c -o conftest2.o >&5
configure:4747: $? = 0
configure:4753: cc -c conftest.c -o conftest2.o >&5
configure:4757: $? = 0
configure:4775: result: yes
configure:4805: checking how to run the C preprocessor
configure:4836: gcc -std=gnu99 -E  conftest.c
configure:4836: $? = 0
configure:4850: gcc -std=gnu99 -E  conftest.c
conftest.c:11:28: fatal error: ac_nonexistent.h: No such file or directory
 #include <ac_nonexistent.h>
                            ^
compilation terminated.
configure:4850: $? = 1
configure: failed program was:
| /* confdefs.h */
| #define PACKAGE_NAME "gzip"
| #define PACKAGE_TARNAME "gzip"
| #define PACKAGE_VERSION "1.3.12.37-a1d3"
| #define PACKAGE_STRING "gzip 1.3.12.37-a1d3"
| #define PACKAGE_BUGREPORT "bug-gzip@gnu.org"
| #define PACKAGE_URL ""
| #define PACKAGE "gzip"
| #define VERSION "1.3.12.37-a1d3"
| /* end confdefs.h.  */
| #include <ac_nonexistent.h>
configure:4875: result: gcc -std=gnu99 -E
configure:4895: gcc -std=gnu99 -E  conftest.c
configure:4895: $? = 0
configure:4909: gcc -std=gnu99 -E  conftest.c
conftest.c:11:28: fatal error: ac_nonexistent.h: No such file or directory
 #include <ac_nonexistent.h>
                            ^
compilation terminated.
configure:4909: $? = 1
configure: failed program was:
| /* confdefs.h */
| #define PACKAGE_NAME "gzip"
| #define PACKAGE_TARNAME "gzip"
| #define PACKAGE_VERSION "1.3.12.37-a1d3"
| #define PACKAGE_STRING "gzip 1.3.12.37-a1d3"
| #define PACKAGE_BUGREPORT "bug-gzip@gnu.org"
| #define PACKAGE_URL ""
| #define PACKAGE "gzip"
| #define VERSION "1.3.12.37-a1d3"
| /* end confdefs.h.  */
| #include <ac_nonexistent.h>
configure:4980: checking for nm
configure:4996: found /usr/bin/nm
configure:5007: result: nm
configure:5029: checking whether ln -s works
configure:5033: result: yes
configure:5083: checking for ranlib
configure:5099: found /usr/bin/ranlib
configure:5110: result: ranlib
configure:5132: checking for a POSIX-compliant shell
configure:5187: result: /bin/sh
configure:5201: checking build system type
configure:5215: result: x86_64-unknown-linux-gnu
configure:5235: checking host system type
configure:5248: result: x86_64-unknown-linux-gnu
configure:5270: checking for grep that handles long lines and -e
configure:5328: result: /bin/grep
configure:5333: checking for egrep
configure:5395: result: /bin/grep -E
configure:5400: checking for ANSI C header files
configure:5420: gcc -std=gnu99 -c -g -O2  conftest.c >&5
configure:5420: $? = 0
configure:5493: gcc -std=gnu99 -o conftest -g -O2   conftest.c  >&5
configure:5493: $? = 0
configure:5493: ./conftest
configure:5493: $? = 0
configure:5504: result: yes
configure:5517: checking for sys/types.h
configure:5517: gcc -std=gnu99 -c -g -O2  conftest.c >&5
configure:5517: $? = 0
configure:5517: result: yes
configure:5517: checking for sys/stat.h
configure:5517: gcc -std=gnu99 -c -g -O2  conftest.c >&5
configure:5517: $? = 0
configure:5517: result: yes
configure:5517: checking for stdlib.h
configure:5517: gcc -std=gnu99 -c -g -O2  conftest.c >&5
configure:5517: $? = 0
configure:5517: result: yes
configure:5517: checking for string.h
configure:5517: gcc -std=gnu99 -c -g -O2  conftest.c >&5
configure:5517: $? = 0
configure:5517: result: yes
configure:5517: checking for memory.h
configure:5517: gcc -std=gnu99 -c -g -O2  conftest.c >&5
configure:5517: $? = 0
configure:5517: result: yes
configure:5517: checking for strings.h
configure:5517: gcc -std=gnu99 -c -g -O2  conftest.c >&5
configure:5517: $? = 0
configure:5517: result: yes
configure:5517: checking for inttypes.h
configure:5517: gcc -std=gnu99 -c -g -O2  conftest.c >&5
configure:5517: $? = 0
configure:5517: result: yes
configure:5517: checking for stdint.h
configure:5517: gcc -std=gnu99 -c -g -O2  conftest.c >&5
configure:5517: $? = 0
configure:5517: result: yes
configure:5517: checking for unistd.h
configure:5517: gcc -std=gnu99 -c -g -O2  conftest.c >&5
configure:5517: $? = 0
configure:5517: result: yes
configure:5533: checking minix/config.h usability
configure:5533: gcc -std=gnu99 -c -g -O2  conftest.c >&5
conftest.c:54:26: fatal error: minix/config.h: No such file or directory
 #include <minix/config.h>
                          ^
compilation terminated.
configure:5533: $? = 1
configure: failed program was:
| /* confdefs.h */
| #define PACKAGE_NAME "gzip"
| #define PACKAGE_TARNAME "gzip"
| #define PACKAGE_VERSION "1.3.12.37-a1d3"
| #define PACKAGE_STRING "gzip 1.3.12.37-a1d3"
| #define PACKAGE_BUGREPORT "bug-gzip@gnu.org"
| #define PACKAGE_URL ""
| #define PACKAGE "gzip"
| #define VERSION "1.3.12.37-a1d3"
| #define STDC_HEADERS 1
| #define HAVE_SYS_TYPES_H 1
| #define HAVE_SYS_STAT_H 1
| #define HAVE_STDLIB_H 1
| #define HAVE_STRING_H 1
| #define HAVE_MEMORY_H 1
| #define HAVE_STRINGS_H 1
| #define HAVE_INTTYPES_H 1
| #define HAVE_STDINT_H 1
| #define HAVE_UNISTD_H 1
| /* end confdefs.h.  */
| #include <stdio.h>
| #ifdef HAVE_SYS_TYPES_H
| # include <sys/types.h>
| #endif
| #ifdef HAVE_SYS_STAT_H
| # include <sys/stat.h>
| #endif
| #ifdef STDC_HEADERS
| # include <stdlib.h>
| # include <stddef.h>
| #else
| # ifdef HAVE_STDLIB_H
| #  include <stdlib.h>
| # endif
| #endif
| #ifdef HAVE_STRING_H
| # if !defined STDC_HEADERS && defined HAVE_MEMORY_H
| #  include <memory.h>
| # endif
| # include <string.h>
| #endif
| #ifdef HAVE_STRINGS_H
| # include <strings.h>
| #endif
| #ifdef HAVE_INTTYPES_H
| # include <inttypes.h>
| #endif
| #ifdef HAVE_STDINT_H
| # include <stdint.h>
| #endif
| #ifdef HAVE_UNISTD_H
| # include <unistd.h>
| #endif
| #include <minix/config.h>
configure:5533: result: no
configure:5533: checking minix/config.h presence
configure:5533: gcc -std=gnu99 -E  conftest.c
conftest.c:21:26: fatal error: minix/config.h: No such file or directory
 #include <minix/config.h>
                          ^
compilation terminated.
configure:5533: $? = 1
configure: failed program was:
| /* confdefs.h */
| #define PACKAGE_NAME "gzip"
| #define PACKAGE_TARNAME "gzip"
| #define PACKAGE_VERSION "1.3.12.37-a1d3"
| #define PACKAGE_STRING "gzip 1.3.12.37-a1d3"
| #define PACKAGE_BUGREPORT "bug-gzip@gnu.org"
| #define PACKAGE_URL ""
| #define PACKAGE "gzip"
| #define VERSION "1.3.12.37-a1d3"
| #define STDC_HEADERS 1
| #define HAVE_SYS_TYPES_H 1
| #define HAVE_SYS_STAT_H 1
| #define HAVE_STDLIB_H 1
| #define HAVE_STRING_H 1
| #define HAVE_MEMORY_H 1
| #define HAVE_STRINGS_H 1
| #define HAVE_INTTYPES_H 1
| #define HAVE_STDINT_H 1
| #define HAVE_UNISTD_H 1
| /* end confdefs.h.  */
| #include <minix/config.h>
configure:5533: result: no
configure:5533: checking for minix/config.h
configure:5533: result: no
configure:5562: checking whether it is safe to define __EXTENSIONS__
configure:5580: gcc -std=gnu99 -c -g -O2  conftest.c >&5
configure:5580: $? = 0
configure:5587: result: yes
configure:5607: checking for _LARGEFILE_SOURCE value needed for large files
configure:5626: gcc -std=gnu99 -o conftest -g -O2   conftest.c  >&5
configure:5626: $? = 0
configure:5654: result: no
configure:5689: checking for special C compiler options needed for large files
configure:5734: result: no
configure:5740: checking for _FILE_OFFSET_BITS value needed for large files
configure:5765: gcc -std=gnu99 -c -g -O2  conftest.c >&5
configure:5765: $? = 0
configure:5797: result: no
configure:5888: checking whether the preprocessor supports include_next
configure:5926: gcc -std=gnu99 -c -g -O2  -Iconftestd1b -Iconftestd2 conftest.c >&5
configure:5926: $? = 0
configure:5947: result: yes
configure:5975: checking for errno.h
configure:5975: gcc -std=gnu99 -c -g -O2  conftest.c >&5
configure:5975: $? = 0
configure:5975: result: yes
configure:5975: checking for fcntl.h
configure:5975: gcc -std=gnu99 -c -g -O2  conftest.c >&5
configure:5975: $? = 0
configure:5975: result: yes
configure:5975: checking for stdio_ext.h
configure:5975: gcc -std=gnu99 -c -g -O2  conftest.c >&5
configure:5975: $? = 0
configure:5975: result: yes
configure:5975: checking for sys/time.h
configure:5975: gcc -std=gnu99 -c -g -O2  conftest.c >&5
configure:5975: $? = 0
configure:5975: result: yes
configure:5975: checking for stddef.h
configure:5975: gcc -std=gnu99 -c -g -O2  conftest.c >&5
configure:5975: $? = 0
configure:5975: result: yes
configure:5975: checking for stdint.h
configure:5975: result: yes
configure:5975: checking for wchar.h
configure:5975: gcc -std=gnu99 -c -g -O2  conftest.c >&5
configure:5975: $? = 0
configure:5975: result: yes
configure:5975: checking for stdio.h
configure:5975: gcc -std=gnu99 -c -g -O2  conftest.c >&5
configure:5975: $? = 0
configure:5975: result: yes
configure:5975: checking for stdlib.h
configure:5975: result: yes
configure:5975: checking for sys/socket.h
configure:5975: gcc -std=gnu99 -c -g -O2  conftest.c >&5
configure:5975: $? = 0
configure:5975: result: yes
configure:5975: checking for string.h
configure:5975: result: yes
configure:5975: checking for sys/stat.h
configure:5975: result: yes
configure:5975: checking for time.h
configure:5975: gcc -std=gnu99 -c -g -O2  conftest.c >&5
configure:5975: $? = 0
configure:5975: result: yes
configure:5975: checking for unistd.h
configure:5975: result: yes
configure:5975: checking for utime.h
configure:5975: gcc -std=gnu99 -c -g -O2  conftest.c >&5
configure:5975: $? = 0
configure:5975: result: yes
configure:5975: checking for wctype.h
configure:5975: gcc -std=gnu99 -c -g -O2  conftest.c >&5
configure:5975: $? = 0
configure:5975: result: yes
configure:5975: checking for limits.h
configure:5975: gcc -std=gnu99 -c -g -O2  conftest.c >&5
configure:5975: $? = 0
configure:5975: result: yes
configure:5975: checking for memory.h
configure:5975: result: yes
configure:5991: checking for complete errno.h
configure:6043: result: yes
configure:6318: checking whether strerror_r is declared
configure:6318: gcc -std=gnu99 -c -g -O2  conftest.c >&5
configure:6318: $? = 0
configure:6318: result: yes
configure:6331: checking for strerror_r
configure:6331: gcc -std=gnu99 -o conftest -g -O2   conftest.c  >&5
configure:6331: $? = 0
configure:6331: result: yes
configure:6340: checking whether strerror_r returns char *
configure:6364: gcc -std=gnu99 -c -g -O2  conftest.c >&5

## ---------------- ##
## Cache variables. ##
## ---------------- ##

ac_cv_build=x86_64-unknown-linux-gnu
ac_cv_c_compiler_gnu=yes
ac_cv_env_CC_set=
ac_cv_env_CC_value=
ac_cv_env_CFLAGS_set=
ac_cv_env_CFLAGS_value=
ac_cv_env_CPPFLAGS_set=
ac_cv_env_CPPFLAGS_value=
ac_cv_env_CPP_set=
ac_cv_env_CPP_value=
ac_cv_env_LDFLAGS_set=
ac_cv_env_LDFLAGS_value=
ac_cv_env_LIBS_set=
ac_cv_env_LIBS_value=
ac_cv_env_build_alias_set=
ac_cv_env_build_alias_value=
ac_cv_env_host_alias_set=
ac_cv_env_host_alias_value=
ac_cv_env_target_alias_set=
ac_cv_env_target_alias_value=
ac_cv_func_strerror_r=yes
ac_cv_func_strerror_r_char_p=no
ac_cv_have_decl_strerror_r=yes
ac_cv_header_errno_h=yes
ac_cv_header_fcntl_h=yes
ac_cv_header_inttypes_h=yes
ac_cv_header_limits_h=yes
ac_cv_header_memory_h=yes
ac_cv_header_minix_config_h=no
ac_cv_header_stdc=yes
ac_cv_header_stddef_h=yes
ac_cv_header_stdint_h=yes
ac_cv_header_stdio_ext_h=yes
ac_cv_header_stdio_h=yes
ac_cv_header_stdlib_h=yes
ac_cv_header_string_h=yes
ac_cv_header_strings_h=yes
ac_cv_header_sys_socket_h=yes
ac_cv_header_sys_stat_h=yes
ac_cv_header_sys_time_h=yes
ac_cv_header_sys_types_h=yes
ac_cv_header_time_h=yes
ac_cv_header_unistd_h=yes
ac_cv_header_utime_h=yes
ac_cv_header_wchar_h=yes
ac_cv_header_wctype_h=yes
ac_cv_host=x86_64-unknown-linux-gnu
ac_cv_objext=o
ac_cv_path_EGREP='/bin/grep -E'
ac_cv_path_GREP=/bin/grep
ac_cv_path_install='/usr/bin/install -c'
ac_cv_path_mkdir=/bin/mkdir
ac_cv_path_shell=/bin/sh
ac_cv_prog_AWK=mawk
ac_cv_prog_CPP='gcc -std=gnu99 -E'
ac_cv_prog_ac_ct_CC=gcc
ac_cv_prog_ac_ct_NM=nm
ac_cv_prog_ac_ct_RANLIB=ranlib
ac_cv_prog_cc_c89=
ac_cv_prog_cc_c99=-std=gnu99
ac_cv_prog_cc_g=yes
ac_cv_prog_cc_gcc_c_o=yes
ac_cv_prog_cc_stdc=-std=gnu99
ac_cv_prog_make_make_set=yes
ac_cv_safe_to_define___extensions__=yes
ac_cv_sys_file_offset_bits=no
ac_cv_sys_largefile_CC=no
ac_cv_sys_largefile_source=no
am_cv_CC_dependencies_compiler_type=gcc3
gl_cv_have_include_next=yes
gl_cv_header_errno_h_complete=yes

## ----------------- ##
## Output variables. ##
## ----------------- ##

ACLOCAL='${SHELL} /home/mingyuejiang/Documents/angelix/data0/gzip1/gzip-bug-a1d3d4019ddd22-f17cbd13a1d0a7/gzip/build-aux/missing --run aclocal-1.11'
AMDEPBACKSLASH='\'
AMDEP_FALSE='#'
AMDEP_TRUE=''
AMTAR='${SHELL} /home/mingyuejiang/Documents/angelix/data0/gzip1/gzip-bug-a1d3d4019ddd22-f17cbd13a1d0a7/gzip/build-aux/missing --run tar'
AM_BACKSLASH='\'
AM_DEFAULT_VERBOSITY='0'
APPLE_UNIVERSAL_BUILD=''
ASCPPFLAGS=''
ASCPPPOST=''
ASFLAGS_config=''
AUTOCONF='${SHELL} /home/mingyuejiang/Documents/angelix/data0/gzip1/gzip-bug-a1d3d4019ddd22-f17cbd13a1d0a7/gzip/build-aux/missing --run autoconf'
AUTOHEADER='${SHELL} /home/mingyuejiang/Documents/angelix/data0/gzip1/gzip-bug-a1d3d4019ddd22-f17cbd13a1d0a7/gzip/build-aux/missing --run autoheader'
AUTOMAKE='${SHELL} /home/mingyuejiang/Documents/angelix/data0/gzip1/gzip-bug-a1d3d4019ddd22-f17cbd13a1d0a7/gzip/build-aux/missing --run automake-1.11'
AWK='mawk'
BITSIZEOF_PTRDIFF_T=''
BITSIZEOF_SIG_ATOMIC_T=''
BITSIZEOF_SIZE_T=''
BITSIZEOF_WCHAR_T=''
BITSIZEOF_WINT_T=''
CC='gcc -std=gnu99'
CCDEPMODE='depmode=gcc3'
CFLAGS='-g -O2'
CPP='gcc -std=gnu99 -E'
CPPFLAGS=''
CYGPATH_W='echo'
DEFS=''
DEPDIR='.deps'
ECHO_C=''
ECHO_N='-n'
ECHO_T=''
EGREP='/bin/grep -E'
EMULTIHOP_HIDDEN=''
EMULTIHOP_VALUE=''
ENOLINK_HIDDEN=''
ENOLINK_VALUE=''
EOVERFLOW_HIDDEN=''
EOVERFLOW_VALUE=''
ERRNO_H=''
EXEEXT=''
FCNTL_H=''
GETOPT_H=''
GLIBC21=''
GL_COND_LIBTOOL_FALSE=''
GL_COND_LIBTOOL_TRUE=''
GNULIB_ATOLL=''
GNULIB_BTOWC=''
GNULIB_CALLOC_POSIX=''
GNULIB_CHOWN=''
GNULIB_CLOSE=''
GNULIB_DPRINTF=''
GNULIB_DUP2=''
GNULIB_DUP3=''
GNULIB_ENVIRON=''
GNULIB_EUIDACCESS=''
GNULIB_FACCESSAT=''
GNULIB_FCHDIR=''
GNULIB_FCLOSE=''
GNULIB_FFLUSH=''
GNULIB_FOPEN=''
GNULIB_FPRINTF=''
GNULIB_FPRINTF_POSIX=''
GNULIB_FPURGE=''
GNULIB_FPUTC=''
GNULIB_FPUTS=''
GNULIB_FREOPEN=''
GNULIB_FSEEK=''
GNULIB_FSEEKO=''
GNULIB_FSYNC=''
GNULIB_FTELL=''
GNULIB_FTELLO=''
GNULIB_FTRUNCATE=''
GNULIB_FWRITE=''
GNULIB_GETCWD=''
GNULIB_GETDELIM=''
GNULIB_GETDOMAINNAME=''
GNULIB_GETDTABLESIZE=''
GNULIB_GETHOSTNAME=''
GNULIB_GETLINE=''
GNULIB_GETLOADAVG=''
GNULIB_GETLOGIN_R=''
GNULIB_GETPAGESIZE=''
GNULIB_GETSUBOPT=''
GNULIB_GETUSERSHELL=''
GNULIB_LCHMOD=''
GNULIB_LCHOWN=''
GNULIB_LINK=''
GNULIB_LSEEK=''
GNULIB_LSTAT=''
GNULIB_MALLOC_POSIX=''
GNULIB_MBRLEN=''
GNULIB_MBRTOWC=''
GNULIB_MBSCASECMP=''
GNULIB_MBSCASESTR=''
GNULIB_MBSCHR=''
GNULIB_MBSCSPN=''
GNULIB_MBSINIT=''
GNULIB_MBSLEN=''
GNULIB_MBSNCASECMP=''
GNULIB_MBSNLEN=''
GNULIB_MBSNRTOWCS=''
GNULIB_MBSPBRK=''
GNULIB_MBSPCASECMP=''
GNULIB_MBSRCHR=''
GNULIB_MBSRTOWCS=''
GNULIB_MBSSEP=''
GNULIB_MBSSPN=''
GNULIB_MBSSTR=''
GNULIB_MBSTOK_R=''
GNULIB_MEMCHR=''
GNULIB_MEMMEM=''
GNULIB_MEMPCPY=''
GNULIB_MEMRCHR=''
GNULIB_MKDTEMP=''
GNULIB_MKOSTEMP=''
GNULIB_MKSTEMP=''
GNULIB_OBSTACK_PRINTF=''
GNULIB_OBSTACK_PRINTF_POSIX=''
GNULIB_OPEN=''
GNULIB_OPENAT=''
GNULIB_PERROR=''
GNULIB_PIPE2=''
GNULIB_POPEN=''
GNULIB_PRINTF=''
GNULIB_PRINTF_POSIX=''
GNULIB_PUTC=''
GNULIB_PUTCHAR=''
GNULIB_PUTENV=''
GNULIB_PUTS=''
GNULIB_RANDOM_R=''
GNULIB_RAWMEMCHR=''
GNULIB_READLINK=''
GNULIB_REALLOC_POSIX=''
GNULIB_RPMATCH=''
GNULIB_SETENV=''
GNULIB_SLEEP=''
GNULIB_SNPRINTF=''
GNULIB_SPRINTF_POSIX=''
GNULIB_STDIO_H_SIGPIPE=''
GNULIB_STPCPY=''
GNULIB_STPNCPY=''
GNULIB_STRCASESTR=''
GNULIB_STRCHRNUL=''
GNULIB_STRDUP=''
GNULIB_STRERROR=''
GNULIB_STRNDUP=''
GNULIB_STRNLEN=''
GNULIB_STRPBRK=''
GNULIB_STRSEP=''
GNULIB_STRSIGNAL=''
GNULIB_STRSTR=''
GNULIB_STRTOD=''
GNULIB_STRTOK_R=''
GNULIB_STRTOLL=''
GNULIB_STRTOULL=''
GNULIB_STRVERSCMP=''
GNULIB_SYMLINKAT=''
GNULIB_UNISTD_H_GETOPT=''
GNULIB_UNISTD_H_SIGPIPE=''
GNULIB_UNSETENV=''
GNULIB_VASPRINTF=''
GNULIB_VDPRINTF=''
GNULIB_VFPRINTF=''
GNULIB_VFPRINTF_POSIX=''
GNULIB_VPRINTF=''
GNULIB_VPRINTF_POSIX=''
GNULIB_VSNPRINTF=''
GNULIB_VSPRINTF_POSIX=''
GNULIB_WCRTOMB=''
GNULIB_WCSNRTOMBS=''
GNULIB_WCSRTOMBS=''
GNULIB_WCTOB=''
GNULIB_WCWIDTH=''
GNULIB_WRITE=''
GNU_MAKE_FALSE=''
GNU_MAKE_TRUE=''
GREP='/bin/grep'
HAVE_ATOLL=''
HAVE_BTOWC=''
HAVE_CALLOC_POSIX=''
HAVE_DECL_ENVIRON=''
HAVE_DECL_FPURGE=''
HAVE_DECL_GETDELIM=''
HAVE_DECL_GETLINE=''
HAVE_DECL_GETLOADAVG=''
HAVE_DECL_GETLOGIN_R=''
HAVE_DECL_MEMMEM=''
HAVE_DECL_MEMRCHR=''
HAVE_DECL_OBSTACK_PRINTF=''
HAVE_DECL_SNPRINTF=''
HAVE_DECL_STRDUP=''
HAVE_DECL_STRERROR=''
HAVE_DECL_STRNDUP=''
HAVE_DECL_STRNLEN=''
HAVE_DECL_STRSIGNAL=''
HAVE_DECL_STRTOK_R=''
HAVE_DECL_VSNPRINTF=''
HAVE_DECL_WCTOB=''
HAVE_DECL_WCWIDTH=''
HAVE_DPRINTF=''
HAVE_DUP2=''
HAVE_DUP3=''
HAVE_EUIDACCESS=''
HAVE_FACCESSAT=''
HAVE_FCHMODAT=''
HAVE_FCHOWNAT=''
HAVE_FSEEKO=''
HAVE_FSTATAT=''
HAVE_FSYNC=''
HAVE_FTELLO=''
HAVE_FTRUNCATE=''
HAVE_GETDOMAINNAME=''
HAVE_GETDTABLESIZE=''
HAVE_GETHOSTNAME=''
HAVE_GETPAGESIZE=''
HAVE_GETSUBOPT=''
HAVE_GETUSERSHELL=''
HAVE_INTTYPES_H=''
HAVE_ISWCNTRL=''
HAVE_LCHMOD=''
HAVE_LINK=''
HAVE_LONG_LONG_INT=''
HAVE_LSTAT=''
HAVE_MALLOC_POSIX=''
HAVE_MBRLEN=''
HAVE_MBRTOWC=''
HAVE_MBSINIT=''
HAVE_MBSNRTOWCS=''
HAVE_MBSRTOWCS=''
HAVE_MEMPCPY=''
HAVE_MKDIRAT=''
HAVE_MKDTEMP=''
HAVE_MKOSTEMP=''
HAVE_OPENAT=''
HAVE_OS_H=''
HAVE_PIPE2=''
HAVE_RANDOM_H=''
HAVE_RANDOM_R=''
HAVE_RAWMEMCHR=''
HAVE_READLINK=''
HAVE_READLINKAT=''
HAVE_REALLOC_POSIX=''
HAVE_RPMATCH=''
HAVE_SETENV=''
HAVE_SIGNED_SIG_ATOMIC_T=''
HAVE_SIGNED_WCHAR_T=''
HAVE_SIGNED_WINT_T=''
HAVE_SLEEP=''
HAVE_STDINT_H=''
HAVE_STPCPY=''
HAVE_STPNCPY=''
HAVE_STRCASESTR=''
HAVE_STRCHRNUL=''
HAVE_STRNDUP=''
HAVE_STRPBRK=''
HAVE_STRSEP=''
HAVE_STRTOD=''
HAVE_STRTOLL=''
HAVE_STRTOULL=''
HAVE_STRUCT_RANDOM_DATA=''
HAVE_STRUCT_TIMEVAL=''
HAVE_STRVERSCMP=''
HAVE_SYMLINKAT=''
HAVE_SYS_BITYPES_H=''
HAVE_SYS_INTTYPES_H=''
HAVE_SYS_LOADAVG_H=''
HAVE_SYS_PARAM_H=''
HAVE_SYS_TIME_H=''
HAVE_SYS_TYPES_H=''
HAVE_UNISTD_H=''
HAVE_UNLINKAT=''
HAVE_UNSETENV=''
HAVE_UNSIGNED_LONG_LONG_INT=''
HAVE_VASPRINTF=''
HAVE_VDPRINTF=''
HAVE_WCHAR_H=''
HAVE_WCHAR_T=''
HAVE_WCRTOMB=''
HAVE_WCSNRTOMBS=''
HAVE_WCSRTOMBS=''
HAVE_WCTYPE_H=''
HAVE_WINT_T=''
HAVE__BOOL=''
INCLUDE_NEXT='include_next'
INCLUDE_NEXT_AS_FIRST_DIRECTIVE='include_next'
INSTALL_DATA='${INSTALL} -m 644'
INSTALL_PROGRAM='${INSTALL}'
INSTALL_SCRIPT='${INSTALL}'
INSTALL_STRIP_PROGRAM='$(install_sh) -c -s'
LDFLAGS=''
LIBGZIP_LIBDEPS=''
LIBGZIP_LTLIBDEPS=''
LIBINTL=''
LIBOBJS=''
LIBS=''
LN_S='ln -s'
LOCALCHARSET_TESTS_ENVIRONMENT=''
LOCALE_FR_UTF8=''
LOCALE_JA=''
LOCALE_ZH_CN=''
LTLIBINTL=''
LTLIBOBJS=''
MAKEINFO='${SHELL} /home/mingyuejiang/Documents/angelix/data0/gzip1/gzip-bug-a1d3d4019ddd22-f17cbd13a1d0a7/gzip/build-aux/missing --run makeinfo'
MKDIR_P='/bin/mkdir -p'
NEXT_AS_FIRST_DIRECTIVE_ERRNO_H=''
NEXT_AS_FIRST_DIRECTIVE_FCNTL_H=''
NEXT_AS_FIRST_DIRECTIVE_STDDEF_H=''
NEXT_AS_FIRST_DIRECTIVE_STDINT_H=''
NEXT_AS_FIRST_DIRECTIVE_STDIO_H=''
NEXT_AS_FIRST_DIRECTIVE_STDLIB_H=''
NEXT_AS_FIRST_DIRECTIVE_STRING_H=''
NEXT_AS_FIRST_DIRECTIVE_SYS_STAT_H=''
NEXT_AS_FIRST_DIRECTIVE_SYS_TIME_H=''
NEXT_AS_FIRST_DIRECTIVE_TIME_H=''
NEXT_AS_FIRST_DIRECTIVE_UNISTD_H=''
NEXT_AS_FIRST_DIRECTIVE_WCHAR_H=''
NEXT_AS_FIRST_DIRECTIVE_WCTYPE_H=''
NEXT_ERRNO_H=''
NEXT_FCNTL_H=''
NEXT_STDDEF_H=''
NEXT_STDINT_H=''
NEXT_STDIO_H=''
NEXT_STDLIB_H=''
NEXT_STRING_H=''
NEXT_SYS_STAT_H=''
NEXT_SYS_TIME_H=''
NEXT_TIME_H=''
NEXT_UNISTD_H=''
NEXT_WCHAR_H=''
NEXT_WCTYPE_H=''
NM='nm'
OBJEXT='o'
PACKAGE='gzip'
PACKAGE_BUGREPORT='bug-gzip@gnu.org'
PACKAGE_NAME='gzip'
PACKAGE_STRING='gzip 1.3.12.37-a1d3'
PACKAGE_TARNAME='gzip'
PACKAGE_URL=''
PACKAGE_VERSION='1.3.12.37-a1d3'
PATH_SEPARATOR=':'
PRAGMA_SYSTEM_HEADER='#pragma GCC system_header'
PTRDIFF_T_SUFFIX=''
RANLIB='ranlib'
REPLACE_BTOWC=''
REPLACE_CHOWN=''
REPLACE_CLOSE=''
REPLACE_DPRINTF=''
REPLACE_DUP2=''
REPLACE_FCHDIR=''
REPLACE_FCHOWNAT=''
REPLACE_FCLOSE=''
REPLACE_FFLUSH=''
REPLACE_FOPEN=''
REPLACE_FPRINTF=''
REPLACE_FPURGE=''
REPLACE_FREOPEN=''
REPLACE_FSEEK=''
REPLACE_FSEEKO=''
REPLACE_FSTATAT=''
REPLACE_FTELL=''
REPLACE_FTELLO=''
REPLACE_GETCWD=''
REPLACE_GETLINE=''
REPLACE_GETPAGESIZE=''
REPLACE_GETTIMEOFDAY=''
REPLACE_ISWCNTRL=''
REPLACE_LCHOWN=''
REPLACE_LOCALTIME_R=''
REPLACE_LSEEK=''
REPLACE_LSTAT=''
REPLACE_MBRLEN=''
REPLACE_MBRTOWC=''
REPLACE_MBSINIT=''
REPLACE_MBSNRTOWCS=''
REPLACE_MBSRTOWCS=''
REPLACE_MBSTATE_T=''
REPLACE_MEMCHR=''
REPLACE_MEMMEM=''
REPLACE_MKDIR=''
REPLACE_MKSTEMP=''
REPLACE_MKTIME=''
REPLACE_NANOSLEEP=''
REPLACE_NULL=''
REPLACE_OBSTACK_PRINTF=''
REPLACE_OPEN=''
REPLACE_PERROR=''
REPLACE_POPEN=''
REPLACE_PRINTF=''
REPLACE_PUTENV=''
REPLACE_SNPRINTF=''
REPLACE_SPRINTF=''
REPLACE_STDIO_WRITE_FUNCS=''
REPLACE_STRCASESTR=''
REPLACE_STRDUP=''
REPLACE_STRERROR=''
REPLACE_STRPTIME=''
REPLACE_STRSIGNAL=''
REPLACE_STRSTR=''
REPLACE_STRTOD=''
REPLACE_TIMEGM=''
REPLACE_VASPRINTF=''
REPLACE_VDPRINTF=''
REPLACE_VFPRINTF=''
REPLACE_VPRINTF=''
REPLACE_VSNPRINTF=''
REPLACE_VSPRINTF=''
REPLACE_WCRTOMB=''
REPLACE_WCSNRTOMBS=''
REPLACE_WCSRTOMBS=''
REPLACE_WCTOB=''
REPLACE_WCWIDTH=''
REPLACE_WRITE=''
SET_MAKE=''
SHELL='/bin/sh'
SIG_ATOMIC_T_SUFFIX=''
SIZE_T_SUFFIX=''
STDBOOL_H=''
STDDEF_H=''
STDINT_H=''
STRIP=''
SYS_TIME_H=''
SYS_TIME_H_DEFINES_STRUCT_TIMESPEC=''
TIME_H_DEFINES_STRUCT_TIMESPEC=''
UNISTD_H_HAVE_WINSOCK2_H=''
UNISTD_H_HAVE_WINSOCK2_H_AND_USE_SOCKETS=''
VERSION='1.3.12.37-a1d3'
VOID_UNSETENV=''
WCHAR_H=''
WCHAR_T_SUFFIX=''
WCTYPE_H=''
WINT_T_SUFFIX=''
ac_ct_CC='gcc'
ac_prefix_program=''
am__EXEEXT_FALSE=''
am__EXEEXT_TRUE=''
am__fastdepCC_FALSE='#'
am__fastdepCC_TRUE=''
am__include='include'
am__isrc=''
am__leading_dot='.'
am__quote=''
am__tar='${AMTAR} chof - "$$tardir"'
am__untar='${AMTAR} xf -'
bindir='${exec_prefix}/bin'
build='x86_64-unknown-linux-gnu'
build_alias=''
build_cpu='x86_64'
build_os='linux-gnu'
build_vendor='unknown'
datadir='${datarootdir}'
datarootdir='${prefix}/share'
docdir='${datarootdir}/doc/${PACKAGE_TARNAME}'
dvidir='${docdir}'
exec_prefix='NONE'
gl_LIBOBJS=''
gl_LTLIBOBJS=''
gltests_LIBOBJS=''
gltests_LTLIBOBJS=''
host='x86_64-unknown-linux-gnu'
host_alias=''
host_cpu='x86_64'
host_os='linux-gnu'
host_vendor='unknown'
htmldir='${docdir}'
includedir='${prefix}/include'
infodir='${datarootdir}/info'
install_sh='${SHELL} /home/mingyuejiang/Documents/angelix/data0/gzip1/gzip-bug-a1d3d4019ddd22-f17cbd13a1d0a7/gzip/build-aux/install-sh'
libdir='${exec_prefix}/lib'
libexecdir='${exec_prefix}/libexec'
localedir='${datarootdir}/locale'
localstatedir='${prefix}/var'
mandir='${datarootdir}/man'
mkdir_p='/bin/mkdir -p'
oldincludedir='/usr/include'
pdfdir='${docdir}'
prefix='NONE'
program_transform_name='s,x,x,'
psdir='${docdir}'
sbindir='${exec_prefix}/sbin'
sharedstatedir='${prefix}/com'
sysconfdir='${prefix}/etc'
target_alias=''

## ----------- ##
## confdefs.h. ##
## ----------- ##

/* confdefs.h */
#define PACKAGE_NAME "gzip"
#define PACKAGE_TARNAME "gzip"
#define PACKAGE_VERSION "1.3.12.37-a1d3"
#define PACKAGE_STRING "gzip 1.3.12.37-a1d3"
#define PACKAGE_BUGREPORT "bug-gzip@gnu.org"
#define PACKAGE_URL ""
#define PACKAGE "gzip"
#define VERSION "1.3.12.37-a1d3"
#define STDC_HEADERS 1
#define HAVE_SYS_TYPES_H 1
#define HAVE_SYS_STAT_H 1
#define HAVE_STDLIB_H 1
#define HAVE_STRING_H 1
#define HAVE_MEMORY_H 1
#define HAVE_STRINGS_H 1
#define HAVE_INTTYPES_H 1
#define HAVE_STDINT_H 1
#define HAVE_UNISTD_H 1
#define __EXTENSIONS__ 1
#define _ALL_SOURCE 1
#define _GNU_SOURCE 1
#define _POSIX_PTHREAD_SEMANTICS 1
#define _TANDEM_SOURCE 1
#define HAVE_FSEEKO 1
#define HAVE_ERRNO_H 1
#define HAVE_FCNTL_H 1
#define HAVE_STDIO_EXT_H 1
#define HAVE_SYS_TIME_H 1
#define HAVE_STDDEF_H 1
#define HAVE_STDINT_H 1
#define HAVE_WCHAR_H 1
#define HAVE_STDIO_H 1
#define HAVE_STDLIB_H 1
#define HAVE_SYS_SOCKET_H 1
#define HAVE_STRING_H 1
#define HAVE_SYS_STAT_H 1
#define HAVE_TIME_H 1
#define HAVE_UNISTD_H 1
#define HAVE_UTIME_H 1
#define HAVE_WCTYPE_H 1
#define HAVE_LIMITS_H 1
#define HAVE_MEMORY_H 1
#define HAVE_DECL_STRERROR_R 1
#define HAVE_STRERROR_R 1

configure: caught signal 1
configure: exit 1
