Making all in lib
make[1]: Entering directory `/home/mingyuejiang/Documents/angelix/data0/gzip1/.angelix/frontend/lib'
  GEN    configmake.h
  GEN    fcntl.h
  GEN    stdio.h
  GEN    stdlib.h
  GEN    string.h
  GEN    sys/stat.h
  GEN    time.h
  GEN    unistd.h
make  all-recursive
make[2]: Entering directory `/home/mingyuejiang/Documents/angelix/data0/gzip1/.angelix/frontend/lib'
make[3]: Entering directory `/home/mingyuejiang/Documents/angelix/data0/gzip1/.angelix/frontend/lib'
  CC     freadahead.o
[angelix-compiler] gcc -include /home/mingyuejiang/Documents/angelix/src/runtime/runtime.h '-DHAVE_CONFIG_H' '-I.' '-g' '-O2' '-MT' 'freadahead.o' '-MD' '-MP' '-MF' '.deps/freadahead.Tpo' '-c' '-o' 'freadahead.o' 'freadahead.c' -L/home/mingyuejiang/Documents/angelix/build/lib/test -langelix -L/home/mingyuejiang/Documents/angelix/src/klee/Release+Asserts/lib -lkleeRuntest 
  CC     freading.o
[angelix-compiler] gcc -include /home/mingyuejiang/Documents/angelix/src/runtime/runtime.h '-DHAVE_CONFIG_H' '-I.' '-g' '-O2' '-MT' 'freading.o' '-MD' '-MP' '-MF' '.deps/freading.Tpo' '-c' '-o' 'freading.o' 'freading.c' -L/home/mingyuejiang/Documents/angelix/build/lib/test -langelix -L/home/mingyuejiang/Documents/angelix/src/klee/Release+Asserts/lib -lkleeRuntest 
  CC     localcharset.o
[angelix-compiler] gcc -include /home/mingyuejiang/Documents/angelix/src/runtime/runtime.h '-DHAVE_CONFIG_H' '-I.' '-g' '-O2' '-MT' 'localcharset.o' '-MD' '-MP' '-MF' '.deps/localcharset.Tpo' '-c' '-o' 'localcharset.o' 'localcharset.c' -L/home/mingyuejiang/Documents/angelix/build/lib/test -langelix -L/home/mingyuejiang/Documents/angelix/src/klee/Release+Asserts/lib -lkleeRuntest 
  CC     xalloc-die.o
[angelix-compiler] gcc -include /home/mingyuejiang/Documents/angelix/src/runtime/runtime.h '-DHAVE_CONFIG_H' '-I.' '-g' '-O2' '-MT' 'xalloc-die.o' '-MD' '-MP' '-MF' '.deps/xalloc-die.Tpo' '-c' '-o' 'xalloc-die.o' 'xalloc-die.c' -L/home/mingyuejiang/Documents/angelix/build/lib/test -langelix -L/home/mingyuejiang/Documents/angelix/src/klee/Release+Asserts/lib -lkleeRuntest 
  CC     close-stream.o
[angelix-compiler] gcc -include /home/mingyuejiang/Documents/angelix/src/runtime/runtime.h '-DHAVE_CONFIG_H' '-I.' '-g' '-O2' '-MT' 'close-stream.o' '-MD' '-MP' '-MF' '.deps/close-stream.Tpo' '-c' '-o' 'close-stream.o' 'close-stream.c' -L/home/mingyuejiang/Documents/angelix/build/lib/test -langelix -L/home/mingyuejiang/Documents/angelix/src/klee/Release+Asserts/lib -lkleeRuntest 
  CC     closein.o
[angelix-compiler] gcc -include /home/mingyuejiang/Documents/angelix/src/runtime/runtime.h '-DHAVE_CONFIG_H' '-I.' '-g' '-O2' '-MT' 'closein.o' '-MD' '-MP' '-MF' '.deps/closein.Tpo' '-c' '-o' 'closein.o' 'closein.c' -L/home/mingyuejiang/Documents/angelix/build/lib/test -langelix -L/home/mingyuejiang/Documents/angelix/src/klee/Release+Asserts/lib -lkleeRuntest 
  CC     closeout.o
[angelix-compiler] gcc -include /home/mingyuejiang/Documents/angelix/src/runtime/runtime.h '-DHAVE_CONFIG_H' '-I.' '-g' '-O2' '-MT' 'closeout.o' '-MD' '-MP' '-MF' '.deps/closeout.Tpo' '-c' '-o' 'closeout.o' 'closeout.c' -L/home/mingyuejiang/Documents/angelix/build/lib/test -langelix -L/home/mingyuejiang/Documents/angelix/src/klee/Release+Asserts/lib -lkleeRuntest 
  CC     creat-safer.o
[angelix-compiler] gcc -include /home/mingyuejiang/Documents/angelix/src/runtime/runtime.h '-DHAVE_CONFIG_H' '-I.' '-g' '-O2' '-MT' 'creat-safer.o' '-MD' '-MP' '-MF' '.deps/creat-safer.Tpo' '-c' '-o' 'creat-safer.o' 'creat-safer.c' -L/home/mingyuejiang/Documents/angelix/build/lib/test -langelix -L/home/mingyuejiang/Documents/angelix/src/klee/Release+Asserts/lib -lkleeRuntest 
  CC     dup-safer.o
[angelix-compiler] gcc -include /home/mingyuejiang/Documents/angelix/src/runtime/runtime.h '-DHAVE_CONFIG_H' '-I.' '-g' '-O2' '-MT' 'dup-safer.o' '-MD' '-MP' '-MF' '.deps/dup-safer.Tpo' '-c' '-o' 'dup-safer.o' 'dup-safer.c' -L/home/mingyuejiang/Documents/angelix/build/lib/test -langelix -L/home/mingyuejiang/Documents/angelix/src/klee/Release+Asserts/lib -lkleeRuntest 
  CC     exitfail.o
[angelix-compiler] gcc -include /home/mingyuejiang/Documents/angelix/src/runtime/runtime.h '-DHAVE_CONFIG_H' '-I.' '-g' '-O2' '-MT' 'exitfail.o' '-MD' '-MP' '-MF' '.deps/exitfail.Tpo' '-c' '-o' 'exitfail.o' 'exitfail.c' -L/home/mingyuejiang/Documents/angelix/build/lib/test -langelix -L/home/mingyuejiang/Documents/angelix/src/klee/Release+Asserts/lib -lkleeRuntest 
  CC     fd-safer.o
[angelix-compiler] gcc -include /home/mingyuejiang/Documents/angelix/src/runtime/runtime.h '-DHAVE_CONFIG_H' '-I.' '-g' '-O2' '-MT' 'fd-safer.o' '-MD' '-MP' '-MF' '.deps/fd-safer.Tpo' '-c' '-o' 'fd-safer.o' 'fd-safer.c' -L/home/mingyuejiang/Documents/angelix/build/lib/test -langelix -L/home/mingyuejiang/Documents/angelix/src/klee/Release+Asserts/lib -lkleeRuntest 
  CC     fflush.o
[angelix-compiler] gcc -include /home/mingyuejiang/Documents/angelix/src/runtime/runtime.h '-DHAVE_CONFIG_H' '-I.' '-g' '-O2' '-MT' 'fflush.o' '-MD' '-MP' '-MF' '.deps/fflush.Tpo' '-c' '-o' 'fflush.o' 'fflush.c' -L/home/mingyuejiang/Documents/angelix/build/lib/test -langelix -L/home/mingyuejiang/Documents/angelix/src/klee/Release+Asserts/lib -lkleeRuntest 
  CC     fpurge.o
[angelix-compiler] gcc -include /home/mingyuejiang/Documents/angelix/src/runtime/runtime.h '-DHAVE_CONFIG_H' '-I.' '-g' '-O2' '-MT' 'fpurge.o' '-MD' '-MP' '-MF' '.deps/fpurge.Tpo' '-c' '-o' 'fpurge.o' 'fpurge.c' -L/home/mingyuejiang/Documents/angelix/build/lib/test -langelix -L/home/mingyuejiang/Documents/angelix/src/klee/Release+Asserts/lib -lkleeRuntest 
  CC     fseeko.o
[angelix-compiler] gcc -include /home/mingyuejiang/Documents/angelix/src/runtime/runtime.h '-DHAVE_CONFIG_H' '-I.' '-g' '-O2' '-MT' 'fseeko.o' '-MD' '-MP' '-MF' '.deps/fseeko.Tpo' '-c' '-o' 'fseeko.o' 'fseeko.c' -L/home/mingyuejiang/Documents/angelix/build/lib/test -langelix -L/home/mingyuejiang/Documents/angelix/src/klee/Release+Asserts/lib -lkleeRuntest 
  CC     open-safer.o
[angelix-compiler] gcc -include /home/mingyuejiang/Documents/angelix/src/runtime/runtime.h '-DHAVE_CONFIG_H' '-I.' '-g' '-O2' '-MT' 'open-safer.o' '-MD' '-MP' '-MF' '.deps/open-safer.Tpo' '-c' '-o' 'open-safer.o' 'open-safer.c' -L/home/mingyuejiang/Documents/angelix/build/lib/test -langelix -L/home/mingyuejiang/Documents/angelix/src/klee/Release+Asserts/lib -lkleeRuntest 
  CC     pipe-safer.o
[angelix-compiler] gcc -include /home/mingyuejiang/Documents/angelix/src/runtime/runtime.h '-DHAVE_CONFIG_H' '-I.' '-g' '-O2' '-MT' 'pipe-safer.o' '-MD' '-MP' '-MF' '.deps/pipe-safer.Tpo' '-c' '-o' 'pipe-safer.o' 'pipe-safer.c' -L/home/mingyuejiang/Documents/angelix/build/lib/test -langelix -L/home/mingyuejiang/Documents/angelix/src/klee/Release+Asserts/lib -lkleeRuntest 
  CC     quotearg.o
[angelix-compiler] gcc -include /home/mingyuejiang/Documents/angelix/src/runtime/runtime.h '-DHAVE_CONFIG_H' '-I.' '-g' '-O2' '-MT' 'quotearg.o' '-MD' '-MP' '-MF' '.deps/quotearg.Tpo' '-c' '-o' 'quotearg.o' 'quotearg.c' -L/home/mingyuejiang/Documents/angelix/build/lib/test -langelix -L/home/mingyuejiang/Documents/angelix/src/klee/Release+Asserts/lib -lkleeRuntest 
  CC     utimens.o
[angelix-compiler] gcc -include /home/mingyuejiang/Documents/angelix/src/runtime/runtime.h '-DHAVE_CONFIG_H' '-I.' '-g' '-O2' '-MT' 'utimens.o' '-MD' '-MP' '-MF' '.deps/utimens.Tpo' '-c' '-o' 'utimens.o' 'utimens.c' -L/home/mingyuejiang/Documents/angelix/build/lib/test -langelix -L/home/mingyuejiang/Documents/angelix/src/klee/Release+Asserts/lib -lkleeRuntest 
  CC     xmalloc.o
[angelix-compiler] gcc -include /home/mingyuejiang/Documents/angelix/src/runtime/runtime.h '-DHAVE_CONFIG_H' '-I.' '-g' '-O2' '-MT' 'xmalloc.o' '-MD' '-MP' '-MF' '.deps/xmalloc.Tpo' '-c' '-o' 'xmalloc.o' 'xmalloc.c' -L/home/mingyuejiang/Documents/angelix/build/lib/test -langelix -L/home/mingyuejiang/Documents/angelix/src/klee/Release+Asserts/lib -lkleeRuntest 
  CC     yesno.o
[angelix-compiler] gcc -include /home/mingyuejiang/Documents/angelix/src/runtime/runtime.h '-DHAVE_CONFIG_H' '-I.' '-g' '-O2' '-MT' 'yesno.o' '-MD' '-MP' '-MF' '.deps/yesno.Tpo' '-c' '-o' 'yesno.o' 'yesno.c' -L/home/mingyuejiang/Documents/angelix/build/lib/test -langelix -L/home/mingyuejiang/Documents/angelix/src/klee/Release+Asserts/lib -lkleeRuntest 
  AR     libgzip.a
  GEN    charset.alias
  GEN    ref-add.sed
  GEN    ref-del.sed
make[3]: Leaving directory `/home/mingyuejiang/Documents/angelix/data0/gzip1/.angelix/frontend/lib'
make[2]: Leaving directory `/home/mingyuejiang/Documents/angelix/data0/gzip1/.angelix/frontend/lib'
make[1]: Leaving directory `/home/mingyuejiang/Documents/angelix/data0/gzip1/.angelix/frontend/lib'
Making all in doc
make[1]: Entering directory `/home/mingyuejiang/Documents/angelix/data0/gzip1/.angelix/frontend/doc'
make[1]: Nothing to be done for `all'.
make[1]: Leaving directory `/home/mingyuejiang/Documents/angelix/data0/gzip1/.angelix/frontend/doc'
make[1]: Entering directory `/home/mingyuejiang/Documents/angelix/data0/gzip1/.angelix/frontend'
  CC     bits.o
[angelix-compiler] gcc -include /home/mingyuejiang/Documents/angelix/src/runtime/runtime.h '-DHAVE_CONFIG_H' '-I.' '-I./lib' '-I./lib' '-g' '-O2' '-MT' 'bits.o' '-MD' '-MP' '-MF' '.deps/bits.Tpo' '-c' '-o' 'bits.o' 'bits.c' -L/home/mingyuejiang/Documents/angelix/build/lib/test -langelix -L/home/mingyuejiang/Documents/angelix/src/klee/Release+Asserts/lib -lkleeRuntest 
  CC     crypt.o
[angelix-compiler] gcc -include /home/mingyuejiang/Documents/angelix/src/runtime/runtime.h '-DHAVE_CONFIG_H' '-I.' '-I./lib' '-I./lib' '-g' '-O2' '-MT' 'crypt.o' '-MD' '-MP' '-MF' '.deps/crypt.Tpo' '-c' '-o' 'crypt.o' 'crypt.c' -L/home/mingyuejiang/Documents/angelix/build/lib/test -langelix -L/home/mingyuejiang/Documents/angelix/src/klee/Release+Asserts/lib -lkleeRuntest 
  CC     deflate.o
[angelix-compiler] gcc -include /home/mingyuejiang/Documents/angelix/src/runtime/runtime.h '-DHAVE_CONFIG_H' '-I.' '-I./lib' '-I./lib' '-g' '-O2' '-MT' 'deflate.o' '-MD' '-MP' '-MF' '.deps/deflate.Tpo' '-c' '-o' 'deflate.o' 'deflate.c' -L/home/mingyuejiang/Documents/angelix/build/lib/test -langelix -L/home/mingyuejiang/Documents/angelix/src/klee/Release+Asserts/lib -lkleeRuntest 
  CC     gzip.o
[angelix-compiler] gcc -include /home/mingyuejiang/Documents/angelix/src/runtime/runtime.h '-DHAVE_CONFIG_H' '-I.' '-I./lib' '-I./lib' '-g' '-O2' '-MT' 'gzip.o' '-MD' '-MP' '-MF' '.deps/gzip.Tpo' '-c' '-o' 'gzip.o' 'gzip.c' -L/home/mingyuejiang/Documents/angelix/build/lib/test -langelix -L/home/mingyuejiang/Documents/angelix/src/klee/Release+Asserts/lib -lkleeRuntest 
gzip.c: In function ‘copy_stat’:
gzip.c:1679:12: warning: ignoring return value of ‘fchown’, declared with attribute warn_unused_result [-Wunused-result]
     fchown (ofd, ifstat->st_uid, ifstat->st_gid);  /* Copy ownership */
            ^
  CC     inflate.o
[angelix-compiler] gcc -include /home/mingyuejiang/Documents/angelix/src/runtime/runtime.h '-DHAVE_CONFIG_H' '-I.' '-I./lib' '-I./lib' '-g' '-O2' '-MT' 'inflate.o' '-MD' '-MP' '-MF' '.deps/inflate.Tpo' '-c' '-o' 'inflate.o' 'inflate.c' -L/home/mingyuejiang/Documents/angelix/build/lib/test -langelix -L/home/mingyuejiang/Documents/angelix/src/klee/Release+Asserts/lib -lkleeRuntest 
  CC     lzw.o
[angelix-compiler] gcc -include /home/mingyuejiang/Documents/angelix/src/runtime/runtime.h '-DHAVE_CONFIG_H' '-I.' '-I./lib' '-I./lib' '-g' '-O2' '-MT' 'lzw.o' '-MD' '-MP' '-MF' '.deps/lzw.Tpo' '-c' '-o' 'lzw.o' 'lzw.c' -L/home/mingyuejiang/Documents/angelix/build/lib/test -langelix -L/home/mingyuejiang/Documents/angelix/src/klee/Release+Asserts/lib -lkleeRuntest 
  CC     trees.o
[angelix-compiler] gcc -include /home/mingyuejiang/Documents/angelix/src/runtime/runtime.h '-DHAVE_CONFIG_H' '-I.' '-I./lib' '-I./lib' '-g' '-O2' '-MT' 'trees.o' '-MD' '-MP' '-MF' '.deps/trees.Tpo' '-c' '-o' 'trees.o' 'trees.c' -L/home/mingyuejiang/Documents/angelix/build/lib/test -langelix -L/home/mingyuejiang/Documents/angelix/src/klee/Release+Asserts/lib -lkleeRuntest 
  CC     unlzh.o
[angelix-compiler] gcc -include /home/mingyuejiang/Documents/angelix/src/runtime/runtime.h '-DHAVE_CONFIG_H' '-I.' '-I./lib' '-I./lib' '-g' '-O2' '-MT' 'unlzh.o' '-MD' '-MP' '-MF' '.deps/unlzh.Tpo' '-c' '-o' 'unlzh.o' 'unlzh.c' -L/home/mingyuejiang/Documents/angelix/build/lib/test -langelix -L/home/mingyuejiang/Documents/angelix/src/klee/Release+Asserts/lib -lkleeRuntest 
  CC     unlzw.o
[angelix-compiler] gcc -include /home/mingyuejiang/Documents/angelix/src/runtime/runtime.h '-DHAVE_CONFIG_H' '-I.' '-I./lib' '-I./lib' '-g' '-O2' '-MT' 'unlzw.o' '-MD' '-MP' '-MF' '.deps/unlzw.Tpo' '-c' '-o' 'unlzw.o' 'unlzw.c' -L/home/mingyuejiang/Documents/angelix/build/lib/test -langelix -L/home/mingyuejiang/Documents/angelix/src/klee/Release+Asserts/lib -lkleeRuntest 
  CC     unpack.o
[angelix-compiler] gcc -include /home/mingyuejiang/Documents/angelix/src/runtime/runtime.h '-DHAVE_CONFIG_H' '-I.' '-I./lib' '-I./lib' '-g' '-O2' '-MT' 'unpack.o' '-MD' '-MP' '-MF' '.deps/unpack.Tpo' '-c' '-o' 'unpack.o' 'unpack.c' -L/home/mingyuejiang/Documents/angelix/build/lib/test -langelix -L/home/mingyuejiang/Documents/angelix/src/klee/Release+Asserts/lib -lkleeRuntest 
  CC     unzip.o
[angelix-compiler] gcc -include /home/mingyuejiang/Documents/angelix/src/runtime/runtime.h '-DHAVE_CONFIG_H' '-I.' '-I./lib' '-I./lib' '-g' '-O2' '-MT' 'unzip.o' '-MD' '-MP' '-MF' '.deps/unzip.Tpo' '-c' '-o' 'unzip.o' 'unzip.c' -L/home/mingyuejiang/Documents/angelix/build/lib/test -langelix -L/home/mingyuejiang/Documents/angelix/src/klee/Release+Asserts/lib -lkleeRuntest 
  CC     util.o
[angelix-compiler] gcc -include /home/mingyuejiang/Documents/angelix/src/runtime/runtime.h '-DHAVE_CONFIG_H' '-I.' '-I./lib' '-I./lib' '-g' '-O2' '-MT' 'util.o' '-MD' '-MP' '-MF' '.deps/util.Tpo' '-c' '-o' 'util.o' 'util.c' -L/home/mingyuejiang/Documents/angelix/build/lib/test -langelix -L/home/mingyuejiang/Documents/angelix/src/klee/Release+Asserts/lib -lkleeRuntest 
util.c: In function ‘read_buffer’:
util.c:151:5: warning: large integer implicitly truncated to unsigned type [-Woverflow]
     cnt = SSIZE_MAX;
     ^
util.c: In function ‘write_buffer’:
util.c:165:5: warning: large integer implicitly truncated to unsigned type [-Woverflow]
     cnt = SSIZE_MAX;
     ^
  CC     zip.o
[angelix-compiler] gcc -include /home/mingyuejiang/Documents/angelix/src/runtime/runtime.h '-DHAVE_CONFIG_H' '-I.' '-I./lib' '-I./lib' '-g' '-O2' '-MT' 'zip.o' '-MD' '-MP' '-MF' '.deps/zip.Tpo' '-c' '-o' 'zip.o' 'zip.c' -L/home/mingyuejiang/Documents/angelix/build/lib/test -langelix -L/home/mingyuejiang/Documents/angelix/src/klee/Release+Asserts/lib -lkleeRuntest 
  CCLD   gzip
[angelix-compiler] gcc -include /home/mingyuejiang/Documents/angelix/src/runtime/runtime.h '-g' '-O2' '-o' 'gzip' 'bits.o' 'crypt.o' 'deflate.o' 'gzip.o' 'inflate.o' 'lzw.o' 'trees.o' 'unlzh.o' 'unlzw.o' 'unpack.o' 'unzip.o' 'util.o' 'zip.o' 'lib/libgzip.a' -L/home/mingyuejiang/Documents/angelix/build/lib/test -langelix -L/home/mingyuejiang/Documents/angelix/src/klee/Release+Asserts/lib -lkleeRuntest 
  GEN    gunzip
  GEN    gzexe
  GEN    zcat
  GEN    zcmp
  GEN    zdiff
  GEN    zegrep
  GEN    zfgrep
  GEN    zforce
  GEN    zgrep
  GEN    zless
  GEN    zmore
  GEN    znew
make[1]: Leaving directory `/home/mingyuejiang/Documents/angelix/data0/gzip1/.angelix/frontend'
