KLEE: NOTE: Using klee-uclibc : /home/mingyuejiang/Documents/angelix/src/klee/Release+Asserts/lib/klee-uclibc.bca
KLEE: NOTE: Using model: /home/mingyuejiang/Documents/angelix/src/klee/Release+Asserts/lib/libkleeRuntimePOSIX.bca
KLEE: output directory is "/home/mingyuejiang/Documents/angelix/data0/gzip1/.angelix/backend/cov/../klee-out-0"
KLEE: WARNING: undefined reference to function: __ctype_b_loc
KLEE: WARNING: undefined reference to function: __xstat64
KLEE: WARNING: undefined reference to function: fdopendir
KLEE: WARNING: undefined reference to function: futimens
KLEE: WARNING: undefined reference to function: klee_posix_prefer_cex
KLEE: WARNING: undefined reference to function: lseek64
KLEE: WARNING: undefined reference to function: utimensat
KLEE: WARNING: executable has module level assembly (ignoring)
KLEE: WARNING ONCE: calling external: syscall(16, 0, 21505, 60642240)
KLEE: WARNING ONCE: calling __user_main with extra arguments.
KLEE: WARNING ONCE: calling external: __xstat64(1, 60502848, 60805680)
KLEE: WARNING ONCE: __syscall_rt_sigaction: silently ignoring
KLEE: WARNING ONCE: calling external: vprintf(60369712, 64581712)
KLEE: WARNING ONCE: calling close_stdin with extra arguments.
aaa
aaa

KLEE: done: total instructions = 3340190
KLEE: done: completed paths = 4
KLEE: done: generated tests = 4

gzip.patched.bc: 
gzip.patched.bc: 
gzip.patched.bc: stdin: Bad file descriptor
stdin: Bad file descriptor
stdin: Inappropriate ioctl for device
