4
klee
#constrains--stp:
__tmpInt8  : BITVECTOR(8);
__tmpInt16  : BITVECTOR(16);
__tmpInt32  : BITVECTOR(32);
__tmpInt64  : BITVECTOR(64);
argv7_0x90b8728  : ARRAY BITVECTOR(32) OF BITVECTOR(8);
argv2_0x90b8410  : ARRAY BITVECTOR(32) OF BITVECTOR(8);
argv3_0x90b96f0  : ARRAY BITVECTOR(32) OF BITVECTOR(8);
argv1_0x90becf0  : ARRAY BITVECTOR(32) OF BITVECTOR(8);
argv4_0x90b8568  : ARRAY BITVECTOR(32) OF BITVECTOR(8);
argv5_0x90b8620  : ARRAY BITVECTOR(32) OF BITVECTOR(8);
argv6_0x90b8698  : ARRAY BITVECTOR(32) OF BITVECTOR(8);
argv8_0x90b9a40  : ARRAY BITVECTOR(32) OF BITVECTOR(8);
argv9_0x90b8890  : ARRAY BITVECTOR(32) OF BITVECTOR(8);
argv10_0x90b9598  : ARRAY BITVECTOR(32) OF BITVECTOR(8);
argv11_0x90b8990  : ARRAY BITVECTOR(32) OF BITVECTOR(8);
argv12_0x90b8ac8  : ARRAY BITVECTOR(32) OF BITVECTOR(8);
%----------------------------------------------------
ASSERT( BVLT((argv7_0x90b8728[0x00000003] @ (argv7_0x90b8728[0x00000002] @ (argv7_0x90b8728[0x00000001] @ argv7_0x90b8728[0x00000000]
)
)
),0x00000004)
 );
ASSERT( BVLT((argv2_0x90b8410[0x00000003] @ (argv2_0x90b8410[0x00000002] @ (argv2_0x90b8410[0x00000001] @ argv2_0x90b8410[0x00000000]
)
)
),0x00000002)
 );
ASSERT( BVLT((argv3_0x90b96f0[0x00000003] @ (argv3_0x90b96f0[0x00000002] @ (argv3_0x90b96f0[0x00000001] @ argv3_0x90b96f0[0x00000000]
)
)
),0x00000002)
 );
ASSERT( BVLT(BVPLUS(32, 
0x00002710, 
(argv1_0x90becf0[0x00000003] @ (argv1_0x90becf0[0x00000002] @ (argv1_0x90becf0[0x00000001] @ argv1_0x90becf0[0x00000000]
)
)
))
,0x00004E21)
 );
ASSERT( BVLT(BVPLUS(32, 
0x00002710, 
(argv4_0x90b8568[0x00000003] @ (argv4_0x90b8568[0x00000002] @ (argv4_0x90b8568[0x00000001] @ argv4_0x90b8568[0x00000000]
)
)
))
,0x00004E21)
 );
ASSERT( BVLT(BVPLUS(32, 
0x00002710, 
(argv5_0x90b8620[0x00000003] @ (argv5_0x90b8620[0x00000002] @ (argv5_0x90b8620[0x00000001] @ argv5_0x90b8620[0x00000000]
)
)
))
,0x00004E21)
 );
ASSERT( BVLT(BVPLUS(32, 
0x00002710, 
(argv6_0x90b8698[0x00000003] @ (argv6_0x90b8698[0x00000002] @ (argv6_0x90b8698[0x00000001] @ argv6_0x90b8698[0x00000000]
)
)
))
,0x00004E21)
 );
ASSERT( BVLT(BVPLUS(32, 
0x00002710, 
(argv8_0x90b9a40[0x00000003] @ (argv8_0x90b9a40[0x00000002] @ (argv8_0x90b9a40[0x00000001] @ argv8_0x90b9a40[0x00000000]
)
)
))
,0x00004E21)
 );
ASSERT( BVLT(BVPLUS(32, 
0x00002710, 
(argv9_0x90b8890[0x00000003] @ (argv9_0x90b8890[0x00000002] @ (argv9_0x90b8890[0x00000001] @ argv9_0x90b8890[0x00000000]
)
)
))
,0x00004E21)
 );
ASSERT( BVLT((argv10_0x90b9598[0x00000003] @ (argv10_0x90b9598[0x00000002] @ (argv10_0x90b9598[0x00000001] @ argv10_0x90b9598[0x00000000]
)
)
),0x00000003)
 );
ASSERT( BVLT(BVPLUS(32, 
0xFFFFFFFF, 
(argv11_0x90b8990[0x00000003] @ (argv11_0x90b8990[0x00000002] @ (argv11_0x90b8990[0x00000001] @ argv11_0x90b8990[0x00000000]
)
)
))
,0x00000002)
 );
ASSERT( BVLT((argv12_0x90b8ac8[0x00000003] @ (argv12_0x90b8ac8[0x00000002] @ (argv12_0x90b8ac8[0x00000001] @ argv12_0x90b8ac8[0x00000000]
)
)
),0x00000002)
 );
ASSERT( (((0x00000000 = (argv2_0x90b8410[0x00000003] @ (argv2_0x90b8410[0x00000002] @ (argv2_0x90b8410[0x00000001] @ argv2_0x90b8410[0x00000000]
)
)
)
) OR SBVLT(0x00000258,(argv5_0x90b8620[0x00000003] @ (argv5_0x90b8620[0x00000002] @ (argv5_0x90b8620[0x00000001] @ argv5_0x90b8620[0x00000000]
)
)
))

) OR SBVLT((argv1_0x90becf0[0x00000003] @ (argv1_0x90becf0[0x00000002] @ (argv1_0x90becf0[0x00000001] @ argv1_0x90becf0[0x00000000]
)
)
),0x00000259)

) );
%----------------------------------------------------
QUERY( FALSE  );

#variable value:
output=:0
#constrains--stp:
__tmpInt8  : BITVECTOR(8);
__tmpInt16  : BITVECTOR(16);
__tmpInt32  : BITVECTOR(32);
__tmpInt64  : BITVECTOR(64);
argv7_0x90b8728  : ARRAY BITVECTOR(32) OF BITVECTOR(8);
argv2_0x90b8410  : ARRAY BITVECTOR(32) OF BITVECTOR(8);
argv3_0x90b96f0  : ARRAY BITVECTOR(32) OF BITVECTOR(8);
argv1_0x90becf0  : ARRAY BITVECTOR(32) OF BITVECTOR(8);
argv4_0x90b8568  : ARRAY BITVECTOR(32) OF BITVECTOR(8);
argv5_0x90b8620  : ARRAY BITVECTOR(32) OF BITVECTOR(8);
argv6_0x90b8698  : ARRAY BITVECTOR(32) OF BITVECTOR(8);
argv8_0x90b9a40  : ARRAY BITVECTOR(32) OF BITVECTOR(8);
argv9_0x90b8890  : ARRAY BITVECTOR(32) OF BITVECTOR(8);
argv10_0x90b9598  : ARRAY BITVECTOR(32) OF BITVECTOR(8);
argv11_0x90b8990  : ARRAY BITVECTOR(32) OF BITVECTOR(8);
argv12_0x90b8ac8  : ARRAY BITVECTOR(32) OF BITVECTOR(8);
%----------------------------------------------------
ASSERT( BVLT((argv7_0x90b8728[0x00000003] @ (argv7_0x90b8728[0x00000002] @ (argv7_0x90b8728[0x00000001] @ argv7_0x90b8728[0x00000000]
)
)
),0x00000004)
 );
ASSERT( BVLT((argv2_0x90b8410[0x00000003] @ (argv2_0x90b8410[0x00000002] @ (argv2_0x90b8410[0x00000001] @ argv2_0x90b8410[0x00000000]
)
)
),0x00000002)
 );
ASSERT( BVLT((argv3_0x90b96f0[0x00000003] @ (argv3_0x90b96f0[0x00000002] @ (argv3_0x90b96f0[0x00000001] @ argv3_0x90b96f0[0x00000000]
)
)
),0x00000002)
 );
ASSERT( BVLT(BVPLUS(32, 
0x00002710, 
(argv1_0x90becf0[0x00000003] @ (argv1_0x90becf0[0x00000002] @ (argv1_0x90becf0[0x00000001] @ argv1_0x90becf0[0x00000000]
)
)
))
,0x00004E21)
 );
ASSERT( BVLT(BVPLUS(32, 
0x00002710, 
(argv4_0x90b8568[0x00000003] @ (argv4_0x90b8568[0x00000002] @ (argv4_0x90b8568[0x00000001] @ argv4_0x90b8568[0x00000000]
)
)
))
,0x00004E21)
 );
ASSERT( BVLT(BVPLUS(32, 
0x00002710, 
(argv5_0x90b8620[0x00000003] @ (argv5_0x90b8620[0x00000002] @ (argv5_0x90b8620[0x00000001] @ argv5_0x90b8620[0x00000000]
)
)
))
,0x00004E21)
 );
ASSERT( BVLT(BVPLUS(32, 
0x00002710, 
(argv6_0x90b8698[0x00000003] @ (argv6_0x90b8698[0x00000002] @ (argv6_0x90b8698[0x00000001] @ argv6_0x90b8698[0x00000000]
)
)
))
,0x00004E21)
 );
ASSERT( BVLT(BVPLUS(32, 
0x00002710, 
(argv8_0x90b9a40[0x00000003] @ (argv8_0x90b9a40[0x00000002] @ (argv8_0x90b9a40[0x00000001] @ argv8_0x90b9a40[0x00000000]
)
)
))
,0x00004E21)
 );
ASSERT( BVLT(BVPLUS(32, 
0x00002710, 
(argv9_0x90b8890[0x00000003] @ (argv9_0x90b8890[0x00000002] @ (argv9_0x90b8890[0x00000001] @ argv9_0x90b8890[0x00000000]
)
)
))
,0x00004E21)
 );
ASSERT( BVLT((argv10_0x90b9598[0x00000003] @ (argv10_0x90b9598[0x00000002] @ (argv10_0x90b9598[0x00000001] @ argv10_0x90b9598[0x00000000]
)
)
),0x00000003)
 );
ASSERT( BVLT((argv12_0x90b8ac8[0x00000003] @ (argv12_0x90b8ac8[0x00000002] @ (argv12_0x90b8ac8[0x00000001] @ argv12_0x90b8ac8[0x00000000]
)
)
),0x00000002)
 );
ASSERT( ( NOT( (0x00000000 = (argv2_0x90b8410[0x00000003] @ (argv2_0x90b8410[0x00000002] @ (argv2_0x90b8410[0x00000001] @ argv2_0x90b8410[0x00000000]
)
)
)
))) );
ASSERT( ( NOT( SBVLT(0x00000258,(argv5_0x90b8620[0x00000003] @ (argv5_0x90b8620[0x00000002] @ (argv5_0x90b8620[0x00000001] @ argv5_0x90b8620[0x00000000]
)
)
))
)) );
ASSERT( ( NOT( SBVLT((argv1_0x90becf0[0x00000003] @ (argv1_0x90becf0[0x00000002] @ (argv1_0x90becf0[0x00000001] @ argv1_0x90becf0[0x00000000]
)
)
),0x00000259)
)) );
ASSERT( ( NOT( (( NOT( (0x00000000 = (argv3_0x90b96f0[0x00000003] @ (argv3_0x90b96f0[0x00000002] @ (argv3_0x90b96f0[0x00000001] @ argv3_0x90b96f0[0x00000000]
)
)
)
))) AND (0x00000000 = (argv10_0x90b9598[0x00000003] @ (argv10_0x90b9598[0x00000002] @ (argv10_0x90b9598[0x00000001] @ argv10_0x90b9598[0x00000000]
)
)
)
)
))) );
ASSERT( (0x00000001 = (argv11_0x90b8990[0x00000003] @ (argv11_0x90b8990[0x00000002] @ (argv11_0x90b8990[0x00000001] @ argv11_0x90b8990[0x00000000]
)
)
)
) );
%----------------------------------------------------
QUERY( FALSE  );

#variable value:
output=:0
#constrains--stp:
__tmpInt8  : BITVECTOR(8);
__tmpInt16  : BITVECTOR(16);
__tmpInt32  : BITVECTOR(32);
__tmpInt64  : BITVECTOR(64);
argv7_0x90b8728  : ARRAY BITVECTOR(32) OF BITVECTOR(8);
argv2_0x90b8410  : ARRAY BITVECTOR(32) OF BITVECTOR(8);
argv3_0x90b96f0  : ARRAY BITVECTOR(32) OF BITVECTOR(8);
argv1_0x90becf0  : ARRAY BITVECTOR(32) OF BITVECTOR(8);
argv4_0x90b8568  : ARRAY BITVECTOR(32) OF BITVECTOR(8);
argv5_0x90b8620  : ARRAY BITVECTOR(32) OF BITVECTOR(8);
argv6_0x90b8698  : ARRAY BITVECTOR(32) OF BITVECTOR(8);
argv8_0x90b9a40  : ARRAY BITVECTOR(32) OF BITVECTOR(8);
argv9_0x90b8890  : ARRAY BITVECTOR(32) OF BITVECTOR(8);
argv10_0x90b9598  : ARRAY BITVECTOR(32) OF BITVECTOR(8);
argv11_0x90b8990  : ARRAY BITVECTOR(32) OF BITVECTOR(8);
argv12_0x90b8ac8  : ARRAY BITVECTOR(32) OF BITVECTOR(8);
%----------------------------------------------------
ASSERT( BVLT((argv7_0x90b8728[0x00000003] @ (argv7_0x90b8728[0x00000002] @ (argv7_0x90b8728[0x00000001] @ argv7_0x90b8728[0x00000000]
)
)
),0x00000004)
 );
ASSERT( BVLT((argv2_0x90b8410[0x00000003] @ (argv2_0x90b8410[0x00000002] @ (argv2_0x90b8410[0x00000001] @ argv2_0x90b8410[0x00000000]
)
)
),0x00000002)
 );
ASSERT( BVLT((argv3_0x90b96f0[0x00000003] @ (argv3_0x90b96f0[0x00000002] @ (argv3_0x90b96f0[0x00000001] @ argv3_0x90b96f0[0x00000000]
)
)
),0x00000002)
 );
ASSERT( BVLT(BVPLUS(32, 
0x00002710, 
(argv1_0x90becf0[0x00000003] @ (argv1_0x90becf0[0x00000002] @ (argv1_0x90becf0[0x00000001] @ argv1_0x90becf0[0x00000000]
)
)
))
,0x00004E21)
 );
ASSERT( BVLT(BVPLUS(32, 
0x00002710, 
(argv4_0x90b8568[0x00000003] @ (argv4_0x90b8568[0x00000002] @ (argv4_0x90b8568[0x00000001] @ argv4_0x90b8568[0x00000000]
)
)
))
,0x00004E21)
 );
ASSERT( BVLT(BVPLUS(32, 
0x00002710, 
(argv5_0x90b8620[0x00000003] @ (argv5_0x90b8620[0x00000002] @ (argv5_0x90b8620[0x00000001] @ argv5_0x90b8620[0x00000000]
)
)
))
,0x00004E21)
 );
ASSERT( BVLT(BVPLUS(32, 
0x00002710, 
(argv6_0x90b8698[0x00000003] @ (argv6_0x90b8698[0x00000002] @ (argv6_0x90b8698[0x00000001] @ argv6_0x90b8698[0x00000000]
)
)
))
,0x00004E21)
 );
ASSERT( BVLT(BVPLUS(32, 
0x00002710, 
(argv8_0x90b9a40[0x00000003] @ (argv8_0x90b9a40[0x00000002] @ (argv8_0x90b9a40[0x00000001] @ argv8_0x90b9a40[0x00000000]
)
)
))
,0x00004E21)
 );
ASSERT( BVLT(BVPLUS(32, 
0x00002710, 
(argv9_0x90b8890[0x00000003] @ (argv9_0x90b8890[0x00000002] @ (argv9_0x90b8890[0x00000001] @ argv9_0x90b8890[0x00000000]
)
)
))
,0x00004E21)
 );
ASSERT( BVLT((argv10_0x90b9598[0x00000003] @ (argv10_0x90b9598[0x00000002] @ (argv10_0x90b9598[0x00000001] @ argv10_0x90b9598[0x00000000]
)
)
),0x00000003)
 );
ASSERT( BVLT(BVPLUS(32, 
0xFFFFFFFF, 
(argv11_0x90b8990[0x00000003] @ (argv11_0x90b8990[0x00000002] @ (argv11_0x90b8990[0x00000001] @ argv11_0x90b8990[0x00000000]
)
)
))
,0x00000002)
 );
ASSERT( BVLT((argv12_0x90b8ac8[0x00000003] @ (argv12_0x90b8ac8[0x00000002] @ (argv12_0x90b8ac8[0x00000001] @ argv12_0x90b8ac8[0x00000000]
)
)
),0x00000002)
 );
ASSERT( ( NOT( (0x00000000 = (argv2_0x90b8410[0x00000003] @ (argv2_0x90b8410[0x00000002] @ (argv2_0x90b8410[0x00000001] @ argv2_0x90b8410[0x00000000]
)
)
)
))) );
ASSERT( ( NOT( SBVLT(0x00000258,(argv5_0x90b8620[0x00000003] @ (argv5_0x90b8620[0x00000002] @ (argv5_0x90b8620[0x00000001] @ argv5_0x90b8620[0x00000000]
)
)
))
)) );
ASSERT( ( NOT( SBVLT((argv1_0x90becf0[0x00000003] @ (argv1_0x90becf0[0x00000002] @ (argv1_0x90becf0[0x00000001] @ argv1_0x90becf0[0x00000000]
)
)
),0x00000259)
)) );
ASSERT( (LET let_k_0 = (0x00000001 = (argv11_0x90b8990[0x00000003] @ (argv11_0x90b8990[0x00000002] @ (argv11_0x90b8990[0x00000001] @ argv11_0x90b8990[0x00000000]
)
)
)
) IN 
(( NOT( let_k_0)) OR (let_k_0 AND (( NOT( (0x00000000 = (argv3_0x90b96f0[0x00000003] @ (argv3_0x90b96f0[0x00000002] @ (argv3_0x90b96f0[0x00000001] @ argv3_0x90b96f0[0x00000000]
)
)
)
))) AND (0x00000000 = (argv10_0x90b9598[0x00000003] @ (argv10_0x90b9598[0x00000002] @ (argv10_0x90b9598[0x00000001] @ argv10_0x90b9598[0x00000000]
)
)
)
)
)
)
))  );
ASSERT( SBVLT((argv9_0x90b8890[0x00000003] @ (argv9_0x90b8890[0x00000002] @ (argv9_0x90b8890[0x00000001] @ argv9_0x90b8890[0x00000000]
)
)
),(argv8_0x90b9a40[0x00000003] @ (argv8_0x90b9a40[0x00000002] @ (argv8_0x90b9a40[0x00000001] @ argv8_0x90b9a40[0x00000000]
)
)
))
 );
ASSERT( ( NOT( SBVLT((argv4_0x90b8568[0x00000003] @ (argv4_0x90b8568[0x00000002] @ (argv4_0x90b8568[0x00000001] @ argv4_0x90b8568[0x00000000]
)
)
),(argv6_0x90b8698[0x00000003] @ (argv6_0x90b8698[0x00000002] @ (argv6_0x90b8698[0x00000001] @ argv6_0x90b8698[0x00000000]
)
)
))
)) );
%----------------------------------------------------
QUERY( FALSE  );

#variable value:
output=:0
#constrains--stp:
__tmpInt8  : BITVECTOR(8);
__tmpInt16  : BITVECTOR(16);
__tmpInt32  : BITVECTOR(32);
__tmpInt64  : BITVECTOR(64);
argv7_0x90b8728  : ARRAY BITVECTOR(32) OF BITVECTOR(8);
argv2_0x90b8410  : ARRAY BITVECTOR(32) OF BITVECTOR(8);
argv3_0x90b96f0  : ARRAY BITVECTOR(32) OF BITVECTOR(8);
argv1_0x90becf0  : ARRAY BITVECTOR(32) OF BITVECTOR(8);
argv4_0x90b8568  : ARRAY BITVECTOR(32) OF BITVECTOR(8);
argv5_0x90b8620  : ARRAY BITVECTOR(32) OF BITVECTOR(8);
argv6_0x90b8698  : ARRAY BITVECTOR(32) OF BITVECTOR(8);
argv8_0x90b9a40  : ARRAY BITVECTOR(32) OF BITVECTOR(8);
argv9_0x90b8890  : ARRAY BITVECTOR(32) OF BITVECTOR(8);
argv10_0x90b9598  : ARRAY BITVECTOR(32) OF BITVECTOR(8);
argv11_0x90b8990  : ARRAY BITVECTOR(32) OF BITVECTOR(8);
argv12_0x90b8ac8  : ARRAY BITVECTOR(32) OF BITVECTOR(8);
%----------------------------------------------------
ASSERT( BVLT((argv7_0x90b8728[0x00000003] @ (argv7_0x90b8728[0x00000002] @ (argv7_0x90b8728[0x00000001] @ argv7_0x90b8728[0x00000000]
)
)
),0x00000004)
 );
ASSERT( BVLT((argv2_0x90b8410[0x00000003] @ (argv2_0x90b8410[0x00000002] @ (argv2_0x90b8410[0x00000001] @ argv2_0x90b8410[0x00000000]
)
)
),0x00000002)
 );
ASSERT( BVLT((argv3_0x90b96f0[0x00000003] @ (argv3_0x90b96f0[0x00000002] @ (argv3_0x90b96f0[0x00000001] @ argv3_0x90b96f0[0x00000000]
)
)
),0x00000002)
 );
ASSERT( BVLT(BVPLUS(32, 
0x00002710, 
(argv1_0x90becf0[0x00000003] @ (argv1_0x90becf0[0x00000002] @ (argv1_0x90becf0[0x00000001] @ argv1_0x90becf0[0x00000000]
)
)
))
,0x00004E21)
 );
ASSERT( BVLT(BVPLUS(32, 
0x00002710, 
(argv4_0x90b8568[0x00000003] @ (argv4_0x90b8568[0x00000002] @ (argv4_0x90b8568[0x00000001] @ argv4_0x90b8568[0x00000000]
)
)
))
,0x00004E21)
 );
ASSERT( BVLT(BVPLUS(32, 
0x00002710, 
(argv5_0x90b8620[0x00000003] @ (argv5_0x90b8620[0x00000002] @ (argv5_0x90b8620[0x00000001] @ argv5_0x90b8620[0x00000000]
)
)
))
,0x00004E21)
 );
ASSERT( BVLT(BVPLUS(32, 
0x00002710, 
(argv6_0x90b8698[0x00000003] @ (argv6_0x90b8698[0x00000002] @ (argv6_0x90b8698[0x00000001] @ argv6_0x90b8698[0x00000000]
)
)
))
,0x00004E21)
 );
ASSERT( BVLT(BVPLUS(32, 
0x00002710, 
(argv8_0x90b9a40[0x00000003] @ (argv8_0x90b9a40[0x00000002] @ (argv8_0x90b9a40[0x00000001] @ argv8_0x90b9a40[0x00000000]
)
)
))
,0x00004E21)
 );
ASSERT( BVLT(BVPLUS(32, 
0x00002710, 
(argv9_0x90b8890[0x00000003] @ (argv9_0x90b8890[0x00000002] @ (argv9_0x90b8890[0x00000001] @ argv9_0x90b8890[0x00000000]
)
)
))
,0x00004E21)
 );
ASSERT( BVLT((argv10_0x90b9598[0x00000003] @ (argv10_0x90b9598[0x00000002] @ (argv10_0x90b9598[0x00000001] @ argv10_0x90b9598[0x00000000]
)
)
),0x00000003)
 );
ASSERT( BVLT(BVPLUS(32, 
0xFFFFFFFF, 
(argv11_0x90b8990[0x00000003] @ (argv11_0x90b8990[0x00000002] @ (argv11_0x90b8990[0x00000001] @ argv11_0x90b8990[0x00000000]
)
)
))
,0x00000002)
 );
ASSERT( BVLT((argv12_0x90b8ac8[0x00000003] @ (argv12_0x90b8ac8[0x00000002] @ (argv12_0x90b8ac8[0x00000001] @ argv12_0x90b8ac8[0x00000000]
)
)
),0x00000002)
 );
ASSERT( ( NOT( (0x00000000 = (argv2_0x90b8410[0x00000003] @ (argv2_0x90b8410[0x00000002] @ (argv2_0x90b8410[0x00000001] @ argv2_0x90b8410[0x00000000]
)
)
)
))) );
ASSERT( ( NOT( SBVLT(0x00000258,(argv5_0x90b8620[0x00000003] @ (argv5_0x90b8620[0x00000002] @ (argv5_0x90b8620[0x00000001] @ argv5_0x90b8620[0x00000000]
)
)
))
)) );
ASSERT( ( NOT( SBVLT((argv1_0x90becf0[0x00000003] @ (argv1_0x90becf0[0x00000002] @ (argv1_0x90becf0[0x00000001] @ argv1_0x90becf0[0x00000000]
)
)
),0x00000259)
)) );
ASSERT( (LET let_k_0 = (0x00000001 = (argv11_0x90b8990[0x00000003] @ (argv11_0x90b8990[0x00000002] @ (argv11_0x90b8990[0x00000001] @ argv11_0x90b8990[0x00000000]
)
)
)
) IN 
(( NOT( let_k_0)) OR (let_k_0 AND (( NOT( (0x00000000 = (argv3_0x90b96f0[0x00000003] @ (argv3_0x90b96f0[0x00000002] @ (argv3_0x90b96f0[0x00000001] @ argv3_0x90b96f0[0x00000000]
)
)
)
))) AND (0x00000000 = (argv10_0x90b9598[0x00000003] @ (argv10_0x90b9598[0x00000002] @ (argv10_0x90b9598[0x00000001] @ argv10_0x90b9598[0x00000000]
)
)
)
)
)
)
))  );
ASSERT( ( NOT( SBVLT((argv9_0x90b8890[0x00000003] @ (argv9_0x90b8890[0x00000002] @ (argv9_0x90b8890[0x00000001] @ argv9_0x90b8890[0x00000000]
)
)
),(argv8_0x90b9a40[0x00000003] @ (argv8_0x90b9a40[0x00000002] @ (argv8_0x90b9a40[0x00000001] @ argv8_0x90b9a40[0x00000000]
)
)
))
)) );
ASSERT( (SBVLT((argv1_0x90becf0[0x00000003] @ (argv1_0x90becf0[0x00000002] @ (argv1_0x90becf0[0x00000001] @ argv1_0x90becf0[0x00000000]
)
)
),0x0000012C)
 OR SBVLE((argv4_0x90b8568[0x00000003] @ (argv4_0x90b8568[0x00000002] @ (argv4_0x90b8568[0x00000001] @ argv4_0x90b8568[0x00000000]
)
)
),(argv6_0x90b8698[0x00000003] @ (argv6_0x90b8698[0x00000002] @ (argv6_0x90b8698[0x00000001] @ argv6_0x90b8698[0x00000000]
)
)
))

) );
%----------------------------------------------------
QUERY( FALSE  );

#variable value:
output=:0
#constrains--stp:
__tmpInt8  : BITVECTOR(8);
__tmpInt16  : BITVECTOR(16);
__tmpInt32  : BITVECTOR(32);
__tmpInt64  : BITVECTOR(64);
argv7_0x90b8728  : ARRAY BITVECTOR(32) OF BITVECTOR(8);
argv2_0x90b8410  : ARRAY BITVECTOR(32) OF BITVECTOR(8);
argv3_0x90b96f0  : ARRAY BITVECTOR(32) OF BITVECTOR(8);
argv1_0x90becf0  : ARRAY BITVECTOR(32) OF BITVECTOR(8);
argv4_0x90b8568  : ARRAY BITVECTOR(32) OF BITVECTOR(8);
argv5_0x90b8620  : ARRAY BITVECTOR(32) OF BITVECTOR(8);
argv6_0x90b8698  : ARRAY BITVECTOR(32) OF BITVECTOR(8);
argv8_0x90b9a40  : ARRAY BITVECTOR(32) OF BITVECTOR(8);
argv9_0x90b8890  : ARRAY BITVECTOR(32) OF BITVECTOR(8);
argv10_0x90b9598  : ARRAY BITVECTOR(32) OF BITVECTOR(8);
argv11_0x90b8990  : ARRAY BITVECTOR(32) OF BITVECTOR(8);
argv12_0x90b8ac8  : ARRAY BITVECTOR(32) OF BITVECTOR(8);
%----------------------------------------------------
ASSERT( BVLT((argv2_0x90b8410[0x00000003] @ (argv2_0x90b8410[0x00000002] @ (argv2_0x90b8410[0x00000001] @ argv2_0x90b8410[0x00000000]
)
)
),0x00000002)
 );
ASSERT( BVLT((argv3_0x90b96f0[0x00000003] @ (argv3_0x90b96f0[0x00000002] @ (argv3_0x90b96f0[0x00000001] @ argv3_0x90b96f0[0x00000000]
)
)
),0x00000002)
 );
ASSERT( BVLT(BVPLUS(32, 
0x00002710, 
(argv1_0x90becf0[0x00000003] @ (argv1_0x90becf0[0x00000002] @ (argv1_0x90becf0[0x00000001] @ argv1_0x90becf0[0x00000000]
)
)
))
,0x00004E21)
 );
ASSERT( BVLT(BVPLUS(32, 
0x00002710, 
(argv4_0x90b8568[0x00000003] @ (argv4_0x90b8568[0x00000002] @ (argv4_0x90b8568[0x00000001] @ argv4_0x90b8568[0x00000000]
)
)
))
,0x00004E21)
 );
ASSERT( BVLT(BVPLUS(32, 
0x00002710, 
(argv5_0x90b8620[0x00000003] @ (argv5_0x90b8620[0x00000002] @ (argv5_0x90b8620[0x00000001] @ argv5_0x90b8620[0x00000000]
)
)
))
,0x00004E21)
 );
ASSERT( BVLT(BVPLUS(32, 
0x00002710, 
(argv6_0x90b8698[0x00000003] @ (argv6_0x90b8698[0x00000002] @ (argv6_0x90b8698[0x00000001] @ argv6_0x90b8698[0x00000000]
)
)
))
,0x00004E21)
 );
ASSERT( BVLT(BVPLUS(32, 
0x00002710, 
(argv8_0x90b9a40[0x00000003] @ (argv8_0x90b9a40[0x00000002] @ (argv8_0x90b9a40[0x00000001] @ argv8_0x90b9a40[0x00000000]
)
)
))
,0x00004E21)
 );
ASSERT( BVLT(BVPLUS(32, 
0x00002710, 
(argv9_0x90b8890[0x00000003] @ (argv9_0x90b8890[0x00000002] @ (argv9_0x90b8890[0x00000001] @ argv9_0x90b8890[0x00000000]
)
)
))
,0x00004E21)
 );
ASSERT( BVLT((argv10_0x90b9598[0x00000003] @ (argv10_0x90b9598[0x00000002] @ (argv10_0x90b9598[0x00000001] @ argv10_0x90b9598[0x00000000]
)
)
),0x00000003)
 );
ASSERT( BVLT(BVPLUS(32, 
0xFFFFFFFF, 
(argv11_0x90b8990[0x00000003] @ (argv11_0x90b8990[0x00000002] @ (argv11_0x90b8990[0x00000001] @ argv11_0x90b8990[0x00000000]
)
)
))
,0x00000002)
 );
ASSERT( BVLT((argv12_0x90b8ac8[0x00000003] @ (argv12_0x90b8ac8[0x00000002] @ (argv12_0x90b8ac8[0x00000001] @ argv12_0x90b8ac8[0x00000000]
)
)
),0x00000002)
 );
ASSERT( ( NOT( (0x00000000 = (argv2_0x90b8410[0x00000003] @ (argv2_0x90b8410[0x00000002] @ (argv2_0x90b8410[0x00000001] @ argv2_0x90b8410[0x00000000]
)
)
)
))) );
ASSERT( ( NOT( SBVLT(0x00000258,(argv5_0x90b8620[0x00000003] @ (argv5_0x90b8620[0x00000002] @ (argv5_0x90b8620[0x00000001] @ argv5_0x90b8620[0x00000000]
)
)
))
)) );
ASSERT( ( NOT( SBVLT((argv1_0x90becf0[0x00000003] @ (argv1_0x90becf0[0x00000002] @ (argv1_0x90becf0[0x00000001] @ argv1_0x90becf0[0x00000000]
)
)
),0x00000259)
)) );
ASSERT( (LET let_k_0 = (0x00000001 = (argv11_0x90b8990[0x00000003] @ (argv11_0x90b8990[0x00000002] @ (argv11_0x90b8990[0x00000001] @ argv11_0x90b8990[0x00000000]
)
)
)
) IN 
(( NOT( let_k_0)) OR (let_k_0 AND (( NOT( (0x00000000 = (argv3_0x90b96f0[0x00000003] @ (argv3_0x90b96f0[0x00000002] @ (argv3_0x90b96f0[0x00000001] @ argv3_0x90b96f0[0x00000000]
)
)
)
))) AND (0x00000000 = (argv10_0x90b9598[0x00000003] @ (argv10_0x90b9598[0x00000002] @ (argv10_0x90b9598[0x00000001] @ argv10_0x90b9598[0x00000000]
)
)
)
)
)
)
))  );
ASSERT( ( NOT( SBVLT((argv9_0x90b8890[0x00000003] @ (argv9_0x90b8890[0x00000002] @ (argv9_0x90b8890[0x00000001] @ argv9_0x90b8890[0x00000000]
)
)
),(argv8_0x90b9a40[0x00000003] @ (argv8_0x90b9a40[0x00000002] @ (argv8_0x90b9a40[0x00000001] @ argv8_0x90b9a40[0x00000000]
)
)
))
)) );
ASSERT( ( NOT( SBVLT((argv1_0x90becf0[0x00000003] @ (argv1_0x90becf0[0x00000002] @ (argv1_0x90becf0[0x00000001] @ argv1_0x90becf0[0x00000000]
)
)
),0x0000012C)
)) );
ASSERT( ( NOT( SBVLE((argv4_0x90b8568[0x00000003] @ (argv4_0x90b8568[0x00000002] @ (argv4_0x90b8568[0x00000001] @ argv4_0x90b8568[0x00000000]
)
)
),(argv6_0x90b8698[0x00000003] @ (argv6_0x90b8698[0x00000002] @ (argv6_0x90b8698[0x00000001] @ argv6_0x90b8698[0x00000000]
)
)
))
)) );
ASSERT( (0x00000002 = (argv7_0x90b8728[0x00000003] @ (argv7_0x90b8728[0x00000002] @ (argv7_0x90b8728[0x00000001] @ argv7_0x90b8728[0x00000000]
)
)
)
) );
ASSERT( SBVLT((argv8_0x90b9a40[0x00000003] @ (argv8_0x90b9a40[0x00000002] @ (argv8_0x90b9a40[0x00000001] @ argv8_0x90b9a40[0x00000000]
)
)
),0x00000280)
 );
%----------------------------------------------------
QUERY( FALSE  );

#variable value:
output=:0
#constrains--stp:
__tmpInt8  : BITVECTOR(8);
__tmpInt16  : BITVECTOR(16);
__tmpInt32  : BITVECTOR(32);
__tmpInt64  : BITVECTOR(64);
argv7_0x90b8728  : ARRAY BITVECTOR(32) OF BITVECTOR(8);
argv2_0x90b8410  : ARRAY BITVECTOR(32) OF BITVECTOR(8);
argv3_0x90b96f0  : ARRAY BITVECTOR(32) OF BITVECTOR(8);
argv1_0x90becf0  : ARRAY BITVECTOR(32) OF BITVECTOR(8);
argv4_0x90b8568  : ARRAY BITVECTOR(32) OF BITVECTOR(8);
argv5_0x90b8620  : ARRAY BITVECTOR(32) OF BITVECTOR(8);
argv6_0x90b8698  : ARRAY BITVECTOR(32) OF BITVECTOR(8);
argv8_0x90b9a40  : ARRAY BITVECTOR(32) OF BITVECTOR(8);
argv9_0x90b8890  : ARRAY BITVECTOR(32) OF BITVECTOR(8);
argv10_0x90b9598  : ARRAY BITVECTOR(32) OF BITVECTOR(8);
argv11_0x90b8990  : ARRAY BITVECTOR(32) OF BITVECTOR(8);
argv12_0x90b8ac8  : ARRAY BITVECTOR(32) OF BITVECTOR(8);
%----------------------------------------------------
ASSERT( BVLT((argv2_0x90b8410[0x00000003] @ (argv2_0x90b8410[0x00000002] @ (argv2_0x90b8410[0x00000001] @ argv2_0x90b8410[0x00000000]
)
)
),0x00000002)
 );
ASSERT( BVLT((argv3_0x90b96f0[0x00000003] @ (argv3_0x90b96f0[0x00000002] @ (argv3_0x90b96f0[0x00000001] @ argv3_0x90b96f0[0x00000000]
)
)
),0x00000002)
 );
ASSERT( BVLT(BVPLUS(32, 
0x00002710, 
(argv1_0x90becf0[0x00000003] @ (argv1_0x90becf0[0x00000002] @ (argv1_0x90becf0[0x00000001] @ argv1_0x90becf0[0x00000000]
)
)
))
,0x00004E21)
 );
ASSERT( BVLT(BVPLUS(32, 
0x00002710, 
(argv4_0x90b8568[0x00000003] @ (argv4_0x90b8568[0x00000002] @ (argv4_0x90b8568[0x00000001] @ argv4_0x90b8568[0x00000000]
)
)
))
,0x00004E21)
 );
ASSERT( BVLT(BVPLUS(32, 
0x00002710, 
(argv5_0x90b8620[0x00000003] @ (argv5_0x90b8620[0x00000002] @ (argv5_0x90b8620[0x00000001] @ argv5_0x90b8620[0x00000000]
)
)
))
,0x00004E21)
 );
ASSERT( BVLT(BVPLUS(32, 
0x00002710, 
(argv6_0x90b8698[0x00000003] @ (argv6_0x90b8698[0x00000002] @ (argv6_0x90b8698[0x00000001] @ argv6_0x90b8698[0x00000000]
)
)
))
,0x00004E21)
 );
ASSERT( BVLT(BVPLUS(32, 
0x00002710, 
(argv8_0x90b9a40[0x00000003] @ (argv8_0x90b9a40[0x00000002] @ (argv8_0x90b9a40[0x00000001] @ argv8_0x90b9a40[0x00000000]
)
)
))
,0x00004E21)
 );
ASSERT( BVLT(BVPLUS(32, 
0x00002710, 
(argv9_0x90b8890[0x00000003] @ (argv9_0x90b8890[0x00000002] @ (argv9_0x90b8890[0x00000001] @ argv9_0x90b8890[0x00000000]
)
)
))
,0x00004E21)
 );
ASSERT( BVLT((argv10_0x90b9598[0x00000003] @ (argv10_0x90b9598[0x00000002] @ (argv10_0x90b9598[0x00000001] @ argv10_0x90b9598[0x00000000]
)
)
),0x00000003)
 );
ASSERT( BVLT(BVPLUS(32, 
0xFFFFFFFF, 
(argv11_0x90b8990[0x00000003] @ (argv11_0x90b8990[0x00000002] @ (argv11_0x90b8990[0x00000001] @ argv11_0x90b8990[0x00000000]
)
)
))
,0x00000002)
 );
ASSERT( BVLT((argv12_0x90b8ac8[0x00000003] @ (argv12_0x90b8ac8[0x00000002] @ (argv12_0x90b8ac8[0x00000001] @ argv12_0x90b8ac8[0x00000000]
)
)
),0x00000002)
 );
ASSERT( ( NOT( (0x00000000 = (argv2_0x90b8410[0x00000003] @ (argv2_0x90b8410[0x00000002] @ (argv2_0x90b8410[0x00000001] @ argv2_0x90b8410[0x00000000]
)
)
)
))) );
ASSERT( ( NOT( SBVLT(0x00000258,(argv5_0x90b8620[0x00000003] @ (argv5_0x90b8620[0x00000002] @ (argv5_0x90b8620[0x00000001] @ argv5_0x90b8620[0x00000000]
)
)
))
)) );
ASSERT( ( NOT( SBVLT((argv1_0x90becf0[0x00000003] @ (argv1_0x90becf0[0x00000002] @ (argv1_0x90becf0[0x00000001] @ argv1_0x90becf0[0x00000000]
)
)
),0x00000259)
)) );
ASSERT( (LET let_k_0 = (0x00000001 = (argv11_0x90b8990[0x00000003] @ (argv11_0x90b8990[0x00000002] @ (argv11_0x90b8990[0x00000001] @ argv11_0x90b8990[0x00000000]
)
)
)
) IN 
(( NOT( let_k_0)) OR (let_k_0 AND (( NOT( (0x00000000 = (argv3_0x90b96f0[0x00000003] @ (argv3_0x90b96f0[0x00000002] @ (argv3_0x90b96f0[0x00000001] @ argv3_0x90b96f0[0x00000000]
)
)
)
))) AND (0x00000000 = (argv10_0x90b9598[0x00000003] @ (argv10_0x90b9598[0x00000002] @ (argv10_0x90b9598[0x00000001] @ argv10_0x90b9598[0x00000000]
)
)
)
)
)
)
))  );
ASSERT( ( NOT( SBVLT((argv9_0x90b8890[0x00000003] @ (argv9_0x90b8890[0x00000002] @ (argv9_0x90b8890[0x00000001] @ argv9_0x90b8890[0x00000000]
)
)
),(argv8_0x90b9a40[0x00000003] @ (argv8_0x90b9a40[0x00000002] @ (argv8_0x90b9a40[0x00000001] @ argv8_0x90b9a40[0x00000000]
)
)
))
)) );
ASSERT( ( NOT( SBVLT((argv1_0x90becf0[0x00000003] @ (argv1_0x90becf0[0x00000002] @ (argv1_0x90becf0[0x00000001] @ argv1_0x90becf0[0x00000000]
)
)
),0x0000012C)
)) );
ASSERT( ( NOT( SBVLE((argv4_0x90b8568[0x00000003] @ (argv4_0x90b8568[0x00000002] @ (argv4_0x90b8568[0x00000001] @ argv4_0x90b8568[0x00000000]
)
)
),(argv6_0x90b8698[0x00000003] @ (argv6_0x90b8698[0x00000002] @ (argv6_0x90b8698[0x00000001] @ argv6_0x90b8698[0x00000000]
)
)
))
)) );
ASSERT( (0x00000002 = (argv7_0x90b8728[0x00000003] @ (argv7_0x90b8728[0x00000002] @ (argv7_0x90b8728[0x00000001] @ argv7_0x90b8728[0x00000000]
)
)
)
) );
ASSERT( ( NOT( SBVLT((argv8_0x90b9a40[0x00000003] @ (argv8_0x90b9a40[0x00000002] @ (argv8_0x90b9a40[0x00000001] @ argv8_0x90b9a40[0x00000000]
)
)
),0x00000280)
)) );
%----------------------------------------------------
QUERY( FALSE  );

#variable value:
output=:2
#constrains--stp:
__tmpInt8  : BITVECTOR(8);
__tmpInt16  : BITVECTOR(16);
__tmpInt32  : BITVECTOR(32);
__tmpInt64  : BITVECTOR(64);
argv7_0x90b8728  : ARRAY BITVECTOR(32) OF BITVECTOR(8);
argv2_0x90b8410  : ARRAY BITVECTOR(32) OF BITVECTOR(8);
argv3_0x90b96f0  : ARRAY BITVECTOR(32) OF BITVECTOR(8);
argv1_0x90becf0  : ARRAY BITVECTOR(32) OF BITVECTOR(8);
argv4_0x90b8568  : ARRAY BITVECTOR(32) OF BITVECTOR(8);
argv5_0x90b8620  : ARRAY BITVECTOR(32) OF BITVECTOR(8);
argv6_0x90b8698  : ARRAY BITVECTOR(32) OF BITVECTOR(8);
argv8_0x90b9a40  : ARRAY BITVECTOR(32) OF BITVECTOR(8);
argv9_0x90b8890  : ARRAY BITVECTOR(32) OF BITVECTOR(8);
argv10_0x90b9598  : ARRAY BITVECTOR(32) OF BITVECTOR(8);
argv11_0x90b8990  : ARRAY BITVECTOR(32) OF BITVECTOR(8);
argv12_0x90b8ac8  : ARRAY BITVECTOR(32) OF BITVECTOR(8);
%----------------------------------------------------
ASSERT( BVLT((argv7_0x90b8728[0x00000003] @ (argv7_0x90b8728[0x00000002] @ (argv7_0x90b8728[0x00000001] @ argv7_0x90b8728[0x00000000]
)
)
),0x00000004)
 );
ASSERT( BVLT((argv2_0x90b8410[0x00000003] @ (argv2_0x90b8410[0x00000002] @ (argv2_0x90b8410[0x00000001] @ argv2_0x90b8410[0x00000000]
)
)
),0x00000002)
 );
ASSERT( BVLT((argv3_0x90b96f0[0x00000003] @ (argv3_0x90b96f0[0x00000002] @ (argv3_0x90b96f0[0x00000001] @ argv3_0x90b96f0[0x00000000]
)
)
),0x00000002)
 );
ASSERT( BVLT(BVPLUS(32, 
0x00002710, 
(argv1_0x90becf0[0x00000003] @ (argv1_0x90becf0[0x00000002] @ (argv1_0x90becf0[0x00000001] @ argv1_0x90becf0[0x00000000]
)
)
))
,0x00004E21)
 );
ASSERT( BVLT(BVPLUS(32, 
0x00002710, 
(argv4_0x90b8568[0x00000003] @ (argv4_0x90b8568[0x00000002] @ (argv4_0x90b8568[0x00000001] @ argv4_0x90b8568[0x00000000]
)
)
))
,0x00004E21)
 );
ASSERT( BVLT(BVPLUS(32, 
0x00002710, 
(argv5_0x90b8620[0x00000003] @ (argv5_0x90b8620[0x00000002] @ (argv5_0x90b8620[0x00000001] @ argv5_0x90b8620[0x00000000]
)
)
))
,0x00004E21)
 );
ASSERT( BVLT(BVPLUS(32, 
0x00002710, 
(argv6_0x90b8698[0x00000003] @ (argv6_0x90b8698[0x00000002] @ (argv6_0x90b8698[0x00000001] @ argv6_0x90b8698[0x00000000]
)
)
))
,0x00004E21)
 );
ASSERT( BVLT(BVPLUS(32, 
0x00002710, 
(argv8_0x90b9a40[0x00000003] @ (argv8_0x90b9a40[0x00000002] @ (argv8_0x90b9a40[0x00000001] @ argv8_0x90b9a40[0x00000000]
)
)
))
,0x00004E21)
 );
ASSERT( BVLT(BVPLUS(32, 
0x00002710, 
(argv9_0x90b8890[0x00000003] @ (argv9_0x90b8890[0x00000002] @ (argv9_0x90b8890[0x00000001] @ argv9_0x90b8890[0x00000000]
)
)
))
,0x00004E21)
 );
ASSERT( BVLT((argv10_0x90b9598[0x00000003] @ (argv10_0x90b9598[0x00000002] @ (argv10_0x90b9598[0x00000001] @ argv10_0x90b9598[0x00000000]
)
)
),0x00000003)
 );
ASSERT( BVLT(BVPLUS(32, 
0xFFFFFFFF, 
(argv11_0x90b8990[0x00000003] @ (argv11_0x90b8990[0x00000002] @ (argv11_0x90b8990[0x00000001] @ argv11_0x90b8990[0x00000000]
)
)
))
,0x00000002)
 );
ASSERT( BVLT((argv12_0x90b8ac8[0x00000003] @ (argv12_0x90b8ac8[0x00000002] @ (argv12_0x90b8ac8[0x00000001] @ argv12_0x90b8ac8[0x00000000]
)
)
),0x00000002)
 );
ASSERT( ( NOT( (0x00000000 = (argv2_0x90b8410[0x00000003] @ (argv2_0x90b8410[0x00000002] @ (argv2_0x90b8410[0x00000001] @ argv2_0x90b8410[0x00000000]
)
)
)
))) );
ASSERT( ( NOT( SBVLT(0x00000258,(argv5_0x90b8620[0x00000003] @ (argv5_0x90b8620[0x00000002] @ (argv5_0x90b8620[0x00000001] @ argv5_0x90b8620[0x00000000]
)
)
))
)) );
ASSERT( ( NOT( SBVLT((argv1_0x90becf0[0x00000003] @ (argv1_0x90becf0[0x00000002] @ (argv1_0x90becf0[0x00000001] @ argv1_0x90becf0[0x00000000]
)
)
),0x00000259)
)) );
ASSERT( (LET let_k_0 = (0x00000001 = (argv11_0x90b8990[0x00000003] @ (argv11_0x90b8990[0x00000002] @ (argv11_0x90b8990[0x00000001] @ argv11_0x90b8990[0x00000000]
)
)
)
) IN 
(( NOT( let_k_0)) OR (let_k_0 AND (( NOT( (0x00000000 = (argv3_0x90b96f0[0x00000003] @ (argv3_0x90b96f0[0x00000002] @ (argv3_0x90b96f0[0x00000001] @ argv3_0x90b96f0[0x00000000]
)
)
)
))) AND (0x00000000 = (argv10_0x90b9598[0x00000003] @ (argv10_0x90b9598[0x00000002] @ (argv10_0x90b9598[0x00000001] @ argv10_0x90b9598[0x00000000]
)
)
)
)
)
)
))  );
ASSERT( ( NOT( SBVLT((argv9_0x90b8890[0x00000003] @ (argv9_0x90b8890[0x00000002] @ (argv9_0x90b8890[0x00000001] @ argv9_0x90b8890[0x00000000]
)
)
),(argv8_0x90b9a40[0x00000003] @ (argv8_0x90b9a40[0x00000002] @ (argv8_0x90b9a40[0x00000001] @ argv8_0x90b9a40[0x00000000]
)
)
))
)) );
ASSERT( ( NOT( SBVLT((argv1_0x90becf0[0x00000003] @ (argv1_0x90becf0[0x00000002] @ (argv1_0x90becf0[0x00000001] @ argv1_0x90becf0[0x00000000]
)
)
),0x0000012C)
)) );
ASSERT( ( NOT( SBVLE((argv4_0x90b8568[0x00000003] @ (argv4_0x90b8568[0x00000002] @ (argv4_0x90b8568[0x00000001] @ argv4_0x90b8568[0x00000000]
)
)
),(argv6_0x90b8698[0x00000003] @ (argv6_0x90b8698[0x00000002] @ (argv6_0x90b8698[0x00000001] @ argv6_0x90b8698[0x00000000]
)
)
))
)) );
ASSERT( ( NOT( (0x00000000 = (argv7_0x90b8728[0x00000003] @ (argv7_0x90b8728[0x00000002] @ (argv7_0x90b8728[0x00000001] @ argv7_0x90b8728[0x00000000]
)
)
)
))) );
ASSERT( ( NOT( (0x00000001 = (argv7_0x90b8728[0x00000003] @ (argv7_0x90b8728[0x00000002] @ (argv7_0x90b8728[0x00000001] @ argv7_0x90b8728[0x00000000]
)
)
)
))) );
ASSERT( ( NOT( (0x00000002 = (argv7_0x90b8728[0x00000003] @ (argv7_0x90b8728[0x00000002] @ (argv7_0x90b8728[0x00000001] @ argv7_0x90b8728[0x00000000]
)
)
)
))) );
ASSERT( ( NOT( SBVLT((argv8_0x90b9a40[0x00000003] @ (argv8_0x90b9a40[0x00000002] @ (argv8_0x90b9a40[0x00000001] @ argv8_0x90b9a40[0x00000000]
)
)
),0x000002E4)
)) );
%----------------------------------------------------
QUERY( FALSE  );

#variable value:
output=:2
#constrains--stp:
__tmpInt8  : BITVECTOR(8);
__tmpInt16  : BITVECTOR(16);
__tmpInt32  : BITVECTOR(32);
__tmpInt64  : BITVECTOR(64);
argv7_0x90b8728  : ARRAY BITVECTOR(32) OF BITVECTOR(8);
argv2_0x90b8410  : ARRAY BITVECTOR(32) OF BITVECTOR(8);
argv3_0x90b96f0  : ARRAY BITVECTOR(32) OF BITVECTOR(8);
argv1_0x90becf0  : ARRAY BITVECTOR(32) OF BITVECTOR(8);
argv4_0x90b8568  : ARRAY BITVECTOR(32) OF BITVECTOR(8);
argv5_0x90b8620  : ARRAY BITVECTOR(32) OF BITVECTOR(8);
argv6_0x90b8698  : ARRAY BITVECTOR(32) OF BITVECTOR(8);
argv8_0x90b9a40  : ARRAY BITVECTOR(32) OF BITVECTOR(8);
argv9_0x90b8890  : ARRAY BITVECTOR(32) OF BITVECTOR(8);
argv10_0x90b9598  : ARRAY BITVECTOR(32) OF BITVECTOR(8);
argv11_0x90b8990  : ARRAY BITVECTOR(32) OF BITVECTOR(8);
argv12_0x90b8ac8  : ARRAY BITVECTOR(32) OF BITVECTOR(8);
%----------------------------------------------------
ASSERT( BVLT((argv2_0x90b8410[0x00000003] @ (argv2_0x90b8410[0x00000002] @ (argv2_0x90b8410[0x00000001] @ argv2_0x90b8410[0x00000000]
)
)
),0x00000002)
 );
ASSERT( BVLT((argv3_0x90b96f0[0x00000003] @ (argv3_0x90b96f0[0x00000002] @ (argv3_0x90b96f0[0x00000001] @ argv3_0x90b96f0[0x00000000]
)
)
),0x00000002)
 );
ASSERT( BVLT(BVPLUS(32, 
0x00002710, 
(argv1_0x90becf0[0x00000003] @ (argv1_0x90becf0[0x00000002] @ (argv1_0x90becf0[0x00000001] @ argv1_0x90becf0[0x00000000]
)
)
))
,0x00004E21)
 );
ASSERT( BVLT(BVPLUS(32, 
0x00002710, 
(argv4_0x90b8568[0x00000003] @ (argv4_0x90b8568[0x00000002] @ (argv4_0x90b8568[0x00000001] @ argv4_0x90b8568[0x00000000]
)
)
))
,0x00004E21)
 );
ASSERT( BVLT(BVPLUS(32, 
0x00002710, 
(argv5_0x90b8620[0x00000003] @ (argv5_0x90b8620[0x00000002] @ (argv5_0x90b8620[0x00000001] @ argv5_0x90b8620[0x00000000]
)
)
))
,0x00004E21)
 );
ASSERT( BVLT(BVPLUS(32, 
0x00002710, 
(argv6_0x90b8698[0x00000003] @ (argv6_0x90b8698[0x00000002] @ (argv6_0x90b8698[0x00000001] @ argv6_0x90b8698[0x00000000]
)
)
))
,0x00004E21)
 );
ASSERT( BVLT(BVPLUS(32, 
0x00002710, 
(argv8_0x90b9a40[0x00000003] @ (argv8_0x90b9a40[0x00000002] @ (argv8_0x90b9a40[0x00000001] @ argv8_0x90b9a40[0x00000000]
)
)
))
,0x00004E21)
 );
ASSERT( BVLT(BVPLUS(32, 
0x00002710, 
(argv9_0x90b8890[0x00000003] @ (argv9_0x90b8890[0x00000002] @ (argv9_0x90b8890[0x00000001] @ argv9_0x90b8890[0x00000000]
)
)
))
,0x00004E21)
 );
ASSERT( BVLT((argv10_0x90b9598[0x00000003] @ (argv10_0x90b9598[0x00000002] @ (argv10_0x90b9598[0x00000001] @ argv10_0x90b9598[0x00000000]
)
)
),0x00000003)
 );
ASSERT( BVLT(BVPLUS(32, 
0xFFFFFFFF, 
(argv11_0x90b8990[0x00000003] @ (argv11_0x90b8990[0x00000002] @ (argv11_0x90b8990[0x00000001] @ argv11_0x90b8990[0x00000000]
)
)
))
,0x00000002)
 );
ASSERT( BVLT((argv12_0x90b8ac8[0x00000003] @ (argv12_0x90b8ac8[0x00000002] @ (argv12_0x90b8ac8[0x00000001] @ argv12_0x90b8ac8[0x00000000]
)
)
),0x00000002)
 );
ASSERT( ( NOT( (0x00000000 = (argv2_0x90b8410[0x00000003] @ (argv2_0x90b8410[0x00000002] @ (argv2_0x90b8410[0x00000001] @ argv2_0x90b8410[0x00000000]
)
)
)
))) );
ASSERT( ( NOT( SBVLT(0x00000258,(argv5_0x90b8620[0x00000003] @ (argv5_0x90b8620[0x00000002] @ (argv5_0x90b8620[0x00000001] @ argv5_0x90b8620[0x00000000]
)
)
))
)) );
ASSERT( ( NOT( SBVLT((argv1_0x90becf0[0x00000003] @ (argv1_0x90becf0[0x00000002] @ (argv1_0x90becf0[0x00000001] @ argv1_0x90becf0[0x00000000]
)
)
),0x00000259)
)) );
ASSERT( (LET let_k_0 = (0x00000001 = (argv11_0x90b8990[0x00000003] @ (argv11_0x90b8990[0x00000002] @ (argv11_0x90b8990[0x00000001] @ argv11_0x90b8990[0x00000000]
)
)
)
) IN 
(( NOT( let_k_0)) OR (let_k_0 AND (( NOT( (0x00000000 = (argv3_0x90b96f0[0x00000003] @ (argv3_0x90b96f0[0x00000002] @ (argv3_0x90b96f0[0x00000001] @ argv3_0x90b96f0[0x00000000]
)
)
)
))) AND (0x00000000 = (argv10_0x90b9598[0x00000003] @ (argv10_0x90b9598[0x00000002] @ (argv10_0x90b9598[0x00000001] @ argv10_0x90b9598[0x00000000]
)
)
)
)
)
)
))  );
ASSERT( SBVLT((argv9_0x90b8890[0x00000003] @ (argv9_0x90b8890[0x00000002] @ (argv9_0x90b8890[0x00000001] @ argv9_0x90b8890[0x00000000]
)
)
),(argv8_0x90b9a40[0x00000003] @ (argv8_0x90b9a40[0x00000002] @ (argv8_0x90b9a40[0x00000001] @ argv8_0x90b9a40[0x00000000]
)
)
))
 );
ASSERT( SBVLT((argv4_0x90b8568[0x00000003] @ (argv4_0x90b8568[0x00000002] @ (argv4_0x90b8568[0x00000001] @ argv4_0x90b8568[0x00000000]
)
)
),(argv6_0x90b8698[0x00000003] @ (argv6_0x90b8698[0x00000002] @ (argv6_0x90b8698[0x00000001] @ argv6_0x90b8698[0x00000000]
)
)
))
 );
ASSERT( (0x00000001 = (argv7_0x90b8728[0x00000003] @ (argv7_0x90b8728[0x00000002] @ (argv7_0x90b8728[0x00000001] @ argv7_0x90b8728[0x00000000]
)
)
)
) );
ASSERT( ( NOT( SBVLT((argv9_0x90b8890[0x00000003] @ (argv9_0x90b8890[0x00000002] @ (argv9_0x90b8890[0x00000001] @ argv9_0x90b8890[0x00000000]
)
)
),0x000001F4)
)) );
%----------------------------------------------------
QUERY( FALSE  );

#variable value:
output=:0
#constrains--stp:
__tmpInt8  : BITVECTOR(8);
__tmpInt16  : BITVECTOR(16);
__tmpInt32  : BITVECTOR(32);
__tmpInt64  : BITVECTOR(64);
argv7_0x90b8728  : ARRAY BITVECTOR(32) OF BITVECTOR(8);
argv2_0x90b8410  : ARRAY BITVECTOR(32) OF BITVECTOR(8);
argv3_0x90b96f0  : ARRAY BITVECTOR(32) OF BITVECTOR(8);
argv1_0x90becf0  : ARRAY BITVECTOR(32) OF BITVECTOR(8);
argv4_0x90b8568  : ARRAY BITVECTOR(32) OF BITVECTOR(8);
argv5_0x90b8620  : ARRAY BITVECTOR(32) OF BITVECTOR(8);
argv6_0x90b8698  : ARRAY BITVECTOR(32) OF BITVECTOR(8);
argv8_0x90b9a40  : ARRAY BITVECTOR(32) OF BITVECTOR(8);
argv9_0x90b8890  : ARRAY BITVECTOR(32) OF BITVECTOR(8);
argv10_0x90b9598  : ARRAY BITVECTOR(32) OF BITVECTOR(8);
argv11_0x90b8990  : ARRAY BITVECTOR(32) OF BITVECTOR(8);
argv12_0x90b8ac8  : ARRAY BITVECTOR(32) OF BITVECTOR(8);
%----------------------------------------------------
ASSERT( BVLT((argv2_0x90b8410[0x00000003] @ (argv2_0x90b8410[0x00000002] @ (argv2_0x90b8410[0x00000001] @ argv2_0x90b8410[0x00000000]
)
)
),0x00000002)
 );
ASSERT( BVLT((argv3_0x90b96f0[0x00000003] @ (argv3_0x90b96f0[0x00000002] @ (argv3_0x90b96f0[0x00000001] @ argv3_0x90b96f0[0x00000000]
)
)
),0x00000002)
 );
ASSERT( BVLT(BVPLUS(32, 
0x00002710, 
(argv1_0x90becf0[0x00000003] @ (argv1_0x90becf0[0x00000002] @ (argv1_0x90becf0[0x00000001] @ argv1_0x90becf0[0x00000000]
)
)
))
,0x00004E21)
 );
ASSERT( BVLT(BVPLUS(32, 
0x00002710, 
(argv4_0x90b8568[0x00000003] @ (argv4_0x90b8568[0x00000002] @ (argv4_0x90b8568[0x00000001] @ argv4_0x90b8568[0x00000000]
)
)
))
,0x00004E21)
 );
ASSERT( BVLT(BVPLUS(32, 
0x00002710, 
(argv5_0x90b8620[0x00000003] @ (argv5_0x90b8620[0x00000002] @ (argv5_0x90b8620[0x00000001] @ argv5_0x90b8620[0x00000000]
)
)
))
,0x00004E21)
 );
ASSERT( BVLT(BVPLUS(32, 
0x00002710, 
(argv6_0x90b8698[0x00000003] @ (argv6_0x90b8698[0x00000002] @ (argv6_0x90b8698[0x00000001] @ argv6_0x90b8698[0x00000000]
)
)
))
,0x00004E21)
 );
ASSERT( BVLT(BVPLUS(32, 
0x00002710, 
(argv8_0x90b9a40[0x00000003] @ (argv8_0x90b9a40[0x00000002] @ (argv8_0x90b9a40[0x00000001] @ argv8_0x90b9a40[0x00000000]
)
)
))
,0x00004E21)
 );
ASSERT( BVLT(BVPLUS(32, 
0x00002710, 
(argv9_0x90b8890[0x00000003] @ (argv9_0x90b8890[0x00000002] @ (argv9_0x90b8890[0x00000001] @ argv9_0x90b8890[0x00000000]
)
)
))
,0x00004E21)
 );
ASSERT( BVLT((argv10_0x90b9598[0x00000003] @ (argv10_0x90b9598[0x00000002] @ (argv10_0x90b9598[0x00000001] @ argv10_0x90b9598[0x00000000]
)
)
),0x00000003)
 );
ASSERT( BVLT(BVPLUS(32, 
0xFFFFFFFF, 
(argv11_0x90b8990[0x00000003] @ (argv11_0x90b8990[0x00000002] @ (argv11_0x90b8990[0x00000001] @ argv11_0x90b8990[0x00000000]
)
)
))
,0x00000002)
 );
ASSERT( BVLT((argv12_0x90b8ac8[0x00000003] @ (argv12_0x90b8ac8[0x00000002] @ (argv12_0x90b8ac8[0x00000001] @ argv12_0x90b8ac8[0x00000000]
)
)
),0x00000002)
 );
ASSERT( ( NOT( (0x00000000 = (argv2_0x90b8410[0x00000003] @ (argv2_0x90b8410[0x00000002] @ (argv2_0x90b8410[0x00000001] @ argv2_0x90b8410[0x00000000]
)
)
)
))) );
ASSERT( ( NOT( SBVLT(0x00000258,(argv5_0x90b8620[0x00000003] @ (argv5_0x90b8620[0x00000002] @ (argv5_0x90b8620[0x00000001] @ argv5_0x90b8620[0x00000000]
)
)
))
)) );
ASSERT( ( NOT( SBVLT((argv1_0x90becf0[0x00000003] @ (argv1_0x90becf0[0x00000002] @ (argv1_0x90becf0[0x00000001] @ argv1_0x90becf0[0x00000000]
)
)
),0x00000259)
)) );
ASSERT( (LET let_k_0 = (0x00000001 = (argv11_0x90b8990[0x00000003] @ (argv11_0x90b8990[0x00000002] @ (argv11_0x90b8990[0x00000001] @ argv11_0x90b8990[0x00000000]
)
)
)
) IN 
(( NOT( let_k_0)) OR (let_k_0 AND (( NOT( (0x00000000 = (argv3_0x90b96f0[0x00000003] @ (argv3_0x90b96f0[0x00000002] @ (argv3_0x90b96f0[0x00000001] @ argv3_0x90b96f0[0x00000000]
)
)
)
))) AND (0x00000000 = (argv10_0x90b9598[0x00000003] @ (argv10_0x90b9598[0x00000002] @ (argv10_0x90b9598[0x00000001] @ argv10_0x90b9598[0x00000000]
)
)
)
)
)
)
))  );
ASSERT( ( NOT( SBVLT((argv9_0x90b8890[0x00000003] @ (argv9_0x90b8890[0x00000002] @ (argv9_0x90b8890[0x00000001] @ argv9_0x90b8890[0x00000000]
)
)
),(argv8_0x90b9a40[0x00000003] @ (argv8_0x90b9a40[0x00000002] @ (argv8_0x90b9a40[0x00000001] @ argv8_0x90b9a40[0x00000000]
)
)
))
)) );
ASSERT( ( NOT( SBVLT((argv1_0x90becf0[0x00000003] @ (argv1_0x90becf0[0x00000002] @ (argv1_0x90becf0[0x00000001] @ argv1_0x90becf0[0x00000000]
)
)
),0x0000012C)
)) );
ASSERT( ( NOT( SBVLE((argv4_0x90b8568[0x00000003] @ (argv4_0x90b8568[0x00000002] @ (argv4_0x90b8568[0x00000001] @ argv4_0x90b8568[0x00000000]
)
)
),(argv6_0x90b8698[0x00000003] @ (argv6_0x90b8698[0x00000002] @ (argv6_0x90b8698[0x00000001] @ argv6_0x90b8698[0x00000000]
)
)
))
)) );
ASSERT( (0x00000000 = (argv7_0x90b8728[0x00000003] @ (argv7_0x90b8728[0x00000002] @ (argv7_0x90b8728[0x00000001] @ argv7_0x90b8728[0x00000000]
)
)
)
) );
ASSERT( ( NOT( SBVLT((argv8_0x90b9a40[0x00000003] @ (argv8_0x90b9a40[0x00000002] @ (argv8_0x90b9a40[0x00000001] @ argv8_0x90b9a40[0x00000000]
)
)
),0x00000190)
)) );
%----------------------------------------------------
QUERY( FALSE  );

#variable value:
output=:2
#constrains--stp:
__tmpInt8  : BITVECTOR(8);
__tmpInt16  : BITVECTOR(16);
__tmpInt32  : BITVECTOR(32);
__tmpInt64  : BITVECTOR(64);
argv7_0x90b8728  : ARRAY BITVECTOR(32) OF BITVECTOR(8);
argv2_0x90b8410  : ARRAY BITVECTOR(32) OF BITVECTOR(8);
argv3_0x90b96f0  : ARRAY BITVECTOR(32) OF BITVECTOR(8);
argv1_0x90becf0  : ARRAY BITVECTOR(32) OF BITVECTOR(8);
argv4_0x90b8568  : ARRAY BITVECTOR(32) OF BITVECTOR(8);
argv5_0x90b8620  : ARRAY BITVECTOR(32) OF BITVECTOR(8);
argv6_0x90b8698  : ARRAY BITVECTOR(32) OF BITVECTOR(8);
argv8_0x90b9a40  : ARRAY BITVECTOR(32) OF BITVECTOR(8);
argv9_0x90b8890  : ARRAY BITVECTOR(32) OF BITVECTOR(8);
argv10_0x90b9598  : ARRAY BITVECTOR(32) OF BITVECTOR(8);
argv11_0x90b8990  : ARRAY BITVECTOR(32) OF BITVECTOR(8);
argv12_0x90b8ac8  : ARRAY BITVECTOR(32) OF BITVECTOR(8);
%----------------------------------------------------
ASSERT( BVLT((argv2_0x90b8410[0x00000003] @ (argv2_0x90b8410[0x00000002] @ (argv2_0x90b8410[0x00000001] @ argv2_0x90b8410[0x00000000]
)
)
),0x00000002)
 );
ASSERT( BVLT((argv3_0x90b96f0[0x00000003] @ (argv3_0x90b96f0[0x00000002] @ (argv3_0x90b96f0[0x00000001] @ argv3_0x90b96f0[0x00000000]
)
)
),0x00000002)
 );
ASSERT( BVLT(BVPLUS(32, 
0x00002710, 
(argv1_0x90becf0[0x00000003] @ (argv1_0x90becf0[0x00000002] @ (argv1_0x90becf0[0x00000001] @ argv1_0x90becf0[0x00000000]
)
)
))
,0x00004E21)
 );
ASSERT( BVLT(BVPLUS(32, 
0x00002710, 
(argv4_0x90b8568[0x00000003] @ (argv4_0x90b8568[0x00000002] @ (argv4_0x90b8568[0x00000001] @ argv4_0x90b8568[0x00000000]
)
)
))
,0x00004E21)
 );
ASSERT( BVLT(BVPLUS(32, 
0x00002710, 
(argv5_0x90b8620[0x00000003] @ (argv5_0x90b8620[0x00000002] @ (argv5_0x90b8620[0x00000001] @ argv5_0x90b8620[0x00000000]
)
)
))
,0x00004E21)
 );
ASSERT( BVLT(BVPLUS(32, 
0x00002710, 
(argv6_0x90b8698[0x00000003] @ (argv6_0x90b8698[0x00000002] @ (argv6_0x90b8698[0x00000001] @ argv6_0x90b8698[0x00000000]
)
)
))
,0x00004E21)
 );
ASSERT( BVLT(BVPLUS(32, 
0x00002710, 
(argv8_0x90b9a40[0x00000003] @ (argv8_0x90b9a40[0x00000002] @ (argv8_0x90b9a40[0x00000001] @ argv8_0x90b9a40[0x00000000]
)
)
))
,0x00004E21)
 );
ASSERT( BVLT(BVPLUS(32, 
0x00002710, 
(argv9_0x90b8890[0x00000003] @ (argv9_0x90b8890[0x00000002] @ (argv9_0x90b8890[0x00000001] @ argv9_0x90b8890[0x00000000]
)
)
))
,0x00004E21)
 );
ASSERT( BVLT((argv10_0x90b9598[0x00000003] @ (argv10_0x90b9598[0x00000002] @ (argv10_0x90b9598[0x00000001] @ argv10_0x90b9598[0x00000000]
)
)
),0x00000003)
 );
ASSERT( BVLT(BVPLUS(32, 
0xFFFFFFFF, 
(argv11_0x90b8990[0x00000003] @ (argv11_0x90b8990[0x00000002] @ (argv11_0x90b8990[0x00000001] @ argv11_0x90b8990[0x00000000]
)
)
))
,0x00000002)
 );
ASSERT( BVLT((argv12_0x90b8ac8[0x00000003] @ (argv12_0x90b8ac8[0x00000002] @ (argv12_0x90b8ac8[0x00000001] @ argv12_0x90b8ac8[0x00000000]
)
)
),0x00000002)
 );
ASSERT( ( NOT( (0x00000000 = (argv2_0x90b8410[0x00000003] @ (argv2_0x90b8410[0x00000002] @ (argv2_0x90b8410[0x00000001] @ argv2_0x90b8410[0x00000000]
)
)
)
))) );
ASSERT( ( NOT( SBVLT(0x00000258,(argv5_0x90b8620[0x00000003] @ (argv5_0x90b8620[0x00000002] @ (argv5_0x90b8620[0x00000001] @ argv5_0x90b8620[0x00000000]
)
)
))
)) );
ASSERT( ( NOT( SBVLT((argv1_0x90becf0[0x00000003] @ (argv1_0x90becf0[0x00000002] @ (argv1_0x90becf0[0x00000001] @ argv1_0x90becf0[0x00000000]
)
)
),0x00000259)
)) );
ASSERT( (LET let_k_0 = (0x00000001 = (argv11_0x90b8990[0x00000003] @ (argv11_0x90b8990[0x00000002] @ (argv11_0x90b8990[0x00000001] @ argv11_0x90b8990[0x00000000]
)
)
)
) IN 
(( NOT( let_k_0)) OR (let_k_0 AND (( NOT( (0x00000000 = (argv3_0x90b96f0[0x00000003] @ (argv3_0x90b96f0[0x00000002] @ (argv3_0x90b96f0[0x00000001] @ argv3_0x90b96f0[0x00000000]
)
)
)
))) AND (0x00000000 = (argv10_0x90b9598[0x00000003] @ (argv10_0x90b9598[0x00000002] @ (argv10_0x90b9598[0x00000001] @ argv10_0x90b9598[0x00000000]
)
)
)
)
)
)
))  );
ASSERT( ( NOT( SBVLT((argv9_0x90b8890[0x00000003] @ (argv9_0x90b8890[0x00000002] @ (argv9_0x90b8890[0x00000001] @ argv9_0x90b8890[0x00000000]
)
)
),(argv8_0x90b9a40[0x00000003] @ (argv8_0x90b9a40[0x00000002] @ (argv8_0x90b9a40[0x00000001] @ argv8_0x90b9a40[0x00000000]
)
)
))
)) );
ASSERT( ( NOT( SBVLT((argv1_0x90becf0[0x00000003] @ (argv1_0x90becf0[0x00000002] @ (argv1_0x90becf0[0x00000001] @ argv1_0x90becf0[0x00000000]
)
)
),0x0000012C)
)) );
ASSERT( ( NOT( SBVLE((argv4_0x90b8568[0x00000003] @ (argv4_0x90b8568[0x00000002] @ (argv4_0x90b8568[0x00000001] @ argv4_0x90b8568[0x00000000]
)
)
),(argv6_0x90b8698[0x00000003] @ (argv6_0x90b8698[0x00000002] @ (argv6_0x90b8698[0x00000001] @ argv6_0x90b8698[0x00000000]
)
)
))
)) );
ASSERT( (0x00000001 = (argv7_0x90b8728[0x00000003] @ (argv7_0x90b8728[0x00000002] @ (argv7_0x90b8728[0x00000001] @ argv7_0x90b8728[0x00000000]
)
)
)
) );
ASSERT( ( NOT( SBVLT((argv8_0x90b9a40[0x00000003] @ (argv8_0x90b9a40[0x00000002] @ (argv8_0x90b9a40[0x00000001] @ argv8_0x90b9a40[0x00000000]
)
)
),0x000001F4)
)) );
%----------------------------------------------------
QUERY( FALSE  );

#variable value:
output=:2
#constrains--stp:
__tmpInt8  : BITVECTOR(8);
__tmpInt16  : BITVECTOR(16);
__tmpInt32  : BITVECTOR(32);
__tmpInt64  : BITVECTOR(64);
argv7_0x90b8728  : ARRAY BITVECTOR(32) OF BITVECTOR(8);
argv2_0x90b8410  : ARRAY BITVECTOR(32) OF BITVECTOR(8);
argv3_0x90b96f0  : ARRAY BITVECTOR(32) OF BITVECTOR(8);
argv1_0x90becf0  : ARRAY BITVECTOR(32) OF BITVECTOR(8);
argv4_0x90b8568  : ARRAY BITVECTOR(32) OF BITVECTOR(8);
argv5_0x90b8620  : ARRAY BITVECTOR(32) OF BITVECTOR(8);
argv6_0x90b8698  : ARRAY BITVECTOR(32) OF BITVECTOR(8);
argv8_0x90b9a40  : ARRAY BITVECTOR(32) OF BITVECTOR(8);
argv9_0x90b8890  : ARRAY BITVECTOR(32) OF BITVECTOR(8);
argv10_0x90b9598  : ARRAY BITVECTOR(32) OF BITVECTOR(8);
argv11_0x90b8990  : ARRAY BITVECTOR(32) OF BITVECTOR(8);
argv12_0x90b8ac8  : ARRAY BITVECTOR(32) OF BITVECTOR(8);
%----------------------------------------------------
ASSERT( BVLT((argv2_0x90b8410[0x00000003] @ (argv2_0x90b8410[0x00000002] @ (argv2_0x90b8410[0x00000001] @ argv2_0x90b8410[0x00000000]
)
)
),0x00000002)
 );
ASSERT( BVLT((argv3_0x90b96f0[0x00000003] @ (argv3_0x90b96f0[0x00000002] @ (argv3_0x90b96f0[0x00000001] @ argv3_0x90b96f0[0x00000000]
)
)
),0x00000002)
 );
ASSERT( BVLT(BVPLUS(32, 
0x00002710, 
(argv1_0x90becf0[0x00000003] @ (argv1_0x90becf0[0x00000002] @ (argv1_0x90becf0[0x00000001] @ argv1_0x90becf0[0x00000000]
)
)
))
,0x00004E21)
 );
ASSERT( BVLT(BVPLUS(32, 
0x00002710, 
(argv4_0x90b8568[0x00000003] @ (argv4_0x90b8568[0x00000002] @ (argv4_0x90b8568[0x00000001] @ argv4_0x90b8568[0x00000000]
)
)
))
,0x00004E21)
 );
ASSERT( BVLT(BVPLUS(32, 
0x00002710, 
(argv5_0x90b8620[0x00000003] @ (argv5_0x90b8620[0x00000002] @ (argv5_0x90b8620[0x00000001] @ argv5_0x90b8620[0x00000000]
)
)
))
,0x00004E21)
 );
ASSERT( BVLT(BVPLUS(32, 
0x00002710, 
(argv6_0x90b8698[0x00000003] @ (argv6_0x90b8698[0x00000002] @ (argv6_0x90b8698[0x00000001] @ argv6_0x90b8698[0x00000000]
)
)
))
,0x00004E21)
 );
ASSERT( BVLT(BVPLUS(32, 
0x00002710, 
(argv8_0x90b9a40[0x00000003] @ (argv8_0x90b9a40[0x00000002] @ (argv8_0x90b9a40[0x00000001] @ argv8_0x90b9a40[0x00000000]
)
)
))
,0x00004E21)
 );
ASSERT( BVLT(BVPLUS(32, 
0x00002710, 
(argv9_0x90b8890[0x00000003] @ (argv9_0x90b8890[0x00000002] @ (argv9_0x90b8890[0x00000001] @ argv9_0x90b8890[0x00000000]
)
)
))
,0x00004E21)
 );
ASSERT( BVLT((argv10_0x90b9598[0x00000003] @ (argv10_0x90b9598[0x00000002] @ (argv10_0x90b9598[0x00000001] @ argv10_0x90b9598[0x00000000]
)
)
),0x00000003)
 );
ASSERT( BVLT(BVPLUS(32, 
0xFFFFFFFF, 
(argv11_0x90b8990[0x00000003] @ (argv11_0x90b8990[0x00000002] @ (argv11_0x90b8990[0x00000001] @ argv11_0x90b8990[0x00000000]
)
)
))
,0x00000002)
 );
ASSERT( BVLT((argv12_0x90b8ac8[0x00000003] @ (argv12_0x90b8ac8[0x00000002] @ (argv12_0x90b8ac8[0x00000001] @ argv12_0x90b8ac8[0x00000000]
)
)
),0x00000002)
 );
ASSERT( ( NOT( (0x00000000 = (argv2_0x90b8410[0x00000003] @ (argv2_0x90b8410[0x00000002] @ (argv2_0x90b8410[0x00000001] @ argv2_0x90b8410[0x00000000]
)
)
)
))) );
ASSERT( ( NOT( SBVLT(0x00000258,(argv5_0x90b8620[0x00000003] @ (argv5_0x90b8620[0x00000002] @ (argv5_0x90b8620[0x00000001] @ argv5_0x90b8620[0x00000000]
)
)
))
)) );
ASSERT( ( NOT( SBVLT((argv1_0x90becf0[0x00000003] @ (argv1_0x90becf0[0x00000002] @ (argv1_0x90becf0[0x00000001] @ argv1_0x90becf0[0x00000000]
)
)
),0x00000259)
)) );
ASSERT( (LET let_k_0 = (0x00000001 = (argv11_0x90b8990[0x00000003] @ (argv11_0x90b8990[0x00000002] @ (argv11_0x90b8990[0x00000001] @ argv11_0x90b8990[0x00000000]
)
)
)
) IN 
(( NOT( let_k_0)) OR (let_k_0 AND (( NOT( (0x00000000 = (argv3_0x90b96f0[0x00000003] @ (argv3_0x90b96f0[0x00000002] @ (argv3_0x90b96f0[0x00000001] @ argv3_0x90b96f0[0x00000000]
)
)
)
))) AND (0x00000000 = (argv10_0x90b9598[0x00000003] @ (argv10_0x90b9598[0x00000002] @ (argv10_0x90b9598[0x00000001] @ argv10_0x90b9598[0x00000000]
)
)
)
)
)
)
))  );
ASSERT( SBVLT((argv9_0x90b8890[0x00000003] @ (argv9_0x90b8890[0x00000002] @ (argv9_0x90b8890[0x00000001] @ argv9_0x90b8890[0x00000000]
)
)
),(argv8_0x90b9a40[0x00000003] @ (argv8_0x90b9a40[0x00000002] @ (argv8_0x90b9a40[0x00000001] @ argv8_0x90b9a40[0x00000000]
)
)
))
 );
ASSERT( SBVLT((argv4_0x90b8568[0x00000003] @ (argv4_0x90b8568[0x00000002] @ (argv4_0x90b8568[0x00000001] @ argv4_0x90b8568[0x00000000]
)
)
),(argv6_0x90b8698[0x00000003] @ (argv6_0x90b8698[0x00000002] @ (argv6_0x90b8698[0x00000001] @ argv6_0x90b8698[0x00000000]
)
)
))
 );
ASSERT( (0x00000001 = (argv7_0x90b8728[0x00000003] @ (argv7_0x90b8728[0x00000002] @ (argv7_0x90b8728[0x00000001] @ argv7_0x90b8728[0x00000000]
)
)
)
) );
ASSERT( SBVLT((argv9_0x90b8890[0x00000003] @ (argv9_0x90b8890[0x00000002] @ (argv9_0x90b8890[0x00000001] @ argv9_0x90b8890[0x00000000]
)
)
),0x000001F4)
 );
%----------------------------------------------------
QUERY( FALSE  );

#variable value:
output=:1
#constrains--stp:
__tmpInt8  : BITVECTOR(8);
__tmpInt16  : BITVECTOR(16);
__tmpInt32  : BITVECTOR(32);
__tmpInt64  : BITVECTOR(64);
argv7_0x90b8728  : ARRAY BITVECTOR(32) OF BITVECTOR(8);
argv2_0x90b8410  : ARRAY BITVECTOR(32) OF BITVECTOR(8);
argv3_0x90b96f0  : ARRAY BITVECTOR(32) OF BITVECTOR(8);
argv1_0x90becf0  : ARRAY BITVECTOR(32) OF BITVECTOR(8);
argv4_0x90b8568  : ARRAY BITVECTOR(32) OF BITVECTOR(8);
argv5_0x90b8620  : ARRAY BITVECTOR(32) OF BITVECTOR(8);
argv6_0x90b8698  : ARRAY BITVECTOR(32) OF BITVECTOR(8);
argv8_0x90b9a40  : ARRAY BITVECTOR(32) OF BITVECTOR(8);
argv9_0x90b8890  : ARRAY BITVECTOR(32) OF BITVECTOR(8);
argv10_0x90b9598  : ARRAY BITVECTOR(32) OF BITVECTOR(8);
argv11_0x90b8990  : ARRAY BITVECTOR(32) OF BITVECTOR(8);
argv12_0x90b8ac8  : ARRAY BITVECTOR(32) OF BITVECTOR(8);
%----------------------------------------------------
ASSERT( BVLT((argv2_0x90b8410[0x00000003] @ (argv2_0x90b8410[0x00000002] @ (argv2_0x90b8410[0x00000001] @ argv2_0x90b8410[0x00000000]
)
)
),0x00000002)
 );
ASSERT( BVLT((argv3_0x90b96f0[0x00000003] @ (argv3_0x90b96f0[0x00000002] @ (argv3_0x90b96f0[0x00000001] @ argv3_0x90b96f0[0x00000000]
)
)
),0x00000002)
 );
ASSERT( BVLT(BVPLUS(32, 
0x00002710, 
(argv1_0x90becf0[0x00000003] @ (argv1_0x90becf0[0x00000002] @ (argv1_0x90becf0[0x00000001] @ argv1_0x90becf0[0x00000000]
)
)
))
,0x00004E21)
 );
ASSERT( BVLT(BVPLUS(32, 
0x00002710, 
(argv4_0x90b8568[0x00000003] @ (argv4_0x90b8568[0x00000002] @ (argv4_0x90b8568[0x00000001] @ argv4_0x90b8568[0x00000000]
)
)
))
,0x00004E21)
 );
ASSERT( BVLT(BVPLUS(32, 
0x00002710, 
(argv5_0x90b8620[0x00000003] @ (argv5_0x90b8620[0x00000002] @ (argv5_0x90b8620[0x00000001] @ argv5_0x90b8620[0x00000000]
)
)
))
,0x00004E21)
 );
ASSERT( BVLT(BVPLUS(32, 
0x00002710, 
(argv6_0x90b8698[0x00000003] @ (argv6_0x90b8698[0x00000002] @ (argv6_0x90b8698[0x00000001] @ argv6_0x90b8698[0x00000000]
)
)
))
,0x00004E21)
 );
ASSERT( BVLT(BVPLUS(32, 
0x00002710, 
(argv8_0x90b9a40[0x00000003] @ (argv8_0x90b9a40[0x00000002] @ (argv8_0x90b9a40[0x00000001] @ argv8_0x90b9a40[0x00000000]
)
)
))
,0x00004E21)
 );
ASSERT( BVLT(BVPLUS(32, 
0x00002710, 
(argv9_0x90b8890[0x00000003] @ (argv9_0x90b8890[0x00000002] @ (argv9_0x90b8890[0x00000001] @ argv9_0x90b8890[0x00000000]
)
)
))
,0x00004E21)
 );
ASSERT( BVLT((argv10_0x90b9598[0x00000003] @ (argv10_0x90b9598[0x00000002] @ (argv10_0x90b9598[0x00000001] @ argv10_0x90b9598[0x00000000]
)
)
),0x00000003)
 );
ASSERT( BVLT(BVPLUS(32, 
0xFFFFFFFF, 
(argv11_0x90b8990[0x00000003] @ (argv11_0x90b8990[0x00000002] @ (argv11_0x90b8990[0x00000001] @ argv11_0x90b8990[0x00000000]
)
)
))
,0x00000002)
 );
ASSERT( BVLT((argv12_0x90b8ac8[0x00000003] @ (argv12_0x90b8ac8[0x00000002] @ (argv12_0x90b8ac8[0x00000001] @ argv12_0x90b8ac8[0x00000000]
)
)
),0x00000002)
 );
ASSERT( ( NOT( (0x00000000 = (argv2_0x90b8410[0x00000003] @ (argv2_0x90b8410[0x00000002] @ (argv2_0x90b8410[0x00000001] @ argv2_0x90b8410[0x00000000]
)
)
)
))) );
ASSERT( ( NOT( SBVLT(0x00000258,(argv5_0x90b8620[0x00000003] @ (argv5_0x90b8620[0x00000002] @ (argv5_0x90b8620[0x00000001] @ argv5_0x90b8620[0x00000000]
)
)
))
)) );
ASSERT( ( NOT( SBVLT((argv1_0x90becf0[0x00000003] @ (argv1_0x90becf0[0x00000002] @ (argv1_0x90becf0[0x00000001] @ argv1_0x90becf0[0x00000000]
)
)
),0x00000259)
)) );
ASSERT( (LET let_k_0 = (0x00000001 = (argv11_0x90b8990[0x00000003] @ (argv11_0x90b8990[0x00000002] @ (argv11_0x90b8990[0x00000001] @ argv11_0x90b8990[0x00000000]
)
)
)
) IN 
(( NOT( let_k_0)) OR (let_k_0 AND (( NOT( (0x00000000 = (argv3_0x90b96f0[0x00000003] @ (argv3_0x90b96f0[0x00000002] @ (argv3_0x90b96f0[0x00000001] @ argv3_0x90b96f0[0x00000000]
)
)
)
))) AND (0x00000000 = (argv10_0x90b9598[0x00000003] @ (argv10_0x90b9598[0x00000002] @ (argv10_0x90b9598[0x00000001] @ argv10_0x90b9598[0x00000000]
)
)
)
)
)
)
))  );
ASSERT( SBVLT((argv9_0x90b8890[0x00000003] @ (argv9_0x90b8890[0x00000002] @ (argv9_0x90b8890[0x00000001] @ argv9_0x90b8890[0x00000000]
)
)
),(argv8_0x90b9a40[0x00000003] @ (argv8_0x90b9a40[0x00000002] @ (argv8_0x90b9a40[0x00000001] @ argv8_0x90b9a40[0x00000000]
)
)
))
 );
ASSERT( SBVLT((argv4_0x90b8568[0x00000003] @ (argv4_0x90b8568[0x00000002] @ (argv4_0x90b8568[0x00000001] @ argv4_0x90b8568[0x00000000]
)
)
),(argv6_0x90b8698[0x00000003] @ (argv6_0x90b8698[0x00000002] @ (argv6_0x90b8698[0x00000001] @ argv6_0x90b8698[0x00000000]
)
)
))
 );
ASSERT( (0x00000000 = (argv7_0x90b8728[0x00000003] @ (argv7_0x90b8728[0x00000002] @ (argv7_0x90b8728[0x00000001] @ argv7_0x90b8728[0x00000000]
)
)
)
) );
ASSERT( SBVLT((argv9_0x90b8890[0x00000003] @ (argv9_0x90b8890[0x00000002] @ (argv9_0x90b8890[0x00000001] @ argv9_0x90b8890[0x00000000]
)
)
),0x00000190)
 );
%----------------------------------------------------
QUERY( FALSE  );

#variable value:
output=:1
#constrains--stp:
__tmpInt8  : BITVECTOR(8);
__tmpInt16  : BITVECTOR(16);
__tmpInt32  : BITVECTOR(32);
__tmpInt64  : BITVECTOR(64);
argv7_0x90b8728  : ARRAY BITVECTOR(32) OF BITVECTOR(8);
argv2_0x90b8410  : ARRAY BITVECTOR(32) OF BITVECTOR(8);
argv3_0x90b96f0  : ARRAY BITVECTOR(32) OF BITVECTOR(8);
argv1_0x90becf0  : ARRAY BITVECTOR(32) OF BITVECTOR(8);
argv4_0x90b8568  : ARRAY BITVECTOR(32) OF BITVECTOR(8);
argv5_0x90b8620  : ARRAY BITVECTOR(32) OF BITVECTOR(8);
argv6_0x90b8698  : ARRAY BITVECTOR(32) OF BITVECTOR(8);
argv8_0x90b9a40  : ARRAY BITVECTOR(32) OF BITVECTOR(8);
argv9_0x90b8890  : ARRAY BITVECTOR(32) OF BITVECTOR(8);
argv10_0x90b9598  : ARRAY BITVECTOR(32) OF BITVECTOR(8);
argv11_0x90b8990  : ARRAY BITVECTOR(32) OF BITVECTOR(8);
argv12_0x90b8ac8  : ARRAY BITVECTOR(32) OF BITVECTOR(8);
%----------------------------------------------------
ASSERT( BVLT((argv7_0x90b8728[0x00000003] @ (argv7_0x90b8728[0x00000002] @ (argv7_0x90b8728[0x00000001] @ argv7_0x90b8728[0x00000000]
)
)
),0x00000004)
 );
ASSERT( BVLT((argv2_0x90b8410[0x00000003] @ (argv2_0x90b8410[0x00000002] @ (argv2_0x90b8410[0x00000001] @ argv2_0x90b8410[0x00000000]
)
)
),0x00000002)
 );
ASSERT( BVLT((argv3_0x90b96f0[0x00000003] @ (argv3_0x90b96f0[0x00000002] @ (argv3_0x90b96f0[0x00000001] @ argv3_0x90b96f0[0x00000000]
)
)
),0x00000002)
 );
ASSERT( BVLT(BVPLUS(32, 
0x00002710, 
(argv1_0x90becf0[0x00000003] @ (argv1_0x90becf0[0x00000002] @ (argv1_0x90becf0[0x00000001] @ argv1_0x90becf0[0x00000000]
)
)
))
,0x00004E21)
 );
ASSERT( BVLT(BVPLUS(32, 
0x00002710, 
(argv4_0x90b8568[0x00000003] @ (argv4_0x90b8568[0x00000002] @ (argv4_0x90b8568[0x00000001] @ argv4_0x90b8568[0x00000000]
)
)
))
,0x00004E21)
 );
ASSERT( BVLT(BVPLUS(32, 
0x00002710, 
(argv5_0x90b8620[0x00000003] @ (argv5_0x90b8620[0x00000002] @ (argv5_0x90b8620[0x00000001] @ argv5_0x90b8620[0x00000000]
)
)
))
,0x00004E21)
 );
ASSERT( BVLT(BVPLUS(32, 
0x00002710, 
(argv6_0x90b8698[0x00000003] @ (argv6_0x90b8698[0x00000002] @ (argv6_0x90b8698[0x00000001] @ argv6_0x90b8698[0x00000000]
)
)
))
,0x00004E21)
 );
ASSERT( BVLT(BVPLUS(32, 
0x00002710, 
(argv8_0x90b9a40[0x00000003] @ (argv8_0x90b9a40[0x00000002] @ (argv8_0x90b9a40[0x00000001] @ argv8_0x90b9a40[0x00000000]
)
)
))
,0x00004E21)
 );
ASSERT( BVLT(BVPLUS(32, 
0x00002710, 
(argv9_0x90b8890[0x00000003] @ (argv9_0x90b8890[0x00000002] @ (argv9_0x90b8890[0x00000001] @ argv9_0x90b8890[0x00000000]
)
)
))
,0x00004E21)
 );
ASSERT( BVLT((argv10_0x90b9598[0x00000003] @ (argv10_0x90b9598[0x00000002] @ (argv10_0x90b9598[0x00000001] @ argv10_0x90b9598[0x00000000]
)
)
),0x00000003)
 );
ASSERT( BVLT(BVPLUS(32, 
0xFFFFFFFF, 
(argv11_0x90b8990[0x00000003] @ (argv11_0x90b8990[0x00000002] @ (argv11_0x90b8990[0x00000001] @ argv11_0x90b8990[0x00000000]
)
)
))
,0x00000002)
 );
ASSERT( BVLT((argv12_0x90b8ac8[0x00000003] @ (argv12_0x90b8ac8[0x00000002] @ (argv12_0x90b8ac8[0x00000001] @ argv12_0x90b8ac8[0x00000000]
)
)
),0x00000002)
 );
ASSERT( ( NOT( (0x00000000 = (argv2_0x90b8410[0x00000003] @ (argv2_0x90b8410[0x00000002] @ (argv2_0x90b8410[0x00000001] @ argv2_0x90b8410[0x00000000]
)
)
)
))) );
ASSERT( ( NOT( SBVLT(0x00000258,(argv5_0x90b8620[0x00000003] @ (argv5_0x90b8620[0x00000002] @ (argv5_0x90b8620[0x00000001] @ argv5_0x90b8620[0x00000000]
)
)
))
)) );
ASSERT( ( NOT( SBVLT((argv1_0x90becf0[0x00000003] @ (argv1_0x90becf0[0x00000002] @ (argv1_0x90becf0[0x00000001] @ argv1_0x90becf0[0x00000000]
)
)
),0x00000259)
)) );
ASSERT( (LET let_k_0 = (0x00000001 = (argv11_0x90b8990[0x00000003] @ (argv11_0x90b8990[0x00000002] @ (argv11_0x90b8990[0x00000001] @ argv11_0x90b8990[0x00000000]
)
)
)
) IN 
(( NOT( let_k_0)) OR (let_k_0 AND (( NOT( (0x00000000 = (argv3_0x90b96f0[0x00000003] @ (argv3_0x90b96f0[0x00000002] @ (argv3_0x90b96f0[0x00000001] @ argv3_0x90b96f0[0x00000000]
)
)
)
))) AND (0x00000000 = (argv10_0x90b9598[0x00000003] @ (argv10_0x90b9598[0x00000002] @ (argv10_0x90b9598[0x00000001] @ argv10_0x90b9598[0x00000000]
)
)
)
)
)
)
))  );
ASSERT( SBVLT((argv9_0x90b8890[0x00000003] @ (argv9_0x90b8890[0x00000002] @ (argv9_0x90b8890[0x00000001] @ argv9_0x90b8890[0x00000000]
)
)
),(argv8_0x90b9a40[0x00000003] @ (argv8_0x90b9a40[0x00000002] @ (argv8_0x90b9a40[0x00000001] @ argv8_0x90b9a40[0x00000000]
)
)
))
 );
ASSERT( SBVLT((argv4_0x90b8568[0x00000003] @ (argv4_0x90b8568[0x00000002] @ (argv4_0x90b8568[0x00000001] @ argv4_0x90b8568[0x00000000]
)
)
),(argv6_0x90b8698[0x00000003] @ (argv6_0x90b8698[0x00000002] @ (argv6_0x90b8698[0x00000001] @ argv6_0x90b8698[0x00000000]
)
)
))
 );
ASSERT( ( NOT( (0x00000000 = (argv7_0x90b8728[0x00000003] @ (argv7_0x90b8728[0x00000002] @ (argv7_0x90b8728[0x00000001] @ argv7_0x90b8728[0x00000000]
)
)
)
))) );
ASSERT( ( NOT( (0x00000001 = (argv7_0x90b8728[0x00000003] @ (argv7_0x90b8728[0x00000002] @ (argv7_0x90b8728[0x00000001] @ argv7_0x90b8728[0x00000000]
)
)
)
))) );
ASSERT( ( NOT( (0x00000002 = (argv7_0x90b8728[0x00000003] @ (argv7_0x90b8728[0x00000002] @ (argv7_0x90b8728[0x00000001] @ argv7_0x90b8728[0x00000000]
)
)
)
))) );
ASSERT( SBVLT((argv9_0x90b8890[0x00000003] @ (argv9_0x90b8890[0x00000002] @ (argv9_0x90b8890[0x00000001] @ argv9_0x90b8890[0x00000000]
)
)
),0x000002E4)
 );
%----------------------------------------------------
QUERY( FALSE  );

#variable value:
output=:1
#constrains--stp:
__tmpInt8  : BITVECTOR(8);
__tmpInt16  : BITVECTOR(16);
__tmpInt32  : BITVECTOR(32);
__tmpInt64  : BITVECTOR(64);
argv7_0x90b8728  : ARRAY BITVECTOR(32) OF BITVECTOR(8);
argv2_0x90b8410  : ARRAY BITVECTOR(32) OF BITVECTOR(8);
argv3_0x90b96f0  : ARRAY BITVECTOR(32) OF BITVECTOR(8);
argv1_0x90becf0  : ARRAY BITVECTOR(32) OF BITVECTOR(8);
argv4_0x90b8568  : ARRAY BITVECTOR(32) OF BITVECTOR(8);
argv5_0x90b8620  : ARRAY BITVECTOR(32) OF BITVECTOR(8);
argv6_0x90b8698  : ARRAY BITVECTOR(32) OF BITVECTOR(8);
argv8_0x90b9a40  : ARRAY BITVECTOR(32) OF BITVECTOR(8);
argv9_0x90b8890  : ARRAY BITVECTOR(32) OF BITVECTOR(8);
argv10_0x90b9598  : ARRAY BITVECTOR(32) OF BITVECTOR(8);
argv11_0x90b8990  : ARRAY BITVECTOR(32) OF BITVECTOR(8);
argv12_0x90b8ac8  : ARRAY BITVECTOR(32) OF BITVECTOR(8);
%----------------------------------------------------
ASSERT( BVLT((argv7_0x90b8728[0x00000003] @ (argv7_0x90b8728[0x00000002] @ (argv7_0x90b8728[0x00000001] @ argv7_0x90b8728[0x00000000]
)
)
),0x00000004)
 );
ASSERT( BVLT((argv2_0x90b8410[0x00000003] @ (argv2_0x90b8410[0x00000002] @ (argv2_0x90b8410[0x00000001] @ argv2_0x90b8410[0x00000000]
)
)
),0x00000002)
 );
ASSERT( BVLT((argv3_0x90b96f0[0x00000003] @ (argv3_0x90b96f0[0x00000002] @ (argv3_0x90b96f0[0x00000001] @ argv3_0x90b96f0[0x00000000]
)
)
),0x00000002)
 );
ASSERT( BVLT(BVPLUS(32, 
0x00002710, 
(argv1_0x90becf0[0x00000003] @ (argv1_0x90becf0[0x00000002] @ (argv1_0x90becf0[0x00000001] @ argv1_0x90becf0[0x00000000]
)
)
))
,0x00004E21)
 );
ASSERT( BVLT(BVPLUS(32, 
0x00002710, 
(argv4_0x90b8568[0x00000003] @ (argv4_0x90b8568[0x00000002] @ (argv4_0x90b8568[0x00000001] @ argv4_0x90b8568[0x00000000]
)
)
))
,0x00004E21)
 );
ASSERT( BVLT(BVPLUS(32, 
0x00002710, 
(argv5_0x90b8620[0x00000003] @ (argv5_0x90b8620[0x00000002] @ (argv5_0x90b8620[0x00000001] @ argv5_0x90b8620[0x00000000]
)
)
))
,0x00004E21)
 );
ASSERT( BVLT(BVPLUS(32, 
0x00002710, 
(argv6_0x90b8698[0x00000003] @ (argv6_0x90b8698[0x00000002] @ (argv6_0x90b8698[0x00000001] @ argv6_0x90b8698[0x00000000]
)
)
))
,0x00004E21)
 );
ASSERT( BVLT(BVPLUS(32, 
0x00002710, 
(argv8_0x90b9a40[0x00000003] @ (argv8_0x90b9a40[0x00000002] @ (argv8_0x90b9a40[0x00000001] @ argv8_0x90b9a40[0x00000000]
)
)
))
,0x00004E21)
 );
ASSERT( BVLT(BVPLUS(32, 
0x00002710, 
(argv9_0x90b8890[0x00000003] @ (argv9_0x90b8890[0x00000002] @ (argv9_0x90b8890[0x00000001] @ argv9_0x90b8890[0x00000000]
)
)
))
,0x00004E21)
 );
ASSERT( BVLT((argv10_0x90b9598[0x00000003] @ (argv10_0x90b9598[0x00000002] @ (argv10_0x90b9598[0x00000001] @ argv10_0x90b9598[0x00000000]
)
)
),0x00000003)
 );
ASSERT( BVLT(BVPLUS(32, 
0xFFFFFFFF, 
(argv11_0x90b8990[0x00000003] @ (argv11_0x90b8990[0x00000002] @ (argv11_0x90b8990[0x00000001] @ argv11_0x90b8990[0x00000000]
)
)
))
,0x00000002)
 );
ASSERT( BVLT((argv12_0x90b8ac8[0x00000003] @ (argv12_0x90b8ac8[0x00000002] @ (argv12_0x90b8ac8[0x00000001] @ argv12_0x90b8ac8[0x00000000]
)
)
),0x00000002)
 );
ASSERT( ( NOT( (0x00000000 = (argv2_0x90b8410[0x00000003] @ (argv2_0x90b8410[0x00000002] @ (argv2_0x90b8410[0x00000001] @ argv2_0x90b8410[0x00000000]
)
)
)
))) );
ASSERT( ( NOT( SBVLT(0x00000258,(argv5_0x90b8620[0x00000003] @ (argv5_0x90b8620[0x00000002] @ (argv5_0x90b8620[0x00000001] @ argv5_0x90b8620[0x00000000]
)
)
))
)) );
ASSERT( ( NOT( SBVLT((argv1_0x90becf0[0x00000003] @ (argv1_0x90becf0[0x00000002] @ (argv1_0x90becf0[0x00000001] @ argv1_0x90becf0[0x00000000]
)
)
),0x00000259)
)) );
ASSERT( (LET let_k_0 = (0x00000001 = (argv11_0x90b8990[0x00000003] @ (argv11_0x90b8990[0x00000002] @ (argv11_0x90b8990[0x00000001] @ argv11_0x90b8990[0x00000000]
)
)
)
) IN 
(( NOT( let_k_0)) OR (let_k_0 AND (( NOT( (0x00000000 = (argv3_0x90b96f0[0x00000003] @ (argv3_0x90b96f0[0x00000002] @ (argv3_0x90b96f0[0x00000001] @ argv3_0x90b96f0[0x00000000]
)
)
)
))) AND (0x00000000 = (argv10_0x90b9598[0x00000003] @ (argv10_0x90b9598[0x00000002] @ (argv10_0x90b9598[0x00000001] @ argv10_0x90b9598[0x00000000]
)
)
)
)
)
)
))  );
ASSERT( ( NOT( SBVLT((argv9_0x90b8890[0x00000003] @ (argv9_0x90b8890[0x00000002] @ (argv9_0x90b8890[0x00000001] @ argv9_0x90b8890[0x00000000]
)
)
),(argv8_0x90b9a40[0x00000003] @ (argv8_0x90b9a40[0x00000002] @ (argv8_0x90b9a40[0x00000001] @ argv8_0x90b9a40[0x00000000]
)
)
))
)) );
ASSERT( ( NOT( SBVLT((argv1_0x90becf0[0x00000003] @ (argv1_0x90becf0[0x00000002] @ (argv1_0x90becf0[0x00000001] @ argv1_0x90becf0[0x00000000]
)
)
),0x0000012C)
)) );
ASSERT( ( NOT( SBVLE((argv4_0x90b8568[0x00000003] @ (argv4_0x90b8568[0x00000002] @ (argv4_0x90b8568[0x00000001] @ argv4_0x90b8568[0x00000000]
)
)
),(argv6_0x90b8698[0x00000003] @ (argv6_0x90b8698[0x00000002] @ (argv6_0x90b8698[0x00000001] @ argv6_0x90b8698[0x00000000]
)
)
))
)) );
ASSERT( ( NOT( (0x00000000 = (argv7_0x90b8728[0x00000003] @ (argv7_0x90b8728[0x00000002] @ (argv7_0x90b8728[0x00000001] @ argv7_0x90b8728[0x00000000]
)
)
)
))) );
ASSERT( ( NOT( (0x00000001 = (argv7_0x90b8728[0x00000003] @ (argv7_0x90b8728[0x00000002] @ (argv7_0x90b8728[0x00000001] @ argv7_0x90b8728[0x00000000]
)
)
)
))) );
ASSERT( ( NOT( (0x00000002 = (argv7_0x90b8728[0x00000003] @ (argv7_0x90b8728[0x00000002] @ (argv7_0x90b8728[0x00000001] @ argv7_0x90b8728[0x00000000]
)
)
)
))) );
ASSERT( SBVLT((argv8_0x90b9a40[0x00000003] @ (argv8_0x90b9a40[0x00000002] @ (argv8_0x90b9a40[0x00000001] @ argv8_0x90b9a40[0x00000000]
)
)
),0x000002E4)
 );
%----------------------------------------------------
QUERY( FALSE  );

#variable value:
output=:0
#constrains--stp:
__tmpInt8  : BITVECTOR(8);
__tmpInt16  : BITVECTOR(16);
__tmpInt32  : BITVECTOR(32);
__tmpInt64  : BITVECTOR(64);
argv7_0x90b8728  : ARRAY BITVECTOR(32) OF BITVECTOR(8);
argv2_0x90b8410  : ARRAY BITVECTOR(32) OF BITVECTOR(8);
argv3_0x90b96f0  : ARRAY BITVECTOR(32) OF BITVECTOR(8);
argv1_0x90becf0  : ARRAY BITVECTOR(32) OF BITVECTOR(8);
argv4_0x90b8568  : ARRAY BITVECTOR(32) OF BITVECTOR(8);
argv5_0x90b8620  : ARRAY BITVECTOR(32) OF BITVECTOR(8);
argv6_0x90b8698  : ARRAY BITVECTOR(32) OF BITVECTOR(8);
argv8_0x90b9a40  : ARRAY BITVECTOR(32) OF BITVECTOR(8);
argv9_0x90b8890  : ARRAY BITVECTOR(32) OF BITVECTOR(8);
argv10_0x90b9598  : ARRAY BITVECTOR(32) OF BITVECTOR(8);
argv11_0x90b8990  : ARRAY BITVECTOR(32) OF BITVECTOR(8);
argv12_0x90b8ac8  : ARRAY BITVECTOR(32) OF BITVECTOR(8);
%----------------------------------------------------
ASSERT( BVLT((argv2_0x90b8410[0x00000003] @ (argv2_0x90b8410[0x00000002] @ (argv2_0x90b8410[0x00000001] @ argv2_0x90b8410[0x00000000]
)
)
),0x00000002)
 );
ASSERT( BVLT((argv3_0x90b96f0[0x00000003] @ (argv3_0x90b96f0[0x00000002] @ (argv3_0x90b96f0[0x00000001] @ argv3_0x90b96f0[0x00000000]
)
)
),0x00000002)
 );
ASSERT( BVLT(BVPLUS(32, 
0x00002710, 
(argv1_0x90becf0[0x00000003] @ (argv1_0x90becf0[0x00000002] @ (argv1_0x90becf0[0x00000001] @ argv1_0x90becf0[0x00000000]
)
)
))
,0x00004E21)
 );
ASSERT( BVLT(BVPLUS(32, 
0x00002710, 
(argv4_0x90b8568[0x00000003] @ (argv4_0x90b8568[0x00000002] @ (argv4_0x90b8568[0x00000001] @ argv4_0x90b8568[0x00000000]
)
)
))
,0x00004E21)
 );
ASSERT( BVLT(BVPLUS(32, 
0x00002710, 
(argv5_0x90b8620[0x00000003] @ (argv5_0x90b8620[0x00000002] @ (argv5_0x90b8620[0x00000001] @ argv5_0x90b8620[0x00000000]
)
)
))
,0x00004E21)
 );
ASSERT( BVLT(BVPLUS(32, 
0x00002710, 
(argv6_0x90b8698[0x00000003] @ (argv6_0x90b8698[0x00000002] @ (argv6_0x90b8698[0x00000001] @ argv6_0x90b8698[0x00000000]
)
)
))
,0x00004E21)
 );
ASSERT( BVLT(BVPLUS(32, 
0x00002710, 
(argv8_0x90b9a40[0x00000003] @ (argv8_0x90b9a40[0x00000002] @ (argv8_0x90b9a40[0x00000001] @ argv8_0x90b9a40[0x00000000]
)
)
))
,0x00004E21)
 );
ASSERT( BVLT(BVPLUS(32, 
0x00002710, 
(argv9_0x90b8890[0x00000003] @ (argv9_0x90b8890[0x00000002] @ (argv9_0x90b8890[0x00000001] @ argv9_0x90b8890[0x00000000]
)
)
))
,0x00004E21)
 );
ASSERT( BVLT((argv10_0x90b9598[0x00000003] @ (argv10_0x90b9598[0x00000002] @ (argv10_0x90b9598[0x00000001] @ argv10_0x90b9598[0x00000000]
)
)
),0x00000003)
 );
ASSERT( BVLT(BVPLUS(32, 
0xFFFFFFFF, 
(argv11_0x90b8990[0x00000003] @ (argv11_0x90b8990[0x00000002] @ (argv11_0x90b8990[0x00000001] @ argv11_0x90b8990[0x00000000]
)
)
))
,0x00000002)
 );
ASSERT( BVLT((argv12_0x90b8ac8[0x00000003] @ (argv12_0x90b8ac8[0x00000002] @ (argv12_0x90b8ac8[0x00000001] @ argv12_0x90b8ac8[0x00000000]
)
)
),0x00000002)
 );
ASSERT( ( NOT( (0x00000000 = (argv2_0x90b8410[0x00000003] @ (argv2_0x90b8410[0x00000002] @ (argv2_0x90b8410[0x00000001] @ argv2_0x90b8410[0x00000000]
)
)
)
))) );
ASSERT( ( NOT( SBVLT(0x00000258,(argv5_0x90b8620[0x00000003] @ (argv5_0x90b8620[0x00000002] @ (argv5_0x90b8620[0x00000001] @ argv5_0x90b8620[0x00000000]
)
)
))
)) );
ASSERT( ( NOT( SBVLT((argv1_0x90becf0[0x00000003] @ (argv1_0x90becf0[0x00000002] @ (argv1_0x90becf0[0x00000001] @ argv1_0x90becf0[0x00000000]
)
)
),0x00000259)
)) );
ASSERT( (LET let_k_0 = (0x00000001 = (argv11_0x90b8990[0x00000003] @ (argv11_0x90b8990[0x00000002] @ (argv11_0x90b8990[0x00000001] @ argv11_0x90b8990[0x00000000]
)
)
)
) IN 
(( NOT( let_k_0)) OR (let_k_0 AND (( NOT( (0x00000000 = (argv3_0x90b96f0[0x00000003] @ (argv3_0x90b96f0[0x00000002] @ (argv3_0x90b96f0[0x00000001] @ argv3_0x90b96f0[0x00000000]
)
)
)
))) AND (0x00000000 = (argv10_0x90b9598[0x00000003] @ (argv10_0x90b9598[0x00000002] @ (argv10_0x90b9598[0x00000001] @ argv10_0x90b9598[0x00000000]
)
)
)
)
)
)
))  );
ASSERT( ( NOT( SBVLT((argv9_0x90b8890[0x00000003] @ (argv9_0x90b8890[0x00000002] @ (argv9_0x90b8890[0x00000001] @ argv9_0x90b8890[0x00000000]
)
)
),(argv8_0x90b9a40[0x00000003] @ (argv8_0x90b9a40[0x00000002] @ (argv8_0x90b9a40[0x00000001] @ argv8_0x90b9a40[0x00000000]
)
)
))
)) );
ASSERT( ( NOT( SBVLT((argv1_0x90becf0[0x00000003] @ (argv1_0x90becf0[0x00000002] @ (argv1_0x90becf0[0x00000001] @ argv1_0x90becf0[0x00000000]
)
)
),0x0000012C)
)) );
ASSERT( ( NOT( SBVLE((argv4_0x90b8568[0x00000003] @ (argv4_0x90b8568[0x00000002] @ (argv4_0x90b8568[0x00000001] @ argv4_0x90b8568[0x00000000]
)
)
),(argv6_0x90b8698[0x00000003] @ (argv6_0x90b8698[0x00000002] @ (argv6_0x90b8698[0x00000001] @ argv6_0x90b8698[0x00000000]
)
)
))
)) );
ASSERT( (0x00000000 = (argv7_0x90b8728[0x00000003] @ (argv7_0x90b8728[0x00000002] @ (argv7_0x90b8728[0x00000001] @ argv7_0x90b8728[0x00000000]
)
)
)
) );
ASSERT( SBVLT((argv8_0x90b9a40[0x00000003] @ (argv8_0x90b9a40[0x00000002] @ (argv8_0x90b9a40[0x00000001] @ argv8_0x90b9a40[0x00000000]
)
)
),0x00000190)
 );
%----------------------------------------------------
QUERY( FALSE  );

#variable value:
output=:0
#constrains--stp:
__tmpInt8  : BITVECTOR(8);
__tmpInt16  : BITVECTOR(16);
__tmpInt32  : BITVECTOR(32);
__tmpInt64  : BITVECTOR(64);
argv7_0x90b8728  : ARRAY BITVECTOR(32) OF BITVECTOR(8);
argv2_0x90b8410  : ARRAY BITVECTOR(32) OF BITVECTOR(8);
argv3_0x90b96f0  : ARRAY BITVECTOR(32) OF BITVECTOR(8);
argv1_0x90becf0  : ARRAY BITVECTOR(32) OF BITVECTOR(8);
argv4_0x90b8568  : ARRAY BITVECTOR(32) OF BITVECTOR(8);
argv5_0x90b8620  : ARRAY BITVECTOR(32) OF BITVECTOR(8);
argv6_0x90b8698  : ARRAY BITVECTOR(32) OF BITVECTOR(8);
argv8_0x90b9a40  : ARRAY BITVECTOR(32) OF BITVECTOR(8);
argv9_0x90b8890  : ARRAY BITVECTOR(32) OF BITVECTOR(8);
argv10_0x90b9598  : ARRAY BITVECTOR(32) OF BITVECTOR(8);
argv11_0x90b8990  : ARRAY BITVECTOR(32) OF BITVECTOR(8);
argv12_0x90b8ac8  : ARRAY BITVECTOR(32) OF BITVECTOR(8);
%----------------------------------------------------
ASSERT( BVLT((argv2_0x90b8410[0x00000003] @ (argv2_0x90b8410[0x00000002] @ (argv2_0x90b8410[0x00000001] @ argv2_0x90b8410[0x00000000]
)
)
),0x00000002)
 );
ASSERT( BVLT((argv3_0x90b96f0[0x00000003] @ (argv3_0x90b96f0[0x00000002] @ (argv3_0x90b96f0[0x00000001] @ argv3_0x90b96f0[0x00000000]
)
)
),0x00000002)
 );
ASSERT( BVLT(BVPLUS(32, 
0x00002710, 
(argv1_0x90becf0[0x00000003] @ (argv1_0x90becf0[0x00000002] @ (argv1_0x90becf0[0x00000001] @ argv1_0x90becf0[0x00000000]
)
)
))
,0x00004E21)
 );
ASSERT( BVLT(BVPLUS(32, 
0x00002710, 
(argv4_0x90b8568[0x00000003] @ (argv4_0x90b8568[0x00000002] @ (argv4_0x90b8568[0x00000001] @ argv4_0x90b8568[0x00000000]
)
)
))
,0x00004E21)
 );
ASSERT( BVLT(BVPLUS(32, 
0x00002710, 
(argv5_0x90b8620[0x00000003] @ (argv5_0x90b8620[0x00000002] @ (argv5_0x90b8620[0x00000001] @ argv5_0x90b8620[0x00000000]
)
)
))
,0x00004E21)
 );
ASSERT( BVLT(BVPLUS(32, 
0x00002710, 
(argv6_0x90b8698[0x00000003] @ (argv6_0x90b8698[0x00000002] @ (argv6_0x90b8698[0x00000001] @ argv6_0x90b8698[0x00000000]
)
)
))
,0x00004E21)
 );
ASSERT( BVLT(BVPLUS(32, 
0x00002710, 
(argv8_0x90b9a40[0x00000003] @ (argv8_0x90b9a40[0x00000002] @ (argv8_0x90b9a40[0x00000001] @ argv8_0x90b9a40[0x00000000]
)
)
))
,0x00004E21)
 );
ASSERT( BVLT(BVPLUS(32, 
0x00002710, 
(argv9_0x90b8890[0x00000003] @ (argv9_0x90b8890[0x00000002] @ (argv9_0x90b8890[0x00000001] @ argv9_0x90b8890[0x00000000]
)
)
))
,0x00004E21)
 );
ASSERT( BVLT((argv10_0x90b9598[0x00000003] @ (argv10_0x90b9598[0x00000002] @ (argv10_0x90b9598[0x00000001] @ argv10_0x90b9598[0x00000000]
)
)
),0x00000003)
 );
ASSERT( BVLT(BVPLUS(32, 
0xFFFFFFFF, 
(argv11_0x90b8990[0x00000003] @ (argv11_0x90b8990[0x00000002] @ (argv11_0x90b8990[0x00000001] @ argv11_0x90b8990[0x00000000]
)
)
))
,0x00000002)
 );
ASSERT( BVLT((argv12_0x90b8ac8[0x00000003] @ (argv12_0x90b8ac8[0x00000002] @ (argv12_0x90b8ac8[0x00000001] @ argv12_0x90b8ac8[0x00000000]
)
)
),0x00000002)
 );
ASSERT( ( NOT( (0x00000000 = (argv2_0x90b8410[0x00000003] @ (argv2_0x90b8410[0x00000002] @ (argv2_0x90b8410[0x00000001] @ argv2_0x90b8410[0x00000000]
)
)
)
))) );
ASSERT( ( NOT( SBVLT(0x00000258,(argv5_0x90b8620[0x00000003] @ (argv5_0x90b8620[0x00000002] @ (argv5_0x90b8620[0x00000001] @ argv5_0x90b8620[0x00000000]
)
)
))
)) );
ASSERT( ( NOT( SBVLT((argv1_0x90becf0[0x00000003] @ (argv1_0x90becf0[0x00000002] @ (argv1_0x90becf0[0x00000001] @ argv1_0x90becf0[0x00000000]
)
)
),0x00000259)
)) );
ASSERT( (LET let_k_0 = (0x00000001 = (argv11_0x90b8990[0x00000003] @ (argv11_0x90b8990[0x00000002] @ (argv11_0x90b8990[0x00000001] @ argv11_0x90b8990[0x00000000]
)
)
)
) IN 
(( NOT( let_k_0)) OR (let_k_0 AND (( NOT( (0x00000000 = (argv3_0x90b96f0[0x00000003] @ (argv3_0x90b96f0[0x00000002] @ (argv3_0x90b96f0[0x00000001] @ argv3_0x90b96f0[0x00000000]
)
)
)
))) AND (0x00000000 = (argv10_0x90b9598[0x00000003] @ (argv10_0x90b9598[0x00000002] @ (argv10_0x90b9598[0x00000001] @ argv10_0x90b9598[0x00000000]
)
)
)
)
)
)
))  );
ASSERT( ( NOT( SBVLT((argv9_0x90b8890[0x00000003] @ (argv9_0x90b8890[0x00000002] @ (argv9_0x90b8890[0x00000001] @ argv9_0x90b8890[0x00000000]
)
)
),(argv8_0x90b9a40[0x00000003] @ (argv8_0x90b9a40[0x00000002] @ (argv8_0x90b9a40[0x00000001] @ argv8_0x90b9a40[0x00000000]
)
)
))
)) );
ASSERT( ( NOT( SBVLT((argv1_0x90becf0[0x00000003] @ (argv1_0x90becf0[0x00000002] @ (argv1_0x90becf0[0x00000001] @ argv1_0x90becf0[0x00000000]
)
)
),0x0000012C)
)) );
ASSERT( ( NOT( SBVLE((argv4_0x90b8568[0x00000003] @ (argv4_0x90b8568[0x00000002] @ (argv4_0x90b8568[0x00000001] @ argv4_0x90b8568[0x00000000]
)
)
),(argv6_0x90b8698[0x00000003] @ (argv6_0x90b8698[0x00000002] @ (argv6_0x90b8698[0x00000001] @ argv6_0x90b8698[0x00000000]
)
)
))
)) );
ASSERT( (0x00000001 = (argv7_0x90b8728[0x00000003] @ (argv7_0x90b8728[0x00000002] @ (argv7_0x90b8728[0x00000001] @ argv7_0x90b8728[0x00000000]
)
)
)
) );
ASSERT( SBVLT((argv8_0x90b9a40[0x00000003] @ (argv8_0x90b9a40[0x00000002] @ (argv8_0x90b9a40[0x00000001] @ argv8_0x90b9a40[0x00000000]
)
)
),0x000001F4)
 );
%----------------------------------------------------
QUERY( FALSE  );

#variable value:
output=:0
#constrains--stp:
__tmpInt8  : BITVECTOR(8);
__tmpInt16  : BITVECTOR(16);
__tmpInt32  : BITVECTOR(32);
__tmpInt64  : BITVECTOR(64);
argv7_0x90b8728  : ARRAY BITVECTOR(32) OF BITVECTOR(8);
argv2_0x90b8410  : ARRAY BITVECTOR(32) OF BITVECTOR(8);
argv3_0x90b96f0  : ARRAY BITVECTOR(32) OF BITVECTOR(8);
argv1_0x90becf0  : ARRAY BITVECTOR(32) OF BITVECTOR(8);
argv4_0x90b8568  : ARRAY BITVECTOR(32) OF BITVECTOR(8);
argv5_0x90b8620  : ARRAY BITVECTOR(32) OF BITVECTOR(8);
argv6_0x90b8698  : ARRAY BITVECTOR(32) OF BITVECTOR(8);
argv8_0x90b9a40  : ARRAY BITVECTOR(32) OF BITVECTOR(8);
argv9_0x90b8890  : ARRAY BITVECTOR(32) OF BITVECTOR(8);
argv10_0x90b9598  : ARRAY BITVECTOR(32) OF BITVECTOR(8);
argv11_0x90b8990  : ARRAY BITVECTOR(32) OF BITVECTOR(8);
argv12_0x90b8ac8  : ARRAY BITVECTOR(32) OF BITVECTOR(8);
%----------------------------------------------------
ASSERT( BVLT((argv2_0x90b8410[0x00000003] @ (argv2_0x90b8410[0x00000002] @ (argv2_0x90b8410[0x00000001] @ argv2_0x90b8410[0x00000000]
)
)
),0x00000002)
 );
ASSERT( BVLT((argv3_0x90b96f0[0x00000003] @ (argv3_0x90b96f0[0x00000002] @ (argv3_0x90b96f0[0x00000001] @ argv3_0x90b96f0[0x00000000]
)
)
),0x00000002)
 );
ASSERT( BVLT(BVPLUS(32, 
0x00002710, 
(argv1_0x90becf0[0x00000003] @ (argv1_0x90becf0[0x00000002] @ (argv1_0x90becf0[0x00000001] @ argv1_0x90becf0[0x00000000]
)
)
))
,0x00004E21)
 );
ASSERT( BVLT(BVPLUS(32, 
0x00002710, 
(argv4_0x90b8568[0x00000003] @ (argv4_0x90b8568[0x00000002] @ (argv4_0x90b8568[0x00000001] @ argv4_0x90b8568[0x00000000]
)
)
))
,0x00004E21)
 );
ASSERT( BVLT(BVPLUS(32, 
0x00002710, 
(argv5_0x90b8620[0x00000003] @ (argv5_0x90b8620[0x00000002] @ (argv5_0x90b8620[0x00000001] @ argv5_0x90b8620[0x00000000]
)
)
))
,0x00004E21)
 );
ASSERT( BVLT(BVPLUS(32, 
0x00002710, 
(argv6_0x90b8698[0x00000003] @ (argv6_0x90b8698[0x00000002] @ (argv6_0x90b8698[0x00000001] @ argv6_0x90b8698[0x00000000]
)
)
))
,0x00004E21)
 );
ASSERT( BVLT(BVPLUS(32, 
0x00002710, 
(argv8_0x90b9a40[0x00000003] @ (argv8_0x90b9a40[0x00000002] @ (argv8_0x90b9a40[0x00000001] @ argv8_0x90b9a40[0x00000000]
)
)
))
,0x00004E21)
 );
ASSERT( BVLT(BVPLUS(32, 
0x00002710, 
(argv9_0x90b8890[0x00000003] @ (argv9_0x90b8890[0x00000002] @ (argv9_0x90b8890[0x00000001] @ argv9_0x90b8890[0x00000000]
)
)
))
,0x00004E21)
 );
ASSERT( BVLT((argv10_0x90b9598[0x00000003] @ (argv10_0x90b9598[0x00000002] @ (argv10_0x90b9598[0x00000001] @ argv10_0x90b9598[0x00000000]
)
)
),0x00000003)
 );
ASSERT( BVLT(BVPLUS(32, 
0xFFFFFFFF, 
(argv11_0x90b8990[0x00000003] @ (argv11_0x90b8990[0x00000002] @ (argv11_0x90b8990[0x00000001] @ argv11_0x90b8990[0x00000000]
)
)
))
,0x00000002)
 );
ASSERT( BVLT((argv12_0x90b8ac8[0x00000003] @ (argv12_0x90b8ac8[0x00000002] @ (argv12_0x90b8ac8[0x00000001] @ argv12_0x90b8ac8[0x00000000]
)
)
),0x00000002)
 );
ASSERT( ( NOT( (0x00000000 = (argv2_0x90b8410[0x00000003] @ (argv2_0x90b8410[0x00000002] @ (argv2_0x90b8410[0x00000001] @ argv2_0x90b8410[0x00000000]
)
)
)
))) );
ASSERT( ( NOT( SBVLT(0x00000258,(argv5_0x90b8620[0x00000003] @ (argv5_0x90b8620[0x00000002] @ (argv5_0x90b8620[0x00000001] @ argv5_0x90b8620[0x00000000]
)
)
))
)) );
ASSERT( ( NOT( SBVLT((argv1_0x90becf0[0x00000003] @ (argv1_0x90becf0[0x00000002] @ (argv1_0x90becf0[0x00000001] @ argv1_0x90becf0[0x00000000]
)
)
),0x00000259)
)) );
ASSERT( (LET let_k_0 = (0x00000001 = (argv11_0x90b8990[0x00000003] @ (argv11_0x90b8990[0x00000002] @ (argv11_0x90b8990[0x00000001] @ argv11_0x90b8990[0x00000000]
)
)
)
) IN 
(( NOT( let_k_0)) OR (let_k_0 AND (( NOT( (0x00000000 = (argv3_0x90b96f0[0x00000003] @ (argv3_0x90b96f0[0x00000002] @ (argv3_0x90b96f0[0x00000001] @ argv3_0x90b96f0[0x00000000]
)
)
)
))) AND (0x00000000 = (argv10_0x90b9598[0x00000003] @ (argv10_0x90b9598[0x00000002] @ (argv10_0x90b9598[0x00000001] @ argv10_0x90b9598[0x00000000]
)
)
)
)
)
)
))  );
ASSERT( SBVLT((argv9_0x90b8890[0x00000003] @ (argv9_0x90b8890[0x00000002] @ (argv9_0x90b8890[0x00000001] @ argv9_0x90b8890[0x00000000]
)
)
),(argv8_0x90b9a40[0x00000003] @ (argv8_0x90b9a40[0x00000002] @ (argv8_0x90b9a40[0x00000001] @ argv8_0x90b9a40[0x00000000]
)
)
))
 );
ASSERT( SBVLT((argv4_0x90b8568[0x00000003] @ (argv4_0x90b8568[0x00000002] @ (argv4_0x90b8568[0x00000001] @ argv4_0x90b8568[0x00000000]
)
)
),(argv6_0x90b8698[0x00000003] @ (argv6_0x90b8698[0x00000002] @ (argv6_0x90b8698[0x00000001] @ argv6_0x90b8698[0x00000000]
)
)
))
 );
ASSERT( (0x00000000 = (argv7_0x90b8728[0x00000003] @ (argv7_0x90b8728[0x00000002] @ (argv7_0x90b8728[0x00000001] @ argv7_0x90b8728[0x00000000]
)
)
)
) );
ASSERT( ( NOT( SBVLT((argv9_0x90b8890[0x00000003] @ (argv9_0x90b8890[0x00000002] @ (argv9_0x90b8890[0x00000001] @ argv9_0x90b8890[0x00000000]
)
)
),0x00000190)
)) );
%----------------------------------------------------
QUERY( FALSE  );

#variable value:
output=:0
#constrains--stp:
__tmpInt8  : BITVECTOR(8);
__tmpInt16  : BITVECTOR(16);
__tmpInt32  : BITVECTOR(32);
__tmpInt64  : BITVECTOR(64);
argv7_0x90b8728  : ARRAY BITVECTOR(32) OF BITVECTOR(8);
argv2_0x90b8410  : ARRAY BITVECTOR(32) OF BITVECTOR(8);
argv3_0x90b96f0  : ARRAY BITVECTOR(32) OF BITVECTOR(8);
argv1_0x90becf0  : ARRAY BITVECTOR(32) OF BITVECTOR(8);
argv4_0x90b8568  : ARRAY BITVECTOR(32) OF BITVECTOR(8);
argv5_0x90b8620  : ARRAY BITVECTOR(32) OF BITVECTOR(8);
argv6_0x90b8698  : ARRAY BITVECTOR(32) OF BITVECTOR(8);
argv8_0x90b9a40  : ARRAY BITVECTOR(32) OF BITVECTOR(8);
argv9_0x90b8890  : ARRAY BITVECTOR(32) OF BITVECTOR(8);
argv10_0x90b9598  : ARRAY BITVECTOR(32) OF BITVECTOR(8);
argv11_0x90b8990  : ARRAY BITVECTOR(32) OF BITVECTOR(8);
argv12_0x90b8ac8  : ARRAY BITVECTOR(32) OF BITVECTOR(8);
%----------------------------------------------------
ASSERT( BVLT((argv7_0x90b8728[0x00000003] @ (argv7_0x90b8728[0x00000002] @ (argv7_0x90b8728[0x00000001] @ argv7_0x90b8728[0x00000000]
)
)
),0x00000004)
 );
ASSERT( BVLT((argv2_0x90b8410[0x00000003] @ (argv2_0x90b8410[0x00000002] @ (argv2_0x90b8410[0x00000001] @ argv2_0x90b8410[0x00000000]
)
)
),0x00000002)
 );
ASSERT( BVLT((argv3_0x90b96f0[0x00000003] @ (argv3_0x90b96f0[0x00000002] @ (argv3_0x90b96f0[0x00000001] @ argv3_0x90b96f0[0x00000000]
)
)
),0x00000002)
 );
ASSERT( BVLT(BVPLUS(32, 
0x00002710, 
(argv1_0x90becf0[0x00000003] @ (argv1_0x90becf0[0x00000002] @ (argv1_0x90becf0[0x00000001] @ argv1_0x90becf0[0x00000000]
)
)
))
,0x00004E21)
 );
ASSERT( BVLT(BVPLUS(32, 
0x00002710, 
(argv4_0x90b8568[0x00000003] @ (argv4_0x90b8568[0x00000002] @ (argv4_0x90b8568[0x00000001] @ argv4_0x90b8568[0x00000000]
)
)
))
,0x00004E21)
 );
ASSERT( BVLT(BVPLUS(32, 
0x00002710, 
(argv5_0x90b8620[0x00000003] @ (argv5_0x90b8620[0x00000002] @ (argv5_0x90b8620[0x00000001] @ argv5_0x90b8620[0x00000000]
)
)
))
,0x00004E21)
 );
ASSERT( BVLT(BVPLUS(32, 
0x00002710, 
(argv6_0x90b8698[0x00000003] @ (argv6_0x90b8698[0x00000002] @ (argv6_0x90b8698[0x00000001] @ argv6_0x90b8698[0x00000000]
)
)
))
,0x00004E21)
 );
ASSERT( BVLT(BVPLUS(32, 
0x00002710, 
(argv8_0x90b9a40[0x00000003] @ (argv8_0x90b9a40[0x00000002] @ (argv8_0x90b9a40[0x00000001] @ argv8_0x90b9a40[0x00000000]
)
)
))
,0x00004E21)
 );
ASSERT( BVLT(BVPLUS(32, 
0x00002710, 
(argv9_0x90b8890[0x00000003] @ (argv9_0x90b8890[0x00000002] @ (argv9_0x90b8890[0x00000001] @ argv9_0x90b8890[0x00000000]
)
)
))
,0x00004E21)
 );
ASSERT( BVLT((argv10_0x90b9598[0x00000003] @ (argv10_0x90b9598[0x00000002] @ (argv10_0x90b9598[0x00000001] @ argv10_0x90b9598[0x00000000]
)
)
),0x00000003)
 );
ASSERT( BVLT(BVPLUS(32, 
0xFFFFFFFF, 
(argv11_0x90b8990[0x00000003] @ (argv11_0x90b8990[0x00000002] @ (argv11_0x90b8990[0x00000001] @ argv11_0x90b8990[0x00000000]
)
)
))
,0x00000002)
 );
ASSERT( BVLT((argv12_0x90b8ac8[0x00000003] @ (argv12_0x90b8ac8[0x00000002] @ (argv12_0x90b8ac8[0x00000001] @ argv12_0x90b8ac8[0x00000000]
)
)
),0x00000002)
 );
ASSERT( ( NOT( (0x00000000 = (argv2_0x90b8410[0x00000003] @ (argv2_0x90b8410[0x00000002] @ (argv2_0x90b8410[0x00000001] @ argv2_0x90b8410[0x00000000]
)
)
)
))) );
ASSERT( ( NOT( SBVLT(0x00000258,(argv5_0x90b8620[0x00000003] @ (argv5_0x90b8620[0x00000002] @ (argv5_0x90b8620[0x00000001] @ argv5_0x90b8620[0x00000000]
)
)
))
)) );
ASSERT( ( NOT( SBVLT((argv1_0x90becf0[0x00000003] @ (argv1_0x90becf0[0x00000002] @ (argv1_0x90becf0[0x00000001] @ argv1_0x90becf0[0x00000000]
)
)
),0x00000259)
)) );
ASSERT( (LET let_k_0 = (0x00000001 = (argv11_0x90b8990[0x00000003] @ (argv11_0x90b8990[0x00000002] @ (argv11_0x90b8990[0x00000001] @ argv11_0x90b8990[0x00000000]
)
)
)
) IN 
(( NOT( let_k_0)) OR (let_k_0 AND (( NOT( (0x00000000 = (argv3_0x90b96f0[0x00000003] @ (argv3_0x90b96f0[0x00000002] @ (argv3_0x90b96f0[0x00000001] @ argv3_0x90b96f0[0x00000000]
)
)
)
))) AND (0x00000000 = (argv10_0x90b9598[0x00000003] @ (argv10_0x90b9598[0x00000002] @ (argv10_0x90b9598[0x00000001] @ argv10_0x90b9598[0x00000000]
)
)
)
)
)
)
))  );
ASSERT( SBVLT((argv9_0x90b8890[0x00000003] @ (argv9_0x90b8890[0x00000002] @ (argv9_0x90b8890[0x00000001] @ argv9_0x90b8890[0x00000000]
)
)
),(argv8_0x90b9a40[0x00000003] @ (argv8_0x90b9a40[0x00000002] @ (argv8_0x90b9a40[0x00000001] @ argv8_0x90b9a40[0x00000000]
)
)
))
 );
ASSERT( SBVLT((argv4_0x90b8568[0x00000003] @ (argv4_0x90b8568[0x00000002] @ (argv4_0x90b8568[0x00000001] @ argv4_0x90b8568[0x00000000]
)
)
),(argv6_0x90b8698[0x00000003] @ (argv6_0x90b8698[0x00000002] @ (argv6_0x90b8698[0x00000001] @ argv6_0x90b8698[0x00000000]
)
)
))
 );
ASSERT( ( NOT( (0x00000000 = (argv7_0x90b8728[0x00000003] @ (argv7_0x90b8728[0x00000002] @ (argv7_0x90b8728[0x00000001] @ argv7_0x90b8728[0x00000000]
)
)
)
))) );
ASSERT( ( NOT( (0x00000001 = (argv7_0x90b8728[0x00000003] @ (argv7_0x90b8728[0x00000002] @ (argv7_0x90b8728[0x00000001] @ argv7_0x90b8728[0x00000000]
)
)
)
))) );
ASSERT( ( NOT( (0x00000002 = (argv7_0x90b8728[0x00000003] @ (argv7_0x90b8728[0x00000002] @ (argv7_0x90b8728[0x00000001] @ argv7_0x90b8728[0x00000000]
)
)
)
))) );
ASSERT( ( NOT( SBVLT((argv9_0x90b8890[0x00000003] @ (argv9_0x90b8890[0x00000002] @ (argv9_0x90b8890[0x00000001] @ argv9_0x90b8890[0x00000000]
)
)
),0x000002E4)
)) );
%----------------------------------------------------
QUERY( FALSE  );

#variable value:
output=:0
#constrains--stp:
__tmpInt8  : BITVECTOR(8);
__tmpInt16  : BITVECTOR(16);
__tmpInt32  : BITVECTOR(32);
__tmpInt64  : BITVECTOR(64);
argv7_0x90b8728  : ARRAY BITVECTOR(32) OF BITVECTOR(8);
argv2_0x90b8410  : ARRAY BITVECTOR(32) OF BITVECTOR(8);
argv3_0x90b96f0  : ARRAY BITVECTOR(32) OF BITVECTOR(8);
argv1_0x90becf0  : ARRAY BITVECTOR(32) OF BITVECTOR(8);
argv4_0x90b8568  : ARRAY BITVECTOR(32) OF BITVECTOR(8);
argv5_0x90b8620  : ARRAY BITVECTOR(32) OF BITVECTOR(8);
argv6_0x90b8698  : ARRAY BITVECTOR(32) OF BITVECTOR(8);
argv8_0x90b9a40  : ARRAY BITVECTOR(32) OF BITVECTOR(8);
argv9_0x90b8890  : ARRAY BITVECTOR(32) OF BITVECTOR(8);
argv10_0x90b9598  : ARRAY BITVECTOR(32) OF BITVECTOR(8);
argv11_0x90b8990  : ARRAY BITVECTOR(32) OF BITVECTOR(8);
argv12_0x90b8ac8  : ARRAY BITVECTOR(32) OF BITVECTOR(8);
%----------------------------------------------------
ASSERT( BVLT((argv2_0x90b8410[0x00000003] @ (argv2_0x90b8410[0x00000002] @ (argv2_0x90b8410[0x00000001] @ argv2_0x90b8410[0x00000000]
)
)
),0x00000002)
 );
ASSERT( BVLT((argv3_0x90b96f0[0x00000003] @ (argv3_0x90b96f0[0x00000002] @ (argv3_0x90b96f0[0x00000001] @ argv3_0x90b96f0[0x00000000]
)
)
),0x00000002)
 );
ASSERT( BVLT(BVPLUS(32, 
0x00002710, 
(argv1_0x90becf0[0x00000003] @ (argv1_0x90becf0[0x00000002] @ (argv1_0x90becf0[0x00000001] @ argv1_0x90becf0[0x00000000]
)
)
))
,0x00004E21)
 );
ASSERT( BVLT(BVPLUS(32, 
0x00002710, 
(argv4_0x90b8568[0x00000003] @ (argv4_0x90b8568[0x00000002] @ (argv4_0x90b8568[0x00000001] @ argv4_0x90b8568[0x00000000]
)
)
))
,0x00004E21)
 );
ASSERT( BVLT(BVPLUS(32, 
0x00002710, 
(argv5_0x90b8620[0x00000003] @ (argv5_0x90b8620[0x00000002] @ (argv5_0x90b8620[0x00000001] @ argv5_0x90b8620[0x00000000]
)
)
))
,0x00004E21)
 );
ASSERT( BVLT(BVPLUS(32, 
0x00002710, 
(argv6_0x90b8698[0x00000003] @ (argv6_0x90b8698[0x00000002] @ (argv6_0x90b8698[0x00000001] @ argv6_0x90b8698[0x00000000]
)
)
))
,0x00004E21)
 );
ASSERT( BVLT(BVPLUS(32, 
0x00002710, 
(argv8_0x90b9a40[0x00000003] @ (argv8_0x90b9a40[0x00000002] @ (argv8_0x90b9a40[0x00000001] @ argv8_0x90b9a40[0x00000000]
)
)
))
,0x00004E21)
 );
ASSERT( BVLT(BVPLUS(32, 
0x00002710, 
(argv9_0x90b8890[0x00000003] @ (argv9_0x90b8890[0x00000002] @ (argv9_0x90b8890[0x00000001] @ argv9_0x90b8890[0x00000000]
)
)
))
,0x00004E21)
 );
ASSERT( BVLT((argv10_0x90b9598[0x00000003] @ (argv10_0x90b9598[0x00000002] @ (argv10_0x90b9598[0x00000001] @ argv10_0x90b9598[0x00000000]
)
)
),0x00000003)
 );
ASSERT( BVLT(BVPLUS(32, 
0xFFFFFFFF, 
(argv11_0x90b8990[0x00000003] @ (argv11_0x90b8990[0x00000002] @ (argv11_0x90b8990[0x00000001] @ argv11_0x90b8990[0x00000000]
)
)
))
,0x00000002)
 );
ASSERT( BVLT((argv12_0x90b8ac8[0x00000003] @ (argv12_0x90b8ac8[0x00000002] @ (argv12_0x90b8ac8[0x00000001] @ argv12_0x90b8ac8[0x00000000]
)
)
),0x00000002)
 );
ASSERT( ( NOT( (0x00000000 = (argv2_0x90b8410[0x00000003] @ (argv2_0x90b8410[0x00000002] @ (argv2_0x90b8410[0x00000001] @ argv2_0x90b8410[0x00000000]
)
)
)
))) );
ASSERT( ( NOT( SBVLT(0x00000258,(argv5_0x90b8620[0x00000003] @ (argv5_0x90b8620[0x00000002] @ (argv5_0x90b8620[0x00000001] @ argv5_0x90b8620[0x00000000]
)
)
))
)) );
ASSERT( ( NOT( SBVLT((argv1_0x90becf0[0x00000003] @ (argv1_0x90becf0[0x00000002] @ (argv1_0x90becf0[0x00000001] @ argv1_0x90becf0[0x00000000]
)
)
),0x00000259)
)) );
ASSERT( (LET let_k_0 = (0x00000001 = (argv11_0x90b8990[0x00000003] @ (argv11_0x90b8990[0x00000002] @ (argv11_0x90b8990[0x00000001] @ argv11_0x90b8990[0x00000000]
)
)
)
) IN 
(( NOT( let_k_0)) OR (let_k_0 AND (( NOT( (0x00000000 = (argv3_0x90b96f0[0x00000003] @ (argv3_0x90b96f0[0x00000002] @ (argv3_0x90b96f0[0x00000001] @ argv3_0x90b96f0[0x00000000]
)
)
)
))) AND (0x00000000 = (argv10_0x90b9598[0x00000003] @ (argv10_0x90b9598[0x00000002] @ (argv10_0x90b9598[0x00000001] @ argv10_0x90b9598[0x00000000]
)
)
)
)
)
)
))  );
ASSERT( SBVLT((argv9_0x90b8890[0x00000003] @ (argv9_0x90b8890[0x00000002] @ (argv9_0x90b8890[0x00000001] @ argv9_0x90b8890[0x00000000]
)
)
),(argv8_0x90b9a40[0x00000003] @ (argv8_0x90b9a40[0x00000002] @ (argv8_0x90b9a40[0x00000001] @ argv8_0x90b9a40[0x00000000]
)
)
))
 );
ASSERT( SBVLT((argv4_0x90b8568[0x00000003] @ (argv4_0x90b8568[0x00000002] @ (argv4_0x90b8568[0x00000001] @ argv4_0x90b8568[0x00000000]
)
)
),(argv6_0x90b8698[0x00000003] @ (argv6_0x90b8698[0x00000002] @ (argv6_0x90b8698[0x00000001] @ argv6_0x90b8698[0x00000000]
)
)
))
 );
ASSERT( (0x00000002 = (argv7_0x90b8728[0x00000003] @ (argv7_0x90b8728[0x00000002] @ (argv7_0x90b8728[0x00000001] @ argv7_0x90b8728[0x00000000]
)
)
)
) );
ASSERT( SBVLT((argv9_0x90b8890[0x00000003] @ (argv9_0x90b8890[0x00000002] @ (argv9_0x90b8890[0x00000001] @ argv9_0x90b8890[0x00000000]
)
)
),0x00000280)
 );
%----------------------------------------------------
QUERY( FALSE  );

#variable value:
output=:1
#constrains--stp:
__tmpInt8  : BITVECTOR(8);
__tmpInt16  : BITVECTOR(16);
__tmpInt32  : BITVECTOR(32);
__tmpInt64  : BITVECTOR(64);
argv7_0x90b8728  : ARRAY BITVECTOR(32) OF BITVECTOR(8);
argv2_0x90b8410  : ARRAY BITVECTOR(32) OF BITVECTOR(8);
argv3_0x90b96f0  : ARRAY BITVECTOR(32) OF BITVECTOR(8);
argv1_0x90becf0  : ARRAY BITVECTOR(32) OF BITVECTOR(8);
argv4_0x90b8568  : ARRAY BITVECTOR(32) OF BITVECTOR(8);
argv5_0x90b8620  : ARRAY BITVECTOR(32) OF BITVECTOR(8);
argv6_0x90b8698  : ARRAY BITVECTOR(32) OF BITVECTOR(8);
argv8_0x90b9a40  : ARRAY BITVECTOR(32) OF BITVECTOR(8);
argv9_0x90b8890  : ARRAY BITVECTOR(32) OF BITVECTOR(8);
argv10_0x90b9598  : ARRAY BITVECTOR(32) OF BITVECTOR(8);
argv11_0x90b8990  : ARRAY BITVECTOR(32) OF BITVECTOR(8);
argv12_0x90b8ac8  : ARRAY BITVECTOR(32) OF BITVECTOR(8);
%----------------------------------------------------
ASSERT( BVLT((argv2_0x90b8410[0x00000003] @ (argv2_0x90b8410[0x00000002] @ (argv2_0x90b8410[0x00000001] @ argv2_0x90b8410[0x00000000]
)
)
),0x00000002)
 );
ASSERT( BVLT((argv3_0x90b96f0[0x00000003] @ (argv3_0x90b96f0[0x00000002] @ (argv3_0x90b96f0[0x00000001] @ argv3_0x90b96f0[0x00000000]
)
)
),0x00000002)
 );
ASSERT( BVLT(BVPLUS(32, 
0x00002710, 
(argv1_0x90becf0[0x00000003] @ (argv1_0x90becf0[0x00000002] @ (argv1_0x90becf0[0x00000001] @ argv1_0x90becf0[0x00000000]
)
)
))
,0x00004E21)
 );
ASSERT( BVLT(BVPLUS(32, 
0x00002710, 
(argv4_0x90b8568[0x00000003] @ (argv4_0x90b8568[0x00000002] @ (argv4_0x90b8568[0x00000001] @ argv4_0x90b8568[0x00000000]
)
)
))
,0x00004E21)
 );
ASSERT( BVLT(BVPLUS(32, 
0x00002710, 
(argv5_0x90b8620[0x00000003] @ (argv5_0x90b8620[0x00000002] @ (argv5_0x90b8620[0x00000001] @ argv5_0x90b8620[0x00000000]
)
)
))
,0x00004E21)
 );
ASSERT( BVLT(BVPLUS(32, 
0x00002710, 
(argv6_0x90b8698[0x00000003] @ (argv6_0x90b8698[0x00000002] @ (argv6_0x90b8698[0x00000001] @ argv6_0x90b8698[0x00000000]
)
)
))
,0x00004E21)
 );
ASSERT( BVLT(BVPLUS(32, 
0x00002710, 
(argv8_0x90b9a40[0x00000003] @ (argv8_0x90b9a40[0x00000002] @ (argv8_0x90b9a40[0x00000001] @ argv8_0x90b9a40[0x00000000]
)
)
))
,0x00004E21)
 );
ASSERT( BVLT(BVPLUS(32, 
0x00002710, 
(argv9_0x90b8890[0x00000003] @ (argv9_0x90b8890[0x00000002] @ (argv9_0x90b8890[0x00000001] @ argv9_0x90b8890[0x00000000]
)
)
))
,0x00004E21)
 );
ASSERT( BVLT((argv10_0x90b9598[0x00000003] @ (argv10_0x90b9598[0x00000002] @ (argv10_0x90b9598[0x00000001] @ argv10_0x90b9598[0x00000000]
)
)
),0x00000003)
 );
ASSERT( BVLT(BVPLUS(32, 
0xFFFFFFFF, 
(argv11_0x90b8990[0x00000003] @ (argv11_0x90b8990[0x00000002] @ (argv11_0x90b8990[0x00000001] @ argv11_0x90b8990[0x00000000]
)
)
))
,0x00000002)
 );
ASSERT( BVLT((argv12_0x90b8ac8[0x00000003] @ (argv12_0x90b8ac8[0x00000002] @ (argv12_0x90b8ac8[0x00000001] @ argv12_0x90b8ac8[0x00000000]
)
)
),0x00000002)
 );
ASSERT( ( NOT( (0x00000000 = (argv2_0x90b8410[0x00000003] @ (argv2_0x90b8410[0x00000002] @ (argv2_0x90b8410[0x00000001] @ argv2_0x90b8410[0x00000000]
)
)
)
))) );
ASSERT( ( NOT( SBVLT(0x00000258,(argv5_0x90b8620[0x00000003] @ (argv5_0x90b8620[0x00000002] @ (argv5_0x90b8620[0x00000001] @ argv5_0x90b8620[0x00000000]
)
)
))
)) );
ASSERT( ( NOT( SBVLT((argv1_0x90becf0[0x00000003] @ (argv1_0x90becf0[0x00000002] @ (argv1_0x90becf0[0x00000001] @ argv1_0x90becf0[0x00000000]
)
)
),0x00000259)
)) );
ASSERT( (LET let_k_0 = (0x00000001 = (argv11_0x90b8990[0x00000003] @ (argv11_0x90b8990[0x00000002] @ (argv11_0x90b8990[0x00000001] @ argv11_0x90b8990[0x00000000]
)
)
)
) IN 
(( NOT( let_k_0)) OR (let_k_0 AND (( NOT( (0x00000000 = (argv3_0x90b96f0[0x00000003] @ (argv3_0x90b96f0[0x00000002] @ (argv3_0x90b96f0[0x00000001] @ argv3_0x90b96f0[0x00000000]
)
)
)
))) AND (0x00000000 = (argv10_0x90b9598[0x00000003] @ (argv10_0x90b9598[0x00000002] @ (argv10_0x90b9598[0x00000001] @ argv10_0x90b9598[0x00000000]
)
)
)
)
)
)
))  );
ASSERT( SBVLT((argv9_0x90b8890[0x00000003] @ (argv9_0x90b8890[0x00000002] @ (argv9_0x90b8890[0x00000001] @ argv9_0x90b8890[0x00000000]
)
)
),(argv8_0x90b9a40[0x00000003] @ (argv8_0x90b9a40[0x00000002] @ (argv8_0x90b9a40[0x00000001] @ argv8_0x90b9a40[0x00000000]
)
)
))
 );
ASSERT( SBVLT((argv4_0x90b8568[0x00000003] @ (argv4_0x90b8568[0x00000002] @ (argv4_0x90b8568[0x00000001] @ argv4_0x90b8568[0x00000000]
)
)
),(argv6_0x90b8698[0x00000003] @ (argv6_0x90b8698[0x00000002] @ (argv6_0x90b8698[0x00000001] @ argv6_0x90b8698[0x00000000]
)
)
))
 );
ASSERT( (0x00000002 = (argv7_0x90b8728[0x00000003] @ (argv7_0x90b8728[0x00000002] @ (argv7_0x90b8728[0x00000001] @ argv7_0x90b8728[0x00000000]
)
)
)
) );
ASSERT( ( NOT( SBVLT((argv9_0x90b8890[0x00000003] @ (argv9_0x90b8890[0x00000002] @ (argv9_0x90b8890[0x00000001] @ argv9_0x90b8890[0x00000000]
)
)
),0x00000280)
)) );
%----------------------------------------------------
QUERY( FALSE  );

#variable value:
output=:0
