4
klee
#constrains--stp:
__tmpInt8  : BITVECTOR(8);
__tmpInt16  : BITVECTOR(16);
__tmpInt32  : BITVECTOR(32);
__tmpInt64  : BITVECTOR(64);
argv7_0x9f0e580  : ARRAY BITVECTOR(32) OF BITVECTOR(8);
argv2_0x9f0e298  : ARRAY BITVECTOR(32) OF BITVECTOR(8);
argv3_0x9f109c0  : ARRAY BITVECTOR(32) OF BITVECTOR(8);
argv1_0x9f41790  : ARRAY BITVECTOR(32) OF BITVECTOR(8);
argv4_0x9f10788  : ARRAY BITVECTOR(32) OF BITVECTOR(8);
argv5_0x9f0e458  : ARRAY BITVECTOR(32) OF BITVECTOR(8);
argv6_0x9f0e4d0  : ARRAY BITVECTOR(32) OF BITVECTOR(8);
argv8_0x9f0e658  : ARRAY BITVECTOR(32) OF BITVECTOR(8);
argv9_0x9f01350  : ARRAY BITVECTOR(32) OF BITVECTOR(8);
argv10_0x9f0e778  : ARRAY BITVECTOR(32) OF BITVECTOR(8);
argv11_0x9f41ab0  : ARRAY BITVECTOR(32) OF BITVECTOR(8);
argv12_0x9f0e920  : ARRAY BITVECTOR(32) OF BITVECTOR(8);
%----------------------------------------------------
ASSERT( BVLT((argv7_0x9f0e580[0x00000003] @ (argv7_0x9f0e580[0x00000002] @ (argv7_0x9f0e580[0x00000001] @ argv7_0x9f0e580[0x00000000]
)
)
),0x00000004)
 );
ASSERT( BVLT((argv2_0x9f0e298[0x00000003] @ (argv2_0x9f0e298[0x00000002] @ (argv2_0x9f0e298[0x00000001] @ argv2_0x9f0e298[0x00000000]
)
)
),0x00000002)
 );
ASSERT( BVLT((argv3_0x9f109c0[0x00000003] @ (argv3_0x9f109c0[0x00000002] @ (argv3_0x9f109c0[0x00000001] @ argv3_0x9f109c0[0x00000000]
)
)
),0x00000002)
 );
ASSERT( BVLT(BVPLUS(32, 
0x00002710, 
(argv1_0x9f41790[0x00000003] @ (argv1_0x9f41790[0x00000002] @ (argv1_0x9f41790[0x00000001] @ argv1_0x9f41790[0x00000000]
)
)
))
,0x00004E21)
 );
ASSERT( BVLT(BVPLUS(32, 
0x00002710, 
(argv4_0x9f10788[0x00000003] @ (argv4_0x9f10788[0x00000002] @ (argv4_0x9f10788[0x00000001] @ argv4_0x9f10788[0x00000000]
)
)
))
,0x00004E21)
 );
ASSERT( BVLT(BVPLUS(32, 
0x00002710, 
(argv5_0x9f0e458[0x00000003] @ (argv5_0x9f0e458[0x00000002] @ (argv5_0x9f0e458[0x00000001] @ argv5_0x9f0e458[0x00000000]
)
)
))
,0x00004E21)
 );
ASSERT( BVLT(BVPLUS(32, 
0x00002710, 
(argv6_0x9f0e4d0[0x00000003] @ (argv6_0x9f0e4d0[0x00000002] @ (argv6_0x9f0e4d0[0x00000001] @ argv6_0x9f0e4d0[0x00000000]
)
)
))
,0x00004E21)
 );
ASSERT( BVLT(BVPLUS(32, 
0x00002710, 
(argv8_0x9f0e658[0x00000003] @ (argv8_0x9f0e658[0x00000002] @ (argv8_0x9f0e658[0x00000001] @ argv8_0x9f0e658[0x00000000]
)
)
))
,0x00004E21)
 );
ASSERT( BVLT(BVPLUS(32, 
0x00002710, 
(argv9_0x9f01350[0x00000003] @ (argv9_0x9f01350[0x00000002] @ (argv9_0x9f01350[0x00000001] @ argv9_0x9f01350[0x00000000]
)
)
))
,0x00004E21)
 );
ASSERT( BVLT((argv10_0x9f0e778[0x00000003] @ (argv10_0x9f0e778[0x00000002] @ (argv10_0x9f0e778[0x00000001] @ argv10_0x9f0e778[0x00000000]
)
)
),0x00000003)
 );
ASSERT( BVLT(BVPLUS(32, 
0xFFFFFFFF, 
(argv11_0x9f41ab0[0x00000003] @ (argv11_0x9f41ab0[0x00000002] @ (argv11_0x9f41ab0[0x00000001] @ argv11_0x9f41ab0[0x00000000]
)
)
))
,0x00000002)
 );
ASSERT( BVLT((argv12_0x9f0e920[0x00000003] @ (argv12_0x9f0e920[0x00000002] @ (argv12_0x9f0e920[0x00000001] @ argv12_0x9f0e920[0x00000000]
)
)
),0x00000002)
 );
ASSERT( (((0x00000000 = (argv2_0x9f0e298[0x00000003] @ (argv2_0x9f0e298[0x00000002] @ (argv2_0x9f0e298[0x00000001] @ argv2_0x9f0e298[0x00000000]
)
)
)
) OR SBVLT(0x00000258,(argv5_0x9f0e458[0x00000003] @ (argv5_0x9f0e458[0x00000002] @ (argv5_0x9f0e458[0x00000001] @ argv5_0x9f0e458[0x00000000]
)
)
))

) OR SBVLT((argv1_0x9f41790[0x00000003] @ (argv1_0x9f41790[0x00000002] @ (argv1_0x9f41790[0x00000001] @ argv1_0x9f41790[0x00000000]
)
)
),0x00000259)

) );
%----------------------------------------------------
QUERY( FALSE  );

#variable value:
output=:0
#constrains--stp:
__tmpInt8  : BITVECTOR(8);
__tmpInt16  : BITVECTOR(16);
__tmpInt32  : BITVECTOR(32);
__tmpInt64  : BITVECTOR(64);
argv7_0x9f0e580  : ARRAY BITVECTOR(32) OF BITVECTOR(8);
argv2_0x9f0e298  : ARRAY BITVECTOR(32) OF BITVECTOR(8);
argv3_0x9f109c0  : ARRAY BITVECTOR(32) OF BITVECTOR(8);
argv1_0x9f41790  : ARRAY BITVECTOR(32) OF BITVECTOR(8);
argv4_0x9f10788  : ARRAY BITVECTOR(32) OF BITVECTOR(8);
argv5_0x9f0e458  : ARRAY BITVECTOR(32) OF BITVECTOR(8);
argv6_0x9f0e4d0  : ARRAY BITVECTOR(32) OF BITVECTOR(8);
argv8_0x9f0e658  : ARRAY BITVECTOR(32) OF BITVECTOR(8);
argv9_0x9f01350  : ARRAY BITVECTOR(32) OF BITVECTOR(8);
argv10_0x9f0e778  : ARRAY BITVECTOR(32) OF BITVECTOR(8);
argv11_0x9f41ab0  : ARRAY BITVECTOR(32) OF BITVECTOR(8);
argv12_0x9f0e920  : ARRAY BITVECTOR(32) OF BITVECTOR(8);
%----------------------------------------------------
ASSERT( BVLT((argv7_0x9f0e580[0x00000003] @ (argv7_0x9f0e580[0x00000002] @ (argv7_0x9f0e580[0x00000001] @ argv7_0x9f0e580[0x00000000]
)
)
),0x00000004)
 );
ASSERT( BVLT((argv2_0x9f0e298[0x00000003] @ (argv2_0x9f0e298[0x00000002] @ (argv2_0x9f0e298[0x00000001] @ argv2_0x9f0e298[0x00000000]
)
)
),0x00000002)
 );
ASSERT( BVLT((argv3_0x9f109c0[0x00000003] @ (argv3_0x9f109c0[0x00000002] @ (argv3_0x9f109c0[0x00000001] @ argv3_0x9f109c0[0x00000000]
)
)
),0x00000002)
 );
ASSERT( BVLT(BVPLUS(32, 
0x00002710, 
(argv1_0x9f41790[0x00000003] @ (argv1_0x9f41790[0x00000002] @ (argv1_0x9f41790[0x00000001] @ argv1_0x9f41790[0x00000000]
)
)
))
,0x00004E21)
 );
ASSERT( BVLT(BVPLUS(32, 
0x00002710, 
(argv4_0x9f10788[0x00000003] @ (argv4_0x9f10788[0x00000002] @ (argv4_0x9f10788[0x00000001] @ argv4_0x9f10788[0x00000000]
)
)
))
,0x00004E21)
 );
ASSERT( BVLT(BVPLUS(32, 
0x00002710, 
(argv5_0x9f0e458[0x00000003] @ (argv5_0x9f0e458[0x00000002] @ (argv5_0x9f0e458[0x00000001] @ argv5_0x9f0e458[0x00000000]
)
)
))
,0x00004E21)
 );
ASSERT( BVLT(BVPLUS(32, 
0x00002710, 
(argv6_0x9f0e4d0[0x00000003] @ (argv6_0x9f0e4d0[0x00000002] @ (argv6_0x9f0e4d0[0x00000001] @ argv6_0x9f0e4d0[0x00000000]
)
)
))
,0x00004E21)
 );
ASSERT( BVLT(BVPLUS(32, 
0x00002710, 
(argv8_0x9f0e658[0x00000003] @ (argv8_0x9f0e658[0x00000002] @ (argv8_0x9f0e658[0x00000001] @ argv8_0x9f0e658[0x00000000]
)
)
))
,0x00004E21)
 );
ASSERT( BVLT(BVPLUS(32, 
0x00002710, 
(argv9_0x9f01350[0x00000003] @ (argv9_0x9f01350[0x00000002] @ (argv9_0x9f01350[0x00000001] @ argv9_0x9f01350[0x00000000]
)
)
))
,0x00004E21)
 );
ASSERT( BVLT((argv10_0x9f0e778[0x00000003] @ (argv10_0x9f0e778[0x00000002] @ (argv10_0x9f0e778[0x00000001] @ argv10_0x9f0e778[0x00000000]
)
)
),0x00000003)
 );
ASSERT( BVLT((argv12_0x9f0e920[0x00000003] @ (argv12_0x9f0e920[0x00000002] @ (argv12_0x9f0e920[0x00000001] @ argv12_0x9f0e920[0x00000000]
)
)
),0x00000002)
 );
ASSERT( ( NOT( (0x00000000 = (argv2_0x9f0e298[0x00000003] @ (argv2_0x9f0e298[0x00000002] @ (argv2_0x9f0e298[0x00000001] @ argv2_0x9f0e298[0x00000000]
)
)
)
))) );
ASSERT( ( NOT( SBVLT(0x00000258,(argv5_0x9f0e458[0x00000003] @ (argv5_0x9f0e458[0x00000002] @ (argv5_0x9f0e458[0x00000001] @ argv5_0x9f0e458[0x00000000]
)
)
))
)) );
ASSERT( ( NOT( SBVLT((argv1_0x9f41790[0x00000003] @ (argv1_0x9f41790[0x00000002] @ (argv1_0x9f41790[0x00000001] @ argv1_0x9f41790[0x00000000]
)
)
),0x00000259)
)) );
ASSERT( ( NOT( (( NOT( (0x00000000 = (argv3_0x9f109c0[0x00000003] @ (argv3_0x9f109c0[0x00000002] @ (argv3_0x9f109c0[0x00000001] @ argv3_0x9f109c0[0x00000000]
)
)
)
))) AND (0x00000000 = (argv10_0x9f0e778[0x00000003] @ (argv10_0x9f0e778[0x00000002] @ (argv10_0x9f0e778[0x00000001] @ argv10_0x9f0e778[0x00000000]
)
)
)
)
))) );
ASSERT( (0x00000001 = (argv11_0x9f41ab0[0x00000003] @ (argv11_0x9f41ab0[0x00000002] @ (argv11_0x9f41ab0[0x00000001] @ argv11_0x9f41ab0[0x00000000]
)
)
)
) );
%----------------------------------------------------
QUERY( FALSE  );

#variable value:
output=:0
#constrains--stp:
__tmpInt8  : BITVECTOR(8);
__tmpInt16  : BITVECTOR(16);
__tmpInt32  : BITVECTOR(32);
__tmpInt64  : BITVECTOR(64);
argv7_0x9f0e580  : ARRAY BITVECTOR(32) OF BITVECTOR(8);
argv2_0x9f0e298  : ARRAY BITVECTOR(32) OF BITVECTOR(8);
argv3_0x9f109c0  : ARRAY BITVECTOR(32) OF BITVECTOR(8);
argv1_0x9f41790  : ARRAY BITVECTOR(32) OF BITVECTOR(8);
argv4_0x9f10788  : ARRAY BITVECTOR(32) OF BITVECTOR(8);
argv5_0x9f0e458  : ARRAY BITVECTOR(32) OF BITVECTOR(8);
argv6_0x9f0e4d0  : ARRAY BITVECTOR(32) OF BITVECTOR(8);
argv8_0x9f0e658  : ARRAY BITVECTOR(32) OF BITVECTOR(8);
argv9_0x9f01350  : ARRAY BITVECTOR(32) OF BITVECTOR(8);
argv10_0x9f0e778  : ARRAY BITVECTOR(32) OF BITVECTOR(8);
argv11_0x9f41ab0  : ARRAY BITVECTOR(32) OF BITVECTOR(8);
argv12_0x9f0e920  : ARRAY BITVECTOR(32) OF BITVECTOR(8);
%----------------------------------------------------
ASSERT( BVLT((argv7_0x9f0e580[0x00000003] @ (argv7_0x9f0e580[0x00000002] @ (argv7_0x9f0e580[0x00000001] @ argv7_0x9f0e580[0x00000000]
)
)
),0x00000004)
 );
ASSERT( BVLT((argv2_0x9f0e298[0x00000003] @ (argv2_0x9f0e298[0x00000002] @ (argv2_0x9f0e298[0x00000001] @ argv2_0x9f0e298[0x00000000]
)
)
),0x00000002)
 );
ASSERT( BVLT((argv3_0x9f109c0[0x00000003] @ (argv3_0x9f109c0[0x00000002] @ (argv3_0x9f109c0[0x00000001] @ argv3_0x9f109c0[0x00000000]
)
)
),0x00000002)
 );
ASSERT( BVLT(BVPLUS(32, 
0x00002710, 
(argv1_0x9f41790[0x00000003] @ (argv1_0x9f41790[0x00000002] @ (argv1_0x9f41790[0x00000001] @ argv1_0x9f41790[0x00000000]
)
)
))
,0x00004E21)
 );
ASSERT( BVLT(BVPLUS(32, 
0x00002710, 
(argv4_0x9f10788[0x00000003] @ (argv4_0x9f10788[0x00000002] @ (argv4_0x9f10788[0x00000001] @ argv4_0x9f10788[0x00000000]
)
)
))
,0x00004E21)
 );
ASSERT( BVLT(BVPLUS(32, 
0x00002710, 
(argv5_0x9f0e458[0x00000003] @ (argv5_0x9f0e458[0x00000002] @ (argv5_0x9f0e458[0x00000001] @ argv5_0x9f0e458[0x00000000]
)
)
))
,0x00004E21)
 );
ASSERT( BVLT(BVPLUS(32, 
0x00002710, 
(argv6_0x9f0e4d0[0x00000003] @ (argv6_0x9f0e4d0[0x00000002] @ (argv6_0x9f0e4d0[0x00000001] @ argv6_0x9f0e4d0[0x00000000]
)
)
))
,0x00004E21)
 );
ASSERT( BVLT(BVPLUS(32, 
0x00002710, 
(argv8_0x9f0e658[0x00000003] @ (argv8_0x9f0e658[0x00000002] @ (argv8_0x9f0e658[0x00000001] @ argv8_0x9f0e658[0x00000000]
)
)
))
,0x00004E21)
 );
ASSERT( BVLT(BVPLUS(32, 
0x00002710, 
(argv9_0x9f01350[0x00000003] @ (argv9_0x9f01350[0x00000002] @ (argv9_0x9f01350[0x00000001] @ argv9_0x9f01350[0x00000000]
)
)
))
,0x00004E21)
 );
ASSERT( BVLT((argv10_0x9f0e778[0x00000003] @ (argv10_0x9f0e778[0x00000002] @ (argv10_0x9f0e778[0x00000001] @ argv10_0x9f0e778[0x00000000]
)
)
),0x00000003)
 );
ASSERT( BVLT(BVPLUS(32, 
0xFFFFFFFF, 
(argv11_0x9f41ab0[0x00000003] @ (argv11_0x9f41ab0[0x00000002] @ (argv11_0x9f41ab0[0x00000001] @ argv11_0x9f41ab0[0x00000000]
)
)
))
,0x00000002)
 );
ASSERT( BVLT((argv12_0x9f0e920[0x00000003] @ (argv12_0x9f0e920[0x00000002] @ (argv12_0x9f0e920[0x00000001] @ argv12_0x9f0e920[0x00000000]
)
)
),0x00000002)
 );
ASSERT( ( NOT( (0x00000000 = (argv2_0x9f0e298[0x00000003] @ (argv2_0x9f0e298[0x00000002] @ (argv2_0x9f0e298[0x00000001] @ argv2_0x9f0e298[0x00000000]
)
)
)
))) );
ASSERT( ( NOT( SBVLT(0x00000258,(argv5_0x9f0e458[0x00000003] @ (argv5_0x9f0e458[0x00000002] @ (argv5_0x9f0e458[0x00000001] @ argv5_0x9f0e458[0x00000000]
)
)
))
)) );
ASSERT( ( NOT( SBVLT((argv1_0x9f41790[0x00000003] @ (argv1_0x9f41790[0x00000002] @ (argv1_0x9f41790[0x00000001] @ argv1_0x9f41790[0x00000000]
)
)
),0x00000259)
)) );
ASSERT( (LET let_k_0 = (0x00000001 = (argv11_0x9f41ab0[0x00000003] @ (argv11_0x9f41ab0[0x00000002] @ (argv11_0x9f41ab0[0x00000001] @ argv11_0x9f41ab0[0x00000000]
)
)
)
) IN 
(( NOT( let_k_0)) OR (let_k_0 AND (( NOT( (0x00000000 = (argv3_0x9f109c0[0x00000003] @ (argv3_0x9f109c0[0x00000002] @ (argv3_0x9f109c0[0x00000001] @ argv3_0x9f109c0[0x00000000]
)
)
)
))) AND (0x00000000 = (argv10_0x9f0e778[0x00000003] @ (argv10_0x9f0e778[0x00000002] @ (argv10_0x9f0e778[0x00000001] @ argv10_0x9f0e778[0x00000000]
)
)
)
)
)
)
))  );
ASSERT( (LET let_k_0 = (argv8_0x9f0e658[0x00000003] @ (argv8_0x9f0e658[0x00000002] @ (argv8_0x9f0e658[0x00000001] @ argv8_0x9f0e658[0x00000000]
)
)
) IN 
SBVLT((argv9_0x9f01350[0x00000003] @ (argv9_0x9f01350[0x00000002] @ (argv9_0x9f01350[0x00000001] @ argv9_0x9f01350[0x00000000]
)
)
),IF((0x00000000 = (argv12_0x9f0e920[0x00000003] @ (argv12_0x9f0e920[0x00000002] @ (argv12_0x9f0e920[0x00000001] @ argv12_0x9f0e920[0x00000000]
)
)
)
))
THEN let_k_0
ELSE BVPLUS(32, 
0x00000064, 
let_k_0)

ENDIF)
)  );
ASSERT( (SBVLE((argv6_0x9f0e4d0[0x00000003] @ (argv6_0x9f0e4d0[0x00000002] @ (argv6_0x9f0e4d0[0x00000001] @ argv6_0x9f0e4d0[0x00000000]
)
)
),(argv4_0x9f10788[0x00000003] @ (argv4_0x9f10788[0x00000002] @ (argv4_0x9f10788[0x00000001] @ argv4_0x9f10788[0x00000000]
)
)
))
 OR SBVLT((argv9_0x9f01350[0x00000003] @ (argv9_0x9f01350[0x00000002] @ (argv9_0x9f01350[0x00000001] @ argv9_0x9f01350[0x00000000]
)
)
),0x00000190)

) );
ASSERT( SBVLT((argv4_0x9f10788[0x00000003] @ (argv4_0x9f10788[0x00000002] @ (argv4_0x9f10788[0x00000001] @ argv4_0x9f10788[0x00000000]
)
)
),(argv6_0x9f0e4d0[0x00000003] @ (argv6_0x9f0e4d0[0x00000002] @ (argv6_0x9f0e4d0[0x00000001] @ argv6_0x9f0e4d0[0x00000000]
)
)
))
 );
%----------------------------------------------------
QUERY( FALSE  );

#variable value:
output=:1
#constrains--stp:
__tmpInt8  : BITVECTOR(8);
__tmpInt16  : BITVECTOR(16);
__tmpInt32  : BITVECTOR(32);
__tmpInt64  : BITVECTOR(64);
argv7_0x9f0e580  : ARRAY BITVECTOR(32) OF BITVECTOR(8);
argv2_0x9f0e298  : ARRAY BITVECTOR(32) OF BITVECTOR(8);
argv3_0x9f109c0  : ARRAY BITVECTOR(32) OF BITVECTOR(8);
argv1_0x9f41790  : ARRAY BITVECTOR(32) OF BITVECTOR(8);
argv4_0x9f10788  : ARRAY BITVECTOR(32) OF BITVECTOR(8);
argv5_0x9f0e458  : ARRAY BITVECTOR(32) OF BITVECTOR(8);
argv6_0x9f0e4d0  : ARRAY BITVECTOR(32) OF BITVECTOR(8);
argv8_0x9f0e658  : ARRAY BITVECTOR(32) OF BITVECTOR(8);
argv9_0x9f01350  : ARRAY BITVECTOR(32) OF BITVECTOR(8);
argv10_0x9f0e778  : ARRAY BITVECTOR(32) OF BITVECTOR(8);
argv11_0x9f41ab0  : ARRAY BITVECTOR(32) OF BITVECTOR(8);
argv12_0x9f0e920  : ARRAY BITVECTOR(32) OF BITVECTOR(8);
%----------------------------------------------------
ASSERT( BVLT((argv7_0x9f0e580[0x00000003] @ (argv7_0x9f0e580[0x00000002] @ (argv7_0x9f0e580[0x00000001] @ argv7_0x9f0e580[0x00000000]
)
)
),0x00000004)
 );
ASSERT( BVLT((argv2_0x9f0e298[0x00000003] @ (argv2_0x9f0e298[0x00000002] @ (argv2_0x9f0e298[0x00000001] @ argv2_0x9f0e298[0x00000000]
)
)
),0x00000002)
 );
ASSERT( BVLT((argv3_0x9f109c0[0x00000003] @ (argv3_0x9f109c0[0x00000002] @ (argv3_0x9f109c0[0x00000001] @ argv3_0x9f109c0[0x00000000]
)
)
),0x00000002)
 );
ASSERT( BVLT(BVPLUS(32, 
0x00002710, 
(argv1_0x9f41790[0x00000003] @ (argv1_0x9f41790[0x00000002] @ (argv1_0x9f41790[0x00000001] @ argv1_0x9f41790[0x00000000]
)
)
))
,0x00004E21)
 );
ASSERT( BVLT(BVPLUS(32, 
0x00002710, 
(argv4_0x9f10788[0x00000003] @ (argv4_0x9f10788[0x00000002] @ (argv4_0x9f10788[0x00000001] @ argv4_0x9f10788[0x00000000]
)
)
))
,0x00004E21)
 );
ASSERT( BVLT(BVPLUS(32, 
0x00002710, 
(argv5_0x9f0e458[0x00000003] @ (argv5_0x9f0e458[0x00000002] @ (argv5_0x9f0e458[0x00000001] @ argv5_0x9f0e458[0x00000000]
)
)
))
,0x00004E21)
 );
ASSERT( BVLT(BVPLUS(32, 
0x00002710, 
(argv6_0x9f0e4d0[0x00000003] @ (argv6_0x9f0e4d0[0x00000002] @ (argv6_0x9f0e4d0[0x00000001] @ argv6_0x9f0e4d0[0x00000000]
)
)
))
,0x00004E21)
 );
ASSERT( BVLT(BVPLUS(32, 
0x00002710, 
(argv8_0x9f0e658[0x00000003] @ (argv8_0x9f0e658[0x00000002] @ (argv8_0x9f0e658[0x00000001] @ argv8_0x9f0e658[0x00000000]
)
)
))
,0x00004E21)
 );
ASSERT( BVLT(BVPLUS(32, 
0x00002710, 
(argv9_0x9f01350[0x00000003] @ (argv9_0x9f01350[0x00000002] @ (argv9_0x9f01350[0x00000001] @ argv9_0x9f01350[0x00000000]
)
)
))
,0x00004E21)
 );
ASSERT( BVLT((argv10_0x9f0e778[0x00000003] @ (argv10_0x9f0e778[0x00000002] @ (argv10_0x9f0e778[0x00000001] @ argv10_0x9f0e778[0x00000000]
)
)
),0x00000003)
 );
ASSERT( BVLT(BVPLUS(32, 
0xFFFFFFFF, 
(argv11_0x9f41ab0[0x00000003] @ (argv11_0x9f41ab0[0x00000002] @ (argv11_0x9f41ab0[0x00000001] @ argv11_0x9f41ab0[0x00000000]
)
)
))
,0x00000002)
 );
ASSERT( BVLT((argv12_0x9f0e920[0x00000003] @ (argv12_0x9f0e920[0x00000002] @ (argv12_0x9f0e920[0x00000001] @ argv12_0x9f0e920[0x00000000]
)
)
),0x00000002)
 );
ASSERT( ( NOT( (0x00000000 = (argv2_0x9f0e298[0x00000003] @ (argv2_0x9f0e298[0x00000002] @ (argv2_0x9f0e298[0x00000001] @ argv2_0x9f0e298[0x00000000]
)
)
)
))) );
ASSERT( ( NOT( SBVLT(0x00000258,(argv5_0x9f0e458[0x00000003] @ (argv5_0x9f0e458[0x00000002] @ (argv5_0x9f0e458[0x00000001] @ argv5_0x9f0e458[0x00000000]
)
)
))
)) );
ASSERT( ( NOT( SBVLT((argv1_0x9f41790[0x00000003] @ (argv1_0x9f41790[0x00000002] @ (argv1_0x9f41790[0x00000001] @ argv1_0x9f41790[0x00000000]
)
)
),0x00000259)
)) );
ASSERT( (LET let_k_0 = (0x00000001 = (argv11_0x9f41ab0[0x00000003] @ (argv11_0x9f41ab0[0x00000002] @ (argv11_0x9f41ab0[0x00000001] @ argv11_0x9f41ab0[0x00000000]
)
)
)
) IN 
(( NOT( let_k_0)) OR (let_k_0 AND (( NOT( (0x00000000 = (argv3_0x9f109c0[0x00000003] @ (argv3_0x9f109c0[0x00000002] @ (argv3_0x9f109c0[0x00000001] @ argv3_0x9f109c0[0x00000000]
)
)
)
))) AND (0x00000000 = (argv10_0x9f0e778[0x00000003] @ (argv10_0x9f0e778[0x00000002] @ (argv10_0x9f0e778[0x00000001] @ argv10_0x9f0e778[0x00000000]
)
)
)
)
)
)
))  );
ASSERT( (LET let_k_0 = (argv8_0x9f0e658[0x00000003] @ (argv8_0x9f0e658[0x00000002] @ (argv8_0x9f0e658[0x00000001] @ argv8_0x9f0e658[0x00000000]
)
)
) IN 
SBVLT((argv9_0x9f01350[0x00000003] @ (argv9_0x9f01350[0x00000002] @ (argv9_0x9f01350[0x00000001] @ argv9_0x9f01350[0x00000000]
)
)
),IF((0x00000000 = (argv12_0x9f0e920[0x00000003] @ (argv12_0x9f0e920[0x00000002] @ (argv12_0x9f0e920[0x00000001] @ argv12_0x9f0e920[0x00000000]
)
)
)
))
THEN let_k_0
ELSE BVPLUS(32, 
0x00000064, 
let_k_0)

ENDIF)
)  );
ASSERT( (LET let_k_0 = (argv4_0x9f10788[0x00000003] @ (argv4_0x9f10788[0x00000002] @ (argv4_0x9f10788[0x00000001] @ argv4_0x9f10788[0x00000000]
)
)
),
let_k_1 = (argv6_0x9f0e4d0[0x00000003] @ (argv6_0x9f0e4d0[0x00000002] @ (argv6_0x9f0e4d0[0x00000001] @ argv6_0x9f0e4d0[0x00000000]
)
)
) IN 
( NOT( ((SBVLE(let_k_1,let_k_0)
 OR SBVLT((argv9_0x9f01350[0x00000003] @ (argv9_0x9f01350[0x00000002] @ (argv9_0x9f01350[0x00000001] @ argv9_0x9f01350[0x00000000]
)
)
),0x00000190)

) AND SBVLT(let_k_0,let_k_1)

))))  );
%----------------------------------------------------
QUERY( FALSE  );

#variable value:
output=:0
#constrains--stp:
__tmpInt8  : BITVECTOR(8);
__tmpInt16  : BITVECTOR(16);
__tmpInt32  : BITVECTOR(32);
__tmpInt64  : BITVECTOR(64);
argv7_0x9f0e580  : ARRAY BITVECTOR(32) OF BITVECTOR(8);
argv2_0x9f0e298  : ARRAY BITVECTOR(32) OF BITVECTOR(8);
argv3_0x9f109c0  : ARRAY BITVECTOR(32) OF BITVECTOR(8);
argv1_0x9f41790  : ARRAY BITVECTOR(32) OF BITVECTOR(8);
argv4_0x9f10788  : ARRAY BITVECTOR(32) OF BITVECTOR(8);
argv5_0x9f0e458  : ARRAY BITVECTOR(32) OF BITVECTOR(8);
argv6_0x9f0e4d0  : ARRAY BITVECTOR(32) OF BITVECTOR(8);
argv8_0x9f0e658  : ARRAY BITVECTOR(32) OF BITVECTOR(8);
argv9_0x9f01350  : ARRAY BITVECTOR(32) OF BITVECTOR(8);
argv10_0x9f0e778  : ARRAY BITVECTOR(32) OF BITVECTOR(8);
argv11_0x9f41ab0  : ARRAY BITVECTOR(32) OF BITVECTOR(8);
argv12_0x9f0e920  : ARRAY BITVECTOR(32) OF BITVECTOR(8);
%----------------------------------------------------
ASSERT( BVLT((argv7_0x9f0e580[0x00000003] @ (argv7_0x9f0e580[0x00000002] @ (argv7_0x9f0e580[0x00000001] @ argv7_0x9f0e580[0x00000000]
)
)
),0x00000004)
 );
ASSERT( BVLT((argv2_0x9f0e298[0x00000003] @ (argv2_0x9f0e298[0x00000002] @ (argv2_0x9f0e298[0x00000001] @ argv2_0x9f0e298[0x00000000]
)
)
),0x00000002)
 );
ASSERT( BVLT((argv3_0x9f109c0[0x00000003] @ (argv3_0x9f109c0[0x00000002] @ (argv3_0x9f109c0[0x00000001] @ argv3_0x9f109c0[0x00000000]
)
)
),0x00000002)
 );
ASSERT( BVLT(BVPLUS(32, 
0x00002710, 
(argv1_0x9f41790[0x00000003] @ (argv1_0x9f41790[0x00000002] @ (argv1_0x9f41790[0x00000001] @ argv1_0x9f41790[0x00000000]
)
)
))
,0x00004E21)
 );
ASSERT( BVLT(BVPLUS(32, 
0x00002710, 
(argv4_0x9f10788[0x00000003] @ (argv4_0x9f10788[0x00000002] @ (argv4_0x9f10788[0x00000001] @ argv4_0x9f10788[0x00000000]
)
)
))
,0x00004E21)
 );
ASSERT( BVLT(BVPLUS(32, 
0x00002710, 
(argv5_0x9f0e458[0x00000003] @ (argv5_0x9f0e458[0x00000002] @ (argv5_0x9f0e458[0x00000001] @ argv5_0x9f0e458[0x00000000]
)
)
))
,0x00004E21)
 );
ASSERT( BVLT(BVPLUS(32, 
0x00002710, 
(argv6_0x9f0e4d0[0x00000003] @ (argv6_0x9f0e4d0[0x00000002] @ (argv6_0x9f0e4d0[0x00000001] @ argv6_0x9f0e4d0[0x00000000]
)
)
))
,0x00004E21)
 );
ASSERT( BVLT(BVPLUS(32, 
0x00002710, 
(argv8_0x9f0e658[0x00000003] @ (argv8_0x9f0e658[0x00000002] @ (argv8_0x9f0e658[0x00000001] @ argv8_0x9f0e658[0x00000000]
)
)
))
,0x00004E21)
 );
ASSERT( BVLT(BVPLUS(32, 
0x00002710, 
(argv9_0x9f01350[0x00000003] @ (argv9_0x9f01350[0x00000002] @ (argv9_0x9f01350[0x00000001] @ argv9_0x9f01350[0x00000000]
)
)
))
,0x00004E21)
 );
ASSERT( BVLT((argv10_0x9f0e778[0x00000003] @ (argv10_0x9f0e778[0x00000002] @ (argv10_0x9f0e778[0x00000001] @ argv10_0x9f0e778[0x00000000]
)
)
),0x00000003)
 );
ASSERT( BVLT(BVPLUS(32, 
0xFFFFFFFF, 
(argv11_0x9f41ab0[0x00000003] @ (argv11_0x9f41ab0[0x00000002] @ (argv11_0x9f41ab0[0x00000001] @ argv11_0x9f41ab0[0x00000000]
)
)
))
,0x00000002)
 );
ASSERT( BVLT((argv12_0x9f0e920[0x00000003] @ (argv12_0x9f0e920[0x00000002] @ (argv12_0x9f0e920[0x00000001] @ argv12_0x9f0e920[0x00000000]
)
)
),0x00000002)
 );
ASSERT( ( NOT( (0x00000000 = (argv2_0x9f0e298[0x00000003] @ (argv2_0x9f0e298[0x00000002] @ (argv2_0x9f0e298[0x00000001] @ argv2_0x9f0e298[0x00000000]
)
)
)
))) );
ASSERT( ( NOT( SBVLT(0x00000258,(argv5_0x9f0e458[0x00000003] @ (argv5_0x9f0e458[0x00000002] @ (argv5_0x9f0e458[0x00000001] @ argv5_0x9f0e458[0x00000000]
)
)
))
)) );
ASSERT( ( NOT( SBVLT((argv1_0x9f41790[0x00000003] @ (argv1_0x9f41790[0x00000002] @ (argv1_0x9f41790[0x00000001] @ argv1_0x9f41790[0x00000000]
)
)
),0x00000259)
)) );
ASSERT( (LET let_k_0 = (0x00000001 = (argv11_0x9f41ab0[0x00000003] @ (argv11_0x9f41ab0[0x00000002] @ (argv11_0x9f41ab0[0x00000001] @ argv11_0x9f41ab0[0x00000000]
)
)
)
) IN 
(( NOT( let_k_0)) OR (let_k_0 AND (( NOT( (0x00000000 = (argv3_0x9f109c0[0x00000003] @ (argv3_0x9f109c0[0x00000002] @ (argv3_0x9f109c0[0x00000001] @ argv3_0x9f109c0[0x00000000]
)
)
)
))) AND (0x00000000 = (argv10_0x9f0e778[0x00000003] @ (argv10_0x9f0e778[0x00000002] @ (argv10_0x9f0e778[0x00000001] @ argv10_0x9f0e778[0x00000000]
)
)
)
)
)
)
))  );
ASSERT( (LET let_k_0 = (argv8_0x9f0e658[0x00000003] @ (argv8_0x9f0e658[0x00000002] @ (argv8_0x9f0e658[0x00000001] @ argv8_0x9f0e658[0x00000000]
)
)
) IN 
( NOT( SBVLT((argv9_0x9f01350[0x00000003] @ (argv9_0x9f01350[0x00000002] @ (argv9_0x9f01350[0x00000001] @ argv9_0x9f01350[0x00000000]
)
)
),IF((0x00000000 = (argv12_0x9f0e920[0x00000003] @ (argv12_0x9f0e920[0x00000002] @ (argv12_0x9f0e920[0x00000001] @ argv12_0x9f0e920[0x00000000]
)
)
)
))
THEN let_k_0
ELSE BVPLUS(32, 
0x00000064, 
let_k_0)

ENDIF)
)))  );
ASSERT( (LET let_k_0 = (argv6_0x9f0e4d0[0x00000003] @ (argv6_0x9f0e4d0[0x00000002] @ (argv6_0x9f0e4d0[0x00000001] @ argv6_0x9f0e4d0[0x00000000]
)
)
),
let_k_1 = (argv4_0x9f10788[0x00000003] @ (argv4_0x9f10788[0x00000002] @ (argv4_0x9f10788[0x00000001] @ argv4_0x9f10788[0x00000000]
)
)
) IN 
( NOT( ((SBVLE(let_k_1,let_k_0)
 OR SBVLT(0x0000018F,(argv8_0x9f0e658[0x00000003] @ (argv8_0x9f0e658[0x00000002] @ (argv8_0x9f0e658[0x00000001] @ argv8_0x9f0e658[0x00000000]
)
)
))

) AND SBVLT(let_k_0,let_k_1)

))))  );
%----------------------------------------------------
QUERY( FALSE  );

#variable value:
output=:0
#constrains--stp:
__tmpInt8  : BITVECTOR(8);
__tmpInt16  : BITVECTOR(16);
__tmpInt32  : BITVECTOR(32);
__tmpInt64  : BITVECTOR(64);
argv7_0x9f0e580  : ARRAY BITVECTOR(32) OF BITVECTOR(8);
argv2_0x9f0e298  : ARRAY BITVECTOR(32) OF BITVECTOR(8);
argv3_0x9f109c0  : ARRAY BITVECTOR(32) OF BITVECTOR(8);
argv1_0x9f41790  : ARRAY BITVECTOR(32) OF BITVECTOR(8);
argv4_0x9f10788  : ARRAY BITVECTOR(32) OF BITVECTOR(8);
argv5_0x9f0e458  : ARRAY BITVECTOR(32) OF BITVECTOR(8);
argv6_0x9f0e4d0  : ARRAY BITVECTOR(32) OF BITVECTOR(8);
argv8_0x9f0e658  : ARRAY BITVECTOR(32) OF BITVECTOR(8);
argv9_0x9f01350  : ARRAY BITVECTOR(32) OF BITVECTOR(8);
argv10_0x9f0e778  : ARRAY BITVECTOR(32) OF BITVECTOR(8);
argv11_0x9f41ab0  : ARRAY BITVECTOR(32) OF BITVECTOR(8);
argv12_0x9f0e920  : ARRAY BITVECTOR(32) OF BITVECTOR(8);
%----------------------------------------------------
ASSERT( BVLT((argv7_0x9f0e580[0x00000003] @ (argv7_0x9f0e580[0x00000002] @ (argv7_0x9f0e580[0x00000001] @ argv7_0x9f0e580[0x00000000]
)
)
),0x00000004)
 );
ASSERT( BVLT((argv2_0x9f0e298[0x00000003] @ (argv2_0x9f0e298[0x00000002] @ (argv2_0x9f0e298[0x00000001] @ argv2_0x9f0e298[0x00000000]
)
)
),0x00000002)
 );
ASSERT( BVLT((argv3_0x9f109c0[0x00000003] @ (argv3_0x9f109c0[0x00000002] @ (argv3_0x9f109c0[0x00000001] @ argv3_0x9f109c0[0x00000000]
)
)
),0x00000002)
 );
ASSERT( BVLT(BVPLUS(32, 
0x00002710, 
(argv1_0x9f41790[0x00000003] @ (argv1_0x9f41790[0x00000002] @ (argv1_0x9f41790[0x00000001] @ argv1_0x9f41790[0x00000000]
)
)
))
,0x00004E21)
 );
ASSERT( BVLT(BVPLUS(32, 
0x00002710, 
(argv4_0x9f10788[0x00000003] @ (argv4_0x9f10788[0x00000002] @ (argv4_0x9f10788[0x00000001] @ argv4_0x9f10788[0x00000000]
)
)
))
,0x00004E21)
 );
ASSERT( BVLT(BVPLUS(32, 
0x00002710, 
(argv5_0x9f0e458[0x00000003] @ (argv5_0x9f0e458[0x00000002] @ (argv5_0x9f0e458[0x00000001] @ argv5_0x9f0e458[0x00000000]
)
)
))
,0x00004E21)
 );
ASSERT( BVLT(BVPLUS(32, 
0x00002710, 
(argv6_0x9f0e4d0[0x00000003] @ (argv6_0x9f0e4d0[0x00000002] @ (argv6_0x9f0e4d0[0x00000001] @ argv6_0x9f0e4d0[0x00000000]
)
)
))
,0x00004E21)
 );
ASSERT( BVLT(BVPLUS(32, 
0x00002710, 
(argv8_0x9f0e658[0x00000003] @ (argv8_0x9f0e658[0x00000002] @ (argv8_0x9f0e658[0x00000001] @ argv8_0x9f0e658[0x00000000]
)
)
))
,0x00004E21)
 );
ASSERT( BVLT(BVPLUS(32, 
0x00002710, 
(argv9_0x9f01350[0x00000003] @ (argv9_0x9f01350[0x00000002] @ (argv9_0x9f01350[0x00000001] @ argv9_0x9f01350[0x00000000]
)
)
))
,0x00004E21)
 );
ASSERT( BVLT((argv10_0x9f0e778[0x00000003] @ (argv10_0x9f0e778[0x00000002] @ (argv10_0x9f0e778[0x00000001] @ argv10_0x9f0e778[0x00000000]
)
)
),0x00000003)
 );
ASSERT( BVLT(BVPLUS(32, 
0xFFFFFFFF, 
(argv11_0x9f41ab0[0x00000003] @ (argv11_0x9f41ab0[0x00000002] @ (argv11_0x9f41ab0[0x00000001] @ argv11_0x9f41ab0[0x00000000]
)
)
))
,0x00000002)
 );
ASSERT( BVLT((argv12_0x9f0e920[0x00000003] @ (argv12_0x9f0e920[0x00000002] @ (argv12_0x9f0e920[0x00000001] @ argv12_0x9f0e920[0x00000000]
)
)
),0x00000002)
 );
ASSERT( ( NOT( (0x00000000 = (argv2_0x9f0e298[0x00000003] @ (argv2_0x9f0e298[0x00000002] @ (argv2_0x9f0e298[0x00000001] @ argv2_0x9f0e298[0x00000000]
)
)
)
))) );
ASSERT( ( NOT( SBVLT(0x00000258,(argv5_0x9f0e458[0x00000003] @ (argv5_0x9f0e458[0x00000002] @ (argv5_0x9f0e458[0x00000001] @ argv5_0x9f0e458[0x00000000]
)
)
))
)) );
ASSERT( ( NOT( SBVLT((argv1_0x9f41790[0x00000003] @ (argv1_0x9f41790[0x00000002] @ (argv1_0x9f41790[0x00000001] @ argv1_0x9f41790[0x00000000]
)
)
),0x00000259)
)) );
ASSERT( (LET let_k_0 = (0x00000001 = (argv11_0x9f41ab0[0x00000003] @ (argv11_0x9f41ab0[0x00000002] @ (argv11_0x9f41ab0[0x00000001] @ argv11_0x9f41ab0[0x00000000]
)
)
)
) IN 
(( NOT( let_k_0)) OR (let_k_0 AND (( NOT( (0x00000000 = (argv3_0x9f109c0[0x00000003] @ (argv3_0x9f109c0[0x00000002] @ (argv3_0x9f109c0[0x00000001] @ argv3_0x9f109c0[0x00000000]
)
)
)
))) AND (0x00000000 = (argv10_0x9f0e778[0x00000003] @ (argv10_0x9f0e778[0x00000002] @ (argv10_0x9f0e778[0x00000001] @ argv10_0x9f0e778[0x00000000]
)
)
)
)
)
)
))  );
ASSERT( (LET let_k_0 = (argv8_0x9f0e658[0x00000003] @ (argv8_0x9f0e658[0x00000002] @ (argv8_0x9f0e658[0x00000001] @ argv8_0x9f0e658[0x00000000]
)
)
) IN 
( NOT( SBVLT((argv9_0x9f01350[0x00000003] @ (argv9_0x9f01350[0x00000002] @ (argv9_0x9f01350[0x00000001] @ argv9_0x9f01350[0x00000000]
)
)
),IF((0x00000000 = (argv12_0x9f0e920[0x00000003] @ (argv12_0x9f0e920[0x00000002] @ (argv12_0x9f0e920[0x00000001] @ argv12_0x9f0e920[0x00000000]
)
)
)
))
THEN let_k_0
ELSE BVPLUS(32, 
0x00000064, 
let_k_0)

ENDIF)
)))  );
ASSERT( (SBVLE((argv4_0x9f10788[0x00000003] @ (argv4_0x9f10788[0x00000002] @ (argv4_0x9f10788[0x00000001] @ argv4_0x9f10788[0x00000000]
)
)
),(argv6_0x9f0e4d0[0x00000003] @ (argv6_0x9f0e4d0[0x00000002] @ (argv6_0x9f0e4d0[0x00000001] @ argv6_0x9f0e4d0[0x00000000]
)
)
))
 OR SBVLT(0x0000018F,(argv8_0x9f0e658[0x00000003] @ (argv8_0x9f0e658[0x00000002] @ (argv8_0x9f0e658[0x00000001] @ argv8_0x9f0e658[0x00000000]
)
)
))

) );
ASSERT( SBVLT((argv6_0x9f0e4d0[0x00000003] @ (argv6_0x9f0e4d0[0x00000002] @ (argv6_0x9f0e4d0[0x00000001] @ argv6_0x9f0e4d0[0x00000000]
)
)
),(argv4_0x9f10788[0x00000003] @ (argv4_0x9f10788[0x00000002] @ (argv4_0x9f10788[0x00000001] @ argv4_0x9f10788[0x00000000]
)
)
))
 );
%----------------------------------------------------
QUERY( FALSE  );

#variable value:
output=:2
