Making all in lib
make[1]: Entering directory `/home/mingyuejiang/Documents/angelix/data0/gzip2/.angelix/golden/lib'
  GEN    alloca.h
  GEN    arg-nonnull.h
  GEN    configmake.h
  GEN    warn-on-use.h
  GEN    dirent.h
  GEN    fcntl.h
  GEN    math.h
  GEN    stdio.h
  GEN    stdlib.h
  GEN    string.h
  GEN    sys/stat.h
  GEN    sys/time.h
  GEN    time.h
  GEN    unistd.h
  GEN    wchar.h
(CDPATH="${ZSH_VERSION+.}:" && cd .. && /bin/sh /home/mingyuejiang/Documents/angelix/data0/gzip2/.angelix/golden/build-aux/missing --run autoheader)
configure.ac:44: warning: AC_LANG_CONFTEST: no AC_LANG_SOURCE call detected in body
../../lib/autoconf/lang.m4:193: AC_LANG_CONFTEST is expanded from...
../../lib/autoconf/general.m4:2590: _AC_COMPILE_IFELSE is expanded from...
../../lib/autoconf/general.m4:2606: AC_COMPILE_IFELSE is expanded from...
../../lib/m4sugar/m4sh.m4:639: AS_IF is expanded from...
../../lib/autoconf/general.m4:2031: AC_CACHE_VAL is expanded from...
../../lib/autoconf/general.m4:2052: AC_CACHE_CHECK is expanded from...
m4/include_next.m4:28: gl_INCLUDE_NEXT is expanded from...
m4/include_next.m4:124: gl_CHECK_NEXT_HEADERS is expanded from...
m4/dirent_h.m4:9: gl_DIRENT_H is expanded from...
m4/gnulib-comp.m4:39: gl_INIT is expanded from...
configure.ac:44: the top level
configure.ac:44: warning: AC_LANG_CONFTEST: no AC_LANG_SOURCE call detected in body
../../lib/autoconf/lang.m4:193: AC_LANG_CONFTEST is expanded from...
../../lib/autoconf/general.m4:2590: _AC_COMPILE_IFELSE is expanded from...
../../lib/autoconf/general.m4:2606: AC_COMPILE_IFELSE is expanded from...
../../lib/m4sugar/m4sh.m4:639: AS_IF is expanded from...
../../lib/autoconf/general.m4:2590: _AC_COMPILE_IFELSE is expanded from...
../../lib/autoconf/general.m4:2606: AC_COMPILE_IFELSE is expanded from...
../../lib/m4sugar/m4sh.m4:639: AS_IF is expanded from...
../../lib/autoconf/general.m4:2031: AC_CACHE_VAL is expanded from...
../../lib/autoconf/general.m4:2052: AC_CACHE_CHECK is expanded from...
m4/include_next.m4:28: gl_INCLUDE_NEXT is expanded from...
m4/include_next.m4:124: gl_CHECK_NEXT_HEADERS is expanded from...
m4/dirent_h.m4:9: gl_DIRENT_H is expanded from...
m4/gnulib-comp.m4:39: gl_INIT is expanded from...
configure.ac:44: the top level
configure.ac:44: warning: AC_LANG_CONFTEST: no AC_LANG_SOURCE call detected in body
../../lib/autoconf/lang.m4:193: AC_LANG_CONFTEST is expanded from...
../../lib/autoconf/general.m4:2661: _AC_LINK_IFELSE is expanded from...
../../lib/autoconf/general.m4:2678: AC_LINK_IFELSE is expanded from...
../../lib/m4sugar/m4sh.m4:639: AS_IF is expanded from...
../../lib/autoconf/general.m4:2031: AC_CACHE_VAL is expanded from...
../../lib/autoconf/general.m4:2052: AC_CACHE_CHECK is expanded from...
m4/lseek.m4:7: gl_FUNC_LSEEK is expanded from...
m4/gnulib-comp.m4:39: gl_INIT is expanded from...
configure.ac:44: the top level
configure.ac:44: warning: AC_LANG_CONFTEST: no AC_LANG_SOURCE call detected in body
../../lib/autoconf/lang.m4:193: AC_LANG_CONFTEST is expanded from...
../../lib/autoconf/general.m4:2590: _AC_COMPILE_IFELSE is expanded from...
../../lib/autoconf/general.m4:2606: AC_COMPILE_IFELSE is expanded from...
../../lib/m4sugar/m4sh.m4:639: AS_IF is expanded from...
../../lib/autoconf/general.m4:2031: AC_CACHE_VAL is expanded from...
../../lib/autoconf/general.m4:2052: AC_CACHE_CHECK is expanded from...
m4/lseek.m4:7: gl_FUNC_LSEEK is expanded from...
m4/gnulib-comp.m4:39: gl_INIT is expanded from...
configure.ac:44: the top level
rm -f stamp-h1
touch config.hin
cd .. && /bin/sh ./config.status lib/config.h
config.status: creating lib/config.h
make  all-recursive
make[2]: Entering directory `/home/mingyuejiang/Documents/angelix/data0/gzip2/.angelix/golden/lib'
make[3]: Entering directory `/home/mingyuejiang/Documents/angelix/data0/gzip2/.angelix/golden/lib'
  CC     close-hook.o
[angelix-compiler] gcc -include /home/mingyuejiang/Documents/angelix/src/runtime/runtime.h '-DHAVE_CONFIG_H' '-I.' '-g' '-O2' '-MT' 'close-hook.o' '-MD' '-MP' '-MF' '.deps/close-hook.Tpo' '-c' '-o' 'close-hook.o' 'close-hook.c' -L/home/mingyuejiang/Documents/angelix/build/lib/test -langelix -L/home/mingyuejiang/Documents/angelix/src/klee/Release+Asserts/lib -lkleeRuntest 
  CC     freadahead.o
[angelix-compiler] gcc -include /home/mingyuejiang/Documents/angelix/src/runtime/runtime.h '-DHAVE_CONFIG_H' '-I.' '-g' '-O2' '-MT' 'freadahead.o' '-MD' '-MP' '-MF' '.deps/freadahead.Tpo' '-c' '-o' 'freadahead.o' 'freadahead.c' -L/home/mingyuejiang/Documents/angelix/build/lib/test -langelix -L/home/mingyuejiang/Documents/angelix/src/klee/Release+Asserts/lib -lkleeRuntest 
  CC     freading.o
[angelix-compiler] gcc -include /home/mingyuejiang/Documents/angelix/src/runtime/runtime.h '-DHAVE_CONFIG_H' '-I.' '-g' '-O2' '-MT' 'freading.o' '-MD' '-MP' '-MF' '.deps/freading.Tpo' '-c' '-o' 'freading.o' 'freading.c' -L/home/mingyuejiang/Documents/angelix/build/lib/test -langelix -L/home/mingyuejiang/Documents/angelix/src/klee/Release+Asserts/lib -lkleeRuntest 
  CC     fseterr.o
[angelix-compiler] gcc -include /home/mingyuejiang/Documents/angelix/src/runtime/runtime.h '-DHAVE_CONFIG_H' '-I.' '-g' '-O2' '-MT' 'fseterr.o' '-MD' '-MP' '-MF' '.deps/fseterr.Tpo' '-c' '-o' 'fseterr.o' 'fseterr.c' -L/home/mingyuejiang/Documents/angelix/build/lib/test -langelix -L/home/mingyuejiang/Documents/angelix/src/klee/Release+Asserts/lib -lkleeRuntest 
  CC     localcharset.o
[angelix-compiler] gcc -include /home/mingyuejiang/Documents/angelix/src/runtime/runtime.h '-DHAVE_CONFIG_H' '-I.' '-g' '-O2' '-MT' 'localcharset.o' '-MD' '-MP' '-MF' '.deps/localcharset.Tpo' '-c' '-o' 'localcharset.o' 'localcharset.c' -L/home/mingyuejiang/Documents/angelix/build/lib/test -langelix -L/home/mingyuejiang/Documents/angelix/src/klee/Release+Asserts/lib -lkleeRuntest 
  CC     openat-die.o
[angelix-compiler] gcc -include /home/mingyuejiang/Documents/angelix/src/runtime/runtime.h '-DHAVE_CONFIG_H' '-I.' '-g' '-O2' '-MT' 'openat-die.o' '-MD' '-MP' '-MF' '.deps/openat-die.Tpo' '-c' '-o' 'openat-die.o' 'openat-die.c' -L/home/mingyuejiang/Documents/angelix/build/lib/test -langelix -L/home/mingyuejiang/Documents/angelix/src/klee/Release+Asserts/lib -lkleeRuntest 
  CC     printf-frexp.o
[angelix-compiler] gcc -include /home/mingyuejiang/Documents/angelix/src/runtime/runtime.h '-DHAVE_CONFIG_H' '-I.' '-g' '-O2' '-MT' 'printf-frexp.o' '-MD' '-MP' '-MF' '.deps/printf-frexp.Tpo' '-c' '-o' 'printf-frexp.o' 'printf-frexp.c' -L/home/mingyuejiang/Documents/angelix/build/lib/test -langelix -L/home/mingyuejiang/Documents/angelix/src/klee/Release+Asserts/lib -lkleeRuntest 
  CC     printf-frexpl.o
[angelix-compiler] gcc -include /home/mingyuejiang/Documents/angelix/src/runtime/runtime.h '-DHAVE_CONFIG_H' '-I.' '-g' '-O2' '-MT' 'printf-frexpl.o' '-MD' '-MP' '-MF' '.deps/printf-frexpl.Tpo' '-c' '-o' 'printf-frexpl.o' 'printf-frexpl.c' -L/home/mingyuejiang/Documents/angelix/build/lib/test -langelix -L/home/mingyuejiang/Documents/angelix/src/klee/Release+Asserts/lib -lkleeRuntest 
  CC     xalloc-die.o
[angelix-compiler] gcc -include /home/mingyuejiang/Documents/angelix/src/runtime/runtime.h '-DHAVE_CONFIG_H' '-I.' '-g' '-O2' '-MT' 'xalloc-die.o' '-MD' '-MP' '-MF' '.deps/xalloc-die.Tpo' '-c' '-o' 'xalloc-die.o' 'xalloc-die.c' -L/home/mingyuejiang/Documents/angelix/build/lib/test -langelix -L/home/mingyuejiang/Documents/angelix/src/klee/Release+Asserts/lib -lkleeRuntest 
  CC     asnprintf.o
[angelix-compiler] gcc -include /home/mingyuejiang/Documents/angelix/src/runtime/runtime.h '-DHAVE_CONFIG_H' '-I.' '-g' '-O2' '-MT' 'asnprintf.o' '-MD' '-MP' '-MF' '.deps/asnprintf.Tpo' '-c' '-o' 'asnprintf.o' 'asnprintf.c' -L/home/mingyuejiang/Documents/angelix/build/lib/test -langelix -L/home/mingyuejiang/Documents/angelix/src/klee/Release+Asserts/lib -lkleeRuntest 
  CC     basename-lgpl.o
[angelix-compiler] gcc -include /home/mingyuejiang/Documents/angelix/src/runtime/runtime.h '-DHAVE_CONFIG_H' '-I.' '-g' '-O2' '-MT' 'basename-lgpl.o' '-MD' '-MP' '-MF' '.deps/basename-lgpl.Tpo' '-c' '-o' 'basename-lgpl.o' 'basename-lgpl.c' -L/home/mingyuejiang/Documents/angelix/build/lib/test -langelix -L/home/mingyuejiang/Documents/angelix/src/klee/Release+Asserts/lib -lkleeRuntest 
  CC     chdir-long.o
[angelix-compiler] gcc -include /home/mingyuejiang/Documents/angelix/src/runtime/runtime.h '-DHAVE_CONFIG_H' '-I.' '-g' '-O2' '-MT' 'chdir-long.o' '-MD' '-MP' '-MF' '.deps/chdir-long.Tpo' '-c' '-o' 'chdir-long.o' 'chdir-long.c' -L/home/mingyuejiang/Documents/angelix/build/lib/test -langelix -L/home/mingyuejiang/Documents/angelix/src/klee/Release+Asserts/lib -lkleeRuntest 
  CC     close-stream.o
[angelix-compiler] gcc -include /home/mingyuejiang/Documents/angelix/src/runtime/runtime.h '-DHAVE_CONFIG_H' '-I.' '-g' '-O2' '-MT' 'close-stream.o' '-MD' '-MP' '-MF' '.deps/close-stream.Tpo' '-c' '-o' 'close-stream.o' 'close-stream.c' -L/home/mingyuejiang/Documents/angelix/build/lib/test -langelix -L/home/mingyuejiang/Documents/angelix/src/klee/Release+Asserts/lib -lkleeRuntest 
  CC     closein.o
[angelix-compiler] gcc -include /home/mingyuejiang/Documents/angelix/src/runtime/runtime.h '-DHAVE_CONFIG_H' '-I.' '-g' '-O2' '-MT' 'closein.o' '-MD' '-MP' '-MF' '.deps/closein.Tpo' '-c' '-o' 'closein.o' 'closein.c' -L/home/mingyuejiang/Documents/angelix/build/lib/test -langelix -L/home/mingyuejiang/Documents/angelix/src/klee/Release+Asserts/lib -lkleeRuntest 
  CC     closeout.o
[angelix-compiler] gcc -include /home/mingyuejiang/Documents/angelix/src/runtime/runtime.h '-DHAVE_CONFIG_H' '-I.' '-g' '-O2' '-MT' 'closeout.o' '-MD' '-MP' '-MF' '.deps/closeout.Tpo' '-c' '-o' 'closeout.o' 'closeout.c' -L/home/mingyuejiang/Documents/angelix/build/lib/test -langelix -L/home/mingyuejiang/Documents/angelix/src/klee/Release+Asserts/lib -lkleeRuntest 
  CC     creat-safer.o
[angelix-compiler] gcc -include /home/mingyuejiang/Documents/angelix/src/runtime/runtime.h '-DHAVE_CONFIG_H' '-I.' '-g' '-O2' '-MT' 'creat-safer.o' '-MD' '-MP' '-MF' '.deps/creat-safer.Tpo' '-c' '-o' 'creat-safer.o' 'creat-safer.c' -L/home/mingyuejiang/Documents/angelix/build/lib/test -langelix -L/home/mingyuejiang/Documents/angelix/src/klee/Release+Asserts/lib -lkleeRuntest 
  CC     dirname-lgpl.o
[angelix-compiler] gcc -include /home/mingyuejiang/Documents/angelix/src/runtime/runtime.h '-DHAVE_CONFIG_H' '-I.' '-g' '-O2' '-MT' 'dirname-lgpl.o' '-MD' '-MP' '-MF' '.deps/dirname-lgpl.Tpo' '-c' '-o' 'dirname-lgpl.o' 'dirname-lgpl.c' -L/home/mingyuejiang/Documents/angelix/build/lib/test -langelix -L/home/mingyuejiang/Documents/angelix/src/klee/Release+Asserts/lib -lkleeRuntest 
  CC     dup-safer.o
[angelix-compiler] gcc -include /home/mingyuejiang/Documents/angelix/src/runtime/runtime.h '-DHAVE_CONFIG_H' '-I.' '-g' '-O2' '-MT' 'dup-safer.o' '-MD' '-MP' '-MF' '.deps/dup-safer.Tpo' '-c' '-o' 'dup-safer.o' 'dup-safer.c' -L/home/mingyuejiang/Documents/angelix/build/lib/test -langelix -L/home/mingyuejiang/Documents/angelix/src/klee/Release+Asserts/lib -lkleeRuntest 
  CC     exitfail.o
[angelix-compiler] gcc -include /home/mingyuejiang/Documents/angelix/src/runtime/runtime.h '-DHAVE_CONFIG_H' '-I.' '-g' '-O2' '-MT' 'exitfail.o' '-MD' '-MP' '-MF' '.deps/exitfail.Tpo' '-c' '-o' 'exitfail.o' 'exitfail.c' -L/home/mingyuejiang/Documents/angelix/build/lib/test -langelix -L/home/mingyuejiang/Documents/angelix/src/klee/Release+Asserts/lib -lkleeRuntest 
  CC     fcntl.o
[angelix-compiler] gcc -include /home/mingyuejiang/Documents/angelix/src/runtime/runtime.h '-DHAVE_CONFIG_H' '-I.' '-g' '-O2' '-MT' 'fcntl.o' '-MD' '-MP' '-MF' '.deps/fcntl.Tpo' '-c' '-o' 'fcntl.o' 'fcntl.c' -L/home/mingyuejiang/Documents/angelix/build/lib/test -langelix -L/home/mingyuejiang/Documents/angelix/src/klee/Release+Asserts/lib -lkleeRuntest 
  CC     fd-safer.o
[angelix-compiler] gcc -include /home/mingyuejiang/Documents/angelix/src/runtime/runtime.h '-DHAVE_CONFIG_H' '-I.' '-g' '-O2' '-MT' 'fd-safer.o' '-MD' '-MP' '-MF' '.deps/fd-safer.Tpo' '-c' '-o' 'fd-safer.o' 'fd-safer.c' -L/home/mingyuejiang/Documents/angelix/build/lib/test -langelix -L/home/mingyuejiang/Documents/angelix/src/klee/Release+Asserts/lib -lkleeRuntest 
  CC     fflush.o
[angelix-compiler] gcc -include /home/mingyuejiang/Documents/angelix/src/runtime/runtime.h '-DHAVE_CONFIG_H' '-I.' '-g' '-O2' '-MT' 'fflush.o' '-MD' '-MP' '-MF' '.deps/fflush.Tpo' '-c' '-o' 'fflush.o' 'fflush.c' -L/home/mingyuejiang/Documents/angelix/build/lib/test -langelix -L/home/mingyuejiang/Documents/angelix/src/klee/Release+Asserts/lib -lkleeRuntest 
  CC     fprintf.o
[angelix-compiler] gcc -include /home/mingyuejiang/Documents/angelix/src/runtime/runtime.h '-DHAVE_CONFIG_H' '-I.' '-g' '-O2' '-MT' 'fprintf.o' '-MD' '-MP' '-MF' '.deps/fprintf.Tpo' '-c' '-o' 'fprintf.o' 'fprintf.c' -L/home/mingyuejiang/Documents/angelix/build/lib/test -langelix -L/home/mingyuejiang/Documents/angelix/src/klee/Release+Asserts/lib -lkleeRuntest 
  CC     fpurge.o
[angelix-compiler] gcc -include /home/mingyuejiang/Documents/angelix/src/runtime/runtime.h '-DHAVE_CONFIG_H' '-I.' '-g' '-O2' '-MT' 'fpurge.o' '-MD' '-MP' '-MF' '.deps/fpurge.Tpo' '-c' '-o' 'fpurge.o' 'fpurge.c' -L/home/mingyuejiang/Documents/angelix/build/lib/test -langelix -L/home/mingyuejiang/Documents/angelix/src/klee/Release+Asserts/lib -lkleeRuntest 
  CC     fseeko.o
[angelix-compiler] gcc -include /home/mingyuejiang/Documents/angelix/src/runtime/runtime.h '-DHAVE_CONFIG_H' '-I.' '-g' '-O2' '-MT' 'fseeko.o' '-MD' '-MP' '-MF' '.deps/fseeko.Tpo' '-c' '-o' 'fseeko.o' 'fseeko.c' -L/home/mingyuejiang/Documents/angelix/build/lib/test -langelix -L/home/mingyuejiang/Documents/angelix/src/klee/Release+Asserts/lib -lkleeRuntest 
  CC     gettime.o
[angelix-compiler] gcc -include /home/mingyuejiang/Documents/angelix/src/runtime/runtime.h '-DHAVE_CONFIG_H' '-I.' '-g' '-O2' '-MT' 'gettime.o' '-MD' '-MP' '-MF' '.deps/gettime.Tpo' '-c' '-o' 'gettime.o' 'gettime.c' -L/home/mingyuejiang/Documents/angelix/build/lib/test -langelix -L/home/mingyuejiang/Documents/angelix/src/klee/Release+Asserts/lib -lkleeRuntest 
  CC     isnanl.o
[angelix-compiler] gcc -include /home/mingyuejiang/Documents/angelix/src/runtime/runtime.h '-DHAVE_CONFIG_H' '-I.' '-g' '-O2' '-MT' 'isnanl.o' '-MD' '-MP' '-MF' '.deps/isnanl.Tpo' '-c' '-o' 'isnanl.o' 'isnanl.c' -L/home/mingyuejiang/Documents/angelix/build/lib/test -langelix -L/home/mingyuejiang/Documents/angelix/src/klee/Release+Asserts/lib -lkleeRuntest 
  CC     open-safer.o
[angelix-compiler] gcc -include /home/mingyuejiang/Documents/angelix/src/runtime/runtime.h '-DHAVE_CONFIG_H' '-I.' '-g' '-O2' '-MT' 'open-safer.o' '-MD' '-MP' '-MF' '.deps/open-safer.Tpo' '-c' '-o' 'open-safer.o' 'open-safer.c' -L/home/mingyuejiang/Documents/angelix/build/lib/test -langelix -L/home/mingyuejiang/Documents/angelix/src/klee/Release+Asserts/lib -lkleeRuntest 
  CC     openat-proc.o
[angelix-compiler] gcc -include /home/mingyuejiang/Documents/angelix/src/runtime/runtime.h '-DHAVE_CONFIG_H' '-I.' '-g' '-O2' '-MT' 'openat-proc.o' '-MD' '-MP' '-MF' '.deps/openat-proc.Tpo' '-c' '-o' 'openat-proc.o' 'openat-proc.c' -L/home/mingyuejiang/Documents/angelix/build/lib/test -langelix -L/home/mingyuejiang/Documents/angelix/src/klee/Release+Asserts/lib -lkleeRuntest 
  CC     pipe-safer.o
[angelix-compiler] gcc -include /home/mingyuejiang/Documents/angelix/src/runtime/runtime.h '-DHAVE_CONFIG_H' '-I.' '-g' '-O2' '-MT' 'pipe-safer.o' '-MD' '-MP' '-MF' '.deps/pipe-safer.Tpo' '-c' '-o' 'pipe-safer.o' 'pipe-safer.c' -L/home/mingyuejiang/Documents/angelix/build/lib/test -langelix -L/home/mingyuejiang/Documents/angelix/src/klee/Release+Asserts/lib -lkleeRuntest 
  CC     printf.o
[angelix-compiler] gcc -include /home/mingyuejiang/Documents/angelix/src/runtime/runtime.h '-DHAVE_CONFIG_H' '-I.' '-g' '-O2' '-MT' 'printf.o' '-MD' '-MP' '-MF' '.deps/printf.Tpo' '-c' '-o' 'printf.o' 'printf.c' -L/home/mingyuejiang/Documents/angelix/build/lib/test -langelix -L/home/mingyuejiang/Documents/angelix/src/klee/Release+Asserts/lib -lkleeRuntest 
  CC     printf-args.o
[angelix-compiler] gcc -include /home/mingyuejiang/Documents/angelix/src/runtime/runtime.h '-DHAVE_CONFIG_H' '-I.' '-g' '-O2' '-MT' 'printf-args.o' '-MD' '-MP' '-MF' '.deps/printf-args.Tpo' '-c' '-o' 'printf-args.o' 'printf-args.c' -L/home/mingyuejiang/Documents/angelix/build/lib/test -langelix -L/home/mingyuejiang/Documents/angelix/src/klee/Release+Asserts/lib -lkleeRuntest 
  CC     printf-parse.o
[angelix-compiler] gcc -include /home/mingyuejiang/Documents/angelix/src/runtime/runtime.h '-DHAVE_CONFIG_H' '-I.' '-g' '-O2' '-MT' 'printf-parse.o' '-MD' '-MP' '-MF' '.deps/printf-parse.Tpo' '-c' '-o' 'printf-parse.o' 'printf-parse.c' -L/home/mingyuejiang/Documents/angelix/build/lib/test -langelix -L/home/mingyuejiang/Documents/angelix/src/klee/Release+Asserts/lib -lkleeRuntest 
  CC     quotearg.o
[angelix-compiler] gcc -include /home/mingyuejiang/Documents/angelix/src/runtime/runtime.h '-DHAVE_CONFIG_H' '-I.' '-g' '-O2' '-MT' 'quotearg.o' '-MD' '-MP' '-MF' '.deps/quotearg.Tpo' '-c' '-o' 'quotearg.o' 'quotearg.c' -L/home/mingyuejiang/Documents/angelix/build/lib/test -langelix -L/home/mingyuejiang/Documents/angelix/src/klee/Release+Asserts/lib -lkleeRuntest 
  CC     save-cwd.o
[angelix-compiler] gcc -include /home/mingyuejiang/Documents/angelix/src/runtime/runtime.h '-DHAVE_CONFIG_H' '-I.' '-g' '-O2' '-MT' 'save-cwd.o' '-MD' '-MP' '-MF' '.deps/save-cwd.Tpo' '-c' '-o' 'save-cwd.o' 'save-cwd.c' -L/home/mingyuejiang/Documents/angelix/build/lib/test -langelix -L/home/mingyuejiang/Documents/angelix/src/klee/Release+Asserts/lib -lkleeRuntest 
  CC     stripslash.o
[angelix-compiler] gcc -include /home/mingyuejiang/Documents/angelix/src/runtime/runtime.h '-DHAVE_CONFIG_H' '-I.' '-g' '-O2' '-MT' 'stripslash.o' '-MD' '-MP' '-MF' '.deps/stripslash.Tpo' '-c' '-o' 'stripslash.o' 'stripslash.c' -L/home/mingyuejiang/Documents/angelix/build/lib/test -langelix -L/home/mingyuejiang/Documents/angelix/src/klee/Release+Asserts/lib -lkleeRuntest 
  CC     utimens.o
[angelix-compiler] gcc -include /home/mingyuejiang/Documents/angelix/src/runtime/runtime.h '-DHAVE_CONFIG_H' '-I.' '-g' '-O2' '-MT' 'utimens.o' '-MD' '-MP' '-MF' '.deps/utimens.Tpo' '-c' '-o' 'utimens.o' 'utimens.c' -L/home/mingyuejiang/Documents/angelix/build/lib/test -langelix -L/home/mingyuejiang/Documents/angelix/src/klee/Release+Asserts/lib -lkleeRuntest 
  CC     vasnprintf.o
[angelix-compiler] gcc -include /home/mingyuejiang/Documents/angelix/src/runtime/runtime.h '-DHAVE_CONFIG_H' '-I.' '-g' '-O2' '-MT' 'vasnprintf.o' '-MD' '-MP' '-MF' '.deps/vasnprintf.Tpo' '-c' '-o' 'vasnprintf.o' 'vasnprintf.c' -L/home/mingyuejiang/Documents/angelix/build/lib/test -langelix -L/home/mingyuejiang/Documents/angelix/src/klee/Release+Asserts/lib -lkleeRuntest 
  CC     vfprintf.o
[angelix-compiler] gcc -include /home/mingyuejiang/Documents/angelix/src/runtime/runtime.h '-DHAVE_CONFIG_H' '-I.' '-g' '-O2' '-MT' 'vfprintf.o' '-MD' '-MP' '-MF' '.deps/vfprintf.Tpo' '-c' '-o' 'vfprintf.o' 'vfprintf.c' -L/home/mingyuejiang/Documents/angelix/build/lib/test -langelix -L/home/mingyuejiang/Documents/angelix/src/klee/Release+Asserts/lib -lkleeRuntest 
  CC     xgetcwd.o
[angelix-compiler] gcc -include /home/mingyuejiang/Documents/angelix/src/runtime/runtime.h '-DHAVE_CONFIG_H' '-I.' '-g' '-O2' '-MT' 'xgetcwd.o' '-MD' '-MP' '-MF' '.deps/xgetcwd.Tpo' '-c' '-o' 'xgetcwd.o' 'xgetcwd.c' -L/home/mingyuejiang/Documents/angelix/build/lib/test -langelix -L/home/mingyuejiang/Documents/angelix/src/klee/Release+Asserts/lib -lkleeRuntest 
  CC     xmalloc.o
[angelix-compiler] gcc -include /home/mingyuejiang/Documents/angelix/src/runtime/runtime.h '-DHAVE_CONFIG_H' '-I.' '-g' '-O2' '-MT' 'xmalloc.o' '-MD' '-MP' '-MF' '.deps/xmalloc.Tpo' '-c' '-o' 'xmalloc.o' 'xmalloc.c' -L/home/mingyuejiang/Documents/angelix/build/lib/test -langelix -L/home/mingyuejiang/Documents/angelix/src/klee/Release+Asserts/lib -lkleeRuntest 
  CC     yesno.o
[angelix-compiler] gcc -include /home/mingyuejiang/Documents/angelix/src/runtime/runtime.h '-DHAVE_CONFIG_H' '-I.' '-g' '-O2' '-MT' 'yesno.o' '-MD' '-MP' '-MF' '.deps/yesno.Tpo' '-c' '-o' 'yesno.o' 'yesno.c' -L/home/mingyuejiang/Documents/angelix/build/lib/test -langelix -L/home/mingyuejiang/Documents/angelix/src/klee/Release+Asserts/lib -lkleeRuntest 
  AR     libgzip.a
  GEN    charset.alias
  GEN    ref-add.sed
  GEN    ref-del.sed
make[3]: Leaving directory `/home/mingyuejiang/Documents/angelix/data0/gzip2/.angelix/golden/lib'
make[2]: Leaving directory `/home/mingyuejiang/Documents/angelix/data0/gzip2/.angelix/golden/lib'
make[1]: Leaving directory `/home/mingyuejiang/Documents/angelix/data0/gzip2/.angelix/golden/lib'
Making all in doc
make[1]: Entering directory `/home/mingyuejiang/Documents/angelix/data0/gzip2/.angelix/golden/doc'
Updating ./version.texi
make[1]: Leaving directory `/home/mingyuejiang/Documents/angelix/data0/gzip2/.angelix/golden/doc'
make[1]: Entering directory `/home/mingyuejiang/Documents/angelix/data0/gzip2/.angelix/golden'
  CC     bits.o
[angelix-compiler] gcc -include /home/mingyuejiang/Documents/angelix/src/runtime/runtime.h '-DHAVE_CONFIG_H' '-I.' '-I./lib' '-I./lib' '-g' '-O2' '-MT' 'bits.o' '-MD' '-MP' '-MF' '.deps/bits.Tpo' '-c' '-o' 'bits.o' 'bits.c' -L/home/mingyuejiang/Documents/angelix/build/lib/test -langelix -L/home/mingyuejiang/Documents/angelix/src/klee/Release+Asserts/lib -lkleeRuntest 
  CC     crypt.o
[angelix-compiler] gcc -include /home/mingyuejiang/Documents/angelix/src/runtime/runtime.h '-DHAVE_CONFIG_H' '-I.' '-I./lib' '-I./lib' '-g' '-O2' '-MT' 'crypt.o' '-MD' '-MP' '-MF' '.deps/crypt.Tpo' '-c' '-o' 'crypt.o' 'crypt.c' -L/home/mingyuejiang/Documents/angelix/build/lib/test -langelix -L/home/mingyuejiang/Documents/angelix/src/klee/Release+Asserts/lib -lkleeRuntest 
  CC     deflate.o
[angelix-compiler] gcc -include /home/mingyuejiang/Documents/angelix/src/runtime/runtime.h '-DHAVE_CONFIG_H' '-I.' '-I./lib' '-I./lib' '-g' '-O2' '-MT' 'deflate.o' '-MD' '-MP' '-MF' '.deps/deflate.Tpo' '-c' '-o' 'deflate.o' 'deflate.c' -L/home/mingyuejiang/Documents/angelix/build/lib/test -langelix -L/home/mingyuejiang/Documents/angelix/src/klee/Release+Asserts/lib -lkleeRuntest 
  CC     gzip.o
[angelix-compiler] gcc -include /home/mingyuejiang/Documents/angelix/src/runtime/runtime.h '-DHAVE_CONFIG_H' '-I.' '-I./lib' '-I./lib' '-g' '-O2' '-MT' 'gzip.o' '-MD' '-MP' '-MF' '.deps/gzip.Tpo' '-c' '-o' 'gzip.o' 'gzip.c' -L/home/mingyuejiang/Documents/angelix/build/lib/test -langelix -L/home/mingyuejiang/Documents/angelix/src/klee/Release+Asserts/lib -lkleeRuntest 
  CC     inflate.o
[angelix-compiler] gcc -include /home/mingyuejiang/Documents/angelix/src/runtime/runtime.h '-DHAVE_CONFIG_H' '-I.' '-I./lib' '-I./lib' '-g' '-O2' '-MT' 'inflate.o' '-MD' '-MP' '-MF' '.deps/inflate.Tpo' '-c' '-o' 'inflate.o' 'inflate.c' -L/home/mingyuejiang/Documents/angelix/build/lib/test -langelix -L/home/mingyuejiang/Documents/angelix/src/klee/Release+Asserts/lib -lkleeRuntest 
  CC     lzw.o
[angelix-compiler] gcc -include /home/mingyuejiang/Documents/angelix/src/runtime/runtime.h '-DHAVE_CONFIG_H' '-I.' '-I./lib' '-I./lib' '-g' '-O2' '-MT' 'lzw.o' '-MD' '-MP' '-MF' '.deps/lzw.Tpo' '-c' '-o' 'lzw.o' 'lzw.c' -L/home/mingyuejiang/Documents/angelix/build/lib/test -langelix -L/home/mingyuejiang/Documents/angelix/src/klee/Release+Asserts/lib -lkleeRuntest 
  CC     trees.o
[angelix-compiler] gcc -include /home/mingyuejiang/Documents/angelix/src/runtime/runtime.h '-DHAVE_CONFIG_H' '-I.' '-I./lib' '-I./lib' '-g' '-O2' '-MT' 'trees.o' '-MD' '-MP' '-MF' '.deps/trees.Tpo' '-c' '-o' 'trees.o' 'trees.c' -L/home/mingyuejiang/Documents/angelix/build/lib/test -langelix -L/home/mingyuejiang/Documents/angelix/src/klee/Release+Asserts/lib -lkleeRuntest 
  CC     unlzh.o
[angelix-compiler] gcc -include /home/mingyuejiang/Documents/angelix/src/runtime/runtime.h '-DHAVE_CONFIG_H' '-I.' '-I./lib' '-I./lib' '-g' '-O2' '-MT' 'unlzh.o' '-MD' '-MP' '-MF' '.deps/unlzh.Tpo' '-c' '-o' 'unlzh.o' 'unlzh.c' -L/home/mingyuejiang/Documents/angelix/build/lib/test -langelix -L/home/mingyuejiang/Documents/angelix/src/klee/Release+Asserts/lib -lkleeRuntest 
  CC     unlzw.o
[angelix-compiler] gcc -include /home/mingyuejiang/Documents/angelix/src/runtime/runtime.h '-DHAVE_CONFIG_H' '-I.' '-I./lib' '-I./lib' '-g' '-O2' '-MT' 'unlzw.o' '-MD' '-MP' '-MF' '.deps/unlzw.Tpo' '-c' '-o' 'unlzw.o' 'unlzw.c' -L/home/mingyuejiang/Documents/angelix/build/lib/test -langelix -L/home/mingyuejiang/Documents/angelix/src/klee/Release+Asserts/lib -lkleeRuntest 
  CC     unpack.o
[angelix-compiler] gcc -include /home/mingyuejiang/Documents/angelix/src/runtime/runtime.h '-DHAVE_CONFIG_H' '-I.' '-I./lib' '-I./lib' '-g' '-O2' '-MT' 'unpack.o' '-MD' '-MP' '-MF' '.deps/unpack.Tpo' '-c' '-o' 'unpack.o' 'unpack.c' -L/home/mingyuejiang/Documents/angelix/build/lib/test -langelix -L/home/mingyuejiang/Documents/angelix/src/klee/Release+Asserts/lib -lkleeRuntest 
  CC     unzip.o
[angelix-compiler] gcc -include /home/mingyuejiang/Documents/angelix/src/runtime/runtime.h '-DHAVE_CONFIG_H' '-I.' '-I./lib' '-I./lib' '-g' '-O2' '-MT' 'unzip.o' '-MD' '-MP' '-MF' '.deps/unzip.Tpo' '-c' '-o' 'unzip.o' 'unzip.c' -L/home/mingyuejiang/Documents/angelix/build/lib/test -langelix -L/home/mingyuejiang/Documents/angelix/src/klee/Release+Asserts/lib -lkleeRuntest 
  CC     util.o
[angelix-compiler] gcc -include /home/mingyuejiang/Documents/angelix/src/runtime/runtime.h '-DHAVE_CONFIG_H' '-I.' '-I./lib' '-I./lib' '-g' '-O2' '-MT' 'util.o' '-MD' '-MP' '-MF' '.deps/util.Tpo' '-c' '-o' 'util.o' 'util.c' -L/home/mingyuejiang/Documents/angelix/build/lib/test -langelix -L/home/mingyuejiang/Documents/angelix/src/klee/Release+Asserts/lib -lkleeRuntest 
  CC     zip.o
[angelix-compiler] gcc -include /home/mingyuejiang/Documents/angelix/src/runtime/runtime.h '-DHAVE_CONFIG_H' '-I.' '-I./lib' '-I./lib' '-g' '-O2' '-MT' 'zip.o' '-MD' '-MP' '-MF' '.deps/zip.Tpo' '-c' '-o' 'zip.o' 'zip.c' -L/home/mingyuejiang/Documents/angelix/build/lib/test -langelix -L/home/mingyuejiang/Documents/angelix/src/klee/Release+Asserts/lib -lkleeRuntest 
  CCLD   gzip
[angelix-compiler] gcc -include /home/mingyuejiang/Documents/angelix/src/runtime/runtime.h '-g' '-O2' '-o' 'gzip' 'bits.o' 'crypt.o' 'deflate.o' 'gzip.o' 'inflate.o' 'lzw.o' 'trees.o' 'unlzh.o' 'unlzw.o' 'unpack.o' 'unzip.o' 'util.o' 'zip.o' 'lib/libgzip.a' -L/home/mingyuejiang/Documents/angelix/build/lib/test -langelix -L/home/mingyuejiang/Documents/angelix/src/klee/Release+Asserts/lib -lkleeRuntest 
  GEN    gunzip
  GEN    gzexe
  GEN    zcat
  GEN    zcmp
  GEN    zdiff
  GEN    zegrep
  GEN    zfgrep
  GEN    zforce
  GEN    zgrep
  GEN    zless
  GEN    zmore
  GEN    znew
make[1]: Leaving directory `/home/mingyuejiang/Documents/angelix/data0/gzip2/.angelix/golden'
