v6-----------1
-1429644530561
v6-----------2
-1429644531099
v6-----------3
-1429644531627
v6-----------4
-1429644532143
v6-----------5
-1429644532665
v6-----------6
-1429644533174
v6-----------7
-1429644533684
v6-----------8
-1429644534185
v6-----------9
-1429644534692
v6-----------10
-1429644535196
v6-----------1
-1438161658480
v6-----------1
-1438161890224
v6-----------1
-1438161960209
v6-----------2
-1438161977368
v6-----------3
-1438161983907
v6-----------4
-1438162024971
v6-----------5
-1438162027185
v6-----------6
-1438162065900
v6-----------7
-1438162119676
v6-----------8
-1438162120895
v6-----------9
-1438162160654
v6-----------10
-1438162173698
