KLEE: NOTE: Using klee-uclibc : /home/mingyuejiang/Documents/angelix/src/klee/Release+Asserts/lib/klee-uclibc.bca
KLEE: NOTE: Using model: /home/mingyuejiang/Documents/angelix/src/klee/Release+Asserts/lib/libkleeRuntimePOSIX.bca
KLEE: output directory is "/home/mingyuejiang/Documents/angelix/data0/gzip2/.angelix/backend/mf/../klee-out-0"
KLEE: WARNING ONCE: function "vasnprintf" has inline asm
KLEE: WARNING: undefined reference to function: __ctype_b_loc
KLEE: WARNING: undefined reference to function: __xstat64
KLEE: WARNING: undefined reference to function: fdopendir
KLEE: WARNING: undefined reference to function: futimens
KLEE: WARNING: undefined reference to function: klee_posix_prefer_cex
KLEE: WARNING: undefined reference to function: lseek64
KLEE: WARNING: undefined reference to function: utimensat
KLEE: WARNING: executable has module level assembly (ignoring)
KLEE: WARNING ONCE: calling external: syscall(16, 0, 21505, 75976384)
KLEE: WARNING ONCE: calling __user_main with extra arguments.
KLEE: WARNING ONCE: calling external: __xstat64(1, 75830000, 76139616)
KLEE: WARNING ONCE: __syscall_rt_sigaction: silently ignoring
KLEE: WARNING ONCE: calling external: __ctype_b_loc()
gzip.patched.bc: a.gz already exists; do you wish to overwrite (y or n)? KLEE: WARNING: unlink: ignoring (EPERM)
gzip.patched.bc: KLEE: WARNING ONCE: calling external: vprintf(75764224, 79551152)
KLEE: WARNING ONCE: calling close_stdin with extra arguments.
KLEE: WARNING: unable to write output test case, losing it
gzip.patched.bc: KLEE: WARNING: unable to write output test case, losing it
gzip.patched.bc: gzip.patched.bc: gzip.patched.bc: a.gz already exists;gzip.patched.bc: a.gz already exists; do you wish to overwrite (y or n)?  do you wish to overwrite (y or n)? 	not overwritten
KLEE: WARNING: unable to write output test case, losing it
	not overwritten
KLEE: WARNING: unable to write output test case, losing it
gzip.patched.bc: a.gz already exists;gzip.patched.bc: a.gz already exists;gzip.patched.bc: a.gz already exists;gzip.patched.bc: a.gz already exists;gzip.patched.bc: a.gz already exists;gzip.patched.bc: a.gz already exists;gzip.patched.bc: a.gz already exists;gzip.patched.bc: a.gz already exists;gzip.patched.bc: a.gz already exists;gzip.patched.bc: a.gz already exists;gzip.patched.bc: a.gz already exists;gzip.patched.bc: a.gz already exists;gzip.patched.bc: a.gz already exists;gzip.patched.bc: a.gz already exists;gzip.patched.bc: a.gz already exists;gzip.patched.bc: a.gz already exists;gzip.patched.bc: a.gz already exists;gzip.patched.bc: a.gz already exists;gzip.patched.bc: a.gz already exists;gzip.patched.bc: a.gz already exists;gzip.patched.bc: a.gz already exists;gzip.patched.bc: a.gz already exists;gzip.patched.bc: a.gz already exists;gzip.patched.bc: a.gz already exists;gzip.patched.bc: a.gz already exists;gzip.patched.bc: a.gz already exists; do you wish to overwrite (y or n)?  do you wish to overwrite (y or n)?  do you wish to overwrite (y or n)?  do you wish to overwrite (y or n)?  do you wish to overwrite (y or n)? KLEE: WARNING: unable to write output test case, losing it
 do you wish to overwrite (y or n)?  do you wish to overwrite (y or n)?  do you wish to overwrite (y or n)?  do you wish to overwrite (y or n)?  do you wish to overwrite (y or n)?  do you wish to overwrite (y or n)?  do you wish to overwrite (y or n)?  do you wish to overwrite (y or n)?  do you wish to overwrite (y or n)? KLEE: WARNING: unable to write output test case, losing it
 do you wish to overwrite (y or n)?  do you wish to overwrite (y or n)?  do you wish to overwrite (y or n)?  do you wish to overwrite (y or n)?  do you wish to overwrite (y or n)?  do you wish to overwrite (y or n)?  do you wish to overwrite (y or n)? 	not overwritten
	not overwritten
 do you wish to overwrite (y or n)?  do you wish to overwrite (y or n)?  do you wish to overwrite (y or n)?  do you wish to overwrite (y or n)? 	not overwritten
 do you wish to overwrite (y or n)? gzip.patched.bc: a.gz already exists;gzip.patched.bc: a.gz already exists;gzip.patched.bc: a.gz already exists;	not overwritten
gzip.patched.bc: a.gz already exists;gzip.patched.bc: a.gz already exists;gzip.patched.bc: a.gz already exists;gzip.patched.bc: a.gz already exists;gzip.patched.bc: a.gz already exists;gzip.patched.bc: a.gz already exists;gzip.patched.bc: a.gz already exists;gzip.patched.bc: a.gz already exists;gzip.patched.bc: a.gz already exists;gzip.patched.bc: a.gz already exists;gzip.patched.bc: a.gz already exists;	not overwritten
gzip.patched.bc: a.gz already exists;gzip.patched.bc: a.gz already exists;gzip.patched.bc: a.gz already exists;gzip.patched.bc: a.gz already exists;gzip.patched.bc: a.gz already exists;gzip.patched.bc: a.gz already exists;gzip.patched.bc: a.gz already exists;KLEE: WARNING: unable to write output test case, losing it
gzip.patched.bc: a.gz already exists;gzip.patched.bc: a.gz already exists;gzip.patched.bc: a.gz already exists;gzip.patched.bc: a.gz already exists;gzip.patched.bc: a.gz already exists;gzip.patched.bc: a.gz already exists;	not overwritten
gzip.patched.bc: a.gz already exists;gzip.patched.bc: a.gz already exists;	not overwritten
gzip.patched.bc: a.gz already exists;	not overwritten
	not overwritten
gzip.patched.bc: a.gz already exists;	not overwritten
	not overwritten
	not overwritten
	not overwritten
	not overwritten
gzip.patched.bc: a.gz already exists;	not overwritten
KLEE: WARNING: unable to write output test case, losing it
KLEE: WARNING: unable to write output test case, losing it
	not overwritten
	not overwritten
	not overwritten
	not overwritten
	not overwritten
	not overwritten
KLEE: WARNING: unable to write output test case, losing it
	not overwritten
KLEE: WARNING: unable to write output test case, losing it
	not overwritten
	not overwritten
	not overwritten
	not overwritten
	not overwritten
 do you wish to overwrite (y or n)?  do you wish to overwrite (y or n)?  do you wish to overwrite (y or n)?  do you wish to overwrite (y or n)?  do you wish to overwrite (y or n)?  do you wish to overwrite (y or n)?  do you wish to overwrite (y or n)?  do you wish to overwrite (y or n)?  do you wish to overwrite (y or n)?  do you wish to overwrite (y or n)?  do you wish to overwrite (y or n)?  do you wish to overwrite (y or n)?  do you wish to overwrite (y or n)?  do you wish to overwrite (y or n)?  do you wish to overwrite (y or n)?  do you wish to overwrite (y or n)?  do you wish to overwrite (y or n)?  do you wish to overwrite (y or n)?  do you wish to overwrite (y or n)?  do you wish to overwrite (y or n)?  do you wish to overwrite (y or n)? KLEE: WARNING: unable to write output test case, losing it
 do you wish to overwrite (y or n)?  do you wish to overwrite (y or n)? KLEE: WARNING: unable to write output test case, losing it
KLEE: WARNING: unable to write output test case, losing it
 do you wish to overwrite (y or n)?  do you wish to overwrite (y or n)?  do you wish to overwrite (y or n)? KLEE: WARNING: unable to write output test case, losing it
 do you wish to overwrite (y or n)? KLEE: WARNING: unable to write output test case, losing it
 do you wish to overwrite (y or n)? KLEE: WARNING: unable to write output test case, losing it
KLEE: WARNING: unable to write output test case, losing it
KLEE: WARNING: unable to write output test case, losing it
KLEE: WARNING: unable to write output test case, losing it
 do you wish to overwrite (y or n)? KLEE: WARNING: unable to write output test case, losing it
 do you wish to overwrite (y or n)?  do you wish to overwrite (y or n)? KLEE: WARNING: unable to write output test case, losing it
KLEE: WARNING: unable to write output test case, losing it
KLEE: WARNING: unable to write output test case, losing it
KLEE: WARNING: unable to write output test case, losing it
	not overwritten
KLEE: WARNING: unable to write output test case, losing it
KLEE: WARNING: unable to write output test case, losing it
KLEE: WARNING: unable to write output test case, losing it
KLEE: WARNING: unable to write output test case, losing it
KLEE: WARNING: unable to write output test case, losing it
KLEE: WARNING: unable to write output test case, losing it
KLEE: WARNING: unable to write output test case, losing it
KLEE: WARNING: unable to write output test case, losing it
	not overwritten
	not overwritten
	not overwritten
	not overwritten
	not overwritten
	not overwritten
	not overwritten
	not overwritten
	not overwritten
	not overwritten
	not overwritten
	not overwritten
	not overwritten
	not overwritten
	not overwritten
	not overwritten
	not overwritten
	not overwritten
	not overwritten
	not overwritten
	not overwritten
	not overwritten
	not overwritten
	not overwritten
	not overwritten
	not overwritten
	not overwritten
	not overwritten
	not overwritten
KLEE: WARNING: unable to write output test case, losing it
	not overwritten
KLEE: WARNING: unable to write output test case, losing it
KLEE: WARNING: unable to write output test case, losing it
KLEE: WARNING: unable to write output test case, losing it
KLEE: WARNING: unable to write output test case, losing it
KLEE: WARNING: unable to write output test case, losing it
KLEE: WARNING: unable to write output test case, losing it
KLEE: WARNING: unable to write output test case, losing it
KLEE: WARNING: unable to write output test case, losing it
KLEE: WARNING: unable to write output test case, losing it
KLEE: WARNING: unable to write output test case, losing it
KLEE: WARNING: unable to write output test case, losing it
KLEE: WARNING: unable to write output test case, losing it
KLEE: WARNING: unable to write output test case, losing it
KLEE: WARNING: unable to write output test case, losing it
KLEE: WARNING: unable to write output test case, losing it
KLEE: WARNING: unable to write output test case, losing it
KLEE: WARNING: unable to write output test case, losing it
KLEE: WARNING: unable to write output test case, losing it
KLEE: WARNING: unable to write output test case, losing it
KLEE: WARNING: unable to write output test case, losing it
KLEE: WARNING: unable to write output test case, losing it
KLEE: WARNING: unable to write output test case, losing it
KLEE: WARNING: unable to write output test case, losing it
KLEE: WARNING: unable to write output test case, losing it
KLEE: WARNING: unable to write output test case, losing it
KLEE: WARNING: unable to write output test case, losing it
KLEE: WARNING: unable to write output test case, losing it
KLEE: WARNING: unable to write output test case, losing it
KLEE: WARNING: unable to write output test case, losing it
KLEE: WARNING: unable to write output test case, losing it

KLEE: done: total instructions = 10586770
KLEE: done: completed paths = 64
KLEE: done: generated tests = 64
a.gz: Operation not permitted
a.gz: Inappropriate ioctl for device
a.gz: Inappropriate ioctl for device
a.gz: Inappropriate ioctl for device
