5
klee
#constrains--stp:
__tmpInt8  : BITVECTOR(8);
__tmpInt16  : BITVECTOR(16);
__tmpInt32  : BITVECTOR(32);
__tmpInt64  : BITVECTOR(64);
argv1_0x97015f8  : ARRAY BITVECTOR(32) OF BITVECTOR(8);
argv2_0x976c8e8  : ARRAY BITVECTOR(32) OF BITVECTOR(8);
argv3_0x97027d0  : ARRAY BITVECTOR(32) OF BITVECTOR(8);
%----------------------------------------------------
ASSERT( SBVLT(0x00,argv1_0x97015f8[0x00000000])
 );
ASSERT( ( NOT( (0x25 = argv1_0x97015f8[0x00000000]
))) );
ASSERT( ( NOT( (0x24 = argv1_0x97015f8[0x00000000]
))) );
ASSERT( ( NOT( (0x5D = argv1_0x97015f8[0x00000000]
))) );
ASSERT( ( NOT( (0x5B = argv1_0x97015f8[0x00000000]
))) );
ASSERT( ( NOT( (0x5E = argv1_0x97015f8[0x00000000]
))) );
ASSERT( ( NOT( (0x2D = argv1_0x97015f8[0x00000000]
))) );
ASSERT( (0x00 = argv1_0x97015f8[0x00000001]
) );
ASSERT( BVLT(BVPLUS(8, 
0xD0, 
argv2_0x976c8e8[0x00000000])
,0x0A)
 );
ASSERT( (0x00 = argv2_0x976c8e8[0x00000001]
) );
ASSERT( (0x00 = argv3_0x97027d0[0x00000002]
) );
ASSERT( (0x0A = argv3_0x97027d0[0x00000000]
) );
ASSERT( (0x0A = argv3_0x97027d0[0x00000001]
) );
%----------------------------------------------------
QUERY( FALSE  );

#variable value:


#constrains--stp:
__tmpInt8  : BITVECTOR(8);
__tmpInt16  : BITVECTOR(16);
__tmpInt32  : BITVECTOR(32);
__tmpInt64  : BITVECTOR(64);
argv1_0x97015f8  : ARRAY BITVECTOR(32) OF BITVECTOR(8);
argv2_0x976c8e8  : ARRAY BITVECTOR(32) OF BITVECTOR(8);
argv3_0x97027d0  : ARRAY BITVECTOR(32) OF BITVECTOR(8);
%----------------------------------------------------
ASSERT( SBVLT(0x00,argv1_0x97015f8[0x00000000])
 );
ASSERT( ( NOT( (0x25 = argv1_0x97015f8[0x00000000]
))) );
ASSERT( ( NOT( (0x24 = argv1_0x97015f8[0x00000000]
))) );
ASSERT( ( NOT( (0x5D = argv1_0x97015f8[0x00000000]
))) );
ASSERT( ( NOT( (0x5B = argv1_0x97015f8[0x00000000]
))) );
ASSERT( ( NOT( (0x5E = argv1_0x97015f8[0x00000000]
))) );
ASSERT( ( NOT( (0x2D = argv1_0x97015f8[0x00000000]
))) );
ASSERT( (0x00 = argv1_0x97015f8[0x00000001]
) );
ASSERT( BVLT(BVPLUS(8, 
0xD0, 
argv2_0x976c8e8[0x00000000])
,0x0A)
 );
ASSERT( (0x00 = argv2_0x976c8e8[0x00000001]
) );
ASSERT( SBVLT(0x00,argv3_0x97027d0[0x00000001])
 );
ASSERT( ( NOT( (0x24 = argv3_0x97027d0[0x00000001]
))) );
ASSERT( ( NOT( (0x5B = argv3_0x97027d0[0x00000001]
))) );
ASSERT( ( NOT( (0x5D = argv3_0x97027d0[0x00000001]
))) );
ASSERT( ( NOT( (0x2A = argv3_0x97027d0[0x00000001]
))) );
ASSERT( ( NOT( (0x3F = argv3_0x97027d0[0x00000001]
))) );
ASSERT( ( NOT( (0x5C = argv3_0x97027d0[0x00000001]
))) );
ASSERT( ( NOT( (0x5A = argv3_0x97027d0[0x00000001]
))) );
ASSERT( ( NOT( (0x2D = argv3_0x97027d0[0x00000001]
))) );
ASSERT( ( NOT( (0x2C = argv3_0x97027d0[0x00000001]
))) );
ASSERT( (0x00 = argv3_0x97027d0[0x00000002]
) );
ASSERT( (0x0A = argv3_0x97027d0[0x00000000]
) );
ASSERT( ( NOT( (0x0A = argv3_0x97027d0[0x00000001]
))) );
%----------------------------------------------------
QUERY( FALSE  );

#variable value:

-
(Read w8 0 argv2)
#constrains--stp:
__tmpInt8  : BITVECTOR(8);
__tmpInt16  : BITVECTOR(16);
__tmpInt32  : BITVECTOR(32);
__tmpInt64  : BITVECTOR(64);
argv1_0x97015f8  : ARRAY BITVECTOR(32) OF BITVECTOR(8);
argv2_0x976c8e8  : ARRAY BITVECTOR(32) OF BITVECTOR(8);
argv3_0x97027d0  : ARRAY BITVECTOR(32) OF BITVECTOR(8);
%----------------------------------------------------
ASSERT( SBVLT(0x00,argv1_0x97015f8[0x00000000])
 );
ASSERT( ( NOT( (0x25 = argv1_0x97015f8[0x00000000]
))) );
ASSERT( ( NOT( (0x24 = argv1_0x97015f8[0x00000000]
))) );
ASSERT( ( NOT( (0x5D = argv1_0x97015f8[0x00000000]
))) );
ASSERT( ( NOT( (0x5B = argv1_0x97015f8[0x00000000]
))) );
ASSERT( ( NOT( (0x5E = argv1_0x97015f8[0x00000000]
))) );
ASSERT( ( NOT( (0x2D = argv1_0x97015f8[0x00000000]
))) );
ASSERT( (0x00 = argv1_0x97015f8[0x00000001]
) );
ASSERT( BVLT(BVPLUS(8, 
0xD0, 
argv2_0x976c8e8[0x00000000])
,0x0A)
 );
ASSERT( (0x00 = argv2_0x976c8e8[0x00000001]
) );
ASSERT( SBVLT(0x00,argv3_0x97027d0[0x00000000])
 );
ASSERT( ( NOT( (0x24 = argv3_0x97027d0[0x00000000]
))) );
ASSERT( ( NOT( (0x5B = argv3_0x97027d0[0x00000000]
))) );
ASSERT( ( NOT( (0x5D = argv3_0x97027d0[0x00000000]
))) );
ASSERT( ( NOT( (0x2A = argv3_0x97027d0[0x00000000]
))) );
ASSERT( ( NOT( (0x3F = argv3_0x97027d0[0x00000000]
))) );
ASSERT( ( NOT( (0x5C = argv3_0x97027d0[0x00000000]
))) );
ASSERT( ( NOT( (0x5A = argv3_0x97027d0[0x00000000]
))) );
ASSERT( ( NOT( (0x2D = argv3_0x97027d0[0x00000000]
))) );
ASSERT( ( NOT( (0x2C = argv3_0x97027d0[0x00000000]
))) );
ASSERT( (0x00 = argv3_0x97027d0[0x00000002]
) );
ASSERT( ( NOT( (0x0A = argv3_0x97027d0[0x00000000]
))) );
ASSERT( (0x0A = argv3_0x97027d0[0x00000001]
) );
%----------------------------------------------------
QUERY( FALSE  );

#variable value:
-
(Read w8 0 argv3)

#constrains--stp:
__tmpInt8  : BITVECTOR(8);
__tmpInt16  : BITVECTOR(16);
__tmpInt32  : BITVECTOR(32);
__tmpInt64  : BITVECTOR(64);
argv1_0x97015f8  : ARRAY BITVECTOR(32) OF BITVECTOR(8);
argv2_0x976c8e8  : ARRAY BITVECTOR(32) OF BITVECTOR(8);
argv3_0x97027d0  : ARRAY BITVECTOR(32) OF BITVECTOR(8);
%----------------------------------------------------
ASSERT( SBVLT(0x00,argv1_0x97015f8[0x00000000])
 );
ASSERT( ( NOT( (0x25 = argv1_0x97015f8[0x00000000]
))) );
ASSERT( ( NOT( (0x24 = argv1_0x97015f8[0x00000000]
))) );
ASSERT( ( NOT( (0x5D = argv1_0x97015f8[0x00000000]
))) );
ASSERT( ( NOT( (0x5B = argv1_0x97015f8[0x00000000]
))) );
ASSERT( ( NOT( (0x5E = argv1_0x97015f8[0x00000000]
))) );
ASSERT( ( NOT( (0x2D = argv1_0x97015f8[0x00000000]
))) );
ASSERT( (0x00 = argv1_0x97015f8[0x00000001]
) );
ASSERT( BVLT(BVPLUS(8, 
0xD0, 
argv2_0x976c8e8[0x00000000])
,0x0A)
 );
ASSERT( (0x00 = argv2_0x976c8e8[0x00000001]
) );
ASSERT( SBVLT(0x00,argv3_0x97027d0[0x00000000])
 );
ASSERT( ( NOT( (0x24 = argv3_0x97027d0[0x00000000]
))) );
ASSERT( ( NOT( (0x5B = argv3_0x97027d0[0x00000000]
))) );
ASSERT( ( NOT( (0x5D = argv3_0x97027d0[0x00000000]
))) );
ASSERT( ( NOT( (0x2A = argv3_0x97027d0[0x00000000]
))) );
ASSERT( ( NOT( (0x3F = argv3_0x97027d0[0x00000000]
))) );
ASSERT( ( NOT( (0x5C = argv3_0x97027d0[0x00000000]
))) );
ASSERT( ( NOT( (0x5A = argv3_0x97027d0[0x00000000]
))) );
ASSERT( ( NOT( (0x2D = argv3_0x97027d0[0x00000000]
))) );
ASSERT( ( NOT( (0x2C = argv3_0x97027d0[0x00000000]
))) );
ASSERT( SBVLT(0x00,argv3_0x97027d0[0x00000001])
 );
ASSERT( ( NOT( (0x24 = argv3_0x97027d0[0x00000001]
))) );
ASSERT( ( NOT( (0x5B = argv3_0x97027d0[0x00000001]
))) );
ASSERT( ( NOT( (0x5D = argv3_0x97027d0[0x00000001]
))) );
ASSERT( ( NOT( (0x2A = argv3_0x97027d0[0x00000001]
))) );
ASSERT( ( NOT( (0x3F = argv3_0x97027d0[0x00000001]
))) );
ASSERT( ( NOT( (0x5C = argv3_0x97027d0[0x00000001]
))) );
ASSERT( ( NOT( (0x5A = argv3_0x97027d0[0x00000001]
))) );
ASSERT( ( NOT( (0x2D = argv3_0x97027d0[0x00000001]
))) );
ASSERT( ( NOT( (0x2C = argv3_0x97027d0[0x00000001]
))) );
ASSERT( (0x00 = argv3_0x97027d0[0x00000002]
) );
ASSERT( ( NOT( (0x0A = argv3_0x97027d0[0x00000000]
))) );
ASSERT( ( NOT( (0x0A = argv3_0x97027d0[0x00000001]
))) );
ASSERT( (argv3_0x97027d0[0x00000000] = argv3_0x97027d0[0x00000001]
) );
%----------------------------------------------------
QUERY( FALSE  );

#variable value:
-
(Read w8 0 argv3)
-
(Read w8 1 argv3)
#constrains--stp:
__tmpInt8  : BITVECTOR(8);
__tmpInt16  : BITVECTOR(16);
__tmpInt32  : BITVECTOR(32);
__tmpInt64  : BITVECTOR(64);
argv1_0x97015f8  : ARRAY BITVECTOR(32) OF BITVECTOR(8);
argv2_0x976c8e8  : ARRAY BITVECTOR(32) OF BITVECTOR(8);
argv3_0x97027d0  : ARRAY BITVECTOR(32) OF BITVECTOR(8);
%----------------------------------------------------
ASSERT( SBVLT(0x00,argv1_0x97015f8[0x00000000])
 );
ASSERT( ( NOT( (0x25 = argv1_0x97015f8[0x00000000]
))) );
ASSERT( ( NOT( (0x24 = argv1_0x97015f8[0x00000000]
))) );
ASSERT( ( NOT( (0x5D = argv1_0x97015f8[0x00000000]
))) );
ASSERT( ( NOT( (0x5B = argv1_0x97015f8[0x00000000]
))) );
ASSERT( ( NOT( (0x5E = argv1_0x97015f8[0x00000000]
))) );
ASSERT( ( NOT( (0x2D = argv1_0x97015f8[0x00000000]
))) );
ASSERT( (0x00 = argv1_0x97015f8[0x00000001]
) );
ASSERT( BVLT(BVPLUS(8, 
0xD0, 
argv2_0x976c8e8[0x00000000])
,0x0A)
 );
ASSERT( (0x00 = argv2_0x976c8e8[0x00000001]
) );
ASSERT( SBVLT(0x00,argv3_0x97027d0[0x00000000])
 );
ASSERT( ( NOT( (0x24 = argv3_0x97027d0[0x00000000]
))) );
ASSERT( ( NOT( (0x5B = argv3_0x97027d0[0x00000000]
))) );
ASSERT( ( NOT( (0x5D = argv3_0x97027d0[0x00000000]
))) );
ASSERT( ( NOT( (0x2A = argv3_0x97027d0[0x00000000]
))) );
ASSERT( ( NOT( (0x3F = argv3_0x97027d0[0x00000000]
))) );
ASSERT( ( NOT( (0x5C = argv3_0x97027d0[0x00000000]
))) );
ASSERT( ( NOT( (0x5A = argv3_0x97027d0[0x00000000]
))) );
ASSERT( ( NOT( (0x2D = argv3_0x97027d0[0x00000000]
))) );
ASSERT( ( NOT( (0x2C = argv3_0x97027d0[0x00000000]
))) );
ASSERT( SBVLT(0x00,argv3_0x97027d0[0x00000001])
 );
ASSERT( ( NOT( (0x24 = argv3_0x97027d0[0x00000001]
))) );
ASSERT( ( NOT( (0x5B = argv3_0x97027d0[0x00000001]
))) );
ASSERT( ( NOT( (0x5D = argv3_0x97027d0[0x00000001]
))) );
ASSERT( ( NOT( (0x2A = argv3_0x97027d0[0x00000001]
))) );
ASSERT( ( NOT( (0x3F = argv3_0x97027d0[0x00000001]
))) );
ASSERT( ( NOT( (0x5C = argv3_0x97027d0[0x00000001]
))) );
ASSERT( ( NOT( (0x5A = argv3_0x97027d0[0x00000001]
))) );
ASSERT( ( NOT( (0x2D = argv3_0x97027d0[0x00000001]
))) );
ASSERT( ( NOT( (0x2C = argv3_0x97027d0[0x00000001]
))) );
ASSERT( (0x00 = argv3_0x97027d0[0x00000002]
) );
ASSERT( ( NOT( (0x0A = argv3_0x97027d0[0x00000000]
))) );
ASSERT( ( NOT( (0x0A = argv3_0x97027d0[0x00000001]
))) );
ASSERT( ( NOT( (argv3_0x97027d0[0x00000000] = argv3_0x97027d0[0x00000001]
))) );
%----------------------------------------------------
QUERY( FALSE  );

#variable value:
-
(Read w8 0 argv3)
-
(Read w8 0 argv2)
