5
klee
#constrains--stp:
__tmpInt8  : BITVECTOR(8);
__tmpInt16  : BITVECTOR(16);
__tmpInt32  : BITVECTOR(32);
__tmpInt64  : BITVECTOR(64);
argv1_0x926f4a0  : ARRAY BITVECTOR(32) OF BITVECTOR(8);
argv2_0x9283bc0  : ARRAY BITVECTOR(32) OF BITVECTOR(8);
argv3_0x92eac98  : ARRAY BITVECTOR(32) OF BITVECTOR(8);
%----------------------------------------------------
ASSERT( (0x00 = argv1_0x926f4a0[0x00000002]
) );
ASSERT( BVLT(BVPLUS(8, 
0x9F, 
argv2_0x9283bc0[0x00000000])
,0x1A)
 );
ASSERT( (0x00 = argv2_0x9283bc0[0x00000001]
) );
ASSERT( (0x00 = argv3_0x92eac98[0x00000002]
) );
ASSERT( (0x3F = argv1_0x926f4a0[0x00000000]
) );
ASSERT( (0x00 = argv1_0x926f4a0[0x00000001]
) );
ASSERT( (0x0A = argv3_0x92eac98[0x00000000]
) );
ASSERT( (0x0A = argv3_0x92eac98[0x00000001]
) );
%----------------------------------------------------
QUERY( FALSE  );

#variable value:


#constrains--stp:
__tmpInt8  : BITVECTOR(8);
__tmpInt16  : BITVECTOR(16);
__tmpInt32  : BITVECTOR(32);
__tmpInt64  : BITVECTOR(64);
argv1_0x926f4a0  : ARRAY BITVECTOR(32) OF BITVECTOR(8);
argv2_0x9283bc0  : ARRAY BITVECTOR(32) OF BITVECTOR(8);
argv3_0x92eac98  : ARRAY BITVECTOR(32) OF BITVECTOR(8);
%----------------------------------------------------
ASSERT( (0x00 = argv1_0x926f4a0[0x00000002]
) );
ASSERT( BVLT(BVPLUS(8, 
0x9F, 
argv2_0x9283bc0[0x00000000])
,0x1A)
 );
ASSERT( (0x00 = argv2_0x9283bc0[0x00000001]
) );
ASSERT( SBVLT(0x00,argv3_0x92eac98[0x00000001])
 );
ASSERT( (0x00 = argv3_0x92eac98[0x00000002]
) );
ASSERT( (0x3F = argv1_0x926f4a0[0x00000000]
) );
ASSERT( (0x00 = argv1_0x926f4a0[0x00000001]
) );
ASSERT( (0x0A = argv3_0x92eac98[0x00000000]
) );
ASSERT( ( NOT( (0x0A = argv3_0x92eac98[0x00000001]
))) );
%----------------------------------------------------
QUERY( FALSE  );

#variable value:

-
(Read w8 0 argv2)
#constrains--stp:
__tmpInt8  : BITVECTOR(8);
__tmpInt16  : BITVECTOR(16);
__tmpInt32  : BITVECTOR(32);
__tmpInt64  : BITVECTOR(64);
argv1_0x926f4a0  : ARRAY BITVECTOR(32) OF BITVECTOR(8);
argv2_0x9283bc0  : ARRAY BITVECTOR(32) OF BITVECTOR(8);
argv3_0x92eac98  : ARRAY BITVECTOR(32) OF BITVECTOR(8);
%----------------------------------------------------
ASSERT( (0x00 = argv1_0x926f4a0[0x00000002]
) );
ASSERT( BVLT(BVPLUS(8, 
0x9F, 
argv2_0x9283bc0[0x00000000])
,0x1A)
 );
ASSERT( (0x00 = argv2_0x9283bc0[0x00000001]
) );
ASSERT( SBVLT(0x00,argv3_0x92eac98[0x00000000])
 );
ASSERT( (0x00 = argv3_0x92eac98[0x00000002]
) );
ASSERT( (0x3F = argv1_0x926f4a0[0x00000000]
) );
ASSERT( (0x00 = argv1_0x926f4a0[0x00000001]
) );
ASSERT( ( NOT( (0x0A = argv3_0x92eac98[0x00000000]
))) );
ASSERT( (0x0A = argv3_0x92eac98[0x00000001]
) );
%----------------------------------------------------
QUERY( FALSE  );

#variable value:
-
(Read w8 0 argv2)

#constrains--stp:
__tmpInt8  : BITVECTOR(8);
__tmpInt16  : BITVECTOR(16);
__tmpInt32  : BITVECTOR(32);
__tmpInt64  : BITVECTOR(64);
argv1_0x926f4a0  : ARRAY BITVECTOR(32) OF BITVECTOR(8);
argv2_0x9283bc0  : ARRAY BITVECTOR(32) OF BITVECTOR(8);
argv3_0x92eac98  : ARRAY BITVECTOR(32) OF BITVECTOR(8);
%----------------------------------------------------
ASSERT( (0x00 = argv1_0x926f4a0[0x00000002]
) );
ASSERT( BVLT(BVPLUS(8, 
0x9F, 
argv2_0x9283bc0[0x00000000])
,0x1A)
 );
ASSERT( (0x00 = argv2_0x9283bc0[0x00000001]
) );
ASSERT( SBVLT(0x00,argv3_0x92eac98[0x00000000])
 );
ASSERT( SBVLT(0x00,argv3_0x92eac98[0x00000001])
 );
ASSERT( (0x00 = argv3_0x92eac98[0x00000002]
) );
ASSERT( (0x3F = argv1_0x926f4a0[0x00000000]
) );
ASSERT( (0x00 = argv1_0x926f4a0[0x00000001]
) );
ASSERT( ( NOT( (0x0A = argv3_0x92eac98[0x00000000]
))) );
ASSERT( ( NOT( (0x0A = argv3_0x92eac98[0x00000001]
))) );
%----------------------------------------------------
QUERY( FALSE  );

#variable value:
-
(Read w8 0 argv2)
-
(Read w8 0 argv2)
#constrains--stp:
__tmpInt8  : BITVECTOR(8);
__tmpInt16  : BITVECTOR(16);
__tmpInt32  : BITVECTOR(32);
__tmpInt64  : BITVECTOR(64);
argv1_0x926f4a0  : ARRAY BITVECTOR(32) OF BITVECTOR(8);
argv2_0x9283bc0  : ARRAY BITVECTOR(32) OF BITVECTOR(8);
argv3_0x92eac98  : ARRAY BITVECTOR(32) OF BITVECTOR(8);
%----------------------------------------------------
ASSERT( (0x00 = argv1_0x926f4a0[0x00000002]
) );
ASSERT( BVLT(BVPLUS(8, 
0x9F, 
argv2_0x9283bc0[0x00000000])
,0x1A)
 );
ASSERT( (0x00 = argv2_0x9283bc0[0x00000001]
) );
ASSERT( (0x00 = argv3_0x92eac98[0x00000002]
) );
ASSERT( (0x3F = argv1_0x926f4a0[0x00000000]
) );
ASSERT( (0x3F = argv1_0x926f4a0[0x00000001]
) );
ASSERT( (0x0A = argv3_0x92eac98[0x00000000]
) );
ASSERT( (0x0A = argv3_0x92eac98[0x00000001]
) );
%----------------------------------------------------
QUERY( FALSE  );

#variable value:


#constrains--stp:
__tmpInt8  : BITVECTOR(8);
__tmpInt16  : BITVECTOR(16);
__tmpInt32  : BITVECTOR(32);
__tmpInt64  : BITVECTOR(64);
argv1_0x926f4a0  : ARRAY BITVECTOR(32) OF BITVECTOR(8);
argv2_0x9283bc0  : ARRAY BITVECTOR(32) OF BITVECTOR(8);
argv3_0x92eac98  : ARRAY BITVECTOR(32) OF BITVECTOR(8);
%----------------------------------------------------
ASSERT( (0x00 = argv1_0x926f4a0[0x00000002]
) );
ASSERT( BVLT(BVPLUS(8, 
0x9F, 
argv2_0x9283bc0[0x00000000])
,0x1A)
 );
ASSERT( (0x00 = argv2_0x9283bc0[0x00000001]
) );
ASSERT( SBVLT(0x00,argv3_0x92eac98[0x00000000])
 );
ASSERT( SBVLT(0x00,argv3_0x92eac98[0x00000001])
 );
ASSERT( (0x00 = argv3_0x92eac98[0x00000002]
) );
ASSERT( (0x3F = argv1_0x926f4a0[0x00000000]
) );
ASSERT( (0x3F = argv1_0x926f4a0[0x00000001]
) );
ASSERT( ( NOT( (0x0A = argv3_0x92eac98[0x00000000]
))) );
ASSERT( ( NOT( (0x0A = argv3_0x92eac98[0x00000001]
))) );
%----------------------------------------------------
QUERY( FALSE  );

#variable value:
-
(Read w8 0 argv2)
#constrains--stp:
__tmpInt8  : BITVECTOR(8);
__tmpInt16  : BITVECTOR(16);
__tmpInt32  : BITVECTOR(32);
__tmpInt64  : BITVECTOR(64);
argv1_0x926f4a0  : ARRAY BITVECTOR(32) OF BITVECTOR(8);
argv2_0x9283bc0  : ARRAY BITVECTOR(32) OF BITVECTOR(8);
argv3_0x92eac98  : ARRAY BITVECTOR(32) OF BITVECTOR(8);
%----------------------------------------------------
ASSERT( SBVLT(0xFF,argv1_0x926f4a0[0x00000001])
 );
ASSERT( ( NOT( (0x6E = argv1_0x926f4a0[0x00000001]
))) );
ASSERT( ( NOT( (0x74 = argv1_0x926f4a0[0x00000001]
))) );
ASSERT( ( NOT( (0x5D = argv1_0x926f4a0[0x00000001]
))) );
ASSERT( ( NOT( (0x5B = argv1_0x926f4a0[0x00000001]
))) );
ASSERT( ( NOT( (0x5E = argv1_0x926f4a0[0x00000001]
))) );
ASSERT( (0x00 = argv1_0x926f4a0[0x00000002]
) );
ASSERT( BVLT(BVPLUS(8, 
0x9F, 
argv2_0x9283bc0[0x00000000])
,0x1A)
 );
ASSERT( (0x00 = argv2_0x9283bc0[0x00000001]
) );
ASSERT( SBVLT(0x00,argv3_0x92eac98[0x00000000])
 );
ASSERT( SBVLT(0x00,argv3_0x92eac98[0x00000001])
 );
ASSERT( (0x00 = argv3_0x92eac98[0x00000002]
) );
ASSERT( (0x40 = argv1_0x926f4a0[0x00000000]
) );
ASSERT( ( NOT( (0x00 = argv1_0x926f4a0[0x00000001]
))) );
ASSERT( ( NOT( (argv1_0x926f4a0[0x00000001] = argv3_0x92eac98[0x00000000]
))) );
ASSERT( ( NOT( (argv3_0x92eac98[0x00000001] = argv1_0x926f4a0[0x00000001]
))) );
%----------------------------------------------------
QUERY( FALSE  );

#variable value:
-
(Read w8 0 argv3)
-
(Read w8 1 argv3)
#constrains--stp:
__tmpInt8  : BITVECTOR(8);
__tmpInt16  : BITVECTOR(16);
__tmpInt32  : BITVECTOR(32);
__tmpInt64  : BITVECTOR(64);
argv1_0x926f4a0  : ARRAY BITVECTOR(32) OF BITVECTOR(8);
argv2_0x9283bc0  : ARRAY BITVECTOR(32) OF BITVECTOR(8);
argv3_0x92eac98  : ARRAY BITVECTOR(32) OF BITVECTOR(8);
%----------------------------------------------------
ASSERT( (0x00 = argv1_0x926f4a0[0x00000002]
) );
ASSERT( BVLT(BVPLUS(8, 
0x9F, 
argv2_0x9283bc0[0x00000000])
,0x1A)
 );
ASSERT( (0x00 = argv2_0x9283bc0[0x00000001]
) );
ASSERT( SBVLT(0x00,argv3_0x92eac98[0x00000000])
 );
ASSERT( SBVLT(0x00,argv3_0x92eac98[0x00000001])
 );
ASSERT( (0x00 = argv3_0x92eac98[0x00000002]
) );
ASSERT( (0x40 = argv1_0x926f4a0[0x00000000]
) );
ASSERT( (0x00 = argv1_0x926f4a0[0x00000001]
) );
ASSERT( ( NOT( (0x40 = argv3_0x92eac98[0x00000000]
))) );
ASSERT( ( NOT( (0x40 = argv3_0x92eac98[0x00000001]
))) );
%----------------------------------------------------
QUERY( FALSE  );

#variable value:
-
(Read w8 0 argv3)
-
(Read w8 1 argv3)
#constrains--stp:
__tmpInt8  : BITVECTOR(8);
__tmpInt16  : BITVECTOR(16);
__tmpInt32  : BITVECTOR(32);
__tmpInt64  : BITVECTOR(64);
argv1_0x926f4a0  : ARRAY BITVECTOR(32) OF BITVECTOR(8);
argv2_0x9283bc0  : ARRAY BITVECTOR(32) OF BITVECTOR(8);
argv3_0x92eac98  : ARRAY BITVECTOR(32) OF BITVECTOR(8);
%----------------------------------------------------
ASSERT( (0x00 = argv1_0x926f4a0[0x00000002]
) );
ASSERT( BVLT(BVPLUS(8, 
0x9F, 
argv2_0x9283bc0[0x00000000])
,0x1A)
 );
ASSERT( (0x00 = argv2_0x9283bc0[0x00000001]
) );
ASSERT( SBVLT(0x00,argv3_0x92eac98[0x00000001])
 );
ASSERT( (0x00 = argv3_0x92eac98[0x00000002]
) );
ASSERT( (0x40 = argv1_0x926f4a0[0x00000000]
) );
ASSERT( (0x00 = argv1_0x926f4a0[0x00000001]
) );
ASSERT( (0x40 = argv3_0x92eac98[0x00000000]
) );
ASSERT( ( NOT( (0x40 = argv3_0x92eac98[0x00000001]
))) );
%----------------------------------------------------
QUERY( FALSE  );

#variable value:
-
(Read w8 0 argv2)
-
(Read w8 1 argv3)
#constrains--stp:
__tmpInt8  : BITVECTOR(8);
__tmpInt16  : BITVECTOR(16);
__tmpInt32  : BITVECTOR(32);
__tmpInt64  : BITVECTOR(64);
argv1_0x926f4a0  : ARRAY BITVECTOR(32) OF BITVECTOR(8);
argv2_0x9283bc0  : ARRAY BITVECTOR(32) OF BITVECTOR(8);
argv3_0x92eac98  : ARRAY BITVECTOR(32) OF BITVECTOR(8);
%----------------------------------------------------
ASSERT( (0x00 = argv1_0x926f4a0[0x00000002]
) );
ASSERT( BVLT(BVPLUS(8, 
0x9F, 
argv2_0x9283bc0[0x00000000])
,0x1A)
 );
ASSERT( (0x00 = argv2_0x9283bc0[0x00000001]
) );
ASSERT( SBVLT(0x00,argv3_0x92eac98[0x00000000])
 );
ASSERT( (0x00 = argv3_0x92eac98[0x00000002]
) );
ASSERT( (0x3F = argv1_0x926f4a0[0x00000000]
) );
ASSERT( (0x3F = argv1_0x926f4a0[0x00000001]
) );
ASSERT( ( NOT( (0x0A = argv3_0x92eac98[0x00000000]
))) );
ASSERT( (0x0A = argv3_0x92eac98[0x00000001]
) );
%----------------------------------------------------
QUERY( FALSE  );

#variable value:
-
(Read w8 0 argv3)

#constrains--stp:
__tmpInt8  : BITVECTOR(8);
__tmpInt16  : BITVECTOR(16);
__tmpInt32  : BITVECTOR(32);
__tmpInt64  : BITVECTOR(64);
argv1_0x926f4a0  : ARRAY BITVECTOR(32) OF BITVECTOR(8);
argv2_0x9283bc0  : ARRAY BITVECTOR(32) OF BITVECTOR(8);
argv3_0x92eac98  : ARRAY BITVECTOR(32) OF BITVECTOR(8);
%----------------------------------------------------
ASSERT( (0x00 = argv1_0x926f4a0[0x00000002]
) );
ASSERT( BVLT(BVPLUS(8, 
0x9F, 
argv2_0x9283bc0[0x00000000])
,0x1A)
 );
ASSERT( (0x00 = argv2_0x9283bc0[0x00000001]
) );
ASSERT( SBVLT(0x00,argv3_0x92eac98[0x00000001])
 );
ASSERT( (0x00 = argv3_0x92eac98[0x00000002]
) );
ASSERT( (0x3F = argv1_0x926f4a0[0x00000000]
) );
ASSERT( (0x3F = argv1_0x926f4a0[0x00000001]
) );
ASSERT( (0x0A = argv3_0x92eac98[0x00000000]
) );
ASSERT( ( NOT( (0x0A = argv3_0x92eac98[0x00000001]
))) );
%----------------------------------------------------
QUERY( FALSE  );

#variable value:

-
(Read w8 1 argv3)
#constrains--stp:
__tmpInt8  : BITVECTOR(8);
__tmpInt16  : BITVECTOR(16);
__tmpInt32  : BITVECTOR(32);
__tmpInt64  : BITVECTOR(64);
argv1_0x926f4a0  : ARRAY BITVECTOR(32) OF BITVECTOR(8);
argv2_0x9283bc0  : ARRAY BITVECTOR(32) OF BITVECTOR(8);
argv3_0x92eac98  : ARRAY BITVECTOR(32) OF BITVECTOR(8);
%----------------------------------------------------
ASSERT( SBVLT(0x00,argv1_0x926f4a0[0x00000000])
 );
ASSERT( ( NOT( (0x25 = argv1_0x926f4a0[0x00000000]
))) );
ASSERT( ( NOT( (0x24 = argv1_0x926f4a0[0x00000000]
))) );
ASSERT( ( NOT( (0x5D = argv1_0x926f4a0[0x00000000]
))) );
ASSERT( ( NOT( (0x5B = argv1_0x926f4a0[0x00000000]
))) );
ASSERT( ( NOT( (0x5E = argv1_0x926f4a0[0x00000000]
))) );
ASSERT( ( NOT( (0x2D = argv1_0x926f4a0[0x00000000]
))) );
ASSERT( (0x00 = argv1_0x926f4a0[0x00000002]
) );
ASSERT( BVLT(BVPLUS(8, 
0x9F, 
argv2_0x9283bc0[0x00000000])
,0x1A)
 );
ASSERT( (0x00 = argv2_0x9283bc0[0x00000001]
) );
ASSERT( SBVLT(0x00,argv3_0x92eac98[0x00000000])
 );
ASSERT( SBVLT(0x00,argv3_0x92eac98[0x00000001])
 );
ASSERT( (0x00 = argv3_0x92eac98[0x00000002]
) );
ASSERT( ( NOT( (0x3F = argv1_0x926f4a0[0x00000000]
))) );
ASSERT( ( NOT( (0x40 = argv1_0x926f4a0[0x00000000]
))) );
ASSERT( (0x00 = argv1_0x926f4a0[0x00000001]
) );
ASSERT( ( NOT( (argv1_0x926f4a0[0x00000000] = argv3_0x92eac98[0x00000000]
))) );
ASSERT( ( NOT( (argv1_0x926f4a0[0x00000000] = argv3_0x92eac98[0x00000001]
))) );
%----------------------------------------------------
QUERY( FALSE  );

#variable value:
-
(Read w8 0 argv3)
-
(Read w8 1 argv3)
#constrains--stp:
__tmpInt8  : BITVECTOR(8);
__tmpInt16  : BITVECTOR(16);
__tmpInt32  : BITVECTOR(32);
__tmpInt64  : BITVECTOR(64);
argv1_0x926f4a0  : ARRAY BITVECTOR(32) OF BITVECTOR(8);
argv2_0x9283bc0  : ARRAY BITVECTOR(32) OF BITVECTOR(8);
argv3_0x92eac98  : ARRAY BITVECTOR(32) OF BITVECTOR(8);
%----------------------------------------------------
ASSERT( (0x00 = argv1_0x926f4a0[0x00000002]
) );
ASSERT( BVLT(BVPLUS(8, 
0x9F, 
argv2_0x9283bc0[0x00000000])
,0x1A)
 );
ASSERT( (0x00 = argv2_0x9283bc0[0x00000001]
) );
ASSERT( SBVLT(0x00,argv3_0x92eac98[0x00000000])
 );
ASSERT( (0x00 = argv3_0x92eac98[0x00000002]
) );
ASSERT( (0x40 = argv1_0x926f4a0[0x00000000]
) );
ASSERT( (0x00 = argv1_0x926f4a0[0x00000001]
) );
ASSERT( ( NOT( (0x40 = argv3_0x92eac98[0x00000000]
))) );
ASSERT( (0x40 = argv3_0x92eac98[0x00000001]
) );
%----------------------------------------------------
QUERY( FALSE  );

#variable value:
-
(Read w8 0 argv3)
-
(Read w8 0 argv2)
#constrains--stp:
__tmpInt8  : BITVECTOR(8);
__tmpInt16  : BITVECTOR(16);
__tmpInt32  : BITVECTOR(32);
__tmpInt64  : BITVECTOR(64);
argv1_0x926f4a0  : ARRAY BITVECTOR(32) OF BITVECTOR(8);
argv2_0x9283bc0  : ARRAY BITVECTOR(32) OF BITVECTOR(8);
argv3_0x92eac98  : ARRAY BITVECTOR(32) OF BITVECTOR(8);
%----------------------------------------------------
ASSERT( SBVLT(0xFF,argv1_0x926f4a0[0x00000001])
 );
ASSERT( ( NOT( (0x6E = argv1_0x926f4a0[0x00000001]
))) );
ASSERT( ( NOT( (0x74 = argv1_0x926f4a0[0x00000001]
))) );
ASSERT( ( NOT( (0x5D = argv1_0x926f4a0[0x00000001]
))) );
ASSERT( ( NOT( (0x5B = argv1_0x926f4a0[0x00000001]
))) );
ASSERT( ( NOT( (0x5E = argv1_0x926f4a0[0x00000001]
))) );
ASSERT( (0x00 = argv1_0x926f4a0[0x00000002]
) );
ASSERT( BVLT(BVPLUS(8, 
0x9F, 
argv2_0x9283bc0[0x00000000])
,0x1A)
 );
ASSERT( (0x00 = argv2_0x9283bc0[0x00000001]
) );
ASSERT( SBVLT(0x00,argv3_0x92eac98[0x00000000])
 );
ASSERT( SBVLT(0x00,argv3_0x92eac98[0x00000001])
 );
ASSERT( (0x00 = argv3_0x92eac98[0x00000002]
) );
ASSERT( (0x40 = argv1_0x926f4a0[0x00000000]
) );
ASSERT( ( NOT( (0x00 = argv1_0x926f4a0[0x00000001]
))) );
ASSERT( ( NOT( (argv1_0x926f4a0[0x00000001] = argv3_0x92eac98[0x00000000]
))) );
ASSERT( (argv1_0x926f4a0[0x00000001] = argv3_0x92eac98[0x00000001]
) );
%----------------------------------------------------
QUERY( FALSE  );

#variable value:
-
(Read w8 0 argv3)
-
(Read w8 0 argv2)
#constrains--stp:
__tmpInt8  : BITVECTOR(8);
__tmpInt16  : BITVECTOR(16);
__tmpInt32  : BITVECTOR(32);
__tmpInt64  : BITVECTOR(64);
argv1_0x926f4a0  : ARRAY BITVECTOR(32) OF BITVECTOR(8);
argv2_0x9283bc0  : ARRAY BITVECTOR(32) OF BITVECTOR(8);
argv3_0x92eac98  : ARRAY BITVECTOR(32) OF BITVECTOR(8);
%----------------------------------------------------
ASSERT( SBVLT(0x00,argv1_0x926f4a0[0x00000000])
 );
ASSERT( ( NOT( (0x25 = argv1_0x926f4a0[0x00000000]
))) );
ASSERT( ( NOT( (0x24 = argv1_0x926f4a0[0x00000000]
))) );
ASSERT( ( NOT( (0x5D = argv1_0x926f4a0[0x00000000]
))) );
ASSERT( ( NOT( (0x5B = argv1_0x926f4a0[0x00000000]
))) );
ASSERT( ( NOT( (0x5E = argv1_0x926f4a0[0x00000000]
))) );
ASSERT( ( NOT( (0x2D = argv1_0x926f4a0[0x00000000]
))) );
ASSERT( (0x00 = argv1_0x926f4a0[0x00000002]
) );
ASSERT( BVLT(BVPLUS(8, 
0x9F, 
argv2_0x9283bc0[0x00000000])
,0x1A)
 );
ASSERT( (0x00 = argv2_0x9283bc0[0x00000001]
) );
ASSERT( SBVLT(0x00,argv3_0x92eac98[0x00000000])
 );
ASSERT( SBVLT(0x00,argv3_0x92eac98[0x00000001])
 );
ASSERT( (0x00 = argv3_0x92eac98[0x00000002]
) );
ASSERT( ( NOT( (0x3F = argv1_0x926f4a0[0x00000000]
))) );
ASSERT( ( NOT( (0x40 = argv1_0x926f4a0[0x00000000]
))) );
ASSERT( (0x00 = argv1_0x926f4a0[0x00000001]
) );
ASSERT( (argv3_0x92eac98[0x00000000] = argv1_0x926f4a0[0x00000000]
) );
ASSERT( ( NOT( (argv1_0x926f4a0[0x00000000] = argv3_0x92eac98[0x00000001]
))) );
%----------------------------------------------------
QUERY( FALSE  );

#variable value:
-
(Read w8 0 argv2)
-
(Read w8 1 argv3)
#constrains--stp:
__tmpInt8  : BITVECTOR(8);
__tmpInt16  : BITVECTOR(16);
__tmpInt32  : BITVECTOR(32);
__tmpInt64  : BITVECTOR(64);
argv1_0x926f4a0  : ARRAY BITVECTOR(32) OF BITVECTOR(8);
argv2_0x9283bc0  : ARRAY BITVECTOR(32) OF BITVECTOR(8);
argv3_0x92eac98  : ARRAY BITVECTOR(32) OF BITVECTOR(8);
%----------------------------------------------------
ASSERT( SBVLT(0xFF,argv1_0x926f4a0[0x00000001])
 );
ASSERT( ( NOT( (0x6E = argv1_0x926f4a0[0x00000001]
))) );
ASSERT( ( NOT( (0x74 = argv1_0x926f4a0[0x00000001]
))) );
ASSERT( ( NOT( (0x5D = argv1_0x926f4a0[0x00000001]
))) );
ASSERT( ( NOT( (0x5B = argv1_0x926f4a0[0x00000001]
))) );
ASSERT( ( NOT( (0x5E = argv1_0x926f4a0[0x00000001]
))) );
ASSERT( (0x00 = argv1_0x926f4a0[0x00000002]
) );
ASSERT( BVLT(BVPLUS(8, 
0x9F, 
argv2_0x9283bc0[0x00000000])
,0x1A)
 );
ASSERT( (0x00 = argv2_0x9283bc0[0x00000001]
) );
ASSERT( SBVLT(0x00,argv3_0x92eac98[0x00000000])
 );
ASSERT( SBVLT(0x00,argv3_0x92eac98[0x00000001])
 );
ASSERT( (0x00 = argv3_0x92eac98[0x00000002]
) );
ASSERT( (0x40 = argv1_0x926f4a0[0x00000000]
) );
ASSERT( ( NOT( (0x00 = argv1_0x926f4a0[0x00000001]
))) );
ASSERT( (argv1_0x926f4a0[0x00000001] = argv3_0x92eac98[0x00000000]
) );
ASSERT( ( NOT( (argv3_0x92eac98[0x00000001] = argv1_0x926f4a0[0x00000001]
))) );
%----------------------------------------------------
QUERY( FALSE  );

#variable value:
-
(Read w8 0 argv2)
-
(Read w8 1 argv3)
#constrains--stp:
__tmpInt8  : BITVECTOR(8);
__tmpInt16  : BITVECTOR(16);
__tmpInt32  : BITVECTOR(32);
__tmpInt64  : BITVECTOR(64);
argv1_0x926f4a0  : ARRAY BITVECTOR(32) OF BITVECTOR(8);
argv2_0x9283bc0  : ARRAY BITVECTOR(32) OF BITVECTOR(8);
argv3_0x92eac98  : ARRAY BITVECTOR(32) OF BITVECTOR(8);
%----------------------------------------------------
ASSERT( (0x00 = argv1_0x926f4a0[0x00000002]
) );
ASSERT( BVLT(BVPLUS(8, 
0x9F, 
argv2_0x9283bc0[0x00000000])
,0x1A)
 );
ASSERT( (0x00 = argv2_0x9283bc0[0x00000001]
) );
ASSERT( (0x00 = argv3_0x92eac98[0x00000002]
) );
ASSERT( (0x40 = argv1_0x926f4a0[0x00000000]
) );
ASSERT( (0x00 = argv1_0x926f4a0[0x00000001]
) );
ASSERT( (0x40 = argv3_0x92eac98[0x00000000]
) );
ASSERT( (0x40 = argv3_0x92eac98[0x00000001]
) );
%----------------------------------------------------
QUERY( FALSE  );

#variable value:
-
(Read w8 0 argv2)
-
(Read w8 0 argv2)
#constrains--stp:
__tmpInt8  : BITVECTOR(8);
__tmpInt16  : BITVECTOR(16);
__tmpInt32  : BITVECTOR(32);
__tmpInt64  : BITVECTOR(64);
argv1_0x926f4a0  : ARRAY BITVECTOR(32) OF BITVECTOR(8);
argv2_0x9283bc0  : ARRAY BITVECTOR(32) OF BITVECTOR(8);
argv3_0x92eac98  : ARRAY BITVECTOR(32) OF BITVECTOR(8);
%----------------------------------------------------
ASSERT( SBVLT(0x00,argv1_0x926f4a0[0x00000000])
 );
ASSERT( ( NOT( (0x25 = argv1_0x926f4a0[0x00000000]
))) );
ASSERT( ( NOT( (0x24 = argv1_0x926f4a0[0x00000000]
))) );
ASSERT( ( NOT( (0x5D = argv1_0x926f4a0[0x00000000]
))) );
ASSERT( ( NOT( (0x5B = argv1_0x926f4a0[0x00000000]
))) );
ASSERT( ( NOT( (0x5E = argv1_0x926f4a0[0x00000000]
))) );
ASSERT( ( NOT( (0x2D = argv1_0x926f4a0[0x00000000]
))) );
ASSERT( (0x00 = argv1_0x926f4a0[0x00000002]
) );
ASSERT( BVLT(BVPLUS(8, 
0x9F, 
argv2_0x9283bc0[0x00000000])
,0x1A)
 );
ASSERT( (0x00 = argv2_0x9283bc0[0x00000001]
) );
ASSERT( SBVLT(0x00,argv3_0x92eac98[0x00000000])
 );
ASSERT( SBVLT(0x00,argv3_0x92eac98[0x00000001])
 );
ASSERT( (0x00 = argv3_0x92eac98[0x00000002]
) );
ASSERT( ( NOT( (0x3F = argv1_0x926f4a0[0x00000000]
))) );
ASSERT( ( NOT( (0x40 = argv1_0x926f4a0[0x00000000]
))) );
ASSERT( (0x00 = argv1_0x926f4a0[0x00000001]
) );
ASSERT( ( NOT( (argv1_0x926f4a0[0x00000000] = argv3_0x92eac98[0x00000000]
))) );
ASSERT( (argv1_0x926f4a0[0x00000000] = argv3_0x92eac98[0x00000001]
) );
%----------------------------------------------------
QUERY( FALSE  );

#variable value:
-
(Read w8 0 argv3)
-
(Read w8 0 argv2)
#constrains--stp:
__tmpInt8  : BITVECTOR(8);
__tmpInt16  : BITVECTOR(16);
__tmpInt32  : BITVECTOR(32);
__tmpInt64  : BITVECTOR(64);
argv1_0x926f4a0  : ARRAY BITVECTOR(32) OF BITVECTOR(8);
argv2_0x9283bc0  : ARRAY BITVECTOR(32) OF BITVECTOR(8);
argv3_0x92eac98  : ARRAY BITVECTOR(32) OF BITVECTOR(8);
%----------------------------------------------------
ASSERT( SBVLT(0xFF,argv1_0x926f4a0[0x00000001])
 );
ASSERT( ( NOT( (0x6E = argv1_0x926f4a0[0x00000001]
))) );
ASSERT( ( NOT( (0x74 = argv1_0x926f4a0[0x00000001]
))) );
ASSERT( ( NOT( (0x5D = argv1_0x926f4a0[0x00000001]
))) );
ASSERT( ( NOT( (0x5B = argv1_0x926f4a0[0x00000001]
))) );
ASSERT( ( NOT( (0x5E = argv1_0x926f4a0[0x00000001]
))) );
ASSERT( (0x00 = argv1_0x926f4a0[0x00000002]
) );
ASSERT( BVLT(BVPLUS(8, 
0x9F, 
argv2_0x9283bc0[0x00000000])
,0x1A)
 );
ASSERT( (0x00 = argv2_0x9283bc0[0x00000001]
) );
ASSERT( SBVLT(0x00,argv3_0x92eac98[0x00000000])
 );
ASSERT( SBVLT(0x00,argv3_0x92eac98[0x00000001])
 );
ASSERT( (0x00 = argv3_0x92eac98[0x00000002]
) );
ASSERT( (0x40 = argv1_0x926f4a0[0x00000000]
) );
ASSERT( ( NOT( (0x00 = argv1_0x926f4a0[0x00000001]
))) );
ASSERT( (argv3_0x92eac98[0x00000000] = argv1_0x926f4a0[0x00000001]
) );
ASSERT( (argv1_0x926f4a0[0x00000001] = argv3_0x92eac98[0x00000001]
) );
%----------------------------------------------------
QUERY( FALSE  );

#variable value:
-
(Read w8 0 argv2)
-
(Read w8 0 argv2)
#constrains--stp:
__tmpInt8  : BITVECTOR(8);
__tmpInt16  : BITVECTOR(16);
__tmpInt32  : BITVECTOR(32);
__tmpInt64  : BITVECTOR(64);
argv1_0x926f4a0  : ARRAY BITVECTOR(32) OF BITVECTOR(8);
argv2_0x9283bc0  : ARRAY BITVECTOR(32) OF BITVECTOR(8);
argv3_0x92eac98  : ARRAY BITVECTOR(32) OF BITVECTOR(8);
%----------------------------------------------------
ASSERT( (0x00 = argv1_0x926f4a0[0x00000002]
) );
ASSERT( BVLT(BVPLUS(8, 
0x9F, 
argv2_0x9283bc0[0x00000000])
,0x1A)
 );
ASSERT( (0x00 = argv2_0x9283bc0[0x00000001]
) );
ASSERT( (0x00 = argv3_0x92eac98[0x00000002]
) );
ASSERT( (0x3F = argv1_0x926f4a0[0x00000000]
) );
ASSERT( (0x24 = argv1_0x926f4a0[0x00000001]
) );
ASSERT( (0x0A = argv3_0x92eac98[0x00000000]
) );
ASSERT( (0x0A = argv3_0x92eac98[0x00000001]
) );
%----------------------------------------------------
QUERY( FALSE  );

#variable value:


#constrains--stp:
__tmpInt8  : BITVECTOR(8);
__tmpInt16  : BITVECTOR(16);
__tmpInt32  : BITVECTOR(32);
__tmpInt64  : BITVECTOR(64);
argv1_0x926f4a0  : ARRAY BITVECTOR(32) OF BITVECTOR(8);
argv2_0x9283bc0  : ARRAY BITVECTOR(32) OF BITVECTOR(8);
argv3_0x92eac98  : ARRAY BITVECTOR(32) OF BITVECTOR(8);
%----------------------------------------------------
ASSERT( SBVLT(0x00,argv1_0x926f4a0[0x00000000])
 );
ASSERT( ( NOT( (0x25 = argv1_0x926f4a0[0x00000000]
))) );
ASSERT( ( NOT( (0x24 = argv1_0x926f4a0[0x00000000]
))) );
ASSERT( ( NOT( (0x5D = argv1_0x926f4a0[0x00000000]
))) );
ASSERT( ( NOT( (0x5B = argv1_0x926f4a0[0x00000000]
))) );
ASSERT( ( NOT( (0x5E = argv1_0x926f4a0[0x00000000]
))) );
ASSERT( ( NOT( (0x2D = argv1_0x926f4a0[0x00000000]
))) );
ASSERT( (0x00 = argv1_0x926f4a0[0x00000002]
) );
ASSERT( BVLT(BVPLUS(8, 
0x9F, 
argv2_0x9283bc0[0x00000000])
,0x1A)
 );
ASSERT( (0x00 = argv2_0x9283bc0[0x00000001]
) );
ASSERT( SBVLT(0x00,argv3_0x92eac98[0x00000000])
 );
ASSERT( SBVLT(0x00,argv3_0x92eac98[0x00000001])
 );
ASSERT( (0x00 = argv3_0x92eac98[0x00000002]
) );
ASSERT( ( NOT( (0x3F = argv1_0x926f4a0[0x00000000]
))) );
ASSERT( ( NOT( (0x40 = argv1_0x926f4a0[0x00000000]
))) );
ASSERT( (0x00 = argv1_0x926f4a0[0x00000001]
) );
ASSERT( (argv1_0x926f4a0[0x00000000] = argv3_0x92eac98[0x00000000]
) );
ASSERT( (argv1_0x926f4a0[0x00000000] = argv3_0x92eac98[0x00000001]
) );
%----------------------------------------------------
QUERY( FALSE  );

#variable value:
-
(Read w8 0 argv2)
-
(Read w8 0 argv2)
#constrains--stp:
__tmpInt8  : BITVECTOR(8);
__tmpInt16  : BITVECTOR(16);
__tmpInt32  : BITVECTOR(32);
__tmpInt64  : BITVECTOR(64);
argv1_0x926f4a0  : ARRAY BITVECTOR(32) OF BITVECTOR(8);
argv2_0x9283bc0  : ARRAY BITVECTOR(32) OF BITVECTOR(8);
argv3_0x92eac98  : ARRAY BITVECTOR(32) OF BITVECTOR(8);
%----------------------------------------------------
ASSERT( (0x00 = argv1_0x926f4a0[0x00000002]
) );
ASSERT( BVLT(BVPLUS(8, 
0x9F, 
argv2_0x9283bc0[0x00000000])
,0x1A)
 );
ASSERT( (0x00 = argv2_0x9283bc0[0x00000001]
) );
ASSERT( SBVLT(0x00,argv3_0x92eac98[0x00000001])
 );
ASSERT( (0x00 = argv3_0x92eac98[0x00000002]
) );
ASSERT( (0x3F = argv1_0x926f4a0[0x00000000]
) );
ASSERT( (0x24 = argv1_0x926f4a0[0x00000001]
) );
ASSERT( (0x0A = argv3_0x92eac98[0x00000000]
) );
ASSERT( ( NOT( (0x0A = argv3_0x92eac98[0x00000001]
))) );
%----------------------------------------------------
QUERY( FALSE  );

#variable value:

-
(Read w8 1 argv3)
#constrains--stp:
__tmpInt8  : BITVECTOR(8);
__tmpInt16  : BITVECTOR(16);
__tmpInt32  : BITVECTOR(32);
__tmpInt64  : BITVECTOR(64);
argv1_0x926f4a0  : ARRAY BITVECTOR(32) OF BITVECTOR(8);
argv2_0x9283bc0  : ARRAY BITVECTOR(32) OF BITVECTOR(8);
argv3_0x92eac98  : ARRAY BITVECTOR(32) OF BITVECTOR(8);
%----------------------------------------------------
ASSERT( SBVLT(0x00,argv1_0x926f4a0[0x00000000])
 );
ASSERT( ( NOT( (0x25 = argv1_0x926f4a0[0x00000000]
))) );
ASSERT( ( NOT( (0x24 = argv1_0x926f4a0[0x00000000]
))) );
ASSERT( ( NOT( (0x5D = argv1_0x926f4a0[0x00000000]
))) );
ASSERT( ( NOT( (0x5B = argv1_0x926f4a0[0x00000000]
))) );
ASSERT( ( NOT( (0x5E = argv1_0x926f4a0[0x00000000]
))) );
ASSERT( ( NOT( (0x2D = argv1_0x926f4a0[0x00000000]
))) );
ASSERT( (0x00 = argv1_0x926f4a0[0x00000002]
) );
ASSERT( BVLT(BVPLUS(8, 
0x9F, 
argv2_0x9283bc0[0x00000000])
,0x1A)
 );
ASSERT( (0x00 = argv2_0x9283bc0[0x00000001]
) );
ASSERT( SBVLT(0x00,argv3_0x92eac98[0x00000000])
 );
ASSERT( SBVLT(0x00,argv3_0x92eac98[0x00000001])
 );
ASSERT( (0x00 = argv3_0x92eac98[0x00000002]
) );
ASSERT( ( NOT( (0x3F = argv1_0x926f4a0[0x00000000]
))) );
ASSERT( ( NOT( (0x40 = argv1_0x926f4a0[0x00000000]
))) );
ASSERT( (0x3F = argv1_0x926f4a0[0x00000001]
) );
ASSERT( ( NOT( (argv1_0x926f4a0[0x00000000] = argv3_0x92eac98[0x00000000]
))) );
ASSERT( ( NOT( (argv3_0x92eac98[0x00000001] = argv1_0x926f4a0[0x00000000]
))) );
%----------------------------------------------------
QUERY( FALSE  );

#variable value:
-
(Read w8 0 argv3)
-
(Read w8 1 argv3)
#constrains--stp:
__tmpInt8  : BITVECTOR(8);
__tmpInt16  : BITVECTOR(16);
__tmpInt32  : BITVECTOR(32);
__tmpInt64  : BITVECTOR(64);
argv1_0x926f4a0  : ARRAY BITVECTOR(32) OF BITVECTOR(8);
argv2_0x9283bc0  : ARRAY BITVECTOR(32) OF BITVECTOR(8);
argv3_0x92eac98  : ARRAY BITVECTOR(32) OF BITVECTOR(8);
%----------------------------------------------------
ASSERT( SBVLT(0x00,argv1_0x926f4a0[0x00000000])
 );
ASSERT( ( NOT( (0x25 = argv1_0x926f4a0[0x00000000]
))) );
ASSERT( ( NOT( (0x24 = argv1_0x926f4a0[0x00000000]
))) );
ASSERT( ( NOT( (0x5D = argv1_0x926f4a0[0x00000000]
))) );
ASSERT( ( NOT( (0x5B = argv1_0x926f4a0[0x00000000]
))) );
ASSERT( ( NOT( (0x5E = argv1_0x926f4a0[0x00000000]
))) );
ASSERT( ( NOT( (0x2D = argv1_0x926f4a0[0x00000000]
))) );
ASSERT( (0x00 = argv1_0x926f4a0[0x00000002]
) );
ASSERT( BVLT(BVPLUS(8, 
0x9F, 
argv2_0x9283bc0[0x00000000])
,0x1A)
 );
ASSERT( (0x00 = argv2_0x9283bc0[0x00000001]
) );
ASSERT( SBVLT(0x00,argv3_0x92eac98[0x00000000])
 );
ASSERT( SBVLT(0x00,argv3_0x92eac98[0x00000001])
 );
ASSERT( (0x00 = argv3_0x92eac98[0x00000002]
) );
ASSERT( ( NOT( (0x3F = argv1_0x926f4a0[0x00000000]
))) );
ASSERT( ( NOT( (0x40 = argv1_0x926f4a0[0x00000000]
))) );
ASSERT( (0x3F = argv1_0x926f4a0[0x00000001]
) );
ASSERT( ( NOT( (argv1_0x926f4a0[0x00000000] = argv3_0x92eac98[0x00000000]
))) );
ASSERT( (argv3_0x92eac98[0x00000001] = argv1_0x926f4a0[0x00000000]
) );
%----------------------------------------------------
QUERY( FALSE  );

#variable value:
-
(Read w8 0 argv3)
-
(Read w8 1 argv3)
#constrains--stp:
__tmpInt8  : BITVECTOR(8);
__tmpInt16  : BITVECTOR(16);
__tmpInt32  : BITVECTOR(32);
__tmpInt64  : BITVECTOR(64);
argv1_0x926f4a0  : ARRAY BITVECTOR(32) OF BITVECTOR(8);
argv2_0x9283bc0  : ARRAY BITVECTOR(32) OF BITVECTOR(8);
argv3_0x92eac98  : ARRAY BITVECTOR(32) OF BITVECTOR(8);
%----------------------------------------------------
ASSERT( SBVLT(0x00,argv1_0x926f4a0[0x00000000])
 );
ASSERT( ( NOT( (0x25 = argv1_0x926f4a0[0x00000000]
))) );
ASSERT( ( NOT( (0x24 = argv1_0x926f4a0[0x00000000]
))) );
ASSERT( ( NOT( (0x5D = argv1_0x926f4a0[0x00000000]
))) );
ASSERT( ( NOT( (0x5B = argv1_0x926f4a0[0x00000000]
))) );
ASSERT( ( NOT( (0x5E = argv1_0x926f4a0[0x00000000]
))) );
ASSERT( ( NOT( (0x2D = argv1_0x926f4a0[0x00000000]
))) );
ASSERT( (0x00 = argv1_0x926f4a0[0x00000002]
) );
ASSERT( BVLT(BVPLUS(8, 
0x9F, 
argv2_0x9283bc0[0x00000000])
,0x1A)
 );
ASSERT( (0x00 = argv2_0x9283bc0[0x00000001]
) );
ASSERT( SBVLT(0x00,argv3_0x92eac98[0x00000000])
 );
ASSERT( SBVLT(0x00,argv3_0x92eac98[0x00000001])
 );
ASSERT( (0x00 = argv3_0x92eac98[0x00000002]
) );
ASSERT( ( NOT( (0x3F = argv1_0x926f4a0[0x00000000]
))) );
ASSERT( ( NOT( (0x40 = argv1_0x926f4a0[0x00000000]
))) );
ASSERT( (0x3F = argv1_0x926f4a0[0x00000001]
) );
ASSERT( (argv1_0x926f4a0[0x00000000] = argv3_0x92eac98[0x00000000]
) );
ASSERT( ( NOT( (0x0A = argv3_0x92eac98[0x00000001]
))) );
%----------------------------------------------------
QUERY( FALSE  );

#variable value:
-
(Read w8 0 argv2)
#constrains--stp:
__tmpInt8  : BITVECTOR(8);
__tmpInt16  : BITVECTOR(16);
__tmpInt32  : BITVECTOR(32);
__tmpInt64  : BITVECTOR(64);
argv1_0x926f4a0  : ARRAY BITVECTOR(32) OF BITVECTOR(8);
argv2_0x9283bc0  : ARRAY BITVECTOR(32) OF BITVECTOR(8);
argv3_0x92eac98  : ARRAY BITVECTOR(32) OF BITVECTOR(8);
%----------------------------------------------------
ASSERT( SBVLT(0x00,argv1_0x926f4a0[0x00000000])
 );
ASSERT( ( NOT( (0x25 = argv1_0x926f4a0[0x00000000]
))) );
ASSERT( ( NOT( (0x24 = argv1_0x926f4a0[0x00000000]
))) );
ASSERT( ( NOT( (0x5D = argv1_0x926f4a0[0x00000000]
))) );
ASSERT( ( NOT( (0x5B = argv1_0x926f4a0[0x00000000]
))) );
ASSERT( ( NOT( (0x5E = argv1_0x926f4a0[0x00000000]
))) );
ASSERT( ( NOT( (0x2D = argv1_0x926f4a0[0x00000000]
))) );
ASSERT( (0x00 = argv1_0x926f4a0[0x00000002]
) );
ASSERT( BVLT(BVPLUS(8, 
0x9F, 
argv2_0x9283bc0[0x00000000])
,0x1A)
 );
ASSERT( (0x00 = argv2_0x9283bc0[0x00000001]
) );
ASSERT( SBVLT(0x00,argv3_0x92eac98[0x00000000])
 );
ASSERT( SBVLT(0x00,argv3_0x92eac98[0x00000001])
 );
ASSERT( (0x00 = argv3_0x92eac98[0x00000002]
) );
ASSERT( ( NOT( (0x3F = argv1_0x926f4a0[0x00000000]
))) );
ASSERT( ( NOT( (0x40 = argv1_0x926f4a0[0x00000000]
))) );
ASSERT( (0x24 = argv1_0x926f4a0[0x00000001]
) );
ASSERT( ( NOT( (argv1_0x926f4a0[0x00000000] = argv3_0x92eac98[0x00000000]
))) );
ASSERT( ( NOT( (argv1_0x926f4a0[0x00000000] = argv3_0x92eac98[0x00000001]
))) );
%----------------------------------------------------
QUERY( FALSE  );

#variable value:
-
(Read w8 0 argv3)
-
(Read w8 1 argv3)
#constrains--stp:
__tmpInt8  : BITVECTOR(8);
__tmpInt16  : BITVECTOR(16);
__tmpInt32  : BITVECTOR(32);
__tmpInt64  : BITVECTOR(64);
argv1_0x926f4a0  : ARRAY BITVECTOR(32) OF BITVECTOR(8);
argv2_0x9283bc0  : ARRAY BITVECTOR(32) OF BITVECTOR(8);
argv3_0x92eac98  : ARRAY BITVECTOR(32) OF BITVECTOR(8);
%----------------------------------------------------
ASSERT( (0x00 = argv1_0x926f4a0[0x00000002]
) );
ASSERT( BVLT(BVPLUS(8, 
0x9F, 
argv2_0x9283bc0[0x00000000])
,0x1A)
 );
ASSERT( (0x00 = argv2_0x9283bc0[0x00000001]
) );
ASSERT( SBVLT(0x00,argv3_0x92eac98[0x00000000])
 );
ASSERT( SBVLT(0x00,argv3_0x92eac98[0x00000001])
 );
ASSERT( (0x00 = argv3_0x92eac98[0x00000002]
) );
ASSERT( (0x3F = argv1_0x926f4a0[0x00000000]
) );
ASSERT( (0x24 = argv1_0x926f4a0[0x00000001]
) );
ASSERT( ( NOT( (0x0A = argv3_0x92eac98[0x00000000]
))) );
ASSERT( ( NOT( SBVLT(argv3_0x92eac98[0x00000001],0x0B)
)) );
%----------------------------------------------------
QUERY( FALSE  );

#variable value:
-
(Read w8 0 argv3)
-
(Read w8 1 argv3)
#constrains--stp:
__tmpInt8  : BITVECTOR(8);
__tmpInt16  : BITVECTOR(16);
__tmpInt32  : BITVECTOR(32);
__tmpInt64  : BITVECTOR(64);
argv1_0x926f4a0  : ARRAY BITVECTOR(32) OF BITVECTOR(8);
argv2_0x9283bc0  : ARRAY BITVECTOR(32) OF BITVECTOR(8);
argv3_0x92eac98  : ARRAY BITVECTOR(32) OF BITVECTOR(8);
%----------------------------------------------------
ASSERT( (0x00 = argv1_0x926f4a0[0x00000002]
) );
ASSERT( BVLT(BVPLUS(8, 
0x9F, 
argv2_0x9283bc0[0x00000000])
,0x1A)
 );
ASSERT( (0x00 = argv2_0x9283bc0[0x00000001]
) );
ASSERT( SBVLT(0x00,argv3_0x92eac98[0x00000000])
 );
ASSERT( (0x00 = argv3_0x92eac98[0x00000002]
) );
ASSERT( (0x3F = argv1_0x926f4a0[0x00000000]
) );
ASSERT( (0x24 = argv1_0x926f4a0[0x00000001]
) );
ASSERT( ( NOT( (0x0A = argv3_0x92eac98[0x00000000]
))) );
ASSERT( (0x0A = argv3_0x92eac98[0x00000001]
) );
%----------------------------------------------------
QUERY( FALSE  );

#variable value:
-
(Read w8 0 argv2)

#constrains--stp:
__tmpInt8  : BITVECTOR(8);
__tmpInt16  : BITVECTOR(16);
__tmpInt32  : BITVECTOR(32);
__tmpInt64  : BITVECTOR(64);
argv1_0x926f4a0  : ARRAY BITVECTOR(32) OF BITVECTOR(8);
argv2_0x9283bc0  : ARRAY BITVECTOR(32) OF BITVECTOR(8);
argv3_0x92eac98  : ARRAY BITVECTOR(32) OF BITVECTOR(8);
%----------------------------------------------------
ASSERT( SBVLT(0x00,argv1_0x926f4a0[0x00000000])
 );
ASSERT( ( NOT( (0x25 = argv1_0x926f4a0[0x00000000]
))) );
ASSERT( ( NOT( (0x24 = argv1_0x926f4a0[0x00000000]
))) );
ASSERT( ( NOT( (0x5D = argv1_0x926f4a0[0x00000000]
))) );
ASSERT( ( NOT( (0x5B = argv1_0x926f4a0[0x00000000]
))) );
ASSERT( ( NOT( (0x5E = argv1_0x926f4a0[0x00000000]
))) );
ASSERT( ( NOT( (0x2D = argv1_0x926f4a0[0x00000000]
))) );
ASSERT( (0x00 = argv1_0x926f4a0[0x00000002]
) );
ASSERT( BVLT(BVPLUS(8, 
0x9F, 
argv2_0x9283bc0[0x00000000])
,0x1A)
 );
ASSERT( (0x00 = argv2_0x9283bc0[0x00000001]
) );
ASSERT( SBVLT(0x00,argv3_0x92eac98[0x00000000])
 );
ASSERT( (0x00 = argv3_0x92eac98[0x00000002]
) );
ASSERT( ( NOT( (0x3F = argv1_0x926f4a0[0x00000000]
))) );
ASSERT( ( NOT( (0x40 = argv1_0x926f4a0[0x00000000]
))) );
ASSERT( (0x3F = argv1_0x926f4a0[0x00000001]
) );
ASSERT( (argv1_0x926f4a0[0x00000000] = argv3_0x92eac98[0x00000000]
) );
ASSERT( (0x0A = argv3_0x92eac98[0x00000001]
) );
ASSERT( ( NOT( (0x0A = argv1_0x926f4a0[0x00000000]
))) );
%----------------------------------------------------
QUERY( FALSE  );

#variable value:
-
(Read w8 0 argv3)

#constrains--stp:
__tmpInt8  : BITVECTOR(8);
__tmpInt16  : BITVECTOR(16);
__tmpInt32  : BITVECTOR(32);
__tmpInt64  : BITVECTOR(64);
argv1_0x926f4a0  : ARRAY BITVECTOR(32) OF BITVECTOR(8);
argv2_0x9283bc0  : ARRAY BITVECTOR(32) OF BITVECTOR(8);
argv3_0x92eac98  : ARRAY BITVECTOR(32) OF BITVECTOR(8);
%----------------------------------------------------
ASSERT( (0x00 = argv1_0x926f4a0[0x00000002]
) );
ASSERT( BVLT(BVPLUS(8, 
0x9F, 
argv2_0x9283bc0[0x00000000])
,0x1A)
 );
ASSERT( (0x00 = argv2_0x9283bc0[0x00000001]
) );
ASSERT( SBVLT(0x00,argv3_0x92eac98[0x00000000])
 );
ASSERT( SBVLT(0x00,argv3_0x92eac98[0x00000001])
 );
ASSERT( (0x00 = argv3_0x92eac98[0x00000002]
) );
ASSERT( (0x3F = argv1_0x926f4a0[0x00000000]
) );
ASSERT( (0x24 = argv1_0x926f4a0[0x00000001]
) );
ASSERT( ( NOT( (0x0A = argv3_0x92eac98[0x00000000]
))) );
ASSERT( SBVLT(argv3_0x92eac98[0x00000001],0x0B)
 );
ASSERT( ( NOT( (0x0A = argv3_0x92eac98[0x00000001]
))) );
%----------------------------------------------------
QUERY( FALSE  );

#variable value:
-
(Read w8 0 argv2)
-
(Read w8 1 argv3)
#constrains--stp:
__tmpInt8  : BITVECTOR(8);
__tmpInt16  : BITVECTOR(16);
__tmpInt32  : BITVECTOR(32);
__tmpInt64  : BITVECTOR(64);
argv1_0x926f4a0  : ARRAY BITVECTOR(32) OF BITVECTOR(8);
argv2_0x9283bc0  : ARRAY BITVECTOR(32) OF BITVECTOR(8);
argv3_0x92eac98  : ARRAY BITVECTOR(32) OF BITVECTOR(8);
%----------------------------------------------------
ASSERT( (0x00 = argv1_0x926f4a0[0x00000002]
) );
ASSERT( BVLT(BVPLUS(8, 
0x9F, 
argv2_0x9283bc0[0x00000000])
,0x1A)
 );
ASSERT( (0x00 = argv2_0x9283bc0[0x00000001]
) );
ASSERT( (0x00 = argv3_0x92eac98[0x00000002]
) );
ASSERT( (0x3F = argv1_0x926f4a0[0x00000001]
) );
ASSERT( (0x0A = argv3_0x92eac98[0x00000000]
) );
ASSERT( (0x0A = argv3_0x92eac98[0x00000001]
) );
ASSERT( (0x0A = argv1_0x926f4a0[0x00000000]
) );
%----------------------------------------------------
QUERY( FALSE  );

#variable value:


#constrains--stp:
__tmpInt8  : BITVECTOR(8);
__tmpInt16  : BITVECTOR(16);
__tmpInt32  : BITVECTOR(32);
__tmpInt64  : BITVECTOR(64);
argv1_0x926f4a0  : ARRAY BITVECTOR(32) OF BITVECTOR(8);
argv2_0x9283bc0  : ARRAY BITVECTOR(32) OF BITVECTOR(8);
argv3_0x92eac98  : ARRAY BITVECTOR(32) OF BITVECTOR(8);
%----------------------------------------------------
ASSERT( SBVLT(0x00,argv1_0x926f4a0[0x00000000])
 );
ASSERT( ( NOT( (0x25 = argv1_0x926f4a0[0x00000000]
))) );
ASSERT( ( NOT( (0x24 = argv1_0x926f4a0[0x00000000]
))) );
ASSERT( ( NOT( (0x5D = argv1_0x926f4a0[0x00000000]
))) );
ASSERT( ( NOT( (0x5B = argv1_0x926f4a0[0x00000000]
))) );
ASSERT( ( NOT( (0x5E = argv1_0x926f4a0[0x00000000]
))) );
ASSERT( ( NOT( (0x2D = argv1_0x926f4a0[0x00000000]
))) );
ASSERT( (0x00 = argv1_0x926f4a0[0x00000002]
) );
ASSERT( BVLT(BVPLUS(8, 
0x9F, 
argv2_0x9283bc0[0x00000000])
,0x1A)
 );
ASSERT( (0x00 = argv2_0x9283bc0[0x00000001]
) );
ASSERT( SBVLT(0x00,argv3_0x92eac98[0x00000000])
 );
ASSERT( SBVLT(0x00,argv3_0x92eac98[0x00000001])
 );
ASSERT( (0x00 = argv3_0x92eac98[0x00000002]
) );
ASSERT( ( NOT( (0x3F = argv1_0x926f4a0[0x00000000]
))) );
ASSERT( ( NOT( (0x40 = argv1_0x926f4a0[0x00000000]
))) );
ASSERT( (0x24 = argv1_0x926f4a0[0x00000001]
) );
ASSERT( ( NOT( (argv1_0x926f4a0[0x00000000] = argv3_0x92eac98[0x00000000]
))) );
ASSERT( (argv3_0x92eac98[0x00000001] = argv1_0x926f4a0[0x00000000]
) );
%----------------------------------------------------
QUERY( FALSE  );

#variable value:
-
(Read w8 0 argv3)
-
(Read w8 1 argv3)
#constrains--stp:
__tmpInt8  : BITVECTOR(8);
__tmpInt16  : BITVECTOR(16);
__tmpInt32  : BITVECTOR(32);
__tmpInt64  : BITVECTOR(64);
argv1_0x926f4a0  : ARRAY BITVECTOR(32) OF BITVECTOR(8);
argv2_0x9283bc0  : ARRAY BITVECTOR(32) OF BITVECTOR(8);
argv3_0x92eac98  : ARRAY BITVECTOR(32) OF BITVECTOR(8);
%----------------------------------------------------
ASSERT( SBVLT(0xFF,argv1_0x926f4a0[0x00000001])
 );
ASSERT( ( NOT( (0x6E = argv1_0x926f4a0[0x00000001]
))) );
ASSERT( ( NOT( (0x74 = argv1_0x926f4a0[0x00000001]
))) );
ASSERT( ( NOT( (0x5D = argv1_0x926f4a0[0x00000001]
))) );
ASSERT( ( NOT( (0x5B = argv1_0x926f4a0[0x00000001]
))) );
ASSERT( ( NOT( (0x5E = argv1_0x926f4a0[0x00000001]
))) );
ASSERT( (0x00 = argv1_0x926f4a0[0x00000002]
) );
ASSERT( BVLT(BVPLUS(8, 
0x9F, 
argv2_0x9283bc0[0x00000000])
,0x1A)
 );
ASSERT( (0x00 = argv2_0x9283bc0[0x00000001]
) );
ASSERT( (0x00 = argv3_0x92eac98[0x00000002]
) );
ASSERT( (0x3F = argv1_0x926f4a0[0x00000000]
) );
ASSERT( ( NOT( (0x00 = argv1_0x926f4a0[0x00000001]
))) );
ASSERT( ( NOT( (0x3F = argv1_0x926f4a0[0x00000001]
))) );
ASSERT( ( NOT( (0x24 = argv1_0x926f4a0[0x00000001]
))) );
ASSERT( ( NOT( (0x2A = argv1_0x926f4a0[0x00000001]
))) );
ASSERT( ( NOT( (0x40 = argv1_0x926f4a0[0x00000001]
))) );
ASSERT( (0x0A = argv3_0x92eac98[0x00000000]
) );
ASSERT( (0x0A = argv3_0x92eac98[0x00000001]
) );
%----------------------------------------------------
QUERY( FALSE  );

#variable value:


#constrains--stp:
__tmpInt8  : BITVECTOR(8);
__tmpInt16  : BITVECTOR(16);
__tmpInt32  : BITVECTOR(32);
__tmpInt64  : BITVECTOR(64);
argv1_0x926f4a0  : ARRAY BITVECTOR(32) OF BITVECTOR(8);
argv2_0x9283bc0  : ARRAY BITVECTOR(32) OF BITVECTOR(8);
argv3_0x92eac98  : ARRAY BITVECTOR(32) OF BITVECTOR(8);
%----------------------------------------------------
ASSERT( (0x00 = argv1_0x926f4a0[0x00000002]
) );
ASSERT( BVLT(BVPLUS(8, 
0x9F, 
argv2_0x9283bc0[0x00000000])
,0x1A)
 );
ASSERT( (0x00 = argv2_0x9283bc0[0x00000001]
) );
ASSERT( SBVLT(0x00,argv3_0x92eac98[0x00000000])
 );
ASSERT( SBVLT(0x00,argv3_0x92eac98[0x00000001])
 );
ASSERT( (0x00 = argv3_0x92eac98[0x00000002]
) );
ASSERT( (0x3F = argv1_0x926f4a0[0x00000000]
) );
ASSERT( (0x2A = argv1_0x926f4a0[0x00000001]
) );
ASSERT( ( NOT( (0x0A = argv3_0x92eac98[0x00000000]
))) );
ASSERT( ( NOT( (0x0A = argv3_0x92eac98[0x00000001]
))) );
%----------------------------------------------------
QUERY( FALSE  );

#variable value:
-
(Read w8 0 argv2)
#constrains--stp:
__tmpInt8  : BITVECTOR(8);
__tmpInt16  : BITVECTOR(16);
__tmpInt32  : BITVECTOR(32);
__tmpInt64  : BITVECTOR(64);
argv1_0x926f4a0  : ARRAY BITVECTOR(32) OF BITVECTOR(8);
argv2_0x9283bc0  : ARRAY BITVECTOR(32) OF BITVECTOR(8);
argv3_0x92eac98  : ARRAY BITVECTOR(32) OF BITVECTOR(8);
%----------------------------------------------------
ASSERT( SBVLT(0xFF,argv1_0x926f4a0[0x00000001])
 );
ASSERT( ( NOT( (0x6E = argv1_0x926f4a0[0x00000001]
))) );
ASSERT( ( NOT( (0x74 = argv1_0x926f4a0[0x00000001]
))) );
ASSERT( ( NOT( (0x5D = argv1_0x926f4a0[0x00000001]
))) );
ASSERT( ( NOT( (0x5B = argv1_0x926f4a0[0x00000001]
))) );
ASSERT( ( NOT( (0x5E = argv1_0x926f4a0[0x00000001]
))) );
ASSERT( (0x00 = argv1_0x926f4a0[0x00000002]
) );
ASSERT( BVLT(BVPLUS(8, 
0x9F, 
argv2_0x9283bc0[0x00000000])
,0x1A)
 );
ASSERT( (0x00 = argv2_0x9283bc0[0x00000001]
) );
ASSERT( SBVLT(0x00,argv3_0x92eac98[0x00000000])
 );
ASSERT( SBVLT(0x00,argv3_0x92eac98[0x00000001])
 );
ASSERT( (0x00 = argv3_0x92eac98[0x00000002]
) );
ASSERT( (0x3F = argv1_0x926f4a0[0x00000000]
) );
ASSERT( ( NOT( (0x00 = argv1_0x926f4a0[0x00000001]
))) );
ASSERT( ( NOT( (0x3F = argv1_0x926f4a0[0x00000001]
))) );
ASSERT( ( NOT( (0x24 = argv1_0x926f4a0[0x00000001]
))) );
ASSERT( ( NOT( (0x2A = argv1_0x926f4a0[0x00000001]
))) );
ASSERT( ( NOT( (0x40 = argv1_0x926f4a0[0x00000001]
))) );
ASSERT( ( NOT( (0x0A = argv3_0x92eac98[0x00000000]
))) );
ASSERT( (argv3_0x92eac98[0x00000001] = argv1_0x926f4a0[0x00000001]
) );
%----------------------------------------------------
QUERY( FALSE  );

#variable value:
-
(Read w8 0 argv2)
#constrains--stp:
__tmpInt8  : BITVECTOR(8);
__tmpInt16  : BITVECTOR(16);
__tmpInt32  : BITVECTOR(32);
__tmpInt64  : BITVECTOR(64);
argv1_0x926f4a0  : ARRAY BITVECTOR(32) OF BITVECTOR(8);
argv2_0x9283bc0  : ARRAY BITVECTOR(32) OF BITVECTOR(8);
argv3_0x92eac98  : ARRAY BITVECTOR(32) OF BITVECTOR(8);
%----------------------------------------------------
ASSERT( (0x00 = argv1_0x926f4a0[0x00000002]
) );
ASSERT( BVLT(BVPLUS(8, 
0x9F, 
argv2_0x9283bc0[0x00000000])
,0x1A)
 );
ASSERT( (0x00 = argv2_0x9283bc0[0x00000001]
) );
ASSERT( (0x00 = argv3_0x92eac98[0x00000002]
) );
ASSERT( (0x3F = argv1_0x926f4a0[0x00000000]
) );
ASSERT( (0x40 = argv1_0x926f4a0[0x00000001]
) );
ASSERT( (0x0A = argv3_0x92eac98[0x00000000]
) );
ASSERT( (0x0A = argv3_0x92eac98[0x00000001]
) );
%----------------------------------------------------
QUERY( FALSE  );

#variable value:


#constrains--stp:
__tmpInt8  : BITVECTOR(8);
__tmpInt16  : BITVECTOR(16);
__tmpInt32  : BITVECTOR(32);
__tmpInt64  : BITVECTOR(64);
argv1_0x926f4a0  : ARRAY BITVECTOR(32) OF BITVECTOR(8);
argv2_0x9283bc0  : ARRAY BITVECTOR(32) OF BITVECTOR(8);
argv3_0x92eac98  : ARRAY BITVECTOR(32) OF BITVECTOR(8);
%----------------------------------------------------
ASSERT( SBVLT(0x00,argv1_0x926f4a0[0x00000000])
 );
ASSERT( ( NOT( (0x25 = argv1_0x926f4a0[0x00000000]
))) );
ASSERT( ( NOT( (0x24 = argv1_0x926f4a0[0x00000000]
))) );
ASSERT( ( NOT( (0x5D = argv1_0x926f4a0[0x00000000]
))) );
ASSERT( ( NOT( (0x5B = argv1_0x926f4a0[0x00000000]
))) );
ASSERT( ( NOT( (0x5E = argv1_0x926f4a0[0x00000000]
))) );
ASSERT( ( NOT( (0x2D = argv1_0x926f4a0[0x00000000]
))) );
ASSERT( (0x00 = argv1_0x926f4a0[0x00000002]
) );
ASSERT( BVLT(BVPLUS(8, 
0x9F, 
argv2_0x9283bc0[0x00000000])
,0x1A)
 );
ASSERT( (0x00 = argv2_0x9283bc0[0x00000001]
) );
ASSERT( SBVLT(0x00,argv3_0x92eac98[0x00000000])
 );
ASSERT( SBVLT(0x00,argv3_0x92eac98[0x00000001])
 );
ASSERT( (0x00 = argv3_0x92eac98[0x00000002]
) );
ASSERT( ( NOT( (0x3F = argv1_0x926f4a0[0x00000000]
))) );
ASSERT( ( NOT( (0x40 = argv1_0x926f4a0[0x00000000]
))) );
ASSERT( (0x24 = argv1_0x926f4a0[0x00000001]
) );
ASSERT( (argv1_0x926f4a0[0x00000000] = argv3_0x92eac98[0x00000000]
) );
ASSERT( ( NOT( SBVLT(argv3_0x92eac98[0x00000001],0x0B)
)) );
ASSERT( ( NOT( (argv3_0x92eac98[0x00000001] = argv1_0x926f4a0[0x00000000]
))) );
%----------------------------------------------------
QUERY( FALSE  );

#variable value:
-
(Read w8 0 argv3)
-
(Read w8 1 argv3)
#constrains--stp:
__tmpInt8  : BITVECTOR(8);
__tmpInt16  : BITVECTOR(16);
__tmpInt32  : BITVECTOR(32);
__tmpInt64  : BITVECTOR(64);
argv1_0x926f4a0  : ARRAY BITVECTOR(32) OF BITVECTOR(8);
argv2_0x9283bc0  : ARRAY BITVECTOR(32) OF BITVECTOR(8);
argv3_0x92eac98  : ARRAY BITVECTOR(32) OF BITVECTOR(8);
%----------------------------------------------------
ASSERT( SBVLT(0xFF,argv1_0x926f4a0[0x00000001])
 );
ASSERT( ( NOT( (0x6E = argv1_0x926f4a0[0x00000001]
))) );
ASSERT( ( NOT( (0x74 = argv1_0x926f4a0[0x00000001]
))) );
ASSERT( ( NOT( (0x5D = argv1_0x926f4a0[0x00000001]
))) );
ASSERT( ( NOT( (0x5B = argv1_0x926f4a0[0x00000001]
))) );
ASSERT( ( NOT( (0x5E = argv1_0x926f4a0[0x00000001]
))) );
ASSERT( (0x00 = argv1_0x926f4a0[0x00000002]
) );
ASSERT( BVLT(BVPLUS(8, 
0x9F, 
argv2_0x9283bc0[0x00000000])
,0x1A)
 );
ASSERT( (0x00 = argv2_0x9283bc0[0x00000001]
) );
ASSERT( SBVLT(0x00,argv3_0x92eac98[0x00000001])
 );
ASSERT( (0x00 = argv3_0x92eac98[0x00000002]
) );
ASSERT( (0x3F = argv1_0x926f4a0[0x00000000]
) );
ASSERT( ( NOT( (0x00 = argv1_0x926f4a0[0x00000001]
))) );
ASSERT( ( NOT( (0x3F = argv1_0x926f4a0[0x00000001]
))) );
ASSERT( ( NOT( (0x24 = argv1_0x926f4a0[0x00000001]
))) );
ASSERT( ( NOT( (0x2A = argv1_0x926f4a0[0x00000001]
))) );
ASSERT( ( NOT( (0x40 = argv1_0x926f4a0[0x00000001]
))) );
ASSERT( (0x0A = argv3_0x92eac98[0x00000000]
) );
ASSERT( ( NOT( (0x0A = argv3_0x92eac98[0x00000001]
))) );
%----------------------------------------------------
QUERY( FALSE  );

#variable value:

-
(Read w8 1 argv3)
#constrains--stp:
__tmpInt8  : BITVECTOR(8);
__tmpInt16  : BITVECTOR(16);
__tmpInt32  : BITVECTOR(32);
__tmpInt64  : BITVECTOR(64);
argv1_0x926f4a0  : ARRAY BITVECTOR(32) OF BITVECTOR(8);
argv2_0x9283bc0  : ARRAY BITVECTOR(32) OF BITVECTOR(8);
argv3_0x92eac98  : ARRAY BITVECTOR(32) OF BITVECTOR(8);
%----------------------------------------------------
ASSERT( (0x00 = argv1_0x926f4a0[0x00000002]
) );
ASSERT( BVLT(BVPLUS(8, 
0x9F, 
argv2_0x9283bc0[0x00000000])
,0x1A)
 );
ASSERT( (0x00 = argv2_0x9283bc0[0x00000001]
) );
ASSERT( SBVLT(0x00,argv3_0x92eac98[0x00000000])
 );
ASSERT( (0x00 = argv3_0x92eac98[0x00000002]
) );
ASSERT( (0x3F = argv1_0x926f4a0[0x00000000]
) );
ASSERT( (0x40 = argv1_0x926f4a0[0x00000001]
) );
ASSERT( ( NOT( (0x0A = argv3_0x92eac98[0x00000000]
))) );
ASSERT( (0x40 = argv3_0x92eac98[0x00000001]
) );
%----------------------------------------------------
QUERY( FALSE  );

#variable value:
-
(Read w8 0 argv2)
#constrains--stp:
__tmpInt8  : BITVECTOR(8);
__tmpInt16  : BITVECTOR(16);
__tmpInt32  : BITVECTOR(32);
__tmpInt64  : BITVECTOR(64);
argv1_0x926f4a0  : ARRAY BITVECTOR(32) OF BITVECTOR(8);
argv2_0x9283bc0  : ARRAY BITVECTOR(32) OF BITVECTOR(8);
argv3_0x92eac98  : ARRAY BITVECTOR(32) OF BITVECTOR(8);
%----------------------------------------------------
ASSERT( SBVLT(0x00,argv1_0x926f4a0[0x00000000])
 );
ASSERT( ( NOT( (0x25 = argv1_0x926f4a0[0x00000000]
))) );
ASSERT( ( NOT( (0x24 = argv1_0x926f4a0[0x00000000]
))) );
ASSERT( ( NOT( (0x5D = argv1_0x926f4a0[0x00000000]
))) );
ASSERT( ( NOT( (0x5B = argv1_0x926f4a0[0x00000000]
))) );
ASSERT( ( NOT( (0x5E = argv1_0x926f4a0[0x00000000]
))) );
ASSERT( ( NOT( (0x2D = argv1_0x926f4a0[0x00000000]
))) );
ASSERT( (0x00 = argv1_0x926f4a0[0x00000002]
) );
ASSERT( BVLT(BVPLUS(8, 
0x9F, 
argv2_0x9283bc0[0x00000000])
,0x1A)
 );
ASSERT( (0x00 = argv2_0x9283bc0[0x00000001]
) );
ASSERT( SBVLT(0x00,argv3_0x92eac98[0x00000000])
 );
ASSERT( SBVLT(0x00,argv3_0x92eac98[0x00000001])
 );
ASSERT( (0x00 = argv3_0x92eac98[0x00000002]
) );
ASSERT( ( NOT( (0x3F = argv1_0x926f4a0[0x00000000]
))) );
ASSERT( ( NOT( (0x40 = argv1_0x926f4a0[0x00000000]
))) );
ASSERT( (0x24 = argv1_0x926f4a0[0x00000001]
) );
ASSERT( (argv1_0x926f4a0[0x00000000] = argv3_0x92eac98[0x00000000]
) );
ASSERT( SBVLT(argv3_0x92eac98[0x00000001],0x0B)
 );
ASSERT( ( NOT( (argv3_0x92eac98[0x00000001] = argv1_0x926f4a0[0x00000000]
))) );
%----------------------------------------------------
QUERY( FALSE  );

#variable value:
-
(Read w8 0 argv2)
-
(Read w8 1 argv3)
#constrains--stp:
__tmpInt8  : BITVECTOR(8);
__tmpInt16  : BITVECTOR(16);
__tmpInt32  : BITVECTOR(32);
__tmpInt64  : BITVECTOR(64);
argv1_0x926f4a0  : ARRAY BITVECTOR(32) OF BITVECTOR(8);
argv2_0x9283bc0  : ARRAY BITVECTOR(32) OF BITVECTOR(8);
argv3_0x92eac98  : ARRAY BITVECTOR(32) OF BITVECTOR(8);
%----------------------------------------------------
ASSERT( (0x00 = argv1_0x926f4a0[0x00000002]
) );
ASSERT( BVLT(BVPLUS(8, 
0x9F, 
argv2_0x9283bc0[0x00000000])
,0x1A)
 );
ASSERT( (0x00 = argv2_0x9283bc0[0x00000001]
) );
ASSERT( SBVLT(0x00,argv3_0x92eac98[0x00000001])
 );
ASSERT( (0x00 = argv3_0x92eac98[0x00000002]
) );
ASSERT( (0x3F = argv1_0x926f4a0[0x00000000]
) );
ASSERT( (0x40 = argv1_0x926f4a0[0x00000001]
) );
ASSERT( (0x0A = argv3_0x92eac98[0x00000000]
) );
ASSERT( ( NOT( (0x0A = argv3_0x92eac98[0x00000001]
))) );
%----------------------------------------------------
QUERY( FALSE  );

#variable value:

-
(Read w8 1 argv3)
#constrains--stp:
__tmpInt8  : BITVECTOR(8);
__tmpInt16  : BITVECTOR(16);
__tmpInt32  : BITVECTOR(32);
__tmpInt64  : BITVECTOR(64);
argv1_0x926f4a0  : ARRAY BITVECTOR(32) OF BITVECTOR(8);
argv2_0x9283bc0  : ARRAY BITVECTOR(32) OF BITVECTOR(8);
argv3_0x92eac98  : ARRAY BITVECTOR(32) OF BITVECTOR(8);
%----------------------------------------------------
ASSERT( SBVLT(0x00,argv1_0x926f4a0[0x00000000])
 );
ASSERT( ( NOT( (0x25 = argv1_0x926f4a0[0x00000000]
))) );
ASSERT( ( NOT( (0x24 = argv1_0x926f4a0[0x00000000]
))) );
ASSERT( ( NOT( (0x5D = argv1_0x926f4a0[0x00000000]
))) );
ASSERT( ( NOT( (0x5B = argv1_0x926f4a0[0x00000000]
))) );
ASSERT( ( NOT( (0x5E = argv1_0x926f4a0[0x00000000]
))) );
ASSERT( ( NOT( (0x2D = argv1_0x926f4a0[0x00000000]
))) );
ASSERT( (0x00 = argv1_0x926f4a0[0x00000002]
) );
ASSERT( BVLT(BVPLUS(8, 
0x9F, 
argv2_0x9283bc0[0x00000000])
,0x1A)
 );
ASSERT( (0x00 = argv2_0x9283bc0[0x00000001]
) );
ASSERT( SBVLT(0x00,argv3_0x92eac98[0x00000000])
 );
ASSERT( SBVLT(0x00,argv3_0x92eac98[0x00000001])
 );
ASSERT( (0x00 = argv3_0x92eac98[0x00000002]
) );
ASSERT( ( NOT( (0x3F = argv1_0x926f4a0[0x00000000]
))) );
ASSERT( ( NOT( (0x40 = argv1_0x926f4a0[0x00000000]
))) );
ASSERT( (0x24 = argv1_0x926f4a0[0x00000001]
) );
ASSERT( (argv1_0x926f4a0[0x00000000] = argv3_0x92eac98[0x00000000]
) );
ASSERT( ( NOT( SBVLT(argv3_0x92eac98[0x00000001],0x0B)
)) );
ASSERT( (argv3_0x92eac98[0x00000001] = argv1_0x926f4a0[0x00000000]
) );
%----------------------------------------------------
QUERY( FALSE  );

#variable value:
-
(Read w8 0 argv3)
-
(Read w8 1 argv3)
#constrains--stp:
__tmpInt8  : BITVECTOR(8);
__tmpInt16  : BITVECTOR(16);
__tmpInt32  : BITVECTOR(32);
__tmpInt64  : BITVECTOR(64);
argv1_0x926f4a0  : ARRAY BITVECTOR(32) OF BITVECTOR(8);
argv2_0x9283bc0  : ARRAY BITVECTOR(32) OF BITVECTOR(8);
argv3_0x92eac98  : ARRAY BITVECTOR(32) OF BITVECTOR(8);
%----------------------------------------------------
ASSERT( SBVLT(0xFF,argv1_0x926f4a0[0x00000001])
 );
ASSERT( ( NOT( (0x6E = argv1_0x926f4a0[0x00000001]
))) );
ASSERT( ( NOT( (0x74 = argv1_0x926f4a0[0x00000001]
))) );
ASSERT( ( NOT( (0x5D = argv1_0x926f4a0[0x00000001]
))) );
ASSERT( ( NOT( (0x5B = argv1_0x926f4a0[0x00000001]
))) );
ASSERT( ( NOT( (0x5E = argv1_0x926f4a0[0x00000001]
))) );
ASSERT( (0x00 = argv1_0x926f4a0[0x00000002]
) );
ASSERT( BVLT(BVPLUS(8, 
0x9F, 
argv2_0x9283bc0[0x00000000])
,0x1A)
 );
ASSERT( (0x00 = argv2_0x9283bc0[0x00000001]
) );
ASSERT( SBVLT(0x00,argv3_0x92eac98[0x00000000])
 );
ASSERT( (0x00 = argv3_0x92eac98[0x00000002]
) );
ASSERT( (0x3F = argv1_0x926f4a0[0x00000000]
) );
ASSERT( ( NOT( (0x00 = argv1_0x926f4a0[0x00000001]
))) );
ASSERT( ( NOT( (0x3F = argv1_0x926f4a0[0x00000001]
))) );
ASSERT( ( NOT( (0x24 = argv1_0x926f4a0[0x00000001]
))) );
ASSERT( ( NOT( (0x2A = argv1_0x926f4a0[0x00000001]
))) );
ASSERT( ( NOT( (0x40 = argv1_0x926f4a0[0x00000001]
))) );
ASSERT( ( NOT( (0x0A = argv3_0x92eac98[0x00000000]
))) );
ASSERT( ( NOT( (0x0A = argv1_0x926f4a0[0x00000001]
))) );
ASSERT( (0x0A = argv3_0x92eac98[0x00000001]
) );
%----------------------------------------------------
QUERY( FALSE  );

#variable value:
-
(Read w8 0 argv3)

#constrains--stp:
__tmpInt8  : BITVECTOR(8);
__tmpInt16  : BITVECTOR(16);
__tmpInt32  : BITVECTOR(32);
__tmpInt64  : BITVECTOR(64);
argv1_0x926f4a0  : ARRAY BITVECTOR(32) OF BITVECTOR(8);
argv2_0x9283bc0  : ARRAY BITVECTOR(32) OF BITVECTOR(8);
argv3_0x92eac98  : ARRAY BITVECTOR(32) OF BITVECTOR(8);
%----------------------------------------------------
ASSERT( SBVLT(0x00,argv1_0x926f4a0[0x00000000])
 );
ASSERT( ( NOT( (0x25 = argv1_0x926f4a0[0x00000000]
))) );
ASSERT( ( NOT( (0x24 = argv1_0x926f4a0[0x00000000]
))) );
ASSERT( ( NOT( (0x5D = argv1_0x926f4a0[0x00000000]
))) );
ASSERT( ( NOT( (0x5B = argv1_0x926f4a0[0x00000000]
))) );
ASSERT( ( NOT( (0x5E = argv1_0x926f4a0[0x00000000]
))) );
ASSERT( ( NOT( (0x2D = argv1_0x926f4a0[0x00000000]
))) );
ASSERT( (0x00 = argv1_0x926f4a0[0x00000002]
) );
ASSERT( BVLT(BVPLUS(8, 
0x9F, 
argv2_0x9283bc0[0x00000000])
,0x1A)
 );
ASSERT( (0x00 = argv2_0x9283bc0[0x00000001]
) );
ASSERT( SBVLT(0x00,argv3_0x92eac98[0x00000000])
 );
ASSERT( SBVLT(0x00,argv3_0x92eac98[0x00000001])
 );
ASSERT( (0x00 = argv3_0x92eac98[0x00000002]
) );
ASSERT( ( NOT( (0x3F = argv1_0x926f4a0[0x00000000]
))) );
ASSERT( ( NOT( (0x40 = argv1_0x926f4a0[0x00000000]
))) );
ASSERT( (0x24 = argv1_0x926f4a0[0x00000001]
) );
ASSERT( (argv3_0x92eac98[0x00000000] = argv1_0x926f4a0[0x00000000]
) );
ASSERT( SBVLT(argv3_0x92eac98[0x00000001],0x0B)
 );
ASSERT( (argv1_0x926f4a0[0x00000000] = argv3_0x92eac98[0x00000001]
) );
%----------------------------------------------------
QUERY( FALSE  );

#variable value:
-
(Read w8 0 argv2)
-
(Read w8 1 argv3)
#constrains--stp:
__tmpInt8  : BITVECTOR(8);
__tmpInt16  : BITVECTOR(16);
__tmpInt32  : BITVECTOR(32);
__tmpInt64  : BITVECTOR(64);
argv1_0x926f4a0  : ARRAY BITVECTOR(32) OF BITVECTOR(8);
argv2_0x9283bc0  : ARRAY BITVECTOR(32) OF BITVECTOR(8);
argv3_0x92eac98  : ARRAY BITVECTOR(32) OF BITVECTOR(8);
%----------------------------------------------------
ASSERT( SBVLT(0x00,argv1_0x926f4a0[0x00000000])
 );
ASSERT( ( NOT( (0x25 = argv1_0x926f4a0[0x00000000]
))) );
ASSERT( ( NOT( (0x24 = argv1_0x926f4a0[0x00000000]
))) );
ASSERT( ( NOT( (0x5D = argv1_0x926f4a0[0x00000000]
))) );
ASSERT( ( NOT( (0x5B = argv1_0x926f4a0[0x00000000]
))) );
ASSERT( ( NOT( (0x5E = argv1_0x926f4a0[0x00000000]
))) );
ASSERT( ( NOT( (0x2D = argv1_0x926f4a0[0x00000000]
))) );
ASSERT( (0x00 = argv1_0x926f4a0[0x00000002]
) );
ASSERT( BVLT(BVPLUS(8, 
0x9F, 
argv2_0x9283bc0[0x00000000])
,0x1A)
 );
ASSERT( (0x00 = argv2_0x9283bc0[0x00000001]
) );
ASSERT( SBVLT(0x00,argv3_0x92eac98[0x00000000])
 );
ASSERT( SBVLT(0x00,argv3_0x92eac98[0x00000001])
 );
ASSERT( (0x00 = argv3_0x92eac98[0x00000002]
) );
ASSERT( ( NOT( (0x3F = argv1_0x926f4a0[0x00000000]
))) );
ASSERT( ( NOT( (0x40 = argv1_0x926f4a0[0x00000000]
))) );
ASSERT( (0x40 = argv1_0x926f4a0[0x00000001]
) );
ASSERT( ( NOT( (argv1_0x926f4a0[0x00000000] = argv3_0x92eac98[0x00000000]
))) );
ASSERT( ( NOT( (argv3_0x92eac98[0x00000001] = argv1_0x926f4a0[0x00000000]
))) );
%----------------------------------------------------
QUERY( FALSE  );

#variable value:
-
(Read w8 0 argv3)
-
(Read w8 1 argv3)
#constrains--stp:
__tmpInt8  : BITVECTOR(8);
__tmpInt16  : BITVECTOR(16);
__tmpInt32  : BITVECTOR(32);
__tmpInt64  : BITVECTOR(64);
argv1_0x926f4a0  : ARRAY BITVECTOR(32) OF BITVECTOR(8);
argv2_0x9283bc0  : ARRAY BITVECTOR(32) OF BITVECTOR(8);
argv3_0x92eac98  : ARRAY BITVECTOR(32) OF BITVECTOR(8);
%----------------------------------------------------
ASSERT( (0x00 = argv1_0x926f4a0[0x00000002]
) );
ASSERT( BVLT(BVPLUS(8, 
0x9F, 
argv2_0x9283bc0[0x00000000])
,0x1A)
 );
ASSERT( (0x00 = argv2_0x9283bc0[0x00000001]
) );
ASSERT( SBVLT(0x00,argv3_0x92eac98[0x00000000])
 );
ASSERT( (0x00 = argv3_0x92eac98[0x00000002]
) );
ASSERT( (0x3F = argv1_0x926f4a0[0x00000000]
) );
ASSERT( (0x40 = argv1_0x926f4a0[0x00000001]
) );
ASSERT( ( NOT( (0x0A = argv3_0x92eac98[0x00000000]
))) );
ASSERT( (0x0A = argv3_0x92eac98[0x00000001]
) );
%----------------------------------------------------
QUERY( FALSE  );

#variable value:
-
(Read w8 0 argv3)

#constrains--stp:
__tmpInt8  : BITVECTOR(8);
__tmpInt16  : BITVECTOR(16);
__tmpInt32  : BITVECTOR(32);
__tmpInt64  : BITVECTOR(64);
argv1_0x926f4a0  : ARRAY BITVECTOR(32) OF BITVECTOR(8);
argv2_0x9283bc0  : ARRAY BITVECTOR(32) OF BITVECTOR(8);
argv3_0x92eac98  : ARRAY BITVECTOR(32) OF BITVECTOR(8);
%----------------------------------------------------
ASSERT( SBVLT(0x00,argv1_0x926f4a0[0x00000000])
 );
ASSERT( ( NOT( (0x25 = argv1_0x926f4a0[0x00000000]
))) );
ASSERT( ( NOT( (0x24 = argv1_0x926f4a0[0x00000000]
))) );
ASSERT( ( NOT( (0x5D = argv1_0x926f4a0[0x00000000]
))) );
ASSERT( ( NOT( (0x5B = argv1_0x926f4a0[0x00000000]
))) );
ASSERT( ( NOT( (0x5E = argv1_0x926f4a0[0x00000000]
))) );
ASSERT( ( NOT( (0x2D = argv1_0x926f4a0[0x00000000]
))) );
ASSERT( (0x00 = argv1_0x926f4a0[0x00000002]
) );
ASSERT( BVLT(BVPLUS(8, 
0x9F, 
argv2_0x9283bc0[0x00000000])
,0x1A)
 );
ASSERT( (0x00 = argv2_0x9283bc0[0x00000001]
) );
ASSERT( SBVLT(0x00,argv3_0x92eac98[0x00000000])
 );
ASSERT( (0x00 = argv3_0x92eac98[0x00000002]
) );
ASSERT( ( NOT( (0x3F = argv1_0x926f4a0[0x00000000]
))) );
ASSERT( ( NOT( (0x40 = argv1_0x926f4a0[0x00000000]
))) );
ASSERT( (0x40 = argv1_0x926f4a0[0x00000001]
) );
ASSERT( (argv1_0x926f4a0[0x00000000] = argv3_0x92eac98[0x00000000]
) );
ASSERT( (0x40 = argv3_0x92eac98[0x00000001]
) );
%----------------------------------------------------
QUERY( FALSE  );

#variable value:
-
(Read w8 0 argv2)
#constrains--stp:
__tmpInt8  : BITVECTOR(8);
__tmpInt16  : BITVECTOR(16);
__tmpInt32  : BITVECTOR(32);
__tmpInt64  : BITVECTOR(64);
argv1_0x926f4a0  : ARRAY BITVECTOR(32) OF BITVECTOR(8);
argv2_0x9283bc0  : ARRAY BITVECTOR(32) OF BITVECTOR(8);
argv3_0x92eac98  : ARRAY BITVECTOR(32) OF BITVECTOR(8);
%----------------------------------------------------
ASSERT( SBVLT(0xFF,argv1_0x926f4a0[0x00000001])
 );
ASSERT( ( NOT( (0x6E = argv1_0x926f4a0[0x00000001]
))) );
ASSERT( ( NOT( (0x74 = argv1_0x926f4a0[0x00000001]
))) );
ASSERT( ( NOT( (0x5D = argv1_0x926f4a0[0x00000001]
))) );
ASSERT( ( NOT( (0x5B = argv1_0x926f4a0[0x00000001]
))) );
ASSERT( ( NOT( (0x5E = argv1_0x926f4a0[0x00000001]
))) );
ASSERT( (0x00 = argv1_0x926f4a0[0x00000002]
) );
ASSERT( BVLT(BVPLUS(8, 
0x9F, 
argv2_0x9283bc0[0x00000000])
,0x1A)
 );
ASSERT( (0x00 = argv2_0x9283bc0[0x00000001]
) );
ASSERT( SBVLT(0x00,argv3_0x92eac98[0x00000000])
 );
ASSERT( SBVLT(0x00,argv3_0x92eac98[0x00000001])
 );
ASSERT( (0x00 = argv3_0x92eac98[0x00000002]
) );
ASSERT( (0x3F = argv1_0x926f4a0[0x00000000]
) );
ASSERT( ( NOT( (0x00 = argv1_0x926f4a0[0x00000001]
))) );
ASSERT( ( NOT( (0x3F = argv1_0x926f4a0[0x00000001]
))) );
ASSERT( ( NOT( (0x24 = argv1_0x926f4a0[0x00000001]
))) );
ASSERT( ( NOT( (0x2A = argv1_0x926f4a0[0x00000001]
))) );
ASSERT( ( NOT( (0x40 = argv1_0x926f4a0[0x00000001]
))) );
ASSERT( ( NOT( (0x0A = argv3_0x92eac98[0x00000000]
))) );
ASSERT( ( NOT( (argv3_0x92eac98[0x00000001] = argv1_0x926f4a0[0x00000001]
))) );
ASSERT( ( NOT( (0x0A = argv3_0x92eac98[0x00000001]
))) );
%----------------------------------------------------
QUERY( FALSE  );

#variable value:
-
(Read w8 0 argv3)
-
(Read w8 1 argv3)
#constrains--stp:
__tmpInt8  : BITVECTOR(8);
__tmpInt16  : BITVECTOR(16);
__tmpInt32  : BITVECTOR(32);
__tmpInt64  : BITVECTOR(64);
argv1_0x926f4a0  : ARRAY BITVECTOR(32) OF BITVECTOR(8);
argv2_0x9283bc0  : ARRAY BITVECTOR(32) OF BITVECTOR(8);
argv3_0x92eac98  : ARRAY BITVECTOR(32) OF BITVECTOR(8);
%----------------------------------------------------
ASSERT( (0x00 = argv1_0x926f4a0[0x00000002]
) );
ASSERT( BVLT(BVPLUS(8, 
0x9F, 
argv2_0x9283bc0[0x00000000])
,0x1A)
 );
ASSERT( (0x00 = argv2_0x9283bc0[0x00000001]
) );
ASSERT( SBVLT(0x00,argv3_0x92eac98[0x00000000])
 );
ASSERT( SBVLT(0x00,argv3_0x92eac98[0x00000001])
 );
ASSERT( (0x00 = argv3_0x92eac98[0x00000002]
) );
ASSERT( (0x3F = argv1_0x926f4a0[0x00000000]
) );
ASSERT( (0x40 = argv1_0x926f4a0[0x00000001]
) );
ASSERT( ( NOT( (0x0A = argv3_0x92eac98[0x00000000]
))) );
ASSERT( ( NOT( (0x40 = argv3_0x92eac98[0x00000001]
))) );
ASSERT( ( NOT( (0x0A = argv3_0x92eac98[0x00000001]
))) );
%----------------------------------------------------
QUERY( FALSE  );

#variable value:
-
(Read w8 0 argv3)
-
(Read w8 1 argv3)
#constrains--stp:
__tmpInt8  : BITVECTOR(8);
__tmpInt16  : BITVECTOR(16);
__tmpInt32  : BITVECTOR(32);
__tmpInt64  : BITVECTOR(64);
argv1_0x926f4a0  : ARRAY BITVECTOR(32) OF BITVECTOR(8);
argv2_0x9283bc0  : ARRAY BITVECTOR(32) OF BITVECTOR(8);
argv3_0x92eac98  : ARRAY BITVECTOR(32) OF BITVECTOR(8);
%----------------------------------------------------
ASSERT( (0x00 = argv1_0x926f4a0[0x00000002]
) );
ASSERT( BVLT(BVPLUS(8, 
0x9F, 
argv2_0x9283bc0[0x00000000])
,0x1A)
 );
ASSERT( (0x00 = argv2_0x9283bc0[0x00000001]
) );
ASSERT( SBVLT(0x00,argv3_0x92eac98[0x00000000])
 );
ASSERT( (0x00 = argv3_0x92eac98[0x00000002]
) );
ASSERT( (0x3F = argv1_0x926f4a0[0x00000000]
) );
ASSERT( (0x2A = argv1_0x926f4a0[0x00000001]
) );
ASSERT( ( NOT( (0x0A = argv3_0x92eac98[0x00000000]
))) );
ASSERT( (0x0A = argv3_0x92eac98[0x00000001]
) );
%----------------------------------------------------
QUERY( FALSE  );

#variable value:
-
(Read w8 0 argv2)

#constrains--stp:
__tmpInt8  : BITVECTOR(8);
__tmpInt16  : BITVECTOR(16);
__tmpInt32  : BITVECTOR(32);
__tmpInt64  : BITVECTOR(64);
argv1_0x926f4a0  : ARRAY BITVECTOR(32) OF BITVECTOR(8);
argv2_0x9283bc0  : ARRAY BITVECTOR(32) OF BITVECTOR(8);
argv3_0x92eac98  : ARRAY BITVECTOR(32) OF BITVECTOR(8);
%----------------------------------------------------
ASSERT( (0x00 = argv1_0x926f4a0[0x00000002]
) );
ASSERT( BVLT(BVPLUS(8, 
0x9F, 
argv2_0x9283bc0[0x00000000])
,0x1A)
 );
ASSERT( (0x00 = argv2_0x9283bc0[0x00000001]
) );
ASSERT( (0x00 = argv3_0x92eac98[0x00000002]
) );
ASSERT( (0x3F = argv1_0x926f4a0[0x00000000]
) );
ASSERT( (0x2A = argv1_0x926f4a0[0x00000001]
) );
ASSERT( (0x0A = argv3_0x92eac98[0x00000000]
) );
ASSERT( (0x0A = argv3_0x92eac98[0x00000001]
) );
%----------------------------------------------------
QUERY( FALSE  );

#variable value:
-
(Read w8 0 argv2)

-
(Read w8 0 argv2)

#constrains--stp:
__tmpInt8  : BITVECTOR(8);
__tmpInt16  : BITVECTOR(16);
__tmpInt32  : BITVECTOR(32);
__tmpInt64  : BITVECTOR(64);
argv1_0x926f4a0  : ARRAY BITVECTOR(32) OF BITVECTOR(8);
argv2_0x9283bc0  : ARRAY BITVECTOR(32) OF BITVECTOR(8);
argv3_0x92eac98  : ARRAY BITVECTOR(32) OF BITVECTOR(8);
%----------------------------------------------------
ASSERT( (0x00 = argv1_0x926f4a0[0x00000002]
) );
ASSERT( BVLT(BVPLUS(8, 
0x9F, 
argv2_0x9283bc0[0x00000000])
,0x1A)
 );
ASSERT( (0x00 = argv2_0x9283bc0[0x00000001]
) );
ASSERT( SBVLT(0x00,argv3_0x92eac98[0x00000001])
 );
ASSERT( (0x00 = argv3_0x92eac98[0x00000002]
) );
ASSERT( (0x3F = argv1_0x926f4a0[0x00000000]
) );
ASSERT( (0x2A = argv1_0x926f4a0[0x00000001]
) );
ASSERT( (0x0A = argv3_0x92eac98[0x00000000]
) );
ASSERT( ( NOT( (0x0A = argv3_0x92eac98[0x00000001]
))) );
%----------------------------------------------------
QUERY( FALSE  );

#variable value:
-
(Read w8 0 argv2)

-
(Read w8 0 argv2)
#constrains--stp:
__tmpInt8  : BITVECTOR(8);
__tmpInt16  : BITVECTOR(16);
__tmpInt32  : BITVECTOR(32);
__tmpInt64  : BITVECTOR(64);
argv1_0x926f4a0  : ARRAY BITVECTOR(32) OF BITVECTOR(8);
argv2_0x9283bc0  : ARRAY BITVECTOR(32) OF BITVECTOR(8);
argv3_0x92eac98  : ARRAY BITVECTOR(32) OF BITVECTOR(8);
%----------------------------------------------------
ASSERT( SBVLT(0x00,argv1_0x926f4a0[0x00000000])
 );
ASSERT( ( NOT( (0x25 = argv1_0x926f4a0[0x00000000]
))) );
ASSERT( ( NOT( (0x24 = argv1_0x926f4a0[0x00000000]
))) );
ASSERT( ( NOT( (0x5D = argv1_0x926f4a0[0x00000000]
))) );
ASSERT( ( NOT( (0x5B = argv1_0x926f4a0[0x00000000]
))) );
ASSERT( ( NOT( (0x5E = argv1_0x926f4a0[0x00000000]
))) );
ASSERT( ( NOT( (0x2D = argv1_0x926f4a0[0x00000000]
))) );
ASSERT( SBVLT(0xFF,argv1_0x926f4a0[0x00000001])
 );
ASSERT( ( NOT( (0x6E = argv1_0x926f4a0[0x00000001]
))) );
ASSERT( ( NOT( (0x74 = argv1_0x926f4a0[0x00000001]
))) );
ASSERT( ( NOT( (0x5D = argv1_0x926f4a0[0x00000001]
))) );
ASSERT( ( NOT( (0x5B = argv1_0x926f4a0[0x00000001]
))) );
ASSERT( ( NOT( (0x5E = argv1_0x926f4a0[0x00000001]
))) );
ASSERT( (0x00 = argv1_0x926f4a0[0x00000002]
) );
ASSERT( BVLT(BVPLUS(8, 
0x9F, 
argv2_0x9283bc0[0x00000000])
,0x1A)
 );
ASSERT( (0x00 = argv2_0x9283bc0[0x00000001]
) );
ASSERT( SBVLT(0x00,argv3_0x92eac98[0x00000000])
 );
ASSERT( SBVLT(0x00,argv3_0x92eac98[0x00000001])
 );
ASSERT( (0x00 = argv3_0x92eac98[0x00000002]
) );
ASSERT( ( NOT( (0x3F = argv1_0x926f4a0[0x00000000]
))) );
ASSERT( ( NOT( (0x40 = argv1_0x926f4a0[0x00000000]
))) );
ASSERT( ( NOT( (0x00 = argv1_0x926f4a0[0x00000001]
))) );
ASSERT( ( NOT( (0x3F = argv1_0x926f4a0[0x00000001]
))) );
ASSERT( ( NOT( (0x24 = argv1_0x926f4a0[0x00000001]
))) );
ASSERT( ( NOT( (0x2A = argv1_0x926f4a0[0x00000001]
))) );
ASSERT( ( NOT( (0x40 = argv1_0x926f4a0[0x00000001]
))) );
ASSERT( ( NOT( (argv1_0x926f4a0[0x00000000] = argv3_0x92eac98[0x00000000]
))) );
ASSERT( ( NOT( (argv1_0x926f4a0[0x00000000] = argv3_0x92eac98[0x00000001]
))) );
%----------------------------------------------------
QUERY( FALSE  );

#variable value:
-
(Read w8 0 argv3)
-
(Read w8 1 argv3)
#constrains--stp:
__tmpInt8  : BITVECTOR(8);
__tmpInt16  : BITVECTOR(16);
__tmpInt32  : BITVECTOR(32);
__tmpInt64  : BITVECTOR(64);
argv1_0x926f4a0  : ARRAY BITVECTOR(32) OF BITVECTOR(8);
argv2_0x9283bc0  : ARRAY BITVECTOR(32) OF BITVECTOR(8);
argv3_0x92eac98  : ARRAY BITVECTOR(32) OF BITVECTOR(8);
%----------------------------------------------------
ASSERT( SBVLT(0x00,argv1_0x926f4a0[0x00000000])
 );
ASSERT( ( NOT( (0x25 = argv1_0x926f4a0[0x00000000]
))) );
ASSERT( ( NOT( (0x24 = argv1_0x926f4a0[0x00000000]
))) );
ASSERT( ( NOT( (0x5D = argv1_0x926f4a0[0x00000000]
))) );
ASSERT( ( NOT( (0x5B = argv1_0x926f4a0[0x00000000]
))) );
ASSERT( ( NOT( (0x5E = argv1_0x926f4a0[0x00000000]
))) );
ASSERT( ( NOT( (0x2D = argv1_0x926f4a0[0x00000000]
))) );
ASSERT( (0x00 = argv1_0x926f4a0[0x00000002]
) );
ASSERT( BVLT(BVPLUS(8, 
0x9F, 
argv2_0x9283bc0[0x00000000])
,0x1A)
 );
ASSERT( (0x00 = argv2_0x9283bc0[0x00000001]
) );
ASSERT( SBVLT(0x00,argv3_0x92eac98[0x00000000])
 );
ASSERT( SBVLT(0x00,argv3_0x92eac98[0x00000001])
 );
ASSERT( (0x00 = argv3_0x92eac98[0x00000002]
) );
ASSERT( ( NOT( (0x3F = argv1_0x926f4a0[0x00000000]
))) );
ASSERT( ( NOT( (0x40 = argv1_0x926f4a0[0x00000000]
))) );
ASSERT( (0x40 = argv1_0x926f4a0[0x00000001]
) );
ASSERT( ( NOT( (argv1_0x926f4a0[0x00000000] = argv3_0x92eac98[0x00000000]
))) );
ASSERT( (argv1_0x926f4a0[0x00000000] = argv3_0x92eac98[0x00000001]
) );
%----------------------------------------------------
QUERY( FALSE  );

#variable value:
-
(Read w8 0 argv3)
-
(Read w8 1 argv3)
#constrains--stp:
__tmpInt8  : BITVECTOR(8);
__tmpInt16  : BITVECTOR(16);
__tmpInt32  : BITVECTOR(32);
__tmpInt64  : BITVECTOR(64);
argv1_0x926f4a0  : ARRAY BITVECTOR(32) OF BITVECTOR(8);
argv2_0x9283bc0  : ARRAY BITVECTOR(32) OF BITVECTOR(8);
argv3_0x92eac98  : ARRAY BITVECTOR(32) OF BITVECTOR(8);
%----------------------------------------------------
ASSERT( SBVLT(0x00,argv1_0x926f4a0[0x00000000])
 );
ASSERT( ( NOT( (0x25 = argv1_0x926f4a0[0x00000000]
))) );
ASSERT( ( NOT( (0x24 = argv1_0x926f4a0[0x00000000]
))) );
ASSERT( ( NOT( (0x5D = argv1_0x926f4a0[0x00000000]
))) );
ASSERT( ( NOT( (0x5B = argv1_0x926f4a0[0x00000000]
))) );
ASSERT( ( NOT( (0x5E = argv1_0x926f4a0[0x00000000]
))) );
ASSERT( ( NOT( (0x2D = argv1_0x926f4a0[0x00000000]
))) );
ASSERT( SBVLT(0xFF,argv1_0x926f4a0[0x00000001])
 );
ASSERT( ( NOT( (0x6E = argv1_0x926f4a0[0x00000001]
))) );
ASSERT( ( NOT( (0x74 = argv1_0x926f4a0[0x00000001]
))) );
ASSERT( ( NOT( (0x5D = argv1_0x926f4a0[0x00000001]
))) );
ASSERT( ( NOT( (0x5B = argv1_0x926f4a0[0x00000001]
))) );
ASSERT( ( NOT( (0x5E = argv1_0x926f4a0[0x00000001]
))) );
ASSERT( (0x00 = argv1_0x926f4a0[0x00000002]
) );
ASSERT( BVLT(BVPLUS(8, 
0x9F, 
argv2_0x9283bc0[0x00000000])
,0x1A)
 );
ASSERT( (0x00 = argv2_0x9283bc0[0x00000001]
) );
ASSERT( SBVLT(0x00,argv3_0x92eac98[0x00000000])
 );
ASSERT( SBVLT(0x00,argv3_0x92eac98[0x00000001])
 );
ASSERT( (0x00 = argv3_0x92eac98[0x00000002]
) );
ASSERT( ( NOT( (0x3F = argv1_0x926f4a0[0x00000000]
))) );
ASSERT( ( NOT( (0x40 = argv1_0x926f4a0[0x00000000]
))) );
ASSERT( ( NOT( (0x00 = argv1_0x926f4a0[0x00000001]
))) );
ASSERT( ( NOT( (0x3F = argv1_0x926f4a0[0x00000001]
))) );
ASSERT( ( NOT( (0x24 = argv1_0x926f4a0[0x00000001]
))) );
ASSERT( ( NOT( (0x2A = argv1_0x926f4a0[0x00000001]
))) );
ASSERT( ( NOT( (0x40 = argv1_0x926f4a0[0x00000001]
))) );
ASSERT( (argv1_0x926f4a0[0x00000000] = argv3_0x92eac98[0x00000000]
) );
ASSERT( (argv3_0x92eac98[0x00000001] = argv1_0x926f4a0[0x00000001]
) );
%----------------------------------------------------
QUERY( FALSE  );

#variable value:
-
(Read w8 0 argv2)
#constrains--stp:
__tmpInt8  : BITVECTOR(8);
__tmpInt16  : BITVECTOR(16);
__tmpInt32  : BITVECTOR(32);
__tmpInt64  : BITVECTOR(64);
argv1_0x926f4a0  : ARRAY BITVECTOR(32) OF BITVECTOR(8);
argv2_0x9283bc0  : ARRAY BITVECTOR(32) OF BITVECTOR(8);
argv3_0x92eac98  : ARRAY BITVECTOR(32) OF BITVECTOR(8);
%----------------------------------------------------
ASSERT( SBVLT(0x00,argv1_0x926f4a0[0x00000000])
 );
ASSERT( ( NOT( (0x25 = argv1_0x926f4a0[0x00000000]
))) );
ASSERT( ( NOT( (0x24 = argv1_0x926f4a0[0x00000000]
))) );
ASSERT( ( NOT( (0x5D = argv1_0x926f4a0[0x00000000]
))) );
ASSERT( ( NOT( (0x5B = argv1_0x926f4a0[0x00000000]
))) );
ASSERT( ( NOT( (0x5E = argv1_0x926f4a0[0x00000000]
))) );
ASSERT( ( NOT( (0x2D = argv1_0x926f4a0[0x00000000]
))) );
ASSERT( (0x00 = argv1_0x926f4a0[0x00000002]
) );
ASSERT( BVLT(BVPLUS(8, 
0x9F, 
argv2_0x9283bc0[0x00000000])
,0x1A)
 );
ASSERT( (0x00 = argv2_0x9283bc0[0x00000001]
) );
ASSERT( SBVLT(0x00,argv3_0x92eac98[0x00000000])
 );
ASSERT( SBVLT(0x00,argv3_0x92eac98[0x00000001])
 );
ASSERT( (0x00 = argv3_0x92eac98[0x00000002]
) );
ASSERT( ( NOT( (0x3F = argv1_0x926f4a0[0x00000000]
))) );
ASSERT( ( NOT( (0x40 = argv1_0x926f4a0[0x00000000]
))) );
ASSERT( (0x40 = argv1_0x926f4a0[0x00000001]
) );
ASSERT( (argv1_0x926f4a0[0x00000000] = argv3_0x92eac98[0x00000000]
) );
ASSERT( ( NOT( (0x40 = argv3_0x92eac98[0x00000001]
))) );
ASSERT( ( NOT( (argv1_0x926f4a0[0x00000000] = argv3_0x92eac98[0x00000001]
))) );
%----------------------------------------------------
QUERY( FALSE  );

#variable value:
-
(Read w8 0 argv3)
-
(Read w8 1 argv3)
#constrains--stp:
__tmpInt8  : BITVECTOR(8);
__tmpInt16  : BITVECTOR(16);
__tmpInt32  : BITVECTOR(32);
__tmpInt64  : BITVECTOR(64);
argv1_0x926f4a0  : ARRAY BITVECTOR(32) OF BITVECTOR(8);
argv2_0x9283bc0  : ARRAY BITVECTOR(32) OF BITVECTOR(8);
argv3_0x92eac98  : ARRAY BITVECTOR(32) OF BITVECTOR(8);
%----------------------------------------------------
ASSERT( SBVLT(0x00,argv1_0x926f4a0[0x00000000])
 );
ASSERT( ( NOT( (0x25 = argv1_0x926f4a0[0x00000000]
))) );
ASSERT( ( NOT( (0x24 = argv1_0x926f4a0[0x00000000]
))) );
ASSERT( ( NOT( (0x5D = argv1_0x926f4a0[0x00000000]
))) );
ASSERT( ( NOT( (0x5B = argv1_0x926f4a0[0x00000000]
))) );
ASSERT( ( NOT( (0x5E = argv1_0x926f4a0[0x00000000]
))) );
ASSERT( ( NOT( (0x2D = argv1_0x926f4a0[0x00000000]
))) );
ASSERT( (0x00 = argv1_0x926f4a0[0x00000002]
) );
ASSERT( BVLT(BVPLUS(8, 
0x9F, 
argv2_0x9283bc0[0x00000000])
,0x1A)
 );
ASSERT( (0x00 = argv2_0x9283bc0[0x00000001]
) );
ASSERT( SBVLT(0x00,argv3_0x92eac98[0x00000000])
 );
ASSERT( SBVLT(0x00,argv3_0x92eac98[0x00000001])
 );
ASSERT( (0x00 = argv3_0x92eac98[0x00000002]
) );
ASSERT( ( NOT( (0x3F = argv1_0x926f4a0[0x00000000]
))) );
ASSERT( ( NOT( (0x40 = argv1_0x926f4a0[0x00000000]
))) );
ASSERT( (0x2A = argv1_0x926f4a0[0x00000001]
) );
ASSERT( (argv3_0x92eac98[0x00000000] = argv1_0x926f4a0[0x00000000]
) );
ASSERT( (argv1_0x926f4a0[0x00000000] = argv3_0x92eac98[0x00000001]
) );
%----------------------------------------------------
QUERY( FALSE  );

#variable value:
-
(Read w8 0 argv2)
#constrains--stp:
__tmpInt8  : BITVECTOR(8);
__tmpInt16  : BITVECTOR(16);
__tmpInt32  : BITVECTOR(32);
__tmpInt64  : BITVECTOR(64);
argv1_0x926f4a0  : ARRAY BITVECTOR(32) OF BITVECTOR(8);
argv2_0x9283bc0  : ARRAY BITVECTOR(32) OF BITVECTOR(8);
argv3_0x92eac98  : ARRAY BITVECTOR(32) OF BITVECTOR(8);
%----------------------------------------------------
ASSERT( SBVLT(0x00,argv1_0x926f4a0[0x00000000])
 );
ASSERT( ( NOT( (0x25 = argv1_0x926f4a0[0x00000000]
))) );
ASSERT( ( NOT( (0x24 = argv1_0x926f4a0[0x00000000]
))) );
ASSERT( ( NOT( (0x5D = argv1_0x926f4a0[0x00000000]
))) );
ASSERT( ( NOT( (0x5B = argv1_0x926f4a0[0x00000000]
))) );
ASSERT( ( NOT( (0x5E = argv1_0x926f4a0[0x00000000]
))) );
ASSERT( ( NOT( (0x2D = argv1_0x926f4a0[0x00000000]
))) );
ASSERT( SBVLT(0xFF,argv1_0x926f4a0[0x00000001])
 );
ASSERT( ( NOT( (0x6E = argv1_0x926f4a0[0x00000001]
))) );
ASSERT( ( NOT( (0x74 = argv1_0x926f4a0[0x00000001]
))) );
ASSERT( ( NOT( (0x5D = argv1_0x926f4a0[0x00000001]
))) );
ASSERT( ( NOT( (0x5B = argv1_0x926f4a0[0x00000001]
))) );
ASSERT( ( NOT( (0x5E = argv1_0x926f4a0[0x00000001]
))) );
ASSERT( (0x00 = argv1_0x926f4a0[0x00000002]
) );
ASSERT( BVLT(BVPLUS(8, 
0x9F, 
argv2_0x9283bc0[0x00000000])
,0x1A)
 );
ASSERT( (0x00 = argv2_0x9283bc0[0x00000001]
) );
ASSERT( SBVLT(0x00,argv3_0x92eac98[0x00000000])
 );
ASSERT( SBVLT(0x00,argv3_0x92eac98[0x00000001])
 );
ASSERT( (0x00 = argv3_0x92eac98[0x00000002]
) );
ASSERT( ( NOT( (0x3F = argv1_0x926f4a0[0x00000000]
))) );
ASSERT( ( NOT( (0x40 = argv1_0x926f4a0[0x00000000]
))) );
ASSERT( ( NOT( (0x00 = argv1_0x926f4a0[0x00000001]
))) );
ASSERT( ( NOT( (0x3F = argv1_0x926f4a0[0x00000001]
))) );
ASSERT( ( NOT( (0x24 = argv1_0x926f4a0[0x00000001]
))) );
ASSERT( ( NOT( (0x2A = argv1_0x926f4a0[0x00000001]
))) );
ASSERT( ( NOT( (0x40 = argv1_0x926f4a0[0x00000001]
))) );
ASSERT( ( NOT( (argv1_0x926f4a0[0x00000000] = argv3_0x92eac98[0x00000000]
))) );
ASSERT( (argv1_0x926f4a0[0x00000000] = argv3_0x92eac98[0x00000001]
) );
%----------------------------------------------------
QUERY( FALSE  );

#variable value:
-
(Read w8 0 argv3)
-
(Read w8 1 argv3)
#constrains--stp:
__tmpInt8  : BITVECTOR(8);
__tmpInt16  : BITVECTOR(16);
__tmpInt32  : BITVECTOR(32);
__tmpInt64  : BITVECTOR(64);
argv1_0x926f4a0  : ARRAY BITVECTOR(32) OF BITVECTOR(8);
argv2_0x9283bc0  : ARRAY BITVECTOR(32) OF BITVECTOR(8);
argv3_0x92eac98  : ARRAY BITVECTOR(32) OF BITVECTOR(8);
%----------------------------------------------------
ASSERT( SBVLT(0x00,argv1_0x926f4a0[0x00000000])
 );
ASSERT( ( NOT( (0x25 = argv1_0x926f4a0[0x00000000]
))) );
ASSERT( ( NOT( (0x24 = argv1_0x926f4a0[0x00000000]
))) );
ASSERT( ( NOT( (0x5D = argv1_0x926f4a0[0x00000000]
))) );
ASSERT( ( NOT( (0x5B = argv1_0x926f4a0[0x00000000]
))) );
ASSERT( ( NOT( (0x5E = argv1_0x926f4a0[0x00000000]
))) );
ASSERT( ( NOT( (0x2D = argv1_0x926f4a0[0x00000000]
))) );
ASSERT( SBVLT(0xFF,argv1_0x926f4a0[0x00000001])
 );
ASSERT( ( NOT( (0x6E = argv1_0x926f4a0[0x00000001]
))) );
ASSERT( ( NOT( (0x74 = argv1_0x926f4a0[0x00000001]
))) );
ASSERT( ( NOT( (0x5D = argv1_0x926f4a0[0x00000001]
))) );
ASSERT( ( NOT( (0x5B = argv1_0x926f4a0[0x00000001]
))) );
ASSERT( ( NOT( (0x5E = argv1_0x926f4a0[0x00000001]
))) );
ASSERT( (0x00 = argv1_0x926f4a0[0x00000002]
) );
ASSERT( BVLT(BVPLUS(8, 
0x9F, 
argv2_0x9283bc0[0x00000000])
,0x1A)
 );
ASSERT( (0x00 = argv2_0x9283bc0[0x00000001]
) );
ASSERT( SBVLT(0x00,argv3_0x92eac98[0x00000000])
 );
ASSERT( SBVLT(0x00,argv3_0x92eac98[0x00000001])
 );
ASSERT( (0x00 = argv3_0x92eac98[0x00000002]
) );
ASSERT( ( NOT( (0x3F = argv1_0x926f4a0[0x00000000]
))) );
ASSERT( ( NOT( (0x40 = argv1_0x926f4a0[0x00000000]
))) );
ASSERT( ( NOT( (0x00 = argv1_0x926f4a0[0x00000001]
))) );
ASSERT( ( NOT( (0x3F = argv1_0x926f4a0[0x00000001]
))) );
ASSERT( ( NOT( (0x24 = argv1_0x926f4a0[0x00000001]
))) );
ASSERT( ( NOT( (0x2A = argv1_0x926f4a0[0x00000001]
))) );
ASSERT( ( NOT( (0x40 = argv1_0x926f4a0[0x00000001]
))) );
ASSERT( (argv1_0x926f4a0[0x00000000] = argv3_0x92eac98[0x00000000]
) );
ASSERT( ( NOT( (argv1_0x926f4a0[0x00000001] = argv3_0x92eac98[0x00000001]
))) );
ASSERT( ( NOT( (argv1_0x926f4a0[0x00000000] = argv3_0x92eac98[0x00000001]
))) );
%----------------------------------------------------
QUERY( FALSE  );

#variable value:
-
(Read w8 0 argv3)
-
(Read w8 1 argv3)
#constrains--stp:
__tmpInt8  : BITVECTOR(8);
__tmpInt16  : BITVECTOR(16);
__tmpInt32  : BITVECTOR(32);
__tmpInt64  : BITVECTOR(64);
argv1_0x926f4a0  : ARRAY BITVECTOR(32) OF BITVECTOR(8);
argv2_0x9283bc0  : ARRAY BITVECTOR(32) OF BITVECTOR(8);
argv3_0x92eac98  : ARRAY BITVECTOR(32) OF BITVECTOR(8);
%----------------------------------------------------
ASSERT( SBVLT(0x00,argv1_0x926f4a0[0x00000000])
 );
ASSERT( ( NOT( (0x25 = argv1_0x926f4a0[0x00000000]
))) );
ASSERT( ( NOT( (0x24 = argv1_0x926f4a0[0x00000000]
))) );
ASSERT( ( NOT( (0x5D = argv1_0x926f4a0[0x00000000]
))) );
ASSERT( ( NOT( (0x5B = argv1_0x926f4a0[0x00000000]
))) );
ASSERT( ( NOT( (0x5E = argv1_0x926f4a0[0x00000000]
))) );
ASSERT( ( NOT( (0x2D = argv1_0x926f4a0[0x00000000]
))) );
ASSERT( (0x00 = argv1_0x926f4a0[0x00000002]
) );
ASSERT( BVLT(BVPLUS(8, 
0x9F, 
argv2_0x9283bc0[0x00000000])
,0x1A)
 );
ASSERT( (0x00 = argv2_0x9283bc0[0x00000001]
) );
ASSERT( SBVLT(0x00,argv3_0x92eac98[0x00000000])
 );
ASSERT( SBVLT(0x00,argv3_0x92eac98[0x00000001])
 );
ASSERT( (0x00 = argv3_0x92eac98[0x00000002]
) );
ASSERT( ( NOT( (0x3F = argv1_0x926f4a0[0x00000000]
))) );
ASSERT( ( NOT( (0x40 = argv1_0x926f4a0[0x00000000]
))) );
ASSERT( (0x40 = argv1_0x926f4a0[0x00000001]
) );
ASSERT( (argv1_0x926f4a0[0x00000000] = argv3_0x92eac98[0x00000000]
) );
ASSERT( ( NOT( (0x40 = argv3_0x92eac98[0x00000001]
))) );
ASSERT( (argv3_0x92eac98[0x00000001] = argv1_0x926f4a0[0x00000000]
) );
%----------------------------------------------------
QUERY( FALSE  );

#variable value:
-
(Read w8 0 argv3)
-
(Read w8 1 argv3)
#constrains--stp:
__tmpInt8  : BITVECTOR(8);
__tmpInt16  : BITVECTOR(16);
__tmpInt32  : BITVECTOR(32);
__tmpInt64  : BITVECTOR(64);
argv1_0x926f4a0  : ARRAY BITVECTOR(32) OF BITVECTOR(8);
argv2_0x9283bc0  : ARRAY BITVECTOR(32) OF BITVECTOR(8);
argv3_0x92eac98  : ARRAY BITVECTOR(32) OF BITVECTOR(8);
%----------------------------------------------------
ASSERT( SBVLT(0x00,argv1_0x926f4a0[0x00000000])
 );
ASSERT( ( NOT( (0x25 = argv1_0x926f4a0[0x00000000]
))) );
ASSERT( ( NOT( (0x24 = argv1_0x926f4a0[0x00000000]
))) );
ASSERT( ( NOT( (0x5D = argv1_0x926f4a0[0x00000000]
))) );
ASSERT( ( NOT( (0x5B = argv1_0x926f4a0[0x00000000]
))) );
ASSERT( ( NOT( (0x5E = argv1_0x926f4a0[0x00000000]
))) );
ASSERT( ( NOT( (0x2D = argv1_0x926f4a0[0x00000000]
))) );
ASSERT( SBVLT(0xFF,argv1_0x926f4a0[0x00000001])
 );
ASSERT( ( NOT( (0x6E = argv1_0x926f4a0[0x00000001]
))) );
ASSERT( ( NOT( (0x74 = argv1_0x926f4a0[0x00000001]
))) );
ASSERT( ( NOT( (0x5D = argv1_0x926f4a0[0x00000001]
))) );
ASSERT( ( NOT( (0x5B = argv1_0x926f4a0[0x00000001]
))) );
ASSERT( ( NOT( (0x5E = argv1_0x926f4a0[0x00000001]
))) );
ASSERT( (0x00 = argv1_0x926f4a0[0x00000002]
) );
ASSERT( BVLT(BVPLUS(8, 
0x9F, 
argv2_0x9283bc0[0x00000000])
,0x1A)
 );
ASSERT( (0x00 = argv2_0x9283bc0[0x00000001]
) );
ASSERT( SBVLT(0x00,argv3_0x92eac98[0x00000000])
 );
ASSERT( SBVLT(0x00,argv3_0x92eac98[0x00000001])
 );
ASSERT( (0x00 = argv3_0x92eac98[0x00000002]
) );
ASSERT( ( NOT( (0x3F = argv1_0x926f4a0[0x00000000]
))) );
ASSERT( ( NOT( (0x40 = argv1_0x926f4a0[0x00000000]
))) );
ASSERT( ( NOT( (0x00 = argv1_0x926f4a0[0x00000001]
))) );
ASSERT( ( NOT( (0x3F = argv1_0x926f4a0[0x00000001]
))) );
ASSERT( ( NOT( (0x24 = argv1_0x926f4a0[0x00000001]
))) );
ASSERT( ( NOT( (0x2A = argv1_0x926f4a0[0x00000001]
))) );
ASSERT( ( NOT( (0x40 = argv1_0x926f4a0[0x00000001]
))) );
ASSERT( (argv3_0x92eac98[0x00000000] = argv1_0x926f4a0[0x00000000]
) );
ASSERT( ( NOT( (argv1_0x926f4a0[0x00000001] = argv3_0x92eac98[0x00000001]
))) );
ASSERT( (argv1_0x926f4a0[0x00000000] = argv3_0x92eac98[0x00000001]
) );
%----------------------------------------------------
QUERY( FALSE  );

#variable value:
-
(Read w8 0 argv3)
-
(Read w8 1 argv3)
#constrains--stp:
__tmpInt8  : BITVECTOR(8);
__tmpInt16  : BITVECTOR(16);
__tmpInt32  : BITVECTOR(32);
__tmpInt64  : BITVECTOR(64);
argv1_0x926f4a0  : ARRAY BITVECTOR(32) OF BITVECTOR(8);
argv2_0x9283bc0  : ARRAY BITVECTOR(32) OF BITVECTOR(8);
argv3_0x92eac98  : ARRAY BITVECTOR(32) OF BITVECTOR(8);
%----------------------------------------------------
ASSERT( SBVLT(0x00,argv1_0x926f4a0[0x00000000])
 );
ASSERT( ( NOT( (0x25 = argv1_0x926f4a0[0x00000000]
))) );
ASSERT( ( NOT( (0x24 = argv1_0x926f4a0[0x00000000]
))) );
ASSERT( ( NOT( (0x5D = argv1_0x926f4a0[0x00000000]
))) );
ASSERT( ( NOT( (0x5B = argv1_0x926f4a0[0x00000000]
))) );
ASSERT( ( NOT( (0x5E = argv1_0x926f4a0[0x00000000]
))) );
ASSERT( ( NOT( (0x2D = argv1_0x926f4a0[0x00000000]
))) );
ASSERT( (0x00 = argv1_0x926f4a0[0x00000002]
) );
ASSERT( BVLT(BVPLUS(8, 
0x9F, 
argv2_0x9283bc0[0x00000000])
,0x1A)
 );
ASSERT( (0x00 = argv2_0x9283bc0[0x00000001]
) );
ASSERT( SBVLT(0x00,argv3_0x92eac98[0x00000000])
 );
ASSERT( SBVLT(0x00,argv3_0x92eac98[0x00000001])
 );
ASSERT( (0x00 = argv3_0x92eac98[0x00000002]
) );
ASSERT( ( NOT( (0x3F = argv1_0x926f4a0[0x00000000]
))) );
ASSERT( ( NOT( (0x40 = argv1_0x926f4a0[0x00000000]
))) );
ASSERT( (0x2A = argv1_0x926f4a0[0x00000001]
) );
ASSERT( ( NOT( (argv1_0x926f4a0[0x00000000] = argv3_0x92eac98[0x00000000]
))) );
ASSERT( (argv3_0x92eac98[0x00000001] = argv1_0x926f4a0[0x00000000]
) );
%----------------------------------------------------
QUERY( FALSE  );

#variable value:
-
(Read w8 0 argv2)
-
(Read w8 0 argv3)
-
(Read w8 0 argv2)
#constrains--stp:
__tmpInt8  : BITVECTOR(8);
__tmpInt16  : BITVECTOR(16);
__tmpInt32  : BITVECTOR(32);
__tmpInt64  : BITVECTOR(64);
argv1_0x926f4a0  : ARRAY BITVECTOR(32) OF BITVECTOR(8);
argv2_0x9283bc0  : ARRAY BITVECTOR(32) OF BITVECTOR(8);
argv3_0x92eac98  : ARRAY BITVECTOR(32) OF BITVECTOR(8);
%----------------------------------------------------
ASSERT( SBVLT(0x00,argv1_0x926f4a0[0x00000000])
 );
ASSERT( ( NOT( (0x25 = argv1_0x926f4a0[0x00000000]
))) );
ASSERT( ( NOT( (0x24 = argv1_0x926f4a0[0x00000000]
))) );
ASSERT( ( NOT( (0x5D = argv1_0x926f4a0[0x00000000]
))) );
ASSERT( ( NOT( (0x5B = argv1_0x926f4a0[0x00000000]
))) );
ASSERT( ( NOT( (0x5E = argv1_0x926f4a0[0x00000000]
))) );
ASSERT( ( NOT( (0x2D = argv1_0x926f4a0[0x00000000]
))) );
ASSERT( (0x00 = argv1_0x926f4a0[0x00000002]
) );
ASSERT( BVLT(BVPLUS(8, 
0x9F, 
argv2_0x9283bc0[0x00000000])
,0x1A)
 );
ASSERT( (0x00 = argv2_0x9283bc0[0x00000001]
) );
ASSERT( SBVLT(0x00,argv3_0x92eac98[0x00000000])
 );
ASSERT( SBVLT(0x00,argv3_0x92eac98[0x00000001])
 );
ASSERT( (0x00 = argv3_0x92eac98[0x00000002]
) );
ASSERT( ( NOT( (0x3F = argv1_0x926f4a0[0x00000000]
))) );
ASSERT( ( NOT( (0x40 = argv1_0x926f4a0[0x00000000]
))) );
ASSERT( (0x2A = argv1_0x926f4a0[0x00000001]
) );
ASSERT( ( NOT( (argv1_0x926f4a0[0x00000000] = argv3_0x92eac98[0x00000000]
))) );
ASSERT( ( NOT( (argv3_0x92eac98[0x00000001] = argv1_0x926f4a0[0x00000000]
))) );
%----------------------------------------------------
QUERY( FALSE  );

#variable value:
-
(Read w8 0 argv2)
-
(Read w8 0 argv3)
-
(Read w8 0 argv2)
-
(Read w8 1 argv3)
#constrains--stp:
__tmpInt8  : BITVECTOR(8);
__tmpInt16  : BITVECTOR(16);
__tmpInt32  : BITVECTOR(32);
__tmpInt64  : BITVECTOR(64);
argv1_0x926f4a0  : ARRAY BITVECTOR(32) OF BITVECTOR(8);
argv2_0x9283bc0  : ARRAY BITVECTOR(32) OF BITVECTOR(8);
argv3_0x92eac98  : ARRAY BITVECTOR(32) OF BITVECTOR(8);
%----------------------------------------------------
ASSERT( SBVLT(0x00,argv1_0x926f4a0[0x00000000])
 );
ASSERT( ( NOT( (0x25 = argv1_0x926f4a0[0x00000000]
))) );
ASSERT( ( NOT( (0x24 = argv1_0x926f4a0[0x00000000]
))) );
ASSERT( ( NOT( (0x5D = argv1_0x926f4a0[0x00000000]
))) );
ASSERT( ( NOT( (0x5B = argv1_0x926f4a0[0x00000000]
))) );
ASSERT( ( NOT( (0x5E = argv1_0x926f4a0[0x00000000]
))) );
ASSERT( ( NOT( (0x2D = argv1_0x926f4a0[0x00000000]
))) );
ASSERT( (0x00 = argv1_0x926f4a0[0x00000002]
) );
ASSERT( BVLT(BVPLUS(8, 
0x9F, 
argv2_0x9283bc0[0x00000000])
,0x1A)
 );
ASSERT( (0x00 = argv2_0x9283bc0[0x00000001]
) );
ASSERT( SBVLT(0x00,argv3_0x92eac98[0x00000000])
 );
ASSERT( SBVLT(0x00,argv3_0x92eac98[0x00000001])
 );
ASSERT( (0x00 = argv3_0x92eac98[0x00000002]
) );
ASSERT( ( NOT( (0x3F = argv1_0x926f4a0[0x00000000]
))) );
ASSERT( ( NOT( (0x40 = argv1_0x926f4a0[0x00000000]
))) );
ASSERT( (0x2A = argv1_0x926f4a0[0x00000001]
) );
ASSERT( (argv1_0x926f4a0[0x00000000] = argv3_0x92eac98[0x00000000]
) );
ASSERT( ( NOT( (argv3_0x92eac98[0x00000001] = argv1_0x926f4a0[0x00000000]
))) );
%----------------------------------------------------
QUERY( FALSE  );

#variable value:
-
(Read w8 0 argv2)
-
(Read w8 1 argv3)
