KLEE: WATCHDOG: watching 9919
KLEE: NOTE: Using klee-uclibc : /home/mingyue/Documents/Angelix/angelix/src/klee/Release+Asserts/lib/klee-uclibc.bca
KLEE: NOTE: Using model: /home/mingyue/Documents/Angelix/angelix/src/klee/Release+Asserts/lib/libkleeRuntimePOSIX.bca
KLEE: output directory is "/home/mingyue/Documents/Angelix/angelix/TSE/.angelix/backend/./klee-out-0"
KLEE: WARNING: undefined reference to function: __xstat64
KLEE: WARNING: undefined reference to function: klee_posix_prefer_cex
KLEE: WARNING: undefined reference to function: lseek64
KLEE: WARNING ONCE: calling external: syscall(16, 0, 21505, 61323216)
KLEE: WARNING ONCE: calling __user_main with extra arguments.
KLEE: WARNING ONCE: calling external: __xstat64(1, 61223424, 61349728)
KLEE: WARNING ONCE: calling external: printf(61136720, (ReadLSB w32 0 int!output!upgrade!0))
0
0
0
1
0
2
1
3
2
4
3
5
4
6
5
7
6
11
8
7
9
8
10
9
12
10
13
11
14
12
15
13
16
14
17
15
18
16
19
17

KLEE: done: total instructions = 4193249
KLEE: done: completed paths = 2
KLEE: done: generated tests = 2
20
18
19
20
