Making all in lib
make[1]: Entering directory `/home/mingyuejiang/Documents/gzip/1/SP/source/lib'
  GEN    configmake.h
  GEN    fcntl.h
  GEN    stdio.h
  GEN    stdlib.h
  GEN    string.h
  GEN    sys/stat.h
  GEN    time.h
  GEN    unistd.h
make  all-recursive
make[2]: Entering directory `/home/mingyuejiang/Documents/gzip/1/SP/source/lib'
make[3]: Entering directory `/home/mingyuejiang/Documents/gzip/1/SP/source/lib'
  CC     freadahead.o
[0llvm-compiler] llvm-gcc -emit-llvm -g -O0 '-DHAVE_CONFIG_H' '-I.' '-g' '-MT' 'freadahead.o' '-MD' '-MP' '-MF' '.deps/freadahead.Tpo' '-c' '-o' 'freadahead.o' 'freadahead.c' 
llvm-gcc -emit-llvm -g -O0 '-DHAVE_CONFIG_H' '-I.' '-g' '-MT' 'freadahead.o' '-MD' '-MP' '-MF' '.deps/freadahead.Tpo' '-c' '-o' 'freadahead.o' 'freadahead.c' 
  CC     freading.o
[0llvm-compiler] llvm-gcc -emit-llvm -g -O0 '-DHAVE_CONFIG_H' '-I.' '-g' '-MT' 'freading.o' '-MD' '-MP' '-MF' '.deps/freading.Tpo' '-c' '-o' 'freading.o' 'freading.c' 
llvm-gcc -emit-llvm -g -O0 '-DHAVE_CONFIG_H' '-I.' '-g' '-MT' 'freading.o' '-MD' '-MP' '-MF' '.deps/freading.Tpo' '-c' '-o' 'freading.o' 'freading.c' 
  CC     localcharset.o
[0llvm-compiler] llvm-gcc -emit-llvm -g -O0 '-DHAVE_CONFIG_H' '-I.' '-g' '-MT' 'localcharset.o' '-MD' '-MP' '-MF' '.deps/localcharset.Tpo' '-c' '-o' 'localcharset.o' 'localcharset.c' 
llvm-gcc -emit-llvm -g -O0 '-DHAVE_CONFIG_H' '-I.' '-g' '-MT' 'localcharset.o' '-MD' '-MP' '-MF' '.deps/localcharset.Tpo' '-c' '-o' 'localcharset.o' 'localcharset.c' 
  CC     xalloc-die.o
[0llvm-compiler] llvm-gcc -emit-llvm -g -O0 '-DHAVE_CONFIG_H' '-I.' '-g' '-MT' 'xalloc-die.o' '-MD' '-MP' '-MF' '.deps/xalloc-die.Tpo' '-c' '-o' 'xalloc-die.o' 'xalloc-die.c' 
llvm-gcc -emit-llvm -g -O0 '-DHAVE_CONFIG_H' '-I.' '-g' '-MT' 'xalloc-die.o' '-MD' '-MP' '-MF' '.deps/xalloc-die.Tpo' '-c' '-o' 'xalloc-die.o' 'xalloc-die.c' 
  CC     close-stream.o
[0llvm-compiler] llvm-gcc -emit-llvm -g -O0 '-DHAVE_CONFIG_H' '-I.' '-g' '-MT' 'close-stream.o' '-MD' '-MP' '-MF' '.deps/close-stream.Tpo' '-c' '-o' 'close-stream.o' 'close-stream.c' 
llvm-gcc -emit-llvm -g -O0 '-DHAVE_CONFIG_H' '-I.' '-g' '-MT' 'close-stream.o' '-MD' '-MP' '-MF' '.deps/close-stream.Tpo' '-c' '-o' 'close-stream.o' 'close-stream.c' 
  CC     closein.o
[0llvm-compiler] llvm-gcc -emit-llvm -g -O0 '-DHAVE_CONFIG_H' '-I.' '-g' '-MT' 'closein.o' '-MD' '-MP' '-MF' '.deps/closein.Tpo' '-c' '-o' 'closein.o' 'closein.c' 
llvm-gcc -emit-llvm -g -O0 '-DHAVE_CONFIG_H' '-I.' '-g' '-MT' 'closein.o' '-MD' '-MP' '-MF' '.deps/closein.Tpo' '-c' '-o' 'closein.o' 'closein.c' 
  CC     closeout.o
[0llvm-compiler] llvm-gcc -emit-llvm -g -O0 '-DHAVE_CONFIG_H' '-I.' '-g' '-MT' 'closeout.o' '-MD' '-MP' '-MF' '.deps/closeout.Tpo' '-c' '-o' 'closeout.o' 'closeout.c' 
llvm-gcc -emit-llvm -g -O0 '-DHAVE_CONFIG_H' '-I.' '-g' '-MT' 'closeout.o' '-MD' '-MP' '-MF' '.deps/closeout.Tpo' '-c' '-o' 'closeout.o' 'closeout.c' 
  CC     creat-safer.o
[0llvm-compiler] llvm-gcc -emit-llvm -g -O0 '-DHAVE_CONFIG_H' '-I.' '-g' '-MT' 'creat-safer.o' '-MD' '-MP' '-MF' '.deps/creat-safer.Tpo' '-c' '-o' 'creat-safer.o' 'creat-safer.c' 
llvm-gcc -emit-llvm -g -O0 '-DHAVE_CONFIG_H' '-I.' '-g' '-MT' 'creat-safer.o' '-MD' '-MP' '-MF' '.deps/creat-safer.Tpo' '-c' '-o' 'creat-safer.o' 'creat-safer.c' 
  CC     dup-safer.o
[0llvm-compiler] llvm-gcc -emit-llvm -g -O0 '-DHAVE_CONFIG_H' '-I.' '-g' '-MT' 'dup-safer.o' '-MD' '-MP' '-MF' '.deps/dup-safer.Tpo' '-c' '-o' 'dup-safer.o' 'dup-safer.c' 
llvm-gcc -emit-llvm -g -O0 '-DHAVE_CONFIG_H' '-I.' '-g' '-MT' 'dup-safer.o' '-MD' '-MP' '-MF' '.deps/dup-safer.Tpo' '-c' '-o' 'dup-safer.o' 'dup-safer.c' 
  CC     exitfail.o
[0llvm-compiler] llvm-gcc -emit-llvm -g -O0 '-DHAVE_CONFIG_H' '-I.' '-g' '-MT' 'exitfail.o' '-MD' '-MP' '-MF' '.deps/exitfail.Tpo' '-c' '-o' 'exitfail.o' 'exitfail.c' 
llvm-gcc -emit-llvm -g -O0 '-DHAVE_CONFIG_H' '-I.' '-g' '-MT' 'exitfail.o' '-MD' '-MP' '-MF' '.deps/exitfail.Tpo' '-c' '-o' 'exitfail.o' 'exitfail.c' 
  CC     fd-safer.o
[0llvm-compiler] llvm-gcc -emit-llvm -g -O0 '-DHAVE_CONFIG_H' '-I.' '-g' '-MT' 'fd-safer.o' '-MD' '-MP' '-MF' '.deps/fd-safer.Tpo' '-c' '-o' 'fd-safer.o' 'fd-safer.c' 
llvm-gcc -emit-llvm -g -O0 '-DHAVE_CONFIG_H' '-I.' '-g' '-MT' 'fd-safer.o' '-MD' '-MP' '-MF' '.deps/fd-safer.Tpo' '-c' '-o' 'fd-safer.o' 'fd-safer.c' 
  CC     fflush.o
[0llvm-compiler] llvm-gcc -emit-llvm -g -O0 '-DHAVE_CONFIG_H' '-I.' '-g' '-MT' 'fflush.o' '-MD' '-MP' '-MF' '.deps/fflush.Tpo' '-c' '-o' 'fflush.o' 'fflush.c' 
llvm-gcc -emit-llvm -g -O0 '-DHAVE_CONFIG_H' '-I.' '-g' '-MT' 'fflush.o' '-MD' '-MP' '-MF' '.deps/fflush.Tpo' '-c' '-o' 'fflush.o' 'fflush.c' 
  CC     fpurge.o
[0llvm-compiler] llvm-gcc -emit-llvm -g -O0 '-DHAVE_CONFIG_H' '-I.' '-g' '-MT' 'fpurge.o' '-MD' '-MP' '-MF' '.deps/fpurge.Tpo' '-c' '-o' 'fpurge.o' 'fpurge.c' 
llvm-gcc -emit-llvm -g -O0 '-DHAVE_CONFIG_H' '-I.' '-g' '-MT' 'fpurge.o' '-MD' '-MP' '-MF' '.deps/fpurge.Tpo' '-c' '-o' 'fpurge.o' 'fpurge.c' 
  CC     fseeko.o
[0llvm-compiler] llvm-gcc -emit-llvm -g -O0 '-DHAVE_CONFIG_H' '-I.' '-g' '-MT' 'fseeko.o' '-MD' '-MP' '-MF' '.deps/fseeko.Tpo' '-c' '-o' 'fseeko.o' 'fseeko.c' 
llvm-gcc -emit-llvm -g -O0 '-DHAVE_CONFIG_H' '-I.' '-g' '-MT' 'fseeko.o' '-MD' '-MP' '-MF' '.deps/fseeko.Tpo' '-c' '-o' 'fseeko.o' 'fseeko.c' 
  CC     open-safer.o
[0llvm-compiler] llvm-gcc -emit-llvm -g -O0 '-DHAVE_CONFIG_H' '-I.' '-g' '-MT' 'open-safer.o' '-MD' '-MP' '-MF' '.deps/open-safer.Tpo' '-c' '-o' 'open-safer.o' 'open-safer.c' 
llvm-gcc -emit-llvm -g -O0 '-DHAVE_CONFIG_H' '-I.' '-g' '-MT' 'open-safer.o' '-MD' '-MP' '-MF' '.deps/open-safer.Tpo' '-c' '-o' 'open-safer.o' 'open-safer.c' 
  CC     pipe-safer.o
[0llvm-compiler] llvm-gcc -emit-llvm -g -O0 '-DHAVE_CONFIG_H' '-I.' '-g' '-MT' 'pipe-safer.o' '-MD' '-MP' '-MF' '.deps/pipe-safer.Tpo' '-c' '-o' 'pipe-safer.o' 'pipe-safer.c' 
llvm-gcc -emit-llvm -g -O0 '-DHAVE_CONFIG_H' '-I.' '-g' '-MT' 'pipe-safer.o' '-MD' '-MP' '-MF' '.deps/pipe-safer.Tpo' '-c' '-o' 'pipe-safer.o' 'pipe-safer.c' 
  CC     quotearg.o
[0llvm-compiler] llvm-gcc -emit-llvm -g -O0 '-DHAVE_CONFIG_H' '-I.' '-g' '-MT' 'quotearg.o' '-MD' '-MP' '-MF' '.deps/quotearg.Tpo' '-c' '-o' 'quotearg.o' 'quotearg.c' 
llvm-gcc -emit-llvm -g -O0 '-DHAVE_CONFIG_H' '-I.' '-g' '-MT' 'quotearg.o' '-MD' '-MP' '-MF' '.deps/quotearg.Tpo' '-c' '-o' 'quotearg.o' 'quotearg.c' 
  CC     utimens.o
[0llvm-compiler] llvm-gcc -emit-llvm -g -O0 '-DHAVE_CONFIG_H' '-I.' '-g' '-MT' 'utimens.o' '-MD' '-MP' '-MF' '.deps/utimens.Tpo' '-c' '-o' 'utimens.o' 'utimens.c' 
llvm-gcc -emit-llvm -g -O0 '-DHAVE_CONFIG_H' '-I.' '-g' '-MT' 'utimens.o' '-MD' '-MP' '-MF' '.deps/utimens.Tpo' '-c' '-o' 'utimens.o' 'utimens.c' 
  CC     xmalloc.o
[0llvm-compiler] llvm-gcc -emit-llvm -g -O0 '-DHAVE_CONFIG_H' '-I.' '-g' '-MT' 'xmalloc.o' '-MD' '-MP' '-MF' '.deps/xmalloc.Tpo' '-c' '-o' 'xmalloc.o' 'xmalloc.c' 
llvm-gcc -emit-llvm -g -O0 '-DHAVE_CONFIG_H' '-I.' '-g' '-MT' 'xmalloc.o' '-MD' '-MP' '-MF' '.deps/xmalloc.Tpo' '-c' '-o' 'xmalloc.o' 'xmalloc.c' 
  CC     yesno.o
[0llvm-compiler] llvm-gcc -emit-llvm -g -O0 '-DHAVE_CONFIG_H' '-I.' '-g' '-MT' 'yesno.o' '-MD' '-MP' '-MF' '.deps/yesno.Tpo' '-c' '-o' 'yesno.o' 'yesno.c' 
llvm-gcc -emit-llvm -g -O0 '-DHAVE_CONFIG_H' '-I.' '-g' '-MT' 'yesno.o' '-MD' '-MP' '-MF' '.deps/yesno.Tpo' '-c' '-o' 'yesno.o' 'yesno.c' 
  AR     libgzip.a
  GEN    charset.alias
  GEN    ref-add.sed
  GEN    ref-del.sed
make[3]: Leaving directory `/home/mingyuejiang/Documents/gzip/1/SP/source/lib'
make[2]: Leaving directory `/home/mingyuejiang/Documents/gzip/1/SP/source/lib'
make[1]: Leaving directory `/home/mingyuejiang/Documents/gzip/1/SP/source/lib'
Making all in doc
make[1]: Entering directory `/home/mingyuejiang/Documents/gzip/1/SP/source/doc'
make[1]: Nothing to be done for `all'.
make[1]: Leaving directory `/home/mingyuejiang/Documents/gzip/1/SP/source/doc'
make[1]: Entering directory `/home/mingyuejiang/Documents/gzip/1/SP/source'
  CC     bits.o
[0llvm-compiler] llvm-gcc -emit-llvm -g -O0 '-DHAVE_CONFIG_H' '-I.' '-I./lib' '-I./lib' '-g' '-MT' 'bits.o' '-MD' '-MP' '-MF' '.deps/bits.Tpo' '-c' '-o' 'bits.o' 'bits.c' 
llvm-gcc -emit-llvm -g -O0 '-DHAVE_CONFIG_H' '-I.' '-I./lib' '-I./lib' '-g' '-MT' 'bits.o' '-MD' '-MP' '-MF' '.deps/bits.Tpo' '-c' '-o' 'bits.o' 'bits.c' 
  CC     crypt.o
[0llvm-compiler] llvm-gcc -emit-llvm -g -O0 '-DHAVE_CONFIG_H' '-I.' '-I./lib' '-I./lib' '-g' '-MT' 'crypt.o' '-MD' '-MP' '-MF' '.deps/crypt.Tpo' '-c' '-o' 'crypt.o' 'crypt.c' 
llvm-gcc -emit-llvm -g -O0 '-DHAVE_CONFIG_H' '-I.' '-I./lib' '-I./lib' '-g' '-MT' 'crypt.o' '-MD' '-MP' '-MF' '.deps/crypt.Tpo' '-c' '-o' 'crypt.o' 'crypt.c' 
  CC     deflate.o
[0llvm-compiler] llvm-gcc -emit-llvm -g -O0 '-DHAVE_CONFIG_H' '-I.' '-I./lib' '-I./lib' '-g' '-MT' 'deflate.o' '-MD' '-MP' '-MF' '.deps/deflate.Tpo' '-c' '-o' 'deflate.o' 'deflate.c' 
llvm-gcc -emit-llvm -g -O0 '-DHAVE_CONFIG_H' '-I.' '-I./lib' '-I./lib' '-g' '-MT' 'deflate.o' '-MD' '-MP' '-MF' '.deps/deflate.Tpo' '-c' '-o' 'deflate.o' 'deflate.c' 
  CC     gzip.o
[0llvm-compiler] llvm-gcc -emit-llvm -g -O0 '-DHAVE_CONFIG_H' '-I.' '-I./lib' '-I./lib' '-g' '-MT' 'gzip.o' '-MD' '-MP' '-MF' '.deps/gzip.Tpo' '-c' '-o' 'gzip.o' 'gzip.c' 
llvm-gcc -emit-llvm -g -O0 '-DHAVE_CONFIG_H' '-I.' '-I./lib' '-I./lib' '-g' '-MT' 'gzip.o' '-MD' '-MP' '-MF' '.deps/gzip.Tpo' '-c' '-o' 'gzip.o' 'gzip.c' 
  CC     inflate.o
[0llvm-compiler] llvm-gcc -emit-llvm -g -O0 '-DHAVE_CONFIG_H' '-I.' '-I./lib' '-I./lib' '-g' '-MT' 'inflate.o' '-MD' '-MP' '-MF' '.deps/inflate.Tpo' '-c' '-o' 'inflate.o' 'inflate.c' 
llvm-gcc -emit-llvm -g -O0 '-DHAVE_CONFIG_H' '-I.' '-I./lib' '-I./lib' '-g' '-MT' 'inflate.o' '-MD' '-MP' '-MF' '.deps/inflate.Tpo' '-c' '-o' 'inflate.o' 'inflate.c' 
  CC     lzw.o
[0llvm-compiler] llvm-gcc -emit-llvm -g -O0 '-DHAVE_CONFIG_H' '-I.' '-I./lib' '-I./lib' '-g' '-MT' 'lzw.o' '-MD' '-MP' '-MF' '.deps/lzw.Tpo' '-c' '-o' 'lzw.o' 'lzw.c' 
llvm-gcc -emit-llvm -g -O0 '-DHAVE_CONFIG_H' '-I.' '-I./lib' '-I./lib' '-g' '-MT' 'lzw.o' '-MD' '-MP' '-MF' '.deps/lzw.Tpo' '-c' '-o' 'lzw.o' 'lzw.c' 
  CC     trees.o
[0llvm-compiler] llvm-gcc -emit-llvm -g -O0 '-DHAVE_CONFIG_H' '-I.' '-I./lib' '-I./lib' '-g' '-MT' 'trees.o' '-MD' '-MP' '-MF' '.deps/trees.Tpo' '-c' '-o' 'trees.o' 'trees.c' 
llvm-gcc -emit-llvm -g -O0 '-DHAVE_CONFIG_H' '-I.' '-I./lib' '-I./lib' '-g' '-MT' 'trees.o' '-MD' '-MP' '-MF' '.deps/trees.Tpo' '-c' '-o' 'trees.o' 'trees.c' 
  CC     unlzh.o
[0llvm-compiler] llvm-gcc -emit-llvm -g -O0 '-DHAVE_CONFIG_H' '-I.' '-I./lib' '-I./lib' '-g' '-MT' 'unlzh.o' '-MD' '-MP' '-MF' '.deps/unlzh.Tpo' '-c' '-o' 'unlzh.o' 'unlzh.c' 
llvm-gcc -emit-llvm -g -O0 '-DHAVE_CONFIG_H' '-I.' '-I./lib' '-I./lib' '-g' '-MT' 'unlzh.o' '-MD' '-MP' '-MF' '.deps/unlzh.Tpo' '-c' '-o' 'unlzh.o' 'unlzh.c' 
  CC     unlzw.o
[0llvm-compiler] llvm-gcc -emit-llvm -g -O0 '-DHAVE_CONFIG_H' '-I.' '-I./lib' '-I./lib' '-g' '-MT' 'unlzw.o' '-MD' '-MP' '-MF' '.deps/unlzw.Tpo' '-c' '-o' 'unlzw.o' 'unlzw.c' 
llvm-gcc -emit-llvm -g -O0 '-DHAVE_CONFIG_H' '-I.' '-I./lib' '-I./lib' '-g' '-MT' 'unlzw.o' '-MD' '-MP' '-MF' '.deps/unlzw.Tpo' '-c' '-o' 'unlzw.o' 'unlzw.c' 
  CC     unpack.o
[0llvm-compiler] llvm-gcc -emit-llvm -g -O0 '-DHAVE_CONFIG_H' '-I.' '-I./lib' '-I./lib' '-g' '-MT' 'unpack.o' '-MD' '-MP' '-MF' '.deps/unpack.Tpo' '-c' '-o' 'unpack.o' 'unpack.c' 
llvm-gcc -emit-llvm -g -O0 '-DHAVE_CONFIG_H' '-I.' '-I./lib' '-I./lib' '-g' '-MT' 'unpack.o' '-MD' '-MP' '-MF' '.deps/unpack.Tpo' '-c' '-o' 'unpack.o' 'unpack.c' 
  CC     unzip.o
[0llvm-compiler] llvm-gcc -emit-llvm -g -O0 '-DHAVE_CONFIG_H' '-I.' '-I./lib' '-I./lib' '-g' '-MT' 'unzip.o' '-MD' '-MP' '-MF' '.deps/unzip.Tpo' '-c' '-o' 'unzip.o' 'unzip.c' 
llvm-gcc -emit-llvm -g -O0 '-DHAVE_CONFIG_H' '-I.' '-I./lib' '-I./lib' '-g' '-MT' 'unzip.o' '-MD' '-MP' '-MF' '.deps/unzip.Tpo' '-c' '-o' 'unzip.o' 'unzip.c' 
  CC     util.o
[0llvm-compiler] llvm-gcc -emit-llvm -g -O0 '-DHAVE_CONFIG_H' '-I.' '-I./lib' '-I./lib' '-g' '-MT' 'util.o' '-MD' '-MP' '-MF' '.deps/util.Tpo' '-c' '-o' 'util.o' 'util.c' 
llvm-gcc -emit-llvm -g -O0 '-DHAVE_CONFIG_H' '-I.' '-I./lib' '-I./lib' '-g' '-MT' 'util.o' '-MD' '-MP' '-MF' '.deps/util.Tpo' '-c' '-o' 'util.o' 'util.c' 
util.c: In function 'read_buffer':
util.c:150: warning: comparison is always false due to limited range of data type
util.c:151: warning: large integer implicitly truncated to unsigned type
util.c: In function 'write_buffer':
util.c:164: warning: comparison is always false due to limited range of data type
util.c:165: warning: large integer implicitly truncated to unsigned type
  CC     zip.o
[0llvm-compiler] llvm-gcc -emit-llvm -g -O0 '-DHAVE_CONFIG_H' '-I.' '-I./lib' '-I./lib' '-g' '-MT' 'zip.o' '-MD' '-MP' '-MF' '.deps/zip.Tpo' '-c' '-o' 'zip.o' 'zip.c' 
llvm-gcc -emit-llvm -g -O0 '-DHAVE_CONFIG_H' '-I.' '-I./lib' '-I./lib' '-g' '-MT' 'zip.o' '-MD' '-MP' '-MF' '.deps/zip.Tpo' '-c' '-o' 'zip.o' 'zip.c' 
  CCLD   gzip
[0llvm-compiler] filtering out non-linking option -g
[0llvm-compiler] filtering out non-linking option -O2
[0llvm-compiler] llvm-ld --disable-opt '-o' 'gzip' 'bits.o' 'crypt.o' 'deflate.o' 'gzip.o' 'inflate.o' 'lzw.o' 'trees.o' 'unlzh.o' 'unlzw.o' 'unpack.o' 'unzip.o' 'util.o' 'zip.o' 'lib/libgzip.a' 
llvm-ld --disable-opt '-o' 'gzip' 'bits.o' 'crypt.o' 'deflate.o' 'gzip.o' 'inflate.o' 'lzw.o' 'trees.o' 'unlzh.o' 'unlzw.o' 'unpack.o' 'unzip.o' 'util.o' 'zip.o' 'lib/libgzip.a' 
Can't exec "0patch-bitcode": No such file or directory at /home/mingyuejiang/Documents/gzip/1/SP/0llvm-compiler line 214.
  GEN    gunzip
  GEN    gzexe
  GEN    zcat
  GEN    zcmp
  GEN    zdiff
  GEN    zegrep
  GEN    zfgrep
  GEN    zforce
  GEN    zgrep
  GEN    zless
  GEN    zmore
  GEN    znew
make[1]: Leaving directory `/home/mingyuejiang/Documents/gzip/1/SP/source'
